Welcome to sphere packing routines, relation testing division.
Welcome to Section A15.  
Enter cell count limit:  Enter slop:  		Slop = -10
Starting time:  	Tue Jun  9 14:49:52 1998

Starting case 1:
	Checking  vor0.
2.000000000000000000	2.510000000000000231
2.000000000000000000	2.510000000000000231
2.000000000000000000	2.510000000000000231
2.828427124746189847	4.000000000000000000
2.000000000000000000	2.000000000000000000
2.000000000000000000	2.000000000000000000

cellcount    =          3198147		maxdepth = 7
discards2    =          1270964
largecut     =                0		discards     =            23077
smallcut     =                0		verifycount  =          1704221
partialcount =                0		diff         =           199885
Verification succeeded.

	Checking -tau0.
2.000000000000000000	2.510000000000000231
2.000000000000000000	2.510000000000000231
2.000000000000000000	2.510000000000000231
2.828427124746189847	4.000000000000000000
2.000000000000000000	2.000000000000000000
2.000000000000000000	2.000000000000000000

cellcount    =          3447667		maxdepth = 7
discards2    =          1252733
largecut     =                0		discards     =            22221
smallcut     =                0		verifycount  =          1957233
partialcount =                0		diff         =           215480
Verification succeeded.

Starting case 2:
	Checking  vor0.
2.000000000000000000	2.510000000000000231
2.000000000000000000	2.510000000000000231
2.000000000000000000	2.510000000000000231
2.828427124746189847	4.510000000000000675
2.000000000000000000	2.000000000000000000
2.509999999999999787	2.510000000000000231

cellcount    =          4869175		maxdepth = 9
discards2    =          1565685
largecut     =                0		discards     =            23098
smallcut     =                0		verifycount  =          2976066
partialcount =                0		diff         =           304326
Verification succeeded.

	Checking -tau0.
2.000000000000000000	2.510000000000000231
2.000000000000000000	2.510000000000000231
2.000000000000000000	2.510000000000000231
2.828427124746189847	4.510000000000000675
2.000000000000000000	2.000000000000000000
2.509999999999999787	2.510000000000000231

cellcount    =          5640695		maxdepth = 9
discards2    =          1856430
largecut     =                0		discards     =            21696
smallcut     =                0		verifycount  =          3410023
partialcount =                0		diff         =           352546
Verification succeeded.

Starting case 3:
	Checking  vor0.
2.000000000000000000	2.510000000000000231
2.000000000000000000	2.510000000000000231
2.000000000000000000	2.510000000000000231
2.828427124746189847	5.020000000000000462
2.509999999999999787	2.510000000000000231
2.509999999999999787	2.510000000000000231

cellcount    =          3632199		maxdepth = 8
discards2    =          1640706
largecut     =                0		discards     =            12392
smallcut     =                0		verifycount  =          1752086
partialcount =                0		diff         =           227015
Verification succeeded.

	Checking -tau0.
2.000000000000000000	2.510000000000000231
2.000000000000000000	2.510000000000000231
2.000000000000000000	2.510000000000000231
2.828427124746189847	5.020000000000000462
2.509999999999999787	2.510000000000000231
2.509999999999999787	2.510000000000000231

cellcount    =          4495591		maxdepth = 8
discards2    =          2324176
largecut     =                0		discards     =             9036
smallcut     =                0		verifycount  =          1881402
partialcount =                0		diff         =           280977
Verification succeeded.

Starting case 4:
	Checking  vor0.
2.000000000000000000	2.510000000000000231
2.000000000000000000	2.510000000000000231
2.000000000000000000	2.510000000000000231
2.828427124746189847	4.828427124746190735
2.000000000000000000	2.000000000000000000
2.828427124746189847	2.828427124746190291

cellcount    =         11566087		maxdepth = 9
discards2    =          3452912
largecut     =                0		discards     =            28452
smallcut     =                0		verifycount  =          7361840
partialcount =                0		diff         =           722883
Verification succeeded.

	Checking -tau0.
2.000000000000000000	2.510000000000000231
2.000000000000000000	2.510000000000000231
2.000000000000000000	2.510000000000000231
2.828427124746189847	4.828427124746190735
2.000000000000000000	2.000000000000000000
2.828427124746189847	2.828427124746190291

cellcount    =         13927639		maxdepth = 9
discards2    =          4505872
largecut     =                0		discards     =            26616
smallcut     =                0		verifycount  =          8524671
partialcount =                0		diff         =           870480
Verification succeeded.

Starting case 5:
	Checking  vor0.
2.000000000000000000	2.510000000000000231
2.000000000000000000	2.510000000000000231
2.000000000000000000	2.510000000000000231
2.828427124746189847	5.020000000000000462
2.509999999999999787	2.510000000000000231
2.828427124746189847	2.828427124746190291

cellcount    =          4874311		maxdepth = 9
discards2    =          2089023
largecut     =                0		discards     =             6654
smallcut     =                0		verifycount  =          2473987
partialcount =                0		diff         =           304647
Verification succeeded.

	Checking -tau0.
2.000000000000000000	2.510000000000000231
2.000000000000000000	2.510000000000000231
2.000000000000000000	2.510000000000000231
2.828427124746189847	5.020000000000000462
2.509999999999999787	2.510000000000000231
2.828427124746189847	2.828427124746190291

cellcount    =          6448903		maxdepth = 9
discards2    =          2811367
largecut     =                0		discards     =             6151
smallcut     =                0		verifycount  =          3228326
partialcount =                0		diff         =           403059
Verification succeeded.

Starting case 6:
	Checking  vor0.
2.000000000000000000	2.510000000000000231
2.000000000000000000	2.510000000000000231
2.000000000000000000	2.510000000000000231
2.828427124746189847	5.020000000000000462
2.828427124746189847	2.828427124746190291
2.828427124746189847	2.828427124746190291

cellcount    =          8409383		maxdepth = 9
discards2    =          4715117
largecut     =                0		discards     =             4180
smallcut     =                0		verifycount  =          3164497
partialcount =                0		diff         =           525589
Verification succeeded.

	Checking -tau0.
2.000000000000000000	2.510000000000000231
2.000000000000000000	2.510000000000000231
2.000000000000000000	2.510000000000000231
2.828427124746189847	5.020000000000000462
2.828427124746189847	2.828427124746190291
2.828427124746189847	2.828427124746190291

cellcount    =          7861591		maxdepth = 9
discards2    =          4781939
largecut     =                0		discards     =             3288
smallcut     =                0		verifycount  =          2585012
partialcount =                0		diff         =           491352
Verification succeeded.

All verifications succeeded.

Done.
Ending time:    	Wed Jun 10 01:17:59 1998

Elapsed time: 37687 seconds
diff = -1004.88		2079.53 cells per second


