Welcome to sphere packing routines, relation testing division.
Welcome to Section A15.  
Enter cell count limit:  Enter slop:  		Slop = -100
Starting time:  	Sat Jun  6 16:22:36 1998

Starting case 1:
	Checking  vor0.
2.000000000000000000	2.510000000000000231
2.000000000000000000	2.510000000000000231
2.000000000000000000	2.510000000000000231
2.828427124746189847	4.000000000000000000
2.000000000000000000	2.000000000000000000
2.000000000000000000	2.000000000000000000

cellcount    =           687715		maxdepth = 7
discards2    =           377157
largecut     =                0		discards     =            18324
smallcut     =                0		verifycount  =           249251
partialcount =                0		diff         =            42983
Verification succeeded.

	Checking -tau0.
2.000000000000000000	2.510000000000000231
2.000000000000000000	2.510000000000000231
2.000000000000000000	2.510000000000000231
2.828427124746189847	4.000000000000000000
2.000000000000000000	2.000000000000000000
2.000000000000000000	2.000000000000000000

cellcount    =           715155		maxdepth = 7
discards2    =           377077
largecut     =                0		discards     =            18340
smallcut     =                0		verifycount  =           275040
partialcount =                0		diff         =            44698
Verification succeeded.

Starting case 2:
	Checking  vor0.
2.000000000000000000	2.510000000000000231
2.000000000000000000	2.510000000000000231
2.000000000000000000	2.510000000000000231
2.828427124746189847	4.510000000000000675
2.000000000000000000	2.000000000000000000
2.509999999999999787	2.510000000000000231

cellcount    =          1101287		maxdepth = 8
discards2    =           515011
largecut     =                0		discards     =            16338
smallcut     =                0		verifycount  =           501105
partialcount =                0		diff         =            68833
Verification succeeded.

	Checking -tau0.
2.000000000000000000	2.510000000000000231
2.000000000000000000	2.510000000000000231
2.000000000000000000	2.510000000000000231
2.828427124746189847	4.510000000000000675
2.000000000000000000	2.000000000000000000
2.509999999999999787	2.510000000000000231

cellcount    =          1240439		maxdepth = 8
discards2    =           512220
largecut     =                0		discards     =            16339
smallcut     =                0		verifycount  =           634350
partialcount =                0		diff         =            77530
Verification succeeded.

Starting case 3:
	Checking  vor0.
2.000000000000000000	2.510000000000000231
2.000000000000000000	2.510000000000000231
2.000000000000000000	2.510000000000000231
2.828427124746189847	5.020000000000000462
2.509999999999999787	2.510000000000000231
2.509999999999999787	2.510000000000000231

cellcount    =          1563015		maxdepth = 8
discards2    =           636769
largecut     =                0		discards     =             5676
smallcut     =                0		verifycount  =           822879
partialcount =                0		diff         =            97691
Verification succeeded.

	Checking -tau0.
2.000000000000000000	2.510000000000000231
2.000000000000000000	2.510000000000000231
2.000000000000000000	2.510000000000000231
2.828427124746189847	5.020000000000000462
2.509999999999999787	2.510000000000000231
2.509999999999999787	2.510000000000000231

cellcount    =          2426151		maxdepth = 9
discards2    =          1108075
largecut     =                0		discards     =             5368
smallcut     =                0		verifycount  =          1161071
partialcount =                0		diff         =           151637
Verification succeeded.

Starting case 4:
	Checking  vor0.
2.000000000000000000	2.510000000000000231
2.000000000000000000	2.510000000000000231
2.000000000000000000	2.510000000000000231
2.828427124746189847	4.828427124746190735
2.000000000000000000	2.000000000000000000
2.828427124746189847	2.828427124746190291

cellcount    =          2364311		maxdepth = 8
discards2    =          1195408
largecut     =                0		discards     =            15404
smallcut     =                0		verifycount  =          1005727
partialcount =                0		diff         =           147772
Verification succeeded.

	Checking -tau0.
2.000000000000000000	2.510000000000000231
2.000000000000000000	2.510000000000000231
2.000000000000000000	2.510000000000000231
2.828427124746189847	4.828427124746190735
2.000000000000000000	2.000000000000000000
2.828427124746189847	2.828427124746190291

cellcount    =          2864183		maxdepth = 8
discards2    =          1108029
largecut     =                0		discards     =            15459
smallcut     =                0		verifycount  =          1561681
partialcount =                0		diff         =           179014
Verification succeeded.

Starting case 5:
	Checking  vor0.
2.000000000000000000	2.510000000000000231
2.000000000000000000	2.510000000000000231
2.000000000000000000	2.510000000000000231
2.828427124746189847	5.020000000000000462
2.509999999999999787	2.510000000000000231
2.828427124746189847	2.828427124746190291

cellcount    =          6425927		maxdepth = 10
discards2    =          2781378
largecut     =                0		discards     =             5963
smallcut     =                0		verifycount  =          3236963
partialcount =                0		diff         =           401623
Verification succeeded.

	Checking -tau0.
2.000000000000000000	2.510000000000000231
2.000000000000000000	2.510000000000000231
2.000000000000000000	2.510000000000000231
2.828427124746189847	5.020000000000000462
2.509999999999999787	2.510000000000000231
2.828427124746189847	2.828427124746190291

cellcount    =          8288775		maxdepth = 9
discards2    =          3250050
largecut     =                0		discards     =             5591
smallcut     =                0		verifycount  =          4515083
partialcount =                0		diff         =           518051
Verification succeeded.

Starting case 6:
	Checking  vor0.
2.000000000000000000	2.510000000000000231
2.000000000000000000	2.510000000000000231
2.000000000000000000	2.510000000000000231
2.828427124746189847	5.020000000000000462
2.828427124746189847	2.828427124746190291
2.828427124746189847	2.828427124746190291

Cell failed:
data  = [-546.527873460210117	901.27987068031598]
data2 = [-68392.9730148985545	114704.356721232936]
delta = [173.535122487357512	268.891041648409555]
y = 
2.159374999999999822	2.175312499999999982
2.366562500000000124	2.382500000000000284
2.063749999999999751	2.079687499999999911
4.026943540900617791	4.044065203988537860
2.828427124746189847	2.828427124746190291
2.828427124746189847	2.828427124746190291
cellcount    =         10000015		maxdepth = 10
discards2    =          6017930
largecut     =                0		discards     =              976
smallcut     =                0		verifycount  =          3356102
partialcount =                0		diff         =           625007
Verification FAILED.

	Checking -tau0.
2.000000000000000000	2.510000000000000231
2.000000000000000000	2.510000000000000231
2.000000000000000000	2.510000000000000231
2.828427124746189847	5.020000000000000462
2.828427124746189847	2.828427124746190291
2.828427124746189847	2.828427124746190291

Cell failed:
data  = [-324.275120353028115	635.26034699139575]
data2 = [-23284.915988525303	95448.2232516741205]
delta = [148.765815022544302	201.281223374006913]
y = 
2.023906249999999574	2.031874999999999876
2.382500000000000284	2.390468750000000142
2.254999999999999893	2.262968749999999751
4.326572644939224332	4.335133476483184367
2.828427124746189847	2.828427124746190291
2.828427124746189847	2.828427124746190291
cellcount    =         10000011		maxdepth = 9
discards2    =          6163676
largecut     =                0		discards     =              825
smallcut     =                0		verifycount  =          3210502
partialcount =                0		diff         =           625008
Verification FAILED.

(2) verifications FAILED.

Done.
Ending time:    	Sun Jun  7 03:11:55 1998

Elapsed time: 38959 seconds
diff = -1905.09		1223.77 cells per second


