Welcome to sphere packing routines, relation testing division.
Welcome to Section A15.  
Enter cell count limit:  Enter slop:  		Slop = 0
Starting time:  	Wed Jun  3 11:32:15 1998

Starting case 1:
	Checking  vor0.
2.000000000000000000	2.510000000000000231
2.000000000000000000	2.510000000000000231
2.000000000000000000	2.510000000000000231
2.000000000000000000	4.000000000000000000
2.000000000000000000	2.000000000000000000
2.000000000000000000	2.000000000000000000

Cell failed:
data  = [-1398.79780211086063	4424.98787324023033]
data2 = [-755.767589828002087	70.628389266503433]
delta = [152.973498547494614	155.104832205862067]
y = 
2.231093750000000320	2.239062500000000178
2.000000000000000000	2.007968749999999858
2.103593749999999929	2.111562499999999787
2.085937500000000000	2.093750000000000000
2.000000000000000000	2.000000000000000000
2.000000000000000000	2.000000000000000000
cellcount    =          1000002		maxdepth = 9
discards2    =           937496
largecut     =                0		discards     =                0
smallcut     =                0		verifycount  =                0
partialcount =                0		diff         =            62506
Verification FAILED.

	Checking -tau0.
2.000000000000000000	2.510000000000000231
2.000000000000000000	2.510000000000000231
2.000000000000000000	2.510000000000000231
2.000000000000000000	4.000000000000000000
2.000000000000000000	2.000000000000000000
2.000000000000000000	2.000000000000000000

Cell failed:
data  = [-1133.45418117860027	3802.74745755546246]
data2 = [-747.806961917823628	60.9859973727259899]
delta = [150.225219371014646	152.377725035783442]
y = 
2.183281250000000284	2.191250000000000142
2.095625000000000071	2.103593749999999929
2.015937499999999716	2.023906249999999574
2.062500000000000000	2.070312500000000000
2.000000000000000000	2.000000000000000000
2.000000000000000000	2.000000000000000000
cellcount    =          1000004		maxdepth = 9
discards2    =           937498
largecut     =                0		discards     =                0
smallcut     =                0		verifycount  =                0
partialcount =                0		diff         =            62506
Verification FAILED.

Starting case 2:
	Checking  vor0.
2.000000000000000000	2.510000000000000231
2.000000000000000000	2.510000000000000231
2.000000000000000000	2.510000000000000231
2.000000000000000000	4.510000000000000675
2.000000000000000000	2.000000000000000000
2.509999999999999787	2.510000000000000231

Cell failed:
data  = [-1677.52844071140498	7535.45787052491596]
data2 = [-1763.37413530130107	21.0034477629181993]
delta = [221.391781118031531	228.406146720024708]
y = 
2.111562499999999787	2.127499999999999947
2.223125000000000018	2.239062500000000178
2.063749999999999751	2.079687499999999911
2.392187500000000355	2.411796875000000284
2.000000000000000000	2.000000000000000000
2.509999999999999787	2.510000000000000231
cellcount    =          1000000		maxdepth = 9
discards2    =           934660
largecut     =                0		discards     =                0
smallcut     =                0		verifycount  =             2835
partialcount =                0		diff         =            62505
Verification FAILED.

	Checking -tau0.
2.000000000000000000	2.510000000000000231
2.000000000000000000	2.510000000000000231
2.000000000000000000	2.510000000000000231
2.000000000000000000	4.510000000000000675
2.000000000000000000	2.000000000000000000
2.509999999999999787	2.510000000000000231

Cell failed:
data  = [-238.034678393627615	5222.22017079303077]
data2 = [-716.341317595723353	49.0035511290390104]
delta = [203.336995361971958	206.636752237037399]
y = 
2.247031250000000036	2.254999999999999893
2.103593749999999929	2.111562499999999787
2.023906249999999574	2.031874999999999876
2.245117187500000000	2.254921874999999964
2.000000000000000000	2.000000000000000000
2.509999999999999787	2.510000000000000231
cellcount    =          1000004		maxdepth = 9
discards2    =           935010
largecut     =                0		discards     =                0
smallcut     =                0		verifycount  =             2489
partialcount =                0		diff         =            62505
Verification FAILED.

Starting case 3:
	Checking  vor0.
2.000000000000000000	2.510000000000000231
2.000000000000000000	2.510000000000000231
2.000000000000000000	2.510000000000000231
2.000000000000000000	5.020000000000000462
2.509999999999999787	2.510000000000000231
2.509999999999999787	2.510000000000000231

Cell failed:
data  = [-2791.47545017667471	8057.37964896293033]
data2 = [-2048.50160351418299	1064.87912059123028]
delta = [142.106310288225814	197.406505386052686]
y = 
2.079687499999999911	2.095625000000000071
2.047812500000000036	2.063749999999999751
2.015937499999999716	2.031874999999999876
3.510000000000000231	3.521796875000000604
2.509999999999999787	2.510000000000000231
2.509999999999999787	2.510000000000000231
cellcount    =          1000010		maxdepth = 10
discards2    =           682509
largecut     =                0		discards     =                0
smallcut     =                0		verifycount  =           254991
partialcount =                0		diff         =            62510
Verification FAILED.

	Checking -tau0.
2.000000000000000000	2.510000000000000231
2.000000000000000000	2.510000000000000231
2.000000000000000000	2.510000000000000231
2.000000000000000000	5.020000000000000462
2.509999999999999787	2.510000000000000231
2.509999999999999787	2.510000000000000231

Cell failed:
data  = [-166.205591061800988	17558.5010581878305]
data2 = [-510.214906844152438	3470.4530997476445]
delta = [237.881732206944434	354.470301655027015]
y = 
2.446250000000000036	2.478125000000000355
2.159374999999999822	2.191250000000000142
2.063749999999999751	2.095625000000000071
3.203281249999999858	3.226875000000000160
2.509999999999999787	2.510000000000000231
2.509999999999999787	2.510000000000000231
cellcount    =          1000016		maxdepth = 10
discards2    =           624919
largecut     =                0		discards     =                0
smallcut     =                0		verifycount  =           312590
partialcount =                0		diff         =            62507
Verification FAILED.

Starting case 4:
	Checking  vor0.
2.000000000000000000	2.510000000000000231
2.000000000000000000	2.510000000000000231
2.000000000000000000	2.510000000000000231
2.000000000000000000	4.828427124746190735
2.000000000000000000	2.000000000000000000
2.828427124746189847	2.828427124746190291

Cell failed:
data  = [-2617.2034822234059	7523.55260318602814]
data2 = [-1266.61129684124944	340.365786733418474]
delta = [195.676402869995627	203.834685080479403]
y = 
2.175312499999999982	2.191250000000000142
2.095625000000000071	2.111562499999999787
2.031874999999999876	2.047812500000000036
2.243067956032875898	2.265165042944955687
2.000000000000000000	2.000000000000000000
2.828427124746189847	2.828427124746190291
cellcount    =          1000013		maxdepth = 9
discards2    =           937507
largecut     =                0		discards     =                0
smallcut     =                0		verifycount  =                0
partialcount =                0		diff         =            62506
Verification FAILED.

	Checking -tau0.
2.000000000000000000	2.510000000000000231
2.000000000000000000	2.510000000000000231
2.000000000000000000	2.510000000000000231
2.000000000000000000	4.828427124746190735
2.000000000000000000	2.000000000000000000
2.828427124746189847	2.828427124746190291

Cell failed:
data  = [-2164.78707187204236	5756.53423424167522]
data2 = [-981.612370499335498	353.988706304190998]
delta = [173.000078382336369	180.988391413434329]
y = 
2.175312499999999982	2.191250000000000142
2.095625000000000071	2.111562499999999787
2.063749999999999751	2.079687499999999911
2.066291260736238478	2.088388347648318266
2.000000000000000000	2.000000000000000000
2.828427124746189847	2.828427124746190291
cellcount    =          1000012		maxdepth = 9
discards2    =           937506
largecut     =                0		discards     =                0
smallcut     =                0		verifycount  =                0
partialcount =                0		diff         =            62506
Verification FAILED.

Starting case 5:
	Checking  vor0.
2.000000000000000000	2.510000000000000231
2.000000000000000000	2.510000000000000231
2.000000000000000000	2.510000000000000231
2.000000000000000000	5.020000000000000462
2.509999999999999787	2.510000000000000231
2.828427124746189847	2.828427124746190291

Cell failed:
data  = [-799.380454966703383	7156.31249510636553]
data2 = [-1643.13462886116668	248.974345224802619]
delta = [204.299819678055428	220.373354065080548]
y = 
2.015937499999999716	2.031874999999999876
2.047812500000000036	2.063749999999999751
2.095625000000000071	2.111562499999999787
3.568984375000000320	3.580781250000000249
2.509999999999999787	2.510000000000000231
2.828427124746189847	2.828427124746190291
cellcount    =          1000006		maxdepth = 10
discards2    =           696555
largecut     =                0		discards     =                0
smallcut     =                0		verifycount  =           240941
partialcount =                0		diff         =            62510
Verification FAILED.

	Checking -tau0.
2.000000000000000000	2.510000000000000231
2.000000000000000000	2.510000000000000231
2.000000000000000000	2.510000000000000231
2.000000000000000000	5.020000000000000462
2.509999999999999787	2.510000000000000231
2.828427124746189847	2.828427124746190291

Cell failed:
data  = [-199.988343894875925	7589.06116533420027]
data2 = [-1246.98306930347371	611.04861753757541]
delta = [235.336453551176419	249.891837967040829]
y = 
2.079687499999999911	2.095625000000000071
2.063749999999999751	2.079687499999999911
2.000000000000000000	2.015937499999999716
3.333046874999999964	3.344843749999999893
2.509999999999999787	2.510000000000000231
2.828427124746189847	2.828427124746190291
cellcount    =          1000003		maxdepth = 9
discards2    =           652465
largecut     =                0		discards     =                0
smallcut     =                0		verifycount  =           285030
partialcount =                0		diff         =            62508
Verification FAILED.

Starting case 6:
	Checking  vor0.
2.000000000000000000	2.510000000000000231
2.000000000000000000	2.510000000000000231
2.000000000000000000	2.510000000000000231
2.000000000000000000	5.020000000000000462
2.828427124746189847	2.828427124746190291
2.828427124746189847	2.828427124746190291

Cell failed:
data  = [-339.297869960526441	4759.21825660271679]
data2 = [-28015.7901622603749	725.784875096156611]
delta = [204.561099082096916	213.248266192289975]
y = 
2.000000000000000000	2.007968749999999858
2.000000000000000000	2.007968749999999858
2.000000000000000000	2.007968749999999858
3.397929687500000462	3.403828125000000426
2.828427124746189847	2.828427124746190291
2.828427124746189847	2.828427124746190291
cellcount    =          1000002		maxdepth = 10
discards2    =           649009
largecut     =                0		discards     =                0
smallcut     =                0		verifycount  =           288483
partialcount =                0		diff         =            62510
Verification FAILED.

	Checking -tau0.
2.000000000000000000	2.510000000000000231
2.000000000000000000	2.510000000000000231
2.000000000000000000	2.510000000000000231
2.000000000000000000	5.020000000000000462
2.828427124746189847	2.828427124746190291
2.828427124746189847	2.828427124746190291

Cell failed:
data  = [-73.1342370715947254	6767.73562989467518]
data2 = [-47872.7190161949693	4280.98886908387794]
delta = [296.489263778824352	309.411839759327904]
y = 
2.015937499999999716	2.031874999999999876
2.047812500000000036	2.063749999999999751
2.095625000000000071	2.111562499999999787
2.813984375000000426	2.825781250000000355
2.828427124746189847	2.828427124746190291
2.828427124746189847	2.828427124746190291
cellcount    =          1000002		maxdepth = 10
discards2    =           561311
largecut     =                0		discards     =                0
smallcut     =                0		verifycount  =           376183
partialcount =                0		diff         =            62508
Verification FAILED.

Done.
Ending time:    	Wed Jun  3 14:18:27 1998

Elapsed time: 9972 seconds
diff = 1281.11		1203.38 cells per second


