Welcome to sphere packing routines, relation testing division.
Welcome to Section A15.  
Enter cell count limit:  Enter slop:  		Slop = -100
Starting time:  	Tue Jun  9 12:18:32 1998

Starting case 1:
	Checking  vor0.
2.000000000000000000	2.510000000000000231
2.000000000000000000	2.510000000000000231
2.000000000000000000	2.510000000000000231
2.828427124746189847	4.000000000000000000
2.000000000000000000	2.000000000000000000
2.000000000000000000	2.000000000000000000

cellcount    =           687715		maxdepth = 7
discards2    =           377157
largecut     =                0		discards     =            18324
smallcut     =                0		verifycount  =           249251
partialcount =                0		diff         =            42983
Verification succeeded.

	Checking -tau0.
2.000000000000000000	2.510000000000000231
2.000000000000000000	2.510000000000000231
2.000000000000000000	2.510000000000000231
2.828427124746189847	4.000000000000000000
2.000000000000000000	2.000000000000000000
2.000000000000000000	2.000000000000000000

cellcount    =           715155		maxdepth = 7
discards2    =           377077
largecut     =                0		discards     =            18340
smallcut     =                0		verifycount  =           275040
partialcount =                0		diff         =            44698
Verification succeeded.

Starting case 2:
	Checking  vor0.
2.000000000000000000	2.510000000000000231
2.000000000000000000	2.510000000000000231
2.000000000000000000	2.510000000000000231
2.828427124746189847	4.510000000000000675
2.000000000000000000	2.000000000000000000
2.509999999999999787	2.510000000000000231

cellcount    =          1101287		maxdepth = 8
discards2    =           515011
largecut     =                0		discards     =            16338
smallcut     =                0		verifycount  =           501105
partialcount =                0		diff         =            68833
Verification succeeded.

	Checking -tau0.
2.000000000000000000	2.510000000000000231
2.000000000000000000	2.510000000000000231
2.000000000000000000	2.510000000000000231
2.828427124746189847	4.510000000000000675
2.000000000000000000	2.000000000000000000
2.509999999999999787	2.510000000000000231

cellcount    =          1240439		maxdepth = 8
discards2    =           512220
largecut     =                0		discards     =            16339
smallcut     =                0		verifycount  =           634350
partialcount =                0		diff         =            77530
Verification succeeded.

Starting case 3:
	Checking  vor0.
2.000000000000000000	2.510000000000000231
2.000000000000000000	2.510000000000000231
2.000000000000000000	2.510000000000000231
2.828427124746189847	5.020000000000000462
2.509999999999999787	2.510000000000000231
2.509999999999999787	2.510000000000000231

cellcount    =          3632199		maxdepth = 8
discards2    =          1640706
largecut     =                0		discards     =            12392
smallcut     =                0		verifycount  =          1752086
partialcount =                0		diff         =           227015
Verification succeeded.

	Checking -tau0.
2.000000000000000000	2.510000000000000231
2.000000000000000000	2.510000000000000231
2.000000000000000000	2.510000000000000231
2.828427124746189847	5.020000000000000462
2.509999999999999787	2.510000000000000231
2.509999999999999787	2.510000000000000231

cellcount    =          4495591		maxdepth = 8
discards2    =          2324176
largecut     =                0		discards     =             9036
smallcut     =                0		verifycount  =          1881402
partialcount =                0		diff         =           280977
Verification succeeded.

Starting case 4:
	Checking  vor0.
2.000000000000000000	2.510000000000000231
2.000000000000000000	2.510000000000000231
2.000000000000000000	2.510000000000000231
2.828427124746189847	4.828427124746190735
2.000000000000000000	2.000000000000000000
2.828427124746189847	2.828427124746190291

cellcount    =          2364311		maxdepth = 8
discards2    =          1195408
largecut     =                0		discards     =            15404
smallcut     =                0		verifycount  =          1005727
partialcount =                0		diff         =           147772
Verification succeeded.

	Checking -tau0.
2.000000000000000000	2.510000000000000231
2.000000000000000000	2.510000000000000231
2.000000000000000000	2.510000000000000231
2.828427124746189847	4.828427124746190735
2.000000000000000000	2.000000000000000000
2.828427124746189847	2.828427124746190291

cellcount    =          2864183		maxdepth = 8
discards2    =          1108029
largecut     =                0		discards     =            15459
smallcut     =                0		verifycount  =          1561681
partialcount =                0		diff         =           179014
Verification succeeded.

Starting case 5:
	Checking  vor0.
2.000000000000000000	2.510000000000000231
2.000000000000000000	2.510000000000000231
2.000000000000000000	2.510000000000000231
2.828427124746189847	5.020000000000000462
2.509999999999999787	2.510000000000000231
2.828427124746189847	2.828427124746190291

cellcount    =          4874311		maxdepth = 9
discards2    =          2089023
largecut     =                0		discards     =             6654
smallcut     =                0		verifycount  =          2473987
partialcount =                0		diff         =           304647
Verification succeeded.

	Checking -tau0.
2.000000000000000000	2.510000000000000231
2.000000000000000000	2.510000000000000231
2.000000000000000000	2.510000000000000231
2.828427124746189847	5.020000000000000462
2.509999999999999787	2.510000000000000231
2.828427124746189847	2.828427124746190291

cellcount    =          6448903		maxdepth = 9
discards2    =          2811367
largecut     =                0		discards     =             6151
smallcut     =                0		verifycount  =          3228326
partialcount =                0		diff         =           403059
Verification succeeded.

Starting case 6:
	Checking  vor0.
2.000000000000000000	2.510000000000000231
2.000000000000000000	2.510000000000000231
2.000000000000000000	2.510000000000000231
2.828427124746189847	5.020000000000000462
2.828427124746189847	2.828427124746190291
2.828427124746189847	2.828427124746190291

cellcount    =          8409383		maxdepth = 9
discards2    =          4715117
largecut     =                0		discards     =             4180
smallcut     =                0		verifycount  =          3164497
partialcount =                0		diff         =           525589
Verification succeeded.

	Checking -tau0.
2.000000000000000000	2.510000000000000231
2.000000000000000000	2.510000000000000231
2.000000000000000000	2.510000000000000231
2.828427124746189847	5.020000000000000462
2.828427124746189847	2.828427124746190291
2.828427124746189847	2.828427124746190291

cellcount    =          7861591		maxdepth = 9
discards2    =          4781939
largecut     =                0		discards     =             3288
smallcut     =                0		verifycount  =          2585012
partialcount =                0		diff         =           491352
Verification succeeded.

All verifications succeeded.

Done.
Ending time:    	Tue Jun  9 14:37:27 1998

Elapsed time: 8335 seconds
diff = -259.755		5362.34 cells per second


