Welcome to sphere packing routines, relation testing division.
Welcome to Section A15.  
Enter cell count limit:  Enter slop:  		Slop = -100
Starting time:  	Wed Jun 10 12:59:21 1998

Starting case 1:
	Checking  vor0.
2.000000000000000000	2.510000000000000231
2.000000000000000000	2.510000000000000231
2.000000000000000000	2.510000000000000231
2.828427124746189847	4.000000000000000000
2.000000000000000000	2.000000000000000000
2.000000000000000000	2.000000000000000000

cellcount    =           653427		maxdepth = 7
discards2    =           358669
largecut     =                0		discards     =            18324
smallcut     =                0		verifycount  =           235594
partialcount =                0		diff         =            40840
Verification succeeded.

	Checking -tau0.
2.000000000000000000	2.510000000000000231
2.000000000000000000	2.510000000000000231
2.000000000000000000	2.510000000000000231
2.828427124746189847	4.000000000000000000
2.000000000000000000	2.000000000000000000
2.000000000000000000	2.000000000000000000

cellcount    =           682931		maxdepth = 7
discards2    =           364366
largecut     =                0		discards     =            18340
smallcut     =                0		verifycount  =           257541
partialcount =                0		diff         =            42684
Verification succeeded.

Starting case 2:
	Checking  vor0.
2.000000000000000000	2.510000000000000231
2.000000000000000000	2.510000000000000231
2.000000000000000000	2.510000000000000231
2.828427124746189847	4.510000000000000675
2.000000000000000000	2.000000000000000000
2.509999999999999787	2.510000000000000231

cellcount    =          1033511		maxdepth = 8
discards2    =           487739
largecut     =                0		discards     =            16338
smallcut     =                0		verifycount  =           464837
partialcount =                0		diff         =            64597
Verification succeeded.

	Checking -tau0.
2.000000000000000000	2.510000000000000231
2.000000000000000000	2.510000000000000231
2.000000000000000000	2.510000000000000231
2.828427124746189847	4.510000000000000675
2.000000000000000000	2.000000000000000000
2.509999999999999787	2.510000000000000231

cellcount    =          1150183		maxdepth = 8
discards2    =           470835
largecut     =                0		discards     =            16339
smallcut     =                0		verifycount  =           591120
partialcount =                0		diff         =            71889
Verification succeeded.

Starting case 3:
	Checking  vor0.
2.000000000000000000	2.510000000000000231
2.000000000000000000	2.510000000000000231
2.000000000000000000	2.510000000000000231
2.828427124746189847	5.020000000000000462
2.509999999999999787	2.510000000000000231
2.509999999999999787	2.510000000000000231

cellcount    =          2952039		maxdepth = 8
discards2    =          1517087
largecut     =                0		discards     =            12392
smallcut     =                0		verifycount  =          1238055
partialcount =                0		diff         =           184505
Verification succeeded.

	Checking -tau0.
2.000000000000000000	2.510000000000000231
2.000000000000000000	2.510000000000000231
2.000000000000000000	2.510000000000000231
2.828427124746189847	5.020000000000000462
2.509999999999999787	2.510000000000000231
2.509999999999999787	2.510000000000000231

cellcount    =          3536839		maxdepth = 8
discards2    =          2008419
largecut     =                0		discards     =             9036
smallcut     =                0		verifycount  =          1298329
partialcount =                0		diff         =           221055
Verification succeeded.

Starting case 4:
	Checking  vor0.
2.000000000000000000	2.510000000000000231
2.000000000000000000	2.510000000000000231
2.000000000000000000	2.510000000000000231
2.828427124746189847	4.828427124746190735
2.000000000000000000	2.000000000000000000
2.828427124746189847	2.828427124746190291

cellcount    =          2193815		maxdepth = 8
discards2    =          1109782
largecut     =                0		discards     =            15404
smallcut     =                0		verifycount  =           931513
partialcount =                0		diff         =           137116
Verification succeeded.

	Checking -tau0.
2.000000000000000000	2.510000000000000231
2.000000000000000000	2.510000000000000231
2.000000000000000000	2.510000000000000231
2.828427124746189847	4.828427124746190735
2.000000000000000000	2.000000000000000000
2.828427124746189847	2.828427124746190291

cellcount    =          2653159		maxdepth = 8
discards2    =          1050118
largecut     =                0		discards     =            15459
smallcut     =                0		verifycount  =          1421757
partialcount =                0		diff         =           165825
Verification succeeded.

Starting case 5:
	Checking  vor0.
2.000000000000000000	2.510000000000000231
2.000000000000000000	2.510000000000000231
2.000000000000000000	2.510000000000000231
2.828427124746189847	5.020000000000000462
2.509999999999999787	2.510000000000000231
2.828427124746189847	2.828427124746190291

cellcount    =          3837351		maxdepth = 9
discards2    =          1806958
largecut     =                0		discards     =             6654
smallcut     =                0		verifycount  =          1783902
partialcount =                0		diff         =           239837
Verification succeeded.

	Checking -tau0.
2.000000000000000000	2.510000000000000231
2.000000000000000000	2.510000000000000231
2.000000000000000000	2.510000000000000231
2.828427124746189847	5.020000000000000462
2.509999999999999787	2.510000000000000231
2.828427124746189847	2.828427124746190291

cellcount    =          5081495		maxdepth = 9
discards2    =          2355943
largecut     =                0		discards     =             6151
smallcut     =                0		verifycount  =          2401805
partialcount =                0		diff         =           317596
Verification succeeded.

Starting case 6:
	Checking  vor0.
2.000000000000000000	2.510000000000000231
2.000000000000000000	2.510000000000000231
2.000000000000000000	2.510000000000000231
2.828427124746189847	5.020000000000000462
2.828427124746189847	2.828427124746190291
2.828427124746189847	2.828427124746190291

cellcount    =          6305895		maxdepth = 9
discards2    =          3626965
largecut     =                0		discards     =             4180
smallcut     =                0		verifycount  =          2280629
partialcount =                0		diff         =           394121
Verification succeeded.

	Checking -tau0.
2.000000000000000000	2.510000000000000231
2.000000000000000000	2.510000000000000231
2.000000000000000000	2.510000000000000231
2.828427124746189847	5.020000000000000462
2.828427124746189847	2.828427124746190291
2.828427124746189847	2.828427124746190291

cellcount    =          5672775		maxdepth = 9
discards2    =          3428364
largecut     =                0		discards     =             3288
smallcut     =                0		verifycount  =          1886572
partialcount =                0		diff         =           354551
Verification succeeded.

All verifications succeeded.

Done.
Ending time:    	Wed Jun 10 15:10:24 1998

Elapsed time: 7863 seconds,		diff = -731.915
35753420 cells considered,		4547.05 cells per second


