Welcome to sphere packing routines, relation testing division.
Welcome to Section A15.  
Enter cell count limit:  Enter slop:  		Slop = -10000
Starting time:  	Tue Jun  9 12:21:06 1998

Starting case 1:
	Checking  vor0.
2.000000000000000000	2.510000000000000231
2.000000000000000000	2.510000000000000231
2.000000000000000000	2.510000000000000231
2.828427124746189847	4.000000000000000000
2.000000000000000000	2.000000000000000000
2.000000000000000000	2.000000000000000000

cellcount    =           424099		maxdepth = 7
discards2    =           177025
largecut     =                0		discards     =            18246
smallcut     =                0		verifycount  =           202321
partialcount =                0		diff         =            26507
Verification succeeded.

	Checking -tau0.
2.000000000000000000	2.510000000000000231
2.000000000000000000	2.510000000000000231
2.000000000000000000	2.510000000000000231
2.828427124746189847	4.000000000000000000
2.000000000000000000	2.000000000000000000
2.000000000000000000	2.000000000000000000

cellcount    =           429059		maxdepth = 7
discards2    =           189505
largecut     =                0		discards     =            18246
smallcut     =                0		verifycount  =           194491
partialcount =                0		diff         =            26817
Verification succeeded.

Starting case 2:
	Checking  vor0.
2.000000000000000000	2.510000000000000231
2.000000000000000000	2.510000000000000231
2.000000000000000000	2.510000000000000231
2.828427124746189847	4.510000000000000675
2.000000000000000000	2.000000000000000000
2.509999999999999787	2.510000000000000231

cellcount    =           454151		maxdepth = 8
discards2    =           191028
largecut     =                0		discards     =            15856
smallcut     =                0		verifycount  =           218880
partialcount =                0		diff         =            28387
Verification succeeded.

	Checking -tau0.
2.000000000000000000	2.510000000000000231
2.000000000000000000	2.510000000000000231
2.000000000000000000	2.510000000000000231
2.828427124746189847	4.510000000000000675
2.000000000000000000	2.000000000000000000
2.509999999999999787	2.510000000000000231

cellcount    =           447367		maxdepth = 8
discards2    =           190053
largecut     =                0		discards     =            15856
smallcut     =                0		verifycount  =           213495
partialcount =                0		diff         =            27963
Verification succeeded.

Starting case 3:
	Checking  vor0.
2.000000000000000000	2.510000000000000231
2.000000000000000000	2.510000000000000231
2.000000000000000000	2.510000000000000231
2.828427124746189847	5.020000000000000462
2.509999999999999787	2.510000000000000231
2.509999999999999787	2.510000000000000231

cellcount    =          3632199		maxdepth = 8
discards2    =          1640706
largecut     =                0		discards     =            12392
smallcut     =                0		verifycount  =          1752086
partialcount =                0		diff         =           227015
Verification succeeded.

	Checking -tau0.
2.000000000000000000	2.510000000000000231
2.000000000000000000	2.510000000000000231
2.000000000000000000	2.510000000000000231
2.828427124746189847	5.020000000000000462
2.509999999999999787	2.510000000000000231
2.509999999999999787	2.510000000000000231

cellcount    =          4495591		maxdepth = 8
discards2    =          2324176
largecut     =                0		discards     =             9036
smallcut     =                0		verifycount  =          1881402
partialcount =                0		diff         =           280977
Verification succeeded.

Starting case 4:
	Checking  vor0.
2.000000000000000000	2.510000000000000231
2.000000000000000000	2.510000000000000231
2.000000000000000000	2.510000000000000231
2.828427124746189847	4.828427124746190735
2.000000000000000000	2.000000000000000000
2.828427124746189847	2.828427124746190291

cellcount    =           472615		maxdepth = 8
discards2    =           191379
largecut     =                0		discards     =            14379
smallcut     =                0		verifycount  =           237316
partialcount =                0		diff         =            29541
Verification succeeded.

	Checking -tau0.
2.000000000000000000	2.510000000000000231
2.000000000000000000	2.510000000000000231
2.000000000000000000	2.510000000000000231
2.828427124746189847	4.828427124746190735
2.000000000000000000	2.000000000000000000
2.828427124746189847	2.828427124746190291

cellcount    =           479351		maxdepth = 8
discards2    =           194673
largecut     =                0		discards     =            14379
smallcut     =                0		verifycount  =           240337
partialcount =                0		diff         =            29962
Verification succeeded.

Starting case 5:
	Checking  vor0.
2.000000000000000000	2.510000000000000231
2.000000000000000000	2.510000000000000231
2.000000000000000000	2.510000000000000231
2.828427124746189847	5.020000000000000462
2.509999999999999787	2.510000000000000231
2.828427124746189847	2.828427124746190291

cellcount    =          4874311		maxdepth = 9
discards2    =          2089023
largecut     =                0		discards     =             6654
smallcut     =                0		verifycount  =          2473987
partialcount =                0		diff         =           304647
Verification succeeded.

	Checking -tau0.
2.000000000000000000	2.510000000000000231
2.000000000000000000	2.510000000000000231
2.000000000000000000	2.510000000000000231
2.828427124746189847	5.020000000000000462
2.509999999999999787	2.510000000000000231
2.828427124746189847	2.828427124746190291

cellcount    =          6448887		maxdepth = 9
discards2    =          2811367
largecut     =                0		discards     =             6151
smallcut     =                0		verifycount  =          3228311
partialcount =                0		diff         =           403058
Verification succeeded.

Starting case 6:
	Checking  vor0.
2.000000000000000000	2.510000000000000231
2.000000000000000000	2.510000000000000231
2.000000000000000000	2.510000000000000231
2.828427124746189847	5.020000000000000462
2.828427124746189847	2.828427124746190291
2.828427124746189847	2.828427124746190291

cellcount    =          8409367		maxdepth = 9
discards2    =          4715101
largecut     =                0		discards     =             4180
smallcut     =                0		verifycount  =          3164498
partialcount =                0		diff         =           525588
Verification succeeded.

	Checking -tau0.
2.000000000000000000	2.510000000000000231
2.000000000000000000	2.510000000000000231
2.000000000000000000	2.510000000000000231
2.828427124746189847	5.020000000000000462
2.828427124746189847	2.828427124746190291
2.828427124746189847	2.828427124746190291

cellcount    =          7861559		maxdepth = 9
discards2    =          4781939
largecut     =                0		discards     =             3288
smallcut     =                0		verifycount  =          2584982
partialcount =                0		diff         =           491350
Verification succeeded.

All verifications succeeded.

Done.
Ending time:    	Tue Jun  9 14:48:10 1998

Elapsed time: 8824 seconds
diff = -148.205		4355 cells per second


