Welcome to sphere packing routines, relation testing division.
Welcome to Section A15.  
Enter cell count limit:  Enter slop:  		Slop = 0
Starting time:  	Wed Jun 10 15:14:23 1998

Starting case 1:
	Checking  vor0.
2.000000000000000000	2.510000000000000231
2.000000000000000000	2.510000000000000231
2.000000000000000000	2.510000000000000231
2.828427124746189847	4.000000000000000000
2.000000000000000000	2.000000000000000000
2.000000000000000000	2.000000000000000000

cellcount    =          5330163		maxdepth = 8
discards2    =          1683815
largecut     =                0		discards     =            33225
smallcut     =                0		verifycount  =          3279987
partialcount =                0		diff         =           333136
Verification succeeded.

	Checking -tau0.
2.000000000000000000	2.510000000000000231
2.000000000000000000	2.510000000000000231
2.000000000000000000	2.510000000000000231
2.828427124746189847	4.000000000000000000
2.000000000000000000	2.000000000000000000
2.000000000000000000	2.000000000000000000

cellcount    =          4901587		maxdepth = 8
discards2    =          1503822
largecut     =                0		discards     =            29535
smallcut     =                0		verifycount  =          3061880
partialcount =                0		diff         =           306350
Verification succeeded.

Starting case 2:
	Checking  vor0.
2.000000000000000000	2.510000000000000231
2.000000000000000000	2.510000000000000231
2.000000000000000000	2.510000000000000231
2.828427124746189847	4.510000000000000675
2.000000000000000000	2.000000000000000000
2.509999999999999787	2.510000000000000231

cellcount    =          6356327		maxdepth = 9
discards2    =          1784479
largecut     =                0		discards     =            29952
smallcut     =                0		verifycount  =          4144623
partialcount =                0		diff         =           397273
Verification succeeded.

	Checking -tau0.
2.000000000000000000	2.510000000000000231
2.000000000000000000	2.510000000000000231
2.000000000000000000	2.510000000000000231
2.828427124746189847	4.510000000000000675
2.000000000000000000	2.000000000000000000
2.509999999999999787	2.510000000000000231

cellcount    =          6902503		maxdepth = 9
discards2    =          2123803
largecut     =                0		discards     =            26561
smallcut     =                0		verifycount  =          4320730
partialcount =                0		diff         =           431409
Verification succeeded.

Starting case 3:
	Checking  vor0.
2.000000000000000000	2.510000000000000231
2.000000000000000000	2.510000000000000231
2.000000000000000000	2.510000000000000231
2.828427124746189847	5.020000000000000462
2.509999999999999787	2.510000000000000231
2.509999999999999787	2.510000000000000231

cellcount    =          2952039		maxdepth = 8
discards2    =          1517087
largecut     =                0		discards     =            12392
smallcut     =                0		verifycount  =          1238055
partialcount =                0		diff         =           184505
Verification succeeded.

	Checking -tau0.
2.000000000000000000	2.510000000000000231
2.000000000000000000	2.510000000000000231
2.000000000000000000	2.510000000000000231
2.828427124746189847	5.020000000000000462
2.509999999999999787	2.510000000000000231
2.509999999999999787	2.510000000000000231

cellcount    =          3536839		maxdepth = 8
discards2    =          2008419
largecut     =                0		discards     =             9036
smallcut     =                0		verifycount  =          1298329
partialcount =                0		diff         =           221055
Verification succeeded.

Starting case 4:
	Checking  vor0.
2.000000000000000000	2.510000000000000231
2.000000000000000000	2.510000000000000231
2.000000000000000000	2.510000000000000231
2.828427124746189847	4.828427124746190735
2.000000000000000000	2.000000000000000000
2.828427124746189847	2.828427124746190291

cellcount    =         15764759		maxdepth = 9
discards2    =          4220378
largecut     =                0		discards     =            36689
smallcut     =                0		verifycount  =         10522392
partialcount =                0		diff         =           985300
Verification succeeded.

	Checking -tau0.
2.000000000000000000	2.510000000000000231
2.000000000000000000	2.510000000000000231
2.000000000000000000	2.510000000000000231
2.828427124746189847	4.828427124746190735
2.000000000000000000	2.000000000000000000
2.828427124746189847	2.828427124746190291

cellcount    =         17873415		maxdepth = 9
discards2    =          6921127
largecut     =                0		discards     =            32490
smallcut     =                0		verifycount  =          9802707
partialcount =                0		diff         =          1117091
Verification succeeded.

Starting case 5:
	Checking  vor0.
2.000000000000000000	2.510000000000000231
2.000000000000000000	2.510000000000000231
2.000000000000000000	2.510000000000000231
2.828427124746189847	5.020000000000000462
2.509999999999999787	2.510000000000000231
2.828427124746189847	2.828427124746190291

cellcount    =          3837351		maxdepth = 9
discards2    =          1806958
largecut     =                0		discards     =             6654
smallcut     =                0		verifycount  =          1783902
partialcount =                0		diff         =           239837
Verification succeeded.

	Checking -tau0.
2.000000000000000000	2.510000000000000231
2.000000000000000000	2.510000000000000231
2.000000000000000000	2.510000000000000231
2.828427124746189847	5.020000000000000462
2.509999999999999787	2.510000000000000231
2.828427124746189847	2.828427124746190291

cellcount    =          5081495		maxdepth = 9
discards2    =          2355943
largecut     =                0		discards     =             6151
smallcut     =                0		verifycount  =          2401805
partialcount =                0		diff         =           317596
Verification succeeded.

Starting case 6:
	Checking  vor0.
2.000000000000000000	2.510000000000000231
2.000000000000000000	2.510000000000000231
2.000000000000000000	2.510000000000000231
2.828427124746189847	5.020000000000000462
2.828427124746189847	2.828427124746190291
2.828427124746189847	2.828427124746190291

cellcount    =          6305895		maxdepth = 9
discards2    =          3626965
largecut     =                0		discards     =             4180
smallcut     =                0		verifycount  =          2280629
partialcount =                0		diff         =           394121
Verification succeeded.

	Checking -tau0.
2.000000000000000000	2.510000000000000231
2.000000000000000000	2.510000000000000231
2.000000000000000000	2.510000000000000231
2.828427124746189847	5.020000000000000462
2.828427124746189847	2.828427124746190291
2.828427124746189847	2.828427124746190291

cellcount    =          5672775		maxdepth = 9
discards2    =          3428364
largecut     =                0		discards     =             3288
smallcut     =                0		verifycount  =          1886572
partialcount =                0		diff         =           354551
Verification succeeded.

All verifications succeeded.

Done.
Ending time:    	Thu Jun 11 05:12:09 1998

Elapsed time: 50266 seconds,		diff = 0
84515148 cells considered,		1681.36 cells per second


