Welcome to sphere packing routines, relation testing division.
Welcome to Section A_19.1.  
Enter cell count limit:  Enter slop:  		Slop = 0
Starting time:  	Tue Jun 16 10:39:38 1998

Starting case 1:
const     = [-0.075000000000000011, -0.074999999999999997]
	Checking  vor0.
2.000000000000000000	2.510000000000000231
2.000000000000000000	2.510000000000000231
2.000000000000000000	2.000000000000000000
2.828427124746189847	3.200000000000000178
2.000000000000000000	2.000000000000000000
2.509999999999999787	2.828427124746190291

Cell failed:
data        = [-0.236952809368005335	-0.0369293525390750887]
cross_diag2 = [7.67410292606830957	8.12215088570203392]
vor0_val    = [-0.203539227171887438	-0.0922381190636232806]
vor0p_val   = [-0.0334135821961178969	0.0553087665245481919]
delta       = [155.589362786351785	159.245494176295779]
y = 
2.015937499999999716	2.023906249999999574
2.023906249999999574	2.031874999999999876
2.000000000000000000	2.000000000000000000
3.165165042944955154	3.170970869120796287
2.000000000000000000	2.000000000000000000
2.519950847648318337	2.529901695296636888
cellcount    =         10000010		maxdepth = 15
partialpushes=            29705
largecut     =                0		discards     =          2549791
smallcut     =                0		verifycount  =          6524864
partialcount =           300239		diff         =           625116
Verification FAILED.

const     = [-0.235000000000000014, -0.234999999999999987]
	Checking -tau0.
2.000000000000000000	2.510000000000000231
2.000000000000000000	2.510000000000000231
2.000000000000000000	2.000000000000000000
2.828427124746189847	3.200000000000000178
2.000000000000000000	2.000000000000000000
2.509999999999999787	2.828427124746190291

Cell failed:
data        = [-0.288447140048083639	-0.220651006241722958]
cross_diag2 = [7.98916942878778968	8.10021411986404694]
vor0_val    = [-0.235821146569694662	-0.198213742529668557]
vor0p_val   = [-0.0526259934783889771	-0.0224372637120544005]
delta       = [160.032006149113158	160.931228932136037]
y = 
2.005976562499999893	2.007968749999999858
2.033867187500000284	2.035859375000000249
2.000000000000000000	2.000000000000000000
3.149199020961392925	3.150650477505353209
2.000000000000000000	2.000000000000000000
2.517463135736238478	2.519950847648318337
cellcount    =         10000015		maxdepth = 15
partialpushes=            26802
largecut     =                0		discards     =          2427587
smallcut     =                0		verifycount  =          6621548
partialcount =           325618		diff         =           625262
Verification FAILED.

Starting case 2:
const     = [-0.137000000000000011, -0.136999999999999983]
	Checking  vor0.
2.000000000000000000	2.510000000000000231
2.000000000000000000	2.510000000000000231
2.000000000000000000	2.000000000000000000
2.828427124746189847	3.200000000000000178
2.000000000000000000	2.000000000000000000
2.828427124746189847	3.200000000000000178

cellcount    =           475505		maxdepth = 9
partialpushes=             2232
largecut     =                0		discards     =           157131
smallcut     =                0		verifycount  =           282660
partialcount =             5840		diff         =            29874
Verification succeeded.

const     = [-0.310900000000000010, -0.310899999999999954]
	Checking -tau0.
2.000000000000000000	2.510000000000000231
2.000000000000000000	2.510000000000000231
2.000000000000000000	2.000000000000000000
2.828427124746189847	3.200000000000000178
2.000000000000000000	2.000000000000000000
2.828427124746189847	3.200000000000000178

cellcount    =           545050		maxdepth = 9
partialpushes=             2653
largecut     =                0		discards     =           181126
smallcut     =                0		verifycount  =           323016
partialcount =             6323		diff         =            34585
Verification succeeded.

(2) verifications FAILED.

Done.
Ending time:    	Tue Jun 16 11:42:57 1998

Elapsed time: 3799 seconds,		diff = -1928.17
21020580 cells considered,		5533.19 cells per second


