Welcome to sphere packing routines, relation testing division.
Welcome to Section A15.  
Enter cell count limit:  Enter slop:  		Slop = -10000
Starting time:  	Sat Jun  6 11:38:42 1998

Starting case 1:
	Checking  vor0.
2.000000000000000000	2.510000000000000231
2.000000000000000000	2.510000000000000231
2.000000000000000000	2.510000000000000231
2.828427124746189847	4.000000000000000000
2.000000000000000000	2.000000000000000000
2.000000000000000000	2.000000000000000000

cellcount    =           424099		maxdepth = 7
discards2    =           177025
largecut     =                0		discards     =            18246
smallcut     =                0		verifycount  =           202321
partialcount =                0		diff         =            26507
Verification succeeded.

	Checking -tau0.
2.000000000000000000	2.510000000000000231
2.000000000000000000	2.510000000000000231
2.000000000000000000	2.510000000000000231
2.828427124746189847	4.000000000000000000
2.000000000000000000	2.000000000000000000
2.000000000000000000	2.000000000000000000

cellcount    =           429059		maxdepth = 7
discards2    =           189505
largecut     =                0		discards     =            18246
smallcut     =                0		verifycount  =           194491
partialcount =                0		diff         =            26817
Verification succeeded.

Starting case 2:
	Checking  vor0.
2.000000000000000000	2.510000000000000231
2.000000000000000000	2.510000000000000231
2.000000000000000000	2.510000000000000231
2.828427124746189847	4.510000000000000675
2.000000000000000000	2.000000000000000000
2.509999999999999787	2.510000000000000231

cellcount    =           454151		maxdepth = 8
discards2    =           191028
largecut     =                0		discards     =            15856
smallcut     =                0		verifycount  =           218880
partialcount =                0		diff         =            28387
Verification succeeded.

	Checking -tau0.
2.000000000000000000	2.510000000000000231
2.000000000000000000	2.510000000000000231
2.000000000000000000	2.510000000000000231
2.828427124746189847	4.510000000000000675
2.000000000000000000	2.000000000000000000
2.509999999999999787	2.510000000000000231

cellcount    =           447367		maxdepth = 8
discards2    =           190053
largecut     =                0		discards     =            15856
smallcut     =                0		verifycount  =           213495
partialcount =                0		diff         =            27963
Verification succeeded.

Starting case 3:
	Checking  vor0.
2.000000000000000000	2.510000000000000231
2.000000000000000000	2.510000000000000231
2.000000000000000000	2.510000000000000231
2.828427124746189847	5.020000000000000462
2.509999999999999787	2.510000000000000231
2.509999999999999787	2.510000000000000231

cellcount    =            12583		maxdepth = 6
discards2    =                0
largecut     =                0		discards     =              760
smallcut     =                0		verifycount  =            11034
partialcount =                0		diff         =              789
Verification succeeded.

	Checking -tau0.
2.000000000000000000	2.510000000000000231
2.000000000000000000	2.510000000000000231
2.000000000000000000	2.510000000000000231
2.828427124746189847	5.020000000000000462
2.509999999999999787	2.510000000000000231
2.509999999999999787	2.510000000000000231

cellcount    =            12631		maxdepth = 6
discards2    =                0
largecut     =                0		discards     =              760
smallcut     =                0		verifycount  =            11079
partialcount =                0		diff         =              792
Verification succeeded.

Starting case 4:
	Checking  vor0.
2.000000000000000000	2.510000000000000231
2.000000000000000000	2.510000000000000231
2.000000000000000000	2.510000000000000231
2.828427124746189847	4.828427124746190735
2.000000000000000000	2.000000000000000000
2.828427124746189847	2.828427124746190291

cellcount    =           472615		maxdepth = 8
discards2    =           191379
largecut     =                0		discards     =            14379
smallcut     =                0		verifycount  =           237316
partialcount =                0		diff         =            29541
Verification succeeded.

	Checking -tau0.
2.000000000000000000	2.510000000000000231
2.000000000000000000	2.510000000000000231
2.000000000000000000	2.510000000000000231
2.828427124746189847	4.828427124746190735
2.000000000000000000	2.000000000000000000
2.828427124746189847	2.828427124746190291

cellcount    =           479351		maxdepth = 8
discards2    =           194673
largecut     =                0		discards     =            14379
smallcut     =                0		verifycount  =           240337
partialcount =                0		diff         =            29962
Verification succeeded.

Starting case 5:
	Checking  vor0.
2.000000000000000000	2.510000000000000231
2.000000000000000000	2.510000000000000231
2.000000000000000000	2.510000000000000231
2.828427124746189847	5.020000000000000462
2.509999999999999787	2.510000000000000231
2.828427124746189847	2.828427124746190291

cellcount    =            21719		maxdepth = 7
discards2    =              368
largecut     =                0		discards     =              998
smallcut     =                0		verifycount  =            18993
partialcount =                0		diff         =             1360
Verification succeeded.

	Checking -tau0.
2.000000000000000000	2.510000000000000231
2.000000000000000000	2.510000000000000231
2.000000000000000000	2.510000000000000231
2.828427124746189847	5.020000000000000462
2.509999999999999787	2.510000000000000231
2.828427124746189847	2.828427124746190291

cellcount    =            22695		maxdepth = 7
discards2    =              626
largecut     =                0		discards     =              993
smallcut     =                0		verifycount  =            19655
partialcount =                0		diff         =             1421
Verification succeeded.

Starting case 6:
	Checking  vor0.
2.000000000000000000	2.510000000000000231
2.000000000000000000	2.510000000000000231
2.000000000000000000	2.510000000000000231
2.828427124746189847	5.020000000000000462
2.828427124746189847	2.828427124746190291
2.828427124746189847	2.828427124746190291

cellcount    =            92215		maxdepth = 8
discards2    =            35137
largecut     =                0		discards     =             2240
smallcut     =                0		verifycount  =            49072
partialcount =                0		diff         =             5766
Verification succeeded.

	Checking -tau0.
2.000000000000000000	2.510000000000000231
2.000000000000000000	2.510000000000000231
2.000000000000000000	2.510000000000000231
2.828427124746189847	5.020000000000000462
2.828427124746189847	2.828427124746190291
2.828427124746189847	2.828427124746190291

cellcount    =            78391		maxdepth = 8
discards2    =            27935
largecut     =                0		discards     =             2011
smallcut     =                0		verifycount  =            43543
partialcount =                0		diff         =             4902
Verification succeeded.

All verifications succeeded.

Done.
Ending time:    	Sat Jun  6 12:33:27 1998

Elapsed time: 3285 seconds
diff = 2040.78		897.07 cells per second


