Welcome to sphere packing routines, relation testing division.
Welcome to Section A15.  
Enter cell count limit:  Enter slop:  		Slop = -1000
Starting time:  	Sat Jun  6 13:36:37 1998

Starting case 1:
	Checking  vor0.
2.000000000000000000	2.510000000000000231
2.000000000000000000	2.510000000000000231
2.000000000000000000	2.510000000000000231
2.828427124746189847	4.000000000000000000
2.000000000000000000	2.000000000000000000
2.000000000000000000	2.000000000000000000

cellcount    =           425987		maxdepth = 7
discards2    =           177026
largecut     =                0		discards     =            18246
smallcut     =                0		verifycount  =           204090
partialcount =                0		diff         =            26625
Verification succeeded.

	Checking -tau0.
2.000000000000000000	2.510000000000000231
2.000000000000000000	2.510000000000000231
2.000000000000000000	2.510000000000000231
2.828427124746189847	4.000000000000000000
2.000000000000000000	2.000000000000000000
2.000000000000000000	2.000000000000000000

cellcount    =           431011		maxdepth = 7
discards2    =           189505
largecut     =                0		discards     =            18246
smallcut     =                0		verifycount  =           196321
partialcount =                0		diff         =            26939
Verification succeeded.

Starting case 2:
	Checking  vor0.
2.000000000000000000	2.510000000000000231
2.000000000000000000	2.510000000000000231
2.000000000000000000	2.510000000000000231
2.828427124746189847	4.510000000000000675
2.000000000000000000	2.000000000000000000
2.509999999999999787	2.510000000000000231

cellcount    =           467495		maxdepth = 8
discards2    =           194209
largecut     =                0		discards     =            15856
smallcut     =                0		verifycount  =           228209
partialcount =                0		diff         =            29221
Verification succeeded.

	Checking -tau0.
2.000000000000000000	2.510000000000000231
2.000000000000000000	2.510000000000000231
2.000000000000000000	2.510000000000000231
2.828427124746189847	4.510000000000000675
2.000000000000000000	2.000000000000000000
2.509999999999999787	2.510000000000000231

cellcount    =           461303		maxdepth = 8
discards2    =           192125
largecut     =                0		discards     =            15856
smallcut     =                0		verifycount  =           224488
partialcount =                0		diff         =            28834
Verification succeeded.

Starting case 3:
	Checking  vor0.
2.000000000000000000	2.510000000000000231
2.000000000000000000	2.510000000000000231
2.000000000000000000	2.510000000000000231
2.828427124746189847	5.020000000000000462
2.509999999999999787	2.510000000000000231
2.509999999999999787	2.510000000000000231

cellcount    =            65863		maxdepth = 7
discards2    =             9239
largecut     =                0		discards     =              889
smallcut     =                0		verifycount  =            51616
partialcount =                0		diff         =             4119
Verification succeeded.

	Checking -tau0.
2.000000000000000000	2.510000000000000231
2.000000000000000000	2.510000000000000231
2.000000000000000000	2.510000000000000231
2.828427124746189847	5.020000000000000462
2.509999999999999787	2.510000000000000231
2.509999999999999787	2.510000000000000231

cellcount    =            82391		maxdepth = 7
discards2    =             5696
largecut     =                0		discards     =              906
smallcut     =                0		verifycount  =            70637
partialcount =                0		diff         =             5152
Verification succeeded.

Starting case 4:
	Checking  vor0.
2.000000000000000000	2.510000000000000231
2.000000000000000000	2.510000000000000231
2.000000000000000000	2.510000000000000231
2.828427124746189847	4.828427124746190735
2.000000000000000000	2.000000000000000000
2.828427124746189847	2.828427124746190291

cellcount    =           494183		maxdepth = 8
discards2    =           193453
largecut     =                0		discards     =            14390
smallcut     =                0		verifycount  =           255451
partialcount =                0		diff         =            30889
Verification succeeded.

	Checking -tau0.
2.000000000000000000	2.510000000000000231
2.000000000000000000	2.510000000000000231
2.000000000000000000	2.510000000000000231
2.828427124746189847	4.828427124746190735
2.000000000000000000	2.000000000000000000
2.828427124746189847	2.828427124746190291

cellcount    =           502807		maxdepth = 8
discards2    =           195251
largecut     =                0		discards     =            14391
smallcut     =                0		verifycount  =           261737
partialcount =                0		diff         =            31428
Verification succeeded.

Starting case 5:
	Checking  vor0.
2.000000000000000000	2.510000000000000231
2.000000000000000000	2.510000000000000231
2.000000000000000000	2.510000000000000231
2.828427124746189847	5.020000000000000462
2.509999999999999787	2.510000000000000231
2.828427124746189847	2.828427124746190291

cellcount    =           243591		maxdepth = 8
discards2    =            39303
largecut     =                0		discards     =             2202
smallcut     =                0		verifycount  =           186859
partialcount =                0		diff         =            15227
Verification succeeded.

	Checking -tau0.
2.000000000000000000	2.510000000000000231
2.000000000000000000	2.510000000000000231
2.000000000000000000	2.510000000000000231
2.828427124746189847	5.020000000000000462
2.509999999999999787	2.510000000000000231
2.828427124746189847	2.828427124746190291

cellcount    =           294999		maxdepth = 8
discards2    =            33485
largecut     =                0		discards     =             2320
smallcut     =                0		verifycount  =           240754
partialcount =                0		diff         =            18440
Verification succeeded.

Starting case 6:
	Checking  vor0.
2.000000000000000000	2.510000000000000231
2.000000000000000000	2.510000000000000231
2.000000000000000000	2.510000000000000231
2.828427124746189847	5.020000000000000462
2.828427124746189847	2.828427124746190291
2.828427124746189847	2.828427124746190291

cellcount    =           831303		maxdepth = 8
discards2    =           338555
largecut     =                0		discards     =             3606
smallcut     =                0		verifycount  =           437183
partialcount =                0		diff         =            51959
Verification succeeded.

	Checking -tau0.
2.000000000000000000	2.510000000000000231
2.000000000000000000	2.510000000000000231
2.000000000000000000	2.510000000000000231
2.828427124746189847	5.020000000000000462
2.828427124746189847	2.828427124746190291
2.828427124746189847	2.828427124746190291

cellcount    =          1019735		maxdepth = 8
discards2    =           616855
largecut     =                0		discards     =             3031
smallcut     =                0		verifycount  =           336113
partialcount =                0		diff         =            63736
Verification succeeded.

All verifications succeeded.

Done.
Ending time:    	Sat Jun  6 15:35:48 1998

Elapsed time: 7151 seconds
diff = -961.747		744.045 cells per second


