Welcome to sphere packing routines, relation testing division.
Welcome to Section A_19.1.  
Enter cell count limit:  Enter slop:  		Slop = 0
Starting time:  	Tue Jun 16 09:27:39 1998

Starting case 1:
const     = [-0.075000000000000011, -0.074999999999999997]
	Checking  vor0.
2.000000000000000000	2.510000000000000231
2.000000000000000000	2.510000000000000231
2.000000000000000000	2.000000000000000000
2.828427124746189847	3.200000000000000178
2.000000000000000000	2.000000000000000000
2.509999999999999787	2.828427124746190291

Cell failed:
data        = [-0.0784767503754471019	-0.0740348011520797766]
cross_diag2 = [7.99474777416890525	8.00169740041609145]
vor0_val    = [-0.110933222588113112	-0.108527738758401715]
vor0p_val   = [0.0324564722126660099	0.0344929376063219384]
delta       = [153.290367409143528	153.34579479209242]
y = 
2.000373535156250160	2.000498046875000213
2.001245117187499645	2.001369628906249698
2.000000000000000000	2.000000000000000000
3.146749688043460225	3.146840404077457798
2.000000000000000000	2.000000000000000000
2.510155481994504889	2.510310963989009991
cellcount    =          1000016		maxdepth = 15
partialpushes=             8761
largecut     =                0		discards     =           193393
smallcut     =                0		verifycount  =           689315
partialcount =            54687		diff         =            62621
Verification FAILED.

const     = [-0.235000000000000014, -0.234999999999999987]
	Checking -tau0.
2.000000000000000000	2.510000000000000231
2.000000000000000000	2.510000000000000231
2.000000000000000000	2.000000000000000000
2.828427124746189847	3.200000000000000178
2.000000000000000000	2.000000000000000000
2.509999999999999787	2.828427124746190291

Cell failed:
data        = [-0.237079506391130457	-0.234823577953943152]
cross_diag2 = [7.99851848597943516	8.00199362599283148]
vor0_val    = [-0.207299090259944974	-0.206073017779861645]
vor0p_val   = [-0.0297804161311854831	-0.0287505601740815075]
delta       = [153.245441365435227	153.273148630710466]
y = 
2.000622558593750266	2.000684814453125071
2.000684814453125071	2.000747070312500320
2.000000000000000000	2.000000000000000000
3.146477539941468393	3.146522897958467180
2.000000000000000000	2.000000000000000000
2.510310963989009991	2.510388704986262542
cellcount    =          1000009		maxdepth = 15
partialpushes=             8226
largecut     =                0		discards     =           170045
smallcut     =                0		verifycount  =           705601
partialcount =            61597		diff         =            62766
Verification FAILED.

Starting case 2:
const     = [-0.137000000000000011, -0.136999999999999983]
	Checking  vor0.
2.000000000000000000	2.510000000000000231
2.000000000000000000	2.510000000000000231
2.000000000000000000	2.000000000000000000
2.828427124746189847	3.200000000000000178
2.000000000000000000	2.000000000000000000
2.828427124746189847	3.200000000000000178

cellcount    =           475505		maxdepth = 9
partialpushes=             2232
largecut     =                0		discards     =           157131
smallcut     =                0		verifycount  =           282660
partialcount =             5840		diff         =            29874
Verification succeeded.

const     = [-0.310900000000000010, -0.310899999999999954]
	Checking -tau0.
2.000000000000000000	2.510000000000000231
2.000000000000000000	2.510000000000000231
2.000000000000000000	2.000000000000000000
2.828427124746189847	3.200000000000000178
2.000000000000000000	2.000000000000000000
2.828427124746189847	3.200000000000000178

cellcount    =           545050		maxdepth = 9
partialpushes=             2653
largecut     =                0		discards     =           181126
smallcut     =                0		verifycount  =           323016
partialcount =             6323		diff         =            34585
Verification succeeded.

(2) verifications FAILED.

Done.
Ending time:    	Tue Jun 16 09:33:45 1998

Elapsed time: 366 seconds,		diff = 361.81
3020580 cells considered,		8252.95 cells per second


