Welcome to sphere packing routines, relation testing division.
Welcome to Section A15.  
Enter cell count limit:  Enter slop:  		Slop = -100
Starting time:  	Sun Jun  7 17:26:34 1998

Starting case 1:
	Checking  vor0.
2.000000000000000000	2.510000000000000231
2.000000000000000000	2.510000000000000231
2.000000000000000000	2.510000000000000231
2.828427124746189847	4.000000000000000000
2.000000000000000000	2.000000000000000000
2.000000000000000000	2.000000000000000000

cellcount    =           687715		maxdepth = 7
discards2    =           377157
largecut     =                0		discards     =            18324
smallcut     =                0		verifycount  =           249251
partialcount =                0		diff         =            42983
Verification succeeded.

	Checking -tau0.
2.000000000000000000	2.510000000000000231
2.000000000000000000	2.510000000000000231
2.000000000000000000	2.510000000000000231
2.828427124746189847	4.000000000000000000
2.000000000000000000	2.000000000000000000
2.000000000000000000	2.000000000000000000

cellcount    =           715155		maxdepth = 7
discards2    =           377077
largecut     =                0		discards     =            18340
smallcut     =                0		verifycount  =           275040
partialcount =                0		diff         =            44698
Verification succeeded.

Starting case 2:
	Checking  vor0.
2.000000000000000000	2.510000000000000231
2.000000000000000000	2.510000000000000231
2.000000000000000000	2.510000000000000231
2.828427124746189847	4.510000000000000675
2.000000000000000000	2.000000000000000000
2.509999999999999787	2.510000000000000231

cellcount    =          1101287		maxdepth = 8
discards2    =           515011
largecut     =                0		discards     =            16338
smallcut     =                0		verifycount  =           501105
partialcount =                0		diff         =            68833
Verification succeeded.

	Checking -tau0.
2.000000000000000000	2.510000000000000231
2.000000000000000000	2.510000000000000231
2.000000000000000000	2.510000000000000231
2.828427124746189847	4.510000000000000675
2.000000000000000000	2.000000000000000000
2.509999999999999787	2.510000000000000231

cellcount    =          1240439		maxdepth = 8
discards2    =           512220
largecut     =                0		discards     =            16339
smallcut     =                0		verifycount  =           634350
partialcount =                0		diff         =            77530
Verification succeeded.

Starting case 3:
	Checking  vor0.
2.000000000000000000	2.510000000000000231
2.000000000000000000	2.510000000000000231
2.000000000000000000	2.510000000000000231
2.828427124746189847	5.020000000000000462
2.509999999999999787	2.510000000000000231
2.509999999999999787	2.510000000000000231

cellcount    =          1563015		maxdepth = 8
discards2    =           636769
largecut     =                0		discards     =             5676
smallcut     =                0		verifycount  =           822879
partialcount =                0		diff         =            97691
Verification succeeded.

	Checking -tau0.
2.000000000000000000	2.510000000000000231
2.000000000000000000	2.510000000000000231
2.000000000000000000	2.510000000000000231
2.828427124746189847	5.020000000000000462
2.509999999999999787	2.510000000000000231
2.509999999999999787	2.510000000000000231

cellcount    =          2426151		maxdepth = 9
discards2    =          1108075
largecut     =                0		discards     =             5368
smallcut     =                0		verifycount  =          1161071
partialcount =                0		diff         =           151637
Verification succeeded.

Starting case 4:
	Checking  vor0.
2.000000000000000000	2.510000000000000231
2.000000000000000000	2.510000000000000231
2.000000000000000000	2.510000000000000231
2.828427124746189847	4.828427124746190735
2.000000000000000000	2.000000000000000000
2.828427124746189847	2.828427124746190291

cellcount    =          2364311		maxdepth = 8
discards2    =          1195408
largecut     =                0		discards     =            15404
smallcut     =                0		verifycount  =          1005727
partialcount =                0		diff         =           147772
Verification succeeded.

	Checking -tau0.
2.000000000000000000	2.510000000000000231
2.000000000000000000	2.510000000000000231
2.000000000000000000	2.510000000000000231
2.828427124746189847	4.828427124746190735
2.000000000000000000	2.000000000000000000
2.828427124746189847	2.828427124746190291

cellcount    =          2864183		maxdepth = 8
discards2    =          1108029
largecut     =                0		discards     =            15459
smallcut     =                0		verifycount  =          1561681
partialcount =                0		diff         =           179014
Verification succeeded.

Starting case 5:
	Checking  vor0.
2.000000000000000000	2.510000000000000231
2.000000000000000000	2.510000000000000231
2.000000000000000000	2.510000000000000231
2.828427124746189847	5.020000000000000462
2.509999999999999787	2.510000000000000231
2.828427124746189847	2.828427124746190291

cellcount    =          6425927		maxdepth = 10
discards2    =          2781378
largecut     =                0		discards     =             5963
smallcut     =                0		verifycount  =          3236963
partialcount =                0		diff         =           401623
Verification succeeded.

	Checking -tau0.
2.000000000000000000	2.510000000000000231
2.000000000000000000	2.510000000000000231
2.000000000000000000	2.510000000000000231
2.828427124746189847	5.020000000000000462
2.509999999999999787	2.510000000000000231
2.828427124746189847	2.828427124746190291

cellcount    =          8288775		maxdepth = 9
discards2    =          3250050
largecut     =                0		discards     =             5591
smallcut     =                0		verifycount  =          4515083
partialcount =                0		diff         =           518051
Verification succeeded.

Starting case 6:
	Checking  vor0.
2.000000000000000000	2.510000000000000231
2.000000000000000000	2.510000000000000231
2.000000000000000000	2.510000000000000231
2.828427124746189847	5.020000000000000462
2.828427124746189847	2.828427124746190291
2.828427124746189847	2.828427124746190291

cellcount    =         14847239		maxdepth = 10
discards2    =          8351671
largecut     =                0		discards     =             4180
smallcut     =                0		verifycount  =          5563433
partialcount =                0		diff         =           927955
Verification succeeded.

	Checking -tau0.
2.000000000000000000	2.510000000000000231
2.000000000000000000	2.510000000000000231
2.000000000000000000	2.510000000000000231
2.828427124746189847	5.020000000000000462
2.828427124746189847	2.828427124746190291
2.828427124746189847	2.828427124746190291

cellcount    =         11547463		maxdepth = 9
discards2    =          6929073
largecut     =                0		discards     =             3288
smallcut     =                0		verifycount  =          3893383
partialcount =                0		diff         =           721719
Verification succeeded.

All verifications succeeded.

Done.
Ending time:    	Mon Jun  8 11:53:52 1998

Elapsed time: 66438 seconds
diff = 0		813.866 cells per second


