Welcome to sphere packing routines, relation testing division.
Welcome to Section A.2.8.1.  
Enter cell count limit:  Enter slop:  		Slop = -1e-06
Starting time:  	Thu Jun 25 09:17:54 1998

Case 1:
	Gma scoring:
rhs = 0.015657058480429989
2.000000000000000000	2.162599999999999856
2.000000000000000000	2.448900000000000077
2.000000000000000000	2.448900000000000077
2.000000000000000000	2.510000000000000231
2.000000000000000000	2.254900000000000126
2.000000000000000000	2.254900000000000126

cellcount    =           969535		maxdepth = 8
partialpushes=             1074
largecut     =                0		discards     =                0
smallcut     =                0		verifycount  =           953810
partialcount =               59		diff         =            15666
Verification succeeded.

		Boundary:
2.000000000000000000	2.162599999999999856
2.000000000000000000	2.448900000000000077
2.000000000000000000	2.448900000000000077
2.000000000000000000	2.510000000000000231
2.000000000000000000	2.254900000000000126
2.000000000000000000	2.254900000000000126

cellcount    =           842441		maxdepth = 5
partialpushes=                0
largecut     =                0		discards     =                0
smallcut     =           315991		verifycount  =           513282
partialcount =                0		diff         =            13168
Verification succeeded.

Case 2:
	Gma scoring:
rhs = -0.264243089268438758
2.000000000000000000	2.162599999999999856
2.000000000000000000	2.448900000000000077
2.000000000000000000	2.448900000000000077
2.000000000000000000	2.510000000000000231
2.000000000000000000	2.254900000000000126
2.000000000000000000	2.254900000000000126

cellcount    =           418997		maxdepth = 7
partialpushes=               54
largecut     =                0		discards     =                0
smallcut     =                0		verifycount  =           412419
partialcount =                1		diff         =             6577
Verification succeeded.

		Boundary:
2.000000000000000000	2.162599999999999856
2.000000000000000000	2.448900000000000077
2.000000000000000000	2.448900000000000077
2.000000000000000000	2.510000000000000231
2.000000000000000000	2.254900000000000126
2.000000000000000000	2.254900000000000126

cellcount    =           377161		maxdepth = 5
partialpushes=                0
largecut     =                0		discards     =                0
smallcut     =            16329		verifycount  =           354934
partialcount =                0		diff         =             5898
Verification succeeded.

Case 3:
	Gma scoring:
rhs = -0.264243089268438758
2.000000000000000000	2.162599999999999856
2.000000000000000000	2.448900000000000077
2.000000000000000000	2.448900000000000077
2.000000000000000000	2.510000000000000231
2.000000000000000000	2.254900000000000126
2.000000000000000000	2.254900000000000126

cellcount    =           418997		maxdepth = 7
partialpushes=               54
largecut     =                0		discards     =                0
smallcut     =                0		verifycount  =           412419
partialcount =                1		diff         =             6577
Verification succeeded.

		Boundary:
2.000000000000000000	2.162599999999999856
2.000000000000000000	2.448900000000000077
2.000000000000000000	2.448900000000000077
2.000000000000000000	2.510000000000000231
2.000000000000000000	2.254900000000000126
2.000000000000000000	2.254900000000000126

cellcount    =           377161		maxdepth = 5
partialpushes=                0
largecut     =                0		discards     =                0
smallcut     =            16329		verifycount  =           354934
partialcount =                0		diff         =             5898
Verification succeeded.

Case 4:
	Gma scoring:
rhs = -0.043013889597524814
2.000000000000000000	2.162599999999999856
2.000000000000000000	2.448900000000000077
2.000000000000000000	2.510000000000000231
2.000000000000000000	2.510000000000000231
2.000000000000000000	2.254900000000000126
2.000000000000000000	2.254900000000000126

cellcount    =           827915		maxdepth = 8
partialpushes=              438
largecut     =                0		discards     =                0
smallcut     =                0		verifycount  =           814742
partialcount =               22		diff         =            13151
Verification succeeded.

		Boundary:
2.000000000000000000	2.162599999999999856
2.000000000000000000	2.448900000000000077
2.000000000000000000	2.510000000000000231
2.000000000000000000	2.510000000000000231
2.000000000000000000	2.254900000000000126
2.000000000000000000	2.254900000000000126

cellcount    =           753225		maxdepth = 5
partialpushes=                0
largecut     =                0		discards     =                0
smallcut     =           232102		verifycount  =           509349
partialcount =                0		diff         =            11774
Verification succeeded.

Case 5:
	No scoring:
rhs = -0.877618654479475846
2.000000000000000000	2.162599999999999856
2.000000000000000000	2.510000000000000231
2.000000000000000000	2.448900000000000077
2.828427124746189847	2.828427124746189847
2.000000000000000000	2.254900000000000126
2.000000000000000000	2.254900000000000126

cellcount    =            51423		maxdepth = 11
partialpushes=            10683
largecut     =                0		discards     =                0
smallcut     =                0		verifycount  =             4350
partialcount =            41666		diff         =             5407
Verification succeeded.

Case 6:
	Gma scoring:
rhs = 0.106699055959048508
2.000000000000000000	2.162599999999999856
2.000000000000000000	2.448900000000000077
2.000000000000000000	2.448900000000000077
2.000000000000000000	2.510000000000000231
2.000000000000000000	2.254900000000000126
2.254900000000000126	2.510000000000000231

cellcount    =           743107		maxdepth = 8
partialpushes=              782
largecut     =                0		discards     =                0
smallcut     =                0		verifycount  =           731076
partialcount =               57		diff         =            11974
Verification succeeded.

		Boundary:
2.000000000000000000	2.162599999999999856
2.000000000000000000	2.448900000000000077
2.000000000000000000	2.448900000000000077
2.000000000000000000	2.510000000000000231
2.000000000000000000	2.254900000000000126
2.254900000000000126	2.510000000000000231

cellcount    =           723337		maxdepth = 5
partialpushes=                0
largecut     =                0		discards     =                0
smallcut     =           240706		verifycount  =           471324
partialcount =                0		diff         =            11307
Verification succeeded.

Case 7:
	Gma scoring:
rhs = -0.145964963946715320
2.000000000000000000	2.162599999999999856
2.000000000000000000	2.448900000000000077
2.000000000000000000	2.448900000000000077
2.000000000000000000	2.510000000000000231
2.000000000000000000	2.254900000000000126
2.000000000000000000	2.254900000000000126

cellcount    =           320586		maxdepth = 7
partialpushes=               27
largecut     =                0		discards     =                0
smallcut     =                0		verifycount  =           315559
partialcount =                1		diff         =             5026
Verification succeeded.

		Boundary:
2.000000000000000000	2.162599999999999856
2.000000000000000000	2.448900000000000077
2.000000000000000000	2.448900000000000077
2.000000000000000000	2.510000000000000231
2.000000000000000000	2.254900000000000126
2.000000000000000000	2.254900000000000126

cellcount    =           297609		maxdepth = 5
partialpushes=                0
largecut     =                0		discards     =                0
smallcut     =             3337		verifycount  =           289617
partialcount =                0		diff         =             4655
Verification succeeded.

Case 8:
	Gma scoring:
rhs = -0.145964963946715320
2.000000000000000000	2.162599999999999856
2.000000000000000000	2.448900000000000077
2.000000000000000000	2.448900000000000077
2.000000000000000000	2.510000000000000231
2.000000000000000000	2.254900000000000126
2.000000000000000000	2.254900000000000126

cellcount    =           320586		maxdepth = 7
partialpushes=               27
largecut     =                0		discards     =                0
smallcut     =                0		verifycount  =           315559
partialcount =                1		diff         =             5026
Verification succeeded.

		Boundary:
2.000000000000000000	2.162599999999999856
2.000000000000000000	2.448900000000000077
2.000000000000000000	2.448900000000000077
2.000000000000000000	2.510000000000000231
2.000000000000000000	2.254900000000000126
2.000000000000000000	2.254900000000000126

cellcount    =           297609		maxdepth = 5
partialpushes=                0
largecut     =                0		discards     =                0
smallcut     =             3337		verifycount  =           289617
partialcount =                0		diff         =             4655
Verification succeeded.

Case 9:
	Gma scoring:
rhs = 0.016035989866770836
2.000000000000000000	2.162599999999999856
2.000000000000000000	2.448900000000000077
2.000000000000000000	2.510000000000000231
2.000000000000000000	2.510000000000000231
2.000000000000000000	2.254900000000000126
2.000000000000000000	2.254900000000000126

cellcount    =           568627		maxdepth = 7
partialpushes=              140
largecut     =                0		discards     =                0
smallcut     =                0		verifycount  =           559663
partialcount =               13		diff         =             8951
Verification succeeded.

		Boundary:
2.000000000000000000	2.162599999999999856
2.000000000000000000	2.448900000000000077
2.000000000000000000	2.510000000000000231
2.000000000000000000	2.510000000000000231
2.000000000000000000	2.254900000000000126
2.000000000000000000	2.254900000000000126

cellcount    =           519753		maxdepth = 5
partialpushes=                0
largecut     =                0		discards     =                0
smallcut     =            56798		verifycount  =           454829
partialcount =                0		diff         =             8126
Verification succeeded.

Case 10:
	No scoring:
rhs = -0.660741059721096868
2.000000000000000000	2.162599999999999856
2.000000000000000000	2.510000000000000231
2.000000000000000000	2.448900000000000077
2.828427124746189847	2.828427124746189847
2.254900000000000126	2.510000000000000231
2.000000000000000000	2.254900000000000126

cellcount    =            27174		maxdepth = 9
partialpushes=             5453
largecut     =                0		discards     =                0
smallcut     =                0		verifycount  =             7633
partialcount =            16782		diff         =             2759
Verification succeeded.

Case 11:
	Gma scoring:
rhs = 0.224971969557463791
2.000000000000000000	2.162599999999999856
2.000000000000000000	2.448900000000000077
2.000000000000000000	2.448900000000000077
2.000000000000000000	2.510000000000000231
2.000000000000000000	2.254900000000000126
2.000000000000000000	2.254900000000000126

cellcount    =           961485		maxdepth = 7
partialpushes=              922
largecut     =                0		discards     =                0
smallcut     =                0		verifycount  =           945941
partialcount =               77		diff         =            15467
Verification succeeded.

		Boundary:
2.000000000000000000	2.162599999999999856
2.000000000000000000	2.448900000000000077
2.000000000000000000	2.448900000000000077
2.000000000000000000	2.510000000000000231
2.000000000000000000	2.254900000000000126
2.000000000000000000	2.254900000000000126

cellcount    =           837385		maxdepth = 5
partialpushes=                0
largecut     =                0		discards     =                0
smallcut     =           266889		verifycount  =           557407
partialcount =                0		diff         =            13089
Verification succeeded.

Case 12:
	Gma scoring:
rhs = -0.153001426443791305
2.000000000000000000	2.162599999999999856
2.000000000000000000	2.448900000000000077
2.000000000000000000	2.448900000000000077
2.000000000000000000	2.510000000000000231
2.000000000000000000	2.254900000000000126
2.000000000000000000	2.254900000000000126

cellcount    =           318633		maxdepth = 6
partialpushes=               17
largecut     =                0		discards     =                0
smallcut     =                0		verifycount  =           313640
partialcount =                1		diff         =             4992
Verification succeeded.

		Boundary:
2.000000000000000000	2.162599999999999856
2.000000000000000000	2.448900000000000077
2.000000000000000000	2.448900000000000077
2.000000000000000000	2.510000000000000231
2.000000000000000000	2.254900000000000126
2.000000000000000000	2.254900000000000126

cellcount    =           297289		maxdepth = 5
partialpushes=                0
largecut     =                0		discards     =                0
smallcut     =             3337		verifycount  =           289302
partialcount =                0		diff         =             4650
Verification succeeded.

Case 13:
	Gma scoring:
rhs = -0.153001426443791305
2.000000000000000000	2.162599999999999856
2.000000000000000000	2.448900000000000077
2.000000000000000000	2.448900000000000077
2.000000000000000000	2.510000000000000231
2.000000000000000000	2.254900000000000126
2.000000000000000000	2.254900000000000126

cellcount    =           318633		maxdepth = 6
partialpushes=               17
largecut     =                0		discards     =                0
smallcut     =                0		verifycount  =           313640
partialcount =                1		diff         =             4992
Verification succeeded.

		Boundary:
2.000000000000000000	2.162599999999999856
2.000000000000000000	2.448900000000000077
2.000000000000000000	2.448900000000000077
2.000000000000000000	2.510000000000000231
2.000000000000000000	2.254900000000000126
2.000000000000000000	2.254900000000000126

cellcount    =           297289		maxdepth = 5
partialpushes=                0
largecut     =                0		discards     =                0
smallcut     =             3337		verifycount  =           289302
partialcount =                0		diff         =             4650
Verification succeeded.

Case 14:
	Gma scoring:
rhs = 0.032756956645513660
2.000000000000000000	2.162599999999999856
2.000000000000000000	2.448900000000000077
2.000000000000000000	2.510000000000000231
2.000000000000000000	2.510000000000000231
2.254900000000000126	2.510000000000000231
2.000000000000000000	2.254900000000000126

cellcount    =           582857		maxdepth = 7
partialpushes=              235
largecut     =                0		discards     =                0
smallcut     =                0		verifycount  =           573615
partialcount =               17		diff         =             9225
Verification succeeded.

		Boundary:
2.000000000000000000	2.162599999999999856
2.000000000000000000	2.448900000000000077
2.000000000000000000	2.510000000000000231
2.000000000000000000	2.510000000000000231
2.254900000000000126	2.510000000000000231
2.000000000000000000	2.254900000000000126

cellcount    =           576073		maxdepth = 5
partialpushes=                0
largecut     =                0		discards     =                0
smallcut     =           130924		verifycount  =           436143
partialcount =                0		diff         =             9006
Verification succeeded.

Case 15:
	No scoring:
rhs = -0.821165531258059023
2.000000000000000000	2.162599999999999856
2.000000000000000000	2.510000000000000231
2.000000000000000000	2.448900000000000077
2.828427124746189847	2.828427124746189847
2.000000000000000000	2.254900000000000126
2.254900000000000126	2.510000000000000231

cellcount    =            12976		maxdepth = 7
partialpushes=             2087
largecut     =                0		discards     =                0
smallcut     =                0		verifycount  =             3306
partialcount =             7774		diff         =             1896
Verification succeeded.

All verifications succeeded.

Done.
Ending time:    	Thu Jun 25 10:26:13 1998

Elapsed time: 4099 seconds,		diff = -1103.57
13057863 cells considered,		3185.62 cells per second


