Welcome to sphere packing routines, relation testing division.
Welcome to Section A_23.1.  
Enter cell count limit:  Enter slop:  		Slop = 0
Starting time:  	Sat Jun 20 18:14:17 1998

Starting case 0:
const     = [-3.545850000000000168, -3.545849999999999724]
dih_coeff = [-2.174700000000000077, -2.174699999999999633]
	yp1 = 2.0
		y1 = 2.51
2.509999999999999787	2.510000000000000231
2.000000000000000000	2.510000000000000231
2.000000000000000000	2.510000000000000231
2.828427124746189847	3.200000000000000178
2.000000000000000000	2.510000000000000231
2.000000000000000000	2.510000000000000231

cellcount    =             5153		maxdepth = 4
partialpushes=                0
largecut     =                0		discards     =                0
smallcut     =                0		verifycount  =             4992
partialcount =                0		diff         =              161
Verification succeeded.

		y5 = 2.0
2.509999999999999787	2.828427124746190291
2.000000000000000000	2.510000000000000231
2.000000000000000000	2.510000000000000231
2.828427124746189847	3.200000000000000178
2.000000000000000000	2.000000000000000000
2.000000000000000000	2.510000000000000231

cellcount    =            12625		maxdepth = 4
partialpushes=                0
largecut     =                0		discards     =                0
smallcut     =                0		verifycount  =            12230
partialcount =                0		diff         =              395
Verification succeeded.

	yp1 = 2.51
		y1 = 2.51
2.509999999999999787	2.510000000000000231
2.000000000000000000	2.510000000000000231
2.000000000000000000	2.510000000000000231
2.828427124746189847	3.200000000000000178
2.000000000000000000	2.510000000000000231
2.000000000000000000	2.510000000000000231

cellcount    =             1217		maxdepth = 3
partialpushes=                0
largecut     =                0		discards     =                1
smallcut     =                0		verifycount  =             1178
partialcount =                0		diff         =               38
Verification succeeded.

		y5 = 2.0
2.509999999999999787	2.828427124746190291
2.000000000000000000	2.510000000000000231
2.000000000000000000	2.510000000000000231
2.828427124746189847	3.200000000000000178
2.000000000000000000	2.000000000000000000
2.000000000000000000	2.510000000000000231

cellcount    =             7441		maxdepth = 4
partialpushes=                0
largecut     =                0		discards     =               69
smallcut     =                0		verifycount  =             7139
partialcount =                0		diff         =              233
Verification succeeded.

Starting case 1:
const     = [-3.125850000000000239, -3.125849999999999795]
dih_coeff = [-1.874270000000000103, -1.874269999999999881]
	yp1 = 2.0
		y1 = 2.51
2.509999999999999787	2.510000000000000231
2.000000000000000000	2.510000000000000231
2.000000000000000000	2.510000000000000231
2.828427124746189847	3.200000000000000178
2.000000000000000000	2.510000000000000231
2.000000000000000000	2.510000000000000231

cellcount    =             7905		maxdepth = 4
partialpushes=                0
largecut     =                0		discards     =                0
smallcut     =                0		verifycount  =             7658
partialcount =                0		diff         =              247
Verification succeeded.

		y5 = 2.0
2.509999999999999787	2.828427124746190291
2.000000000000000000	2.510000000000000231
2.000000000000000000	2.510000000000000231
2.828427124746189847	3.200000000000000178
2.000000000000000000	2.000000000000000000
2.000000000000000000	2.510000000000000231

cellcount    =            17265		maxdepth = 4
partialpushes=                0
largecut     =                0		discards     =                0
smallcut     =                0		verifycount  =            16725
partialcount =                0		diff         =              540
Verification succeeded.

	yp1 = 2.51
		y1 = 2.51
2.509999999999999787	2.510000000000000231
2.000000000000000000	2.510000000000000231
2.000000000000000000	2.510000000000000231
2.828427124746189847	3.200000000000000178
2.000000000000000000	2.510000000000000231
2.000000000000000000	2.510000000000000231

cellcount    =             1857		maxdepth = 3
partialpushes=                0
largecut     =                0		discards     =                1
smallcut     =                0		verifycount  =             1798
partialcount =                0		diff         =               58
Verification succeeded.

		y5 = 2.0
2.509999999999999787	2.828427124746190291
2.000000000000000000	2.510000000000000231
2.000000000000000000	2.510000000000000231
2.828427124746189847	3.200000000000000178
2.000000000000000000	2.000000000000000000
2.000000000000000000	2.510000000000000231

cellcount    =             9489		maxdepth = 4
partialpushes=                0
largecut     =                0		discards     =              263
smallcut     =                0		verifycount  =             8929
partialcount =                0		diff         =              297
Verification succeeded.

Starting case 2:
const     = [-1.645850000000000035, -1.645849999999999813]
dih_coeff = [-0.830460000000000087, -0.830459999999999976]
	yp1 = 2.0
		y1 = 2.51
2.509999999999999787	2.510000000000000231
2.000000000000000000	2.510000000000000231
2.000000000000000000	2.510000000000000231
2.828427124746189847	3.200000000000000178
2.000000000000000000	2.510000000000000231
2.000000000000000000	2.510000000000000231

cellcount    =           128657		maxdepth = 5
partialpushes=              260
largecut     =                0		discards     =                5
smallcut     =                0		verifycount  =           124447
partialcount =               58		diff         =             4147
Verification succeeded.

		y5 = 2.0
2.509999999999999787	2.828427124746190291
2.000000000000000000	2.510000000000000231
2.000000000000000000	2.510000000000000231
2.828427124746189847	3.200000000000000178
2.000000000000000000	2.000000000000000000
2.000000000000000000	2.510000000000000231

cellcount    =            69137		maxdepth = 5
partialpushes=               33
largecut     =                0		discards     =              862
smallcut     =                0		verifycount  =            66089
partialcount =                9		diff         =             2177
Verification succeeded.

	yp1 = 2.51
		y1 = 2.51
2.509999999999999787	2.510000000000000231
2.000000000000000000	2.510000000000000231
2.000000000000000000	2.510000000000000231
2.828427124746189847	3.200000000000000178
2.000000000000000000	2.510000000000000231
2.000000000000000000	2.510000000000000231

cellcount    =            18049		maxdepth = 4
partialpushes=                0
largecut     =                0		discards     =              487
smallcut     =                0		verifycount  =            16998
partialcount =                0		diff         =              564
Verification succeeded.

		y5 = 2.0
2.509999999999999787	2.828427124746190291
2.000000000000000000	2.510000000000000231
2.000000000000000000	2.510000000000000231
2.828427124746189847	3.200000000000000178
2.000000000000000000	2.000000000000000000
2.000000000000000000	2.510000000000000231

cellcount    =            25169		maxdepth = 4
partialpushes=                0
largecut     =                0		discards     =              828
smallcut     =                0		verifycount  =            23554
partialcount =                0		diff         =              787
Verification succeeded.

Starting case 3:
const     = [-1.125850000000000017, -1.125849999999999795]
dih_coeff = [-0.482630000000000003, -0.482629999999999948]
	yp1 = 2.0
		y1 = 2.51
2.509999999999999787	2.510000000000000231
2.000000000000000000	2.510000000000000231
2.000000000000000000	2.510000000000000231
2.828427124746189847	3.200000000000000178
2.000000000000000000	2.510000000000000231
2.000000000000000000	2.510000000000000231

cellcount    =           725013		maxdepth = 6
partialpushes=            11643
largecut     =                0		discards     =             1919
smallcut     =                0		verifycount  =           677512
partialcount =            17158		diff         =            28424
Verification succeeded.

		y5 = 2.0
2.509999999999999787	2.828427124746190291
2.000000000000000000	2.510000000000000231
2.000000000000000000	2.510000000000000231
2.828427124746189847	3.200000000000000178
2.000000000000000000	2.000000000000000000
2.000000000000000000	2.510000000000000231

cellcount    =           511421		maxdepth = 6
partialpushes=             4677
largecut     =                0		discards     =            42744
smallcut     =                0		verifycount  =           444027
partialcount =             6377		diff         =            18273
Verification succeeded.

	yp1 = 2.51
		y1 = 2.51
2.509999999999999787	2.510000000000000231
2.000000000000000000	2.510000000000000231
2.000000000000000000	2.510000000000000231
2.828427124746189847	3.200000000000000178
2.000000000000000000	2.510000000000000231
2.000000000000000000	2.510000000000000231

cellcount    =           110561		maxdepth = 5
partialpushes=                0
largecut     =                0		discards     =            15127
smallcut     =                0		verifycount  =            91979
partialcount =                0		diff         =             3455
Verification succeeded.

		y5 = 2.0
2.509999999999999787	2.828427124746190291
2.000000000000000000	2.510000000000000231
2.000000000000000000	2.510000000000000231
2.828427124746189847	3.200000000000000178
2.000000000000000000	2.000000000000000000
2.000000000000000000	2.510000000000000231

cellcount    =            79521		maxdepth = 5
partialpushes=                1
largecut     =                0		discards     =            18477
smallcut     =                0		verifycount  =            58558
partialcount =                0		diff         =             2486
Verification succeeded.

Starting case 4:
const     = [-0.895850000000000035, -0.895849999999999924]
dih_coeff = [-0.348330000000000028, -0.348329999999999973]
	yp1 = 2.0
		y1 = 2.51
2.509999999999999787	2.510000000000000231
2.000000000000000000	2.510000000000000231
2.000000000000000000	2.510000000000000231
2.828427124746189847	3.200000000000000178
2.000000000000000000	2.510000000000000231
2.000000000000000000	2.510000000000000231

cellcount    =          1522569		maxdepth = 6
partialpushes=            13984
largecut     =                0		discards     =            50473
smallcut     =                0		verifycount  =          1376431
partialcount =            37670		diff         =            57995
Verification succeeded.

		y5 = 2.0
2.509999999999999787	2.828427124746190291
2.000000000000000000	2.510000000000000231
2.000000000000000000	2.510000000000000231
2.828427124746189847	3.200000000000000178
2.000000000000000000	2.000000000000000000
2.000000000000000000	2.510000000000000231

cellcount    =          2334235		maxdepth = 7
partialpushes=            14853
largecut     =                0		discards     =           360890
smallcut     =                0		verifycount  =          1847599
partialcount =            43355		diff         =            82391
Verification succeeded.

	yp1 = 2.51
		y1 = 2.51
2.509999999999999787	2.510000000000000231
2.000000000000000000	2.510000000000000231
2.000000000000000000	2.510000000000000231
2.828427124746189847	3.200000000000000178
2.000000000000000000	2.510000000000000231
2.000000000000000000	2.510000000000000231

cellcount    =           169745		maxdepth = 5
partialpushes=              143
largecut     =                0		discards     =            37193
smallcut     =                0		verifycount  =           127138
partialcount =               38		diff         =             5376
Verification succeeded.

		y5 = 2.0
2.509999999999999787	2.828427124746190291
2.000000000000000000	2.510000000000000231
2.000000000000000000	2.510000000000000231
2.828427124746189847	3.200000000000000178
2.000000000000000000	2.000000000000000000
2.000000000000000000	2.510000000000000231

cellcount    =           169505		maxdepth = 5
partialpushes=                7
largecut     =                0		discards     =            52558
smallcut     =                0		verifycount  =           111645
partialcount =                1		diff         =             5301
Verification succeeded.

Starting case 5:
const     = [-0.565850000000000075, -0.565849999999999964]
dih_coeff = [-0.169400000000000023, -0.169399999999999995]
	yp1 = 2.0
		y1 = 2.51
2.509999999999999787	2.510000000000000231
2.000000000000000000	2.510000000000000231
2.000000000000000000	2.510000000000000231
2.828427124746189847	3.200000000000000178
2.000000000000000000	2.510000000000000231
2.000000000000000000	2.510000000000000231

cellcount    =          6667861		maxdepth = 7
partialpushes=          1102304
largecut     =                0		discards     =           753715
smallcut     =                0		verifycount  =          4633715
partialcount =          1060496		diff         =           219935
Verification succeeded.

		y5 = 2.0
2.509999999999999787	2.828427124746190291
2.000000000000000000	2.510000000000000231
2.000000000000000000	2.510000000000000231
2.828427124746189847	3.200000000000000178
2.000000000000000000	2.000000000000000000
2.000000000000000000	2.510000000000000231

cellcount    =         88789121		maxdepth = 9
partialpushes=          1947371
largecut     =                0		discards     =         26023796
smallcut     =                0		verifycount  =         40497444
partialcount =         19259462		diff         =          3008419
Verification succeeded.

	yp1 = 2.51
		y1 = 2.51
2.509999999999999787	2.510000000000000231
2.000000000000000000	2.510000000000000231
2.000000000000000000	2.510000000000000231
2.828427124746189847	3.200000000000000178
2.000000000000000000	2.510000000000000231
2.000000000000000000	2.510000000000000231

cellcount    =           331649		maxdepth = 5
partialpushes=              156
largecut     =                0		discards     =            89317
smallcut     =                0		verifycount  =           231360
partialcount =              608		diff         =            10364
Verification succeeded.

		y5 = 2.0
2.509999999999999787	2.828427124746190291
2.000000000000000000	2.510000000000000231
2.000000000000000000	2.510000000000000231
2.828427124746189847	3.200000000000000178
2.000000000000000000	2.000000000000000000
2.000000000000000000	2.510000000000000231

cellcount    =           534209		maxdepth = 6
partialpushes=              611
largecut     =                0		discards     =           232259
smallcut     =                0		verifycount  =           284903
partialcount =               76		diff         =            16971
Verification succeeded.

Starting case 6:
const     = [-0.354450000000000043, -0.354449999999999987]
dih_coeff = [-0.082200000000000009, -0.082199999999999995]
	yp1 = 2.0
		y1 = 2.51
2.509999999999999787	2.510000000000000231
2.000000000000000000	2.510000000000000231
2.000000000000000000	2.510000000000000231
2.828427124746189847	3.200000000000000178
2.000000000000000000	2.510000000000000231
2.000000000000000000	2.510000000000000231

cellcount    =          1149647		maxdepth = 7
partialpushes=           289703
largecut     =                0		discards     =           108040
smallcut     =                0		verifycount  =           778183
partialcount =           226688		diff         =            36736
Verification succeeded.

		y5 = 2.0
2.509999999999999787	2.828427124746190291
2.000000000000000000	2.510000000000000231
2.000000000000000000	2.510000000000000231
2.828427124746189847	3.200000000000000178
2.000000000000000000	2.000000000000000000
2.000000000000000000	2.510000000000000231

cellcount    =         13686675		maxdepth = 7
partialpushes=           472169
largecut     =                0		discards     =          4640082
smallcut     =                0		verifycount  =          3595705
partialcount =          5011440		diff         =           439448
Verification succeeded.

	yp1 = 2.51
		y1 = 2.51
2.509999999999999787	2.510000000000000231
2.000000000000000000	2.510000000000000231
2.000000000000000000	2.510000000000000231
2.828427124746189847	3.200000000000000178
2.000000000000000000	2.510000000000000231
2.000000000000000000	2.510000000000000231

cellcount    =           131041		maxdepth = 5
partialpushes=              440
largecut     =                0		discards     =            41965
smallcut     =                0		verifycount  =            84421
partialcount =              560		diff         =             4095
Verification succeeded.

		y5 = 2.0
2.509999999999999787	2.828427124746190291
2.000000000000000000	2.510000000000000231
2.000000000000000000	2.510000000000000231
2.828427124746189847	3.200000000000000178
2.000000000000000000	2.000000000000000000
2.000000000000000000	2.510000000000000231

cellcount    =           317633		maxdepth = 6
partialpushes=               88
largecut     =                0		discards     =           166791
smallcut     =                0		verifycount  =           140863
partialcount =               21		diff         =             9958
Verification succeeded.

All verifications succeeded.

Done.
Ending time:    	Sun Jun 21 00:35:55 1998

Elapsed time: 22898 seconds,		diff = 1285.25
117534370 cells considered,		5132.95 cells per second


