Welcome to sphere packing routines, relation testing division.
Welcome to Section A.2.8.5.  
Enter cell count limit:  Enter slop:  		Slop = -1e-06
Starting time:  	Mon Jul  6 17:57:39 1998

Case 1:
	Gma scoring:
rhs = -0.569232703775268800
2.000000000000000000	2.245000000000000107
2.000000000000000000	2.254999999999999893
2.000000000000000000	2.176677828205085152
2.000000000000000000	2.510000000000000231
2.000000000000000000	2.510000000000000231
2.000000000000000000	2.401600000000000179

cellcount    =           416713		maxdepth = 5
partialpushes=                0
largecut     =                0		discards     =                0
smallcut     =                0		verifycount  =           410197
partialcount =                0		diff         =             6516
Verification succeeded.

		Boundary:
2.000000000000000000	2.245000000000000107
2.000000000000000000	2.254999999999999893
2.000000000000000000	2.176677828205085152
2.000000000000000000	2.510000000000000231
2.000000000000000000	2.510000000000000231
2.000000000000000000	2.401600000000000179

cellcount    =           391881		maxdepth = 5
partialpushes=                0
largecut     =                0		discards     =                0
smallcut     =            43601		verifycount  =           342152
partialcount =                0		diff         =             6128
Verification succeeded.

Case 2:
	Gma scoring:
rhs = -0.448526767034697960
2.000000000000000000	2.245000000000000107
2.000000000000000000	2.176677828205085152
2.000000000000000000	2.176677828205085152
2.000000000000000000	2.510000000000000231
2.000000000000000000	2.401600000000000179
2.000000000000000000	2.510000000000000231

cellcount    =           402889		maxdepth = 5
partialpushes=                0
largecut     =                0		discards     =                0
smallcut     =                0		verifycount  =           396587
partialcount =                0		diff         =             6302
Verification succeeded.

		Boundary:
2.000000000000000000	2.245000000000000107
2.000000000000000000	2.176677828205085152
2.000000000000000000	2.176677828205085152
2.000000000000000000	2.510000000000000231
2.000000000000000000	2.401600000000000179
2.000000000000000000	2.510000000000000231

cellcount    =           393225		maxdepth = 5
partialpushes=                0
largecut     =                0		discards     =                0
smallcut     =           156043		verifycount  =           231031
partialcount =                0		diff         =             6151
Verification succeeded.

Case 3:
	Gma scoring:
rhs = -0.629145337953229467
2.000000000000000000	2.245000000000000107
2.000000000000000000	2.176677828205085152
2.000000000000000000	2.176677828205085152
2.000000000000000000	2.510000000000000231
2.000000000000000000	2.401600000000000179
2.000000000000000000	2.401600000000000179

cellcount    =           224585		maxdepth = 5
partialpushes=                0
largecut     =                0		discards     =                0
smallcut     =                0		verifycount  =           221069
partialcount =                0		diff         =             3516
Verification succeeded.

		Boundary:
2.000000000000000000	2.245000000000000107
2.000000000000000000	2.176677828205085152
2.000000000000000000	2.176677828205085152
2.000000000000000000	2.510000000000000231
2.000000000000000000	2.401600000000000179
2.000000000000000000	2.401600000000000179

cellcount    =           207113		maxdepth = 5
partialpushes=                0
largecut     =                0		discards     =                0
smallcut     =            21927		verifycount  =           181943
partialcount =                0		diff         =             3243
Verification succeeded.

Case 4:
	Gma scoring:
rhs = -0.525342595738336526
2.000000000000000000	2.245000000000000107
2.000000000000000000	2.176677828205085152
2.000000000000000000	2.254999999999999893
2.000000000000000000	2.510000000000000231
2.000000000000000000	2.510000000000000231
2.000000000000000000	2.401600000000000179

cellcount    =           472329		maxdepth = 5
partialpushes=                0
largecut     =                0		discards     =                0
smallcut     =                0		verifycount  =           464944
partialcount =                0		diff         =             7385
Verification succeeded.

		Boundary:
2.000000000000000000	2.245000000000000107
2.000000000000000000	2.176677828205085152
2.000000000000000000	2.254999999999999893
2.000000000000000000	2.510000000000000231
2.000000000000000000	2.510000000000000231
2.000000000000000000	2.401600000000000179

cellcount    =           444297		maxdepth = 5
partialpushes=                0
largecut     =                0		discards     =                0
smallcut     =            76909		verifycount  =           360441
partialcount =                0		diff         =             6947
Verification succeeded.

Case 5:
	Vor scoring:
rhs = -0.853067443417335758
2.000000000000000000	2.245000000000000107
2.000000000000000000	2.254999999999999893
2.000000000000000000	2.254999999999999893
2.699999999999999734	2.828427124746190291
2.000000000000000000	2.401600000000000179
2.000000000000000000	2.510000000000000231

cellcount    =         39869659		maxdepth = 9
partialpushes=          1465984
largecut     =                0		discards     =                0
smallcut     =                0		verifycount  =         32837570
partialcount =          5068739		diff         =          1963350
Verification succeeded.

Case 6:
	Gma scoring:
rhs = -0.600975784667708957
2.000000000000000000	2.245000000000000107
2.000000000000000000	2.254999999999999893
2.000000000000000000	2.176677828205085152
2.000000000000000000	2.510000000000000231
2.000000000000000000	2.510000000000000231
2.000000000000000000	2.401600000000000179

cellcount    =           649477		maxdepth = 7
partialpushes=              237
largecut     =                0		discards     =                0
smallcut     =                0		verifycount  =           639206
partialcount =                0		diff         =            10271
Verification succeeded.

		Boundary:
2.000000000000000000	2.245000000000000107
2.000000000000000000	2.254999999999999893
2.000000000000000000	2.176677828205085152
2.000000000000000000	2.510000000000000231
2.000000000000000000	2.510000000000000231
2.000000000000000000	2.401600000000000179

cellcount    =           585161		maxdepth = 5
partialpushes=                0
largecut     =                0		discards     =                0
smallcut     =           185363		verifycount  =           390650
partialcount =                0		diff         =             9148
Verification succeeded.

Case 7:
	Gma scoring:
rhs = -0.374685627159413281
2.000000000000000000	2.245000000000000107
2.000000000000000000	2.176677828205085152
2.000000000000000000	2.176677828205085152
2.000000000000000000	2.510000000000000231
2.000000000000000000	2.401600000000000179
2.000000000000000000	2.510000000000000231

cellcount    =           831157		maxdepth = 8
partialpushes=             2580
largecut     =                0		discards     =                0
smallcut     =                0		verifycount  =           816800
partialcount =               36		diff         =            14321
Verification succeeded.

		Boundary:
2.000000000000000000	2.245000000000000107
2.000000000000000000	2.176677828205085152
2.000000000000000000	2.176677828205085152
2.000000000000000000	2.510000000000000231
2.000000000000000000	2.401600000000000179
2.000000000000000000	2.510000000000000231

cellcount    =           738825		maxdepth = 5
partialpushes=                0
largecut     =                0		discards     =                0
smallcut     =           469449		verifycount  =           257825
partialcount =                0		diff         =            11551
Verification succeeded.

Case 8:
	Gma scoring:
rhs = -0.997705607060008659
2.000000000000000000	2.245000000000000107
2.000000000000000000	2.176677828205085152
2.000000000000000000	2.176677828205085152
2.000000000000000000	2.510000000000000231
2.000000000000000000	2.401600000000000179
2.000000000000000000	2.401600000000000179

cellcount    =           243849		maxdepth = 7
partialpushes=               71
largecut     =                0		discards     =                0
smallcut     =                0		verifycount  =           239997
partialcount =                0		diff         =             3852
Verification succeeded.

		Boundary:
2.000000000000000000	2.245000000000000107
2.000000000000000000	2.176677828205085152
2.000000000000000000	2.176677828205085152
2.000000000000000000	2.510000000000000231
2.000000000000000000	2.401600000000000179
2.000000000000000000	2.401600000000000179

cellcount    =           215177		maxdepth = 5
partialpushes=                0
largecut     =                0		discards     =                0
smallcut     =            31271		verifycount  =           180537
partialcount =                0		diff         =             3369
Verification succeeded.

Case 9:
	Gma scoring:
rhs = 0.207307299358030411
2.000000000000000000	2.245000000000000107
2.000000000000000000	2.176677828205085152
2.254999999999999893	2.510000000000000231
2.000000000000000000	2.510000000000000231
2.000000000000000000	2.510000000000000231
2.000000000000000000	2.401600000000000179

cellcount    =           488151		maxdepth = 8
partialpushes=              793
largecut     =                0		discards     =                0
smallcut     =                0		verifycount  =           480110
partialcount =               74		diff         =             7967
Verification succeeded.

		Boundary:
2.000000000000000000	2.245000000000000107
2.000000000000000000	2.176677828205085152
2.254999999999999893	2.510000000000000231
2.000000000000000000	2.510000000000000231
2.000000000000000000	2.510000000000000231
2.000000000000000000	2.401600000000000179

cellcount    =           477129		maxdepth = 6
partialpushes=                0
largecut     =                0		discards     =                0
smallcut     =           114839		verifycount  =           354830
partialcount =                0		diff         =             7460
Verification succeeded.

Case 10:
	Vor scoring:
rhs = -0.999480694160540639
2.000000000000000000	2.245000000000000107
2.254999999999999893	2.510000000000000231
2.000000000000000000	2.254999999999999893
2.699999999999999734	2.828427124746190291
2.000000000000000000	2.401600000000000179
2.000000000000000000	2.510000000000000231

cellcount    =         14464847		maxdepth = 14
partialpushes=          1095206
largecut     =                0		discards     =                0
smallcut     =                0		verifycount  =          9177060
partialcount =          4677529		diff         =           610258
Verification succeeded.

Case 11:
	Gma scoring:
rhs = 0.083172464435657248
2.000000000000000000	2.245000000000000107
2.254999999999999893	2.510000000000000231
2.000000000000000000	2.176677828205085152
2.000000000000000000	2.510000000000000231
2.000000000000000000	2.510000000000000231
2.000000000000000000	2.401600000000000179

cellcount    =           467033		maxdepth = 6
partialpushes=              378
largecut     =                0		discards     =                0
smallcut     =                0		verifycount  =           459585
partialcount =                4		diff         =             7444
Verification succeeded.

		Boundary:
2.000000000000000000	2.245000000000000107
2.254999999999999893	2.510000000000000231
2.000000000000000000	2.176677828205085152
2.000000000000000000	2.510000000000000231
2.000000000000000000	2.510000000000000231
2.000000000000000000	2.401600000000000179

cellcount    =           463945		maxdepth = 5
partialpushes=                0
largecut     =                0		discards     =                0
smallcut     =           129791		verifycount  =           326900
partialcount =                0		diff         =             7254
Verification succeeded.

Case 12:
	Gma scoring:
rhs = -0.993471369372062929
2.000000000000000000	2.245000000000000107
2.000000000000000000	2.176677828205085152
2.000000000000000000	2.176677828205085152
2.000000000000000000	2.510000000000000231
2.000000000000000000	2.401600000000000179
2.000000000000000000	2.510000000000000231

cellcount    =            65169		maxdepth = 6
partialpushes=                3
largecut     =                0		discards     =                0
smallcut     =                0		verifycount  =            64143
partialcount =                0		diff         =             1026
Verification succeeded.

		Boundary:
2.000000000000000000	2.245000000000000107
2.000000000000000000	2.176677828205085152
2.000000000000000000	2.176677828205085152
2.000000000000000000	2.510000000000000231
2.000000000000000000	2.401600000000000179
2.000000000000000000	2.510000000000000231

cellcount    =            62665		maxdepth = 4
partialpushes=                0
largecut     =                0		discards     =                0
smallcut     =              225		verifycount  =            61454
partialcount =                0		diff         =              986
Verification succeeded.

Case 13:
	Gma scoring:
rhs = 0.348461739419081429
2.000000000000000000	2.245000000000000107
2.000000000000000000	2.176677828205085152
2.000000000000000000	2.176677828205085152
2.000000000000000000	2.510000000000000231
2.000000000000000000	2.401600000000000179
2.000000000000000000	2.401600000000000179

cellcount    =          1051401		maxdepth = 6
partialpushes=              854
largecut     =                0		discards     =                0
smallcut     =                0		verifycount  =          1034607
partialcount =                4		diff         =            16790
Verification succeeded.

		Boundary:
2.000000000000000000	2.245000000000000107
2.000000000000000000	2.176677828205085152
2.000000000000000000	2.176677828205085152
2.000000000000000000	2.510000000000000231
2.000000000000000000	2.401600000000000179
2.000000000000000000	2.401600000000000179

cellcount    =           994441		maxdepth = 5
partialpushes=                0
largecut     =                0		discards     =                0
smallcut     =           560467		verifycount  =           418429
partialcount =                0		diff         =            15545
Verification succeeded.

Case 14:
	Gma scoring:
rhs = -0.337476281187230498
2.000000000000000000	2.245000000000000107
2.000000000000000000	2.176677828205085152
2.254999999999999893	2.510000000000000231
2.000000000000000000	2.510000000000000231
2.000000000000000000	2.510000000000000231
2.000000000000000000	2.401600000000000179

cellcount    =           188929		maxdepth = 6
partialpushes=              213
largecut     =                0		discards     =                0
smallcut     =                0		verifycount  =           185910
partialcount =                0		diff         =             3019
Verification succeeded.

		Boundary:
2.000000000000000000	2.245000000000000107
2.000000000000000000	2.176677828205085152
2.254999999999999893	2.510000000000000231
2.000000000000000000	2.510000000000000231
2.000000000000000000	2.510000000000000231
2.000000000000000000	2.401600000000000179

cellcount    =           188361		maxdepth = 5
partialpushes=                0
largecut     =                0		discards     =                0
smallcut     =            46976		verifycount  =           138437
partialcount =                0		diff         =             2948
Verification succeeded.

Case 15:
	Vor scoring:
rhs = 0.247732499656411448
2.000000000000000000	2.245000000000000107
2.254999999999999893	2.510000000000000231
2.254999999999999893	2.510000000000000231
2.699999999999999734	2.828427124746190291
2.000000000000000000	2.401600000000000179
2.000000000000000000	2.510000000000000231

cellcount    =         26337370		maxdepth = 8
partialpushes=          1555470
largecut     =                0		discards     =                0
smallcut     =                0		verifycount  =         23856001
partialcount =          1866037		diff         =           615332
Verification succeeded.

Case 16:
	Gma scoring:
rhs = -0.146836963078250976
2.000000000000000000	2.245000000000000107
2.000000000000000000	2.510000000000000231
2.000000000000000000	2.176677828205085152
2.000000000000000000	2.510000000000000231
2.000000000000000000	2.510000000000000231
2.000000000000000000	2.401600000000000179

cellcount    =          1361573		maxdepth = 7
partialpushes=              423
largecut     =                0		discards     =                0
smallcut     =                0		verifycount  =          1340073
partialcount =               13		diff         =            21487
Verification succeeded.

		Boundary:
2.000000000000000000	2.245000000000000107
2.000000000000000000	2.510000000000000231
2.000000000000000000	2.176677828205085152
2.000000000000000000	2.510000000000000231
2.000000000000000000	2.510000000000000231
2.000000000000000000	2.401600000000000179

cellcount    =          1284497		maxdepth = 6
partialpushes=                0
largecut     =                0		discards     =                0
smallcut     =           328538		verifycount  =           935880
partialcount =                0		diff         =            20079
Verification succeeded.

Case 17:
	Gma scoring:
rhs = -0.327360664292939252
2.000000000000000000	2.245000000000000107
2.000000000000000000	2.176677828205085152
2.000000000000000000	2.176677828205085152
2.000000000000000000	2.510000000000000231
2.000000000000000000	2.401600000000000179
2.000000000000000000	2.510000000000000231

cellcount    =           444101		maxdepth = 7
partialpushes=              820
largecut     =                0		discards     =                0
smallcut     =                0		verifycount  =           436728
partialcount =               49		diff         =             7324
Verification succeeded.

		Boundary:
2.000000000000000000	2.245000000000000107
2.000000000000000000	2.176677828205085152
2.000000000000000000	2.176677828205085152
2.000000000000000000	2.510000000000000231
2.000000000000000000	2.401600000000000179
2.000000000000000000	2.510000000000000231

cellcount    =           409353		maxdepth = 5
partialpushes=                0
largecut     =                0		discards     =                0
smallcut     =           162337		verifycount  =           240613
partialcount =                0		diff         =             6403
Verification succeeded.

Case 18:
	Gma scoring:
rhs = -0.504806306787758952
2.000000000000000000	2.245000000000000107
2.000000000000000000	2.176677828205085152
2.176677828205085152	2.510000000000000231
2.000000000000000000	2.510000000000000231
2.000000000000000000	2.401600000000000179
2.000000000000000000	2.401600000000000179

cellcount    =           377173		maxdepth = 7
partialpushes=              564
largecut     =                0		discards     =                0
smallcut     =                0		verifycount  =           371000
partialcount =               33		diff         =             6140
Verification succeeded.

		Boundary:
2.000000000000000000	2.245000000000000107
2.000000000000000000	2.176677828205085152
2.176677828205085152	2.510000000000000231
2.000000000000000000	2.510000000000000231
2.000000000000000000	2.401600000000000179
2.000000000000000000	2.401600000000000179

cellcount    =           366089		maxdepth = 5
partialpushes=                0
largecut     =                0		discards     =                0
smallcut     =           101313		verifycount  =           259051
partialcount =                0		diff         =             5725
Verification succeeded.

Case 19:
	Gma scoring:
rhs = -0.169464958932569965
2.000000000000000000	2.245000000000000107
2.176677828205085152	2.510000000000000231
2.000000000000000000	2.510000000000000231
2.000000000000000000	2.510000000000000231
2.000000000000000000	2.510000000000000231
2.000000000000000000	2.401600000000000179

cellcount    =          1213301		maxdepth = 7
partialpushes=              308
largecut     =                0		discards     =                0
smallcut     =                0		verifycount  =          1194204
partialcount =               11		diff         =            19086
Verification succeeded.

		Boundary:
2.000000000000000000	2.245000000000000107
2.176677828205085152	2.510000000000000231
2.000000000000000000	2.510000000000000231
2.000000000000000000	2.510000000000000231
2.000000000000000000	2.510000000000000231
2.000000000000000000	2.401600000000000179

cellcount    =          1207121		maxdepth = 5
partialpushes=                0
largecut     =                0		discards     =                0
smallcut     =           229982		verifycount  =           958277
partialcount =                0		diff         =            18862
Verification succeeded.

Case 20:
	Vor scoring:
rhs = -0.526702144518572446
2.000000000000000000	2.245000000000000107
2.000000000000000000	2.510000000000000231
2.000000000000000000	2.510000000000000231
2.699999999999999734	2.828427124746190291
2.000000000000000000	2.401600000000000179
2.000000000000000000	2.510000000000000231

cellcount    =          7768728		maxdepth = 14
partialpushes=           301036
largecut     =                0		discards     =                0
smallcut     =                0		verifycount  =          6584551
partialcount =           944388		diff         =           239789
Verification succeeded.

Case 21:
	Gma scoring:
rhs = -0.286481217208544581
2.000000000000000000	2.245000000000000107
2.000000000000000000	2.510000000000000231
2.000000000000000000	2.176677828205085152
2.000000000000000000	2.510000000000000231
2.000000000000000000	2.510000000000000231
2.000000000000000000	2.401600000000000179

cellcount    =          1263757		maxdepth = 7
partialpushes=              467
largecut     =                0		discards     =                0
smallcut     =                0		verifycount  =          1243784
partialcount =               13		diff         =            19960
Verification succeeded.

		Boundary:
2.000000000000000000	2.245000000000000107
2.000000000000000000	2.510000000000000231
2.000000000000000000	2.176677828205085152
2.000000000000000000	2.510000000000000231
2.000000000000000000	2.510000000000000231
2.000000000000000000	2.401600000000000179

cellcount    =          1197777		maxdepth = 6
partialpushes=                0
largecut     =                0		discards     =                0
smallcut     =           279750		verifycount  =           899303
partialcount =                0		diff         =            18724
Verification succeeded.

Case 22:
	Gma scoring:
rhs = 0.092636527207735450
2.000000000000000000	2.245000000000000107
2.000000000000000000	2.176677828205085152
2.176677828205085152	2.510000000000000231
2.000000000000000000	2.510000000000000231
2.000000000000000000	2.401600000000000179
2.000000000000000000	2.510000000000000231

cellcount    =          1337891		maxdepth = 8
partialpushes=             3974
largecut     =                0		discards     =                0
smallcut     =                0		verifycount  =          1314847
partialcount =              247		diff         =            22797
Verification succeeded.

		Boundary:
2.000000000000000000	2.245000000000000107
2.000000000000000000	2.176677828205085152
2.176677828205085152	2.510000000000000231
2.000000000000000000	2.510000000000000231
2.000000000000000000	2.401600000000000179
2.000000000000000000	2.510000000000000231

cellcount    =          1237321		maxdepth = 6
partialpushes=                0
largecut     =                0		discards     =                0
smallcut     =           661973		verifycount  =           556010
partialcount =                0		diff         =            19338
Verification succeeded.

Case 23:
	Gma scoring:
rhs = -0.839033448681023586
2.000000000000000000	2.245000000000000107
2.176677828205085152	2.510000000000000231
2.000000000000000000	2.176677828205085152
2.000000000000000000	2.510000000000000231
2.000000000000000000	2.401600000000000179
2.000000000000000000	2.401600000000000179

cellcount    =           228029		maxdepth = 7
partialpushes=               72
largecut     =                0		discards     =                0
smallcut     =                0		verifycount  =           224428
partialcount =                2		diff         =             3599
Verification succeeded.

		Boundary:
2.000000000000000000	2.245000000000000107
2.176677828205085152	2.510000000000000231
2.000000000000000000	2.176677828205085152
2.000000000000000000	2.510000000000000231
2.000000000000000000	2.401600000000000179
2.000000000000000000	2.401600000000000179

cellcount    =           226505		maxdepth = 5
partialpushes=                0
largecut     =                0		discards     =                0
smallcut     =            30849		verifycount  =           192112
partialcount =                0		diff         =             3544
Verification succeeded.

Case 24:
	Gma scoring:
rhs = 0.154683219591659954
2.000000000000000000	2.245000000000000107
2.000000000000000000	2.176677828205085152
2.000000000000000000	2.510000000000000231
2.000000000000000000	2.510000000000000231
2.000000000000000000	2.510000000000000231
2.000000000000000000	2.401600000000000179

cellcount    =          2544895		maxdepth = 8
partialpushes=             3495
largecut     =                0		discards     =                0
smallcut     =                0		verifycount  =          2503154
partialcount =              194		diff         =            41547
Verification succeeded.

		Boundary:
2.000000000000000000	2.245000000000000107
2.000000000000000000	2.176677828205085152
2.000000000000000000	2.510000000000000231
2.000000000000000000	2.510000000000000231
2.000000000000000000	2.510000000000000231
2.000000000000000000	2.401600000000000179

cellcount    =          2351825		maxdepth = 6
partialpushes=                0
largecut     =                0		discards     =                0
smallcut     =          1191803		verifycount  =          1123266
partialcount =                0		diff         =            36756
Verification succeeded.

Case 25:
	Vor scoring:
rhs = -0.796976118519929222
2.000000000000000000	2.245000000000000107
2.000000000000000000	2.510000000000000231
2.000000000000000000	2.510000000000000231
2.699999999999999734	2.828427124746190291
2.000000000000000000	2.401600000000000179
2.000000000000000000	2.510000000000000231

cellcount    =          4437090		maxdepth = 8
partialpushes=           118928
largecut     =                0		discards     =                0
smallcut     =                0		verifycount  =          3906058
partialcount =           419580		diff         =           111452
Verification succeeded.

Case 26:
	Gma scoring:
rhs = -0.171163147146223216
2.000000000000000000	2.245000000000000107
2.000000000000000000	2.510000000000000231
2.000000000000000000	2.176677828205085152
2.000000000000000000	2.510000000000000231
2.000000000000000000	2.510000000000000231
2.000000000000000000	2.401600000000000179

cellcount    =           821089		maxdepth = 6
partialpushes=               14
largecut     =                0		discards     =                0
smallcut     =                0		verifycount  =           808244
partialcount =                0		diff         =            12845
Verification succeeded.

		Boundary:
2.000000000000000000	2.245000000000000107
2.000000000000000000	2.510000000000000231
2.000000000000000000	2.176677828205085152
2.000000000000000000	2.510000000000000231
2.000000000000000000	2.510000000000000231
2.000000000000000000	2.401600000000000179

cellcount    =           780561		maxdepth = 5
partialpushes=                0
largecut     =                0		discards     =                0
smallcut     =           120141		verifycount  =           648215
partialcount =                0		diff         =            12205
Verification succeeded.

Case 27:
	Gma scoring:
rhs = -0.829750937101390251
2.000000000000000000	2.245000000000000107
2.000000000000000000	2.176677828205085152
2.176677828205085152	2.510000000000000231
2.000000000000000000	2.510000000000000231
2.000000000000000000	2.401600000000000179
2.000000000000000000	2.510000000000000231

cellcount    =           194889		maxdepth = 5
partialpushes=                0
largecut     =                0		discards     =                0
smallcut     =                0		verifycount  =           191839
partialcount =                0		diff         =             3050
Verification succeeded.

		Boundary:
2.000000000000000000	2.245000000000000107
2.000000000000000000	2.176677828205085152
2.176677828205085152	2.510000000000000231
2.000000000000000000	2.510000000000000231
2.000000000000000000	2.401600000000000179
2.000000000000000000	2.510000000000000231

cellcount    =           194889		maxdepth = 5
partialpushes=                0
largecut     =                0		discards     =                0
smallcut     =            11072		verifycount  =           180767
partialcount =                0		diff         =             3050
Verification succeeded.

Case 28:
	Gma scoring:
rhs = 0.201565078767471317
2.000000000000000000	2.245000000000000107
2.176677828205085152	2.510000000000000231
2.176677828205085152	2.510000000000000231
2.000000000000000000	2.510000000000000231
2.000000000000000000	2.401600000000000179
2.000000000000000000	2.401600000000000179

cellcount    =          1964297		maxdepth = 6
partialpushes=               48
largecut     =                0		discards     =                0
smallcut     =                0		verifycount  =          1933580
partialcount =                0		diff         =            30717
Verification succeeded.

		Boundary:
2.000000000000000000	2.245000000000000107
2.176677828205085152	2.510000000000000231
2.176677828205085152	2.510000000000000231
2.000000000000000000	2.510000000000000231
2.000000000000000000	2.401600000000000179
2.000000000000000000	2.401600000000000179

cellcount    =          1962761		maxdepth = 5
partialpushes=                0
largecut     =                0		discards     =                0
smallcut     =           726162		verifycount  =          1205930
partialcount =                0		diff         =            30669
Verification succeeded.

Case 29:
	Gma scoring:
rhs = -0.651453168432656216
2.000000000000000000	2.245000000000000107
2.176677828205085152	2.510000000000000231
2.000000000000000000	2.510000000000000231
2.000000000000000000	2.510000000000000231
2.000000000000000000	2.510000000000000231
2.000000000000000000	2.401600000000000179

cellcount    =           421393		maxdepth = 5
partialpushes=                0
largecut     =                0		discards     =                0
smallcut     =                0		verifycount  =           414808
partialcount =                0		diff         =             6585
Verification succeeded.

		Boundary:
2.000000000000000000	2.245000000000000107
2.176677828205085152	2.510000000000000231
2.000000000000000000	2.510000000000000231
2.000000000000000000	2.510000000000000231
2.000000000000000000	2.510000000000000231
2.000000000000000000	2.401600000000000179

cellcount    =           420305		maxdepth = 5
partialpushes=                0
largecut     =                0		discards     =                0
smallcut     =            16465		verifycount  =           397272
partialcount =                0		diff         =             6568
Verification succeeded.

Case 30:
	Vor scoring:
rhs = -0.224368863697286092
2.000000000000000000	2.245000000000000107
2.000000000000000000	2.510000000000000231
2.000000000000000000	2.510000000000000231
2.699999999999999734	2.828427124746190291
2.000000000000000000	2.401600000000000179
2.000000000000000000	2.510000000000000231

cellcount    =         28331733		maxdepth = 9
partialpushes=          1020853
largecut     =                0		discards     =                0
smallcut     =                0		verifycount  =         24387567
partialcount =          2879056		diff         =          1065110
Verification succeeded.

Case 31:
	Gma scoring:
rhs = -0.274732882274117518
2.000000000000000000	2.245000000000000107
2.000000000000000000	2.510000000000000231
2.176677828205085152	2.510000000000000231
2.000000000000000000	2.510000000000000231
2.000000000000000000	2.510000000000000231
2.000000000000000000	2.401600000000000179

cellcount    =           932801		maxdepth = 6
partialpushes=               37
largecut     =                0		discards     =                0
smallcut     =                0		verifycount  =           918211
partialcount =                0		diff         =            14590
Verification succeeded.

		Boundary:
2.000000000000000000	2.245000000000000107
2.000000000000000000	2.510000000000000231
2.176677828205085152	2.510000000000000231
2.000000000000000000	2.510000000000000231
2.000000000000000000	2.510000000000000231
2.000000000000000000	2.401600000000000179

cellcount    =           931025		maxdepth = 5
partialpushes=                0
largecut     =                0		discards     =                0
smallcut     =           101449		verifycount  =           815028
partialcount =                0		diff         =            14548
Verification succeeded.

Case 32:
	Gma scoring:
rhs = -0.020064435074783449
2.000000000000000000	2.245000000000000107
2.176677828205085152	2.510000000000000231
2.000000000000000000	2.176677828205085152
2.000000000000000000	2.510000000000000231
2.000000000000000000	2.401600000000000179
2.000000000000000000	2.510000000000000231

cellcount    =           844697		maxdepth = 6
partialpushes=              484
largecut     =                0		discards     =                0
smallcut     =                0		verifycount  =           831265
partialcount =                5		diff         =            13427
Verification succeeded.

		Boundary:
2.000000000000000000	2.245000000000000107
2.176677828205085152	2.510000000000000231
2.000000000000000000	2.176677828205085152
2.000000000000000000	2.510000000000000231
2.000000000000000000	2.401600000000000179
2.000000000000000000	2.510000000000000231

cellcount    =           833737		maxdepth = 6
partialpushes=                0
largecut     =                0		discards     =                0
smallcut     =           318889		verifycount  =           501816
partialcount =                0		diff         =            13032
Verification succeeded.

Case 33:
	Gma scoring:
rhs = -0.886402567595761193
2.000000000000000000	2.245000000000000107
2.000000000000000000	2.176677828205085152
2.176677828205085152	2.510000000000000231
2.000000000000000000	2.510000000000000231
2.000000000000000000	2.401600000000000179
2.000000000000000000	2.401600000000000179

cellcount    =           171577		maxdepth = 6
partialpushes=               14
largecut     =                0		discards     =                0
smallcut     =                0		verifycount  =           168887
partialcount =                0		diff         =             2690
Verification succeeded.

		Boundary:
2.000000000000000000	2.245000000000000107
2.000000000000000000	2.176677828205085152
2.176677828205085152	2.510000000000000231
2.000000000000000000	2.510000000000000231
2.000000000000000000	2.401600000000000179
2.000000000000000000	2.401600000000000179

cellcount    =           171401		maxdepth = 5
partialpushes=                0
largecut     =                0		discards     =                0
smallcut     =            14977		verifycount  =           153741
partialcount =                0		diff         =             2683
Verification succeeded.

Case 34:
	Gma scoring:
rhs = -0.240471263381404593
2.000000000000000000	2.245000000000000107
2.176677828205085152	2.510000000000000231
2.000000000000000000	2.510000000000000231
2.000000000000000000	2.510000000000000231
2.000000000000000000	2.510000000000000231
2.000000000000000000	2.401600000000000179

cellcount    =           889265		maxdepth = 6
partialpushes=               55
largecut     =                0		discards     =                0
smallcut     =                0		verifycount  =           875348
partialcount =                0		diff         =            13917
Verification succeeded.

		Boundary:
2.000000000000000000	2.245000000000000107
2.176677828205085152	2.510000000000000231
2.000000000000000000	2.510000000000000231
2.000000000000000000	2.510000000000000231
2.000000000000000000	2.510000000000000231
2.000000000000000000	2.401600000000000179

cellcount    =           887569		maxdepth = 5
partialpushes=                0
largecut     =                0		discards     =                0
smallcut     =           126718		verifycount  =           746982
partialcount =                0		diff         =            13869
Verification succeeded.

Case 35:
	Vor scoring:
rhs = -0.058279435073737722
2.000000000000000000	2.245000000000000107
2.000000000000000000	2.510000000000000231
2.000000000000000000	2.510000000000000231
2.699999999999999734	2.828427124746190291
2.000000000000000000	2.401600000000000179
2.000000000000000000	2.510000000000000231

cellcount    =         35987172		maxdepth = 11
partialpushes=          1419922
largecut     =                0		discards     =                0
smallcut     =                0		verifycount  =         30027342
partialcount =          4579465		diff         =          1380365
Verification succeeded.

Case 36:
	Gma scoring:
rhs = -0.322270567626491200
2.000000000000000000	2.245000000000000107
2.000000000000000000	2.510000000000000231
2.176677828205085152	2.510000000000000231
2.000000000000000000	2.510000000000000231
2.000000000000000000	2.510000000000000231
2.000000000000000000	2.401600000000000179

cellcount    =           877585		maxdepth = 5
partialpushes=                0
largecut     =                0		discards     =                0
smallcut     =                0		verifycount  =           863872
partialcount =                0		diff         =            13713
Verification succeeded.

		Boundary:
2.000000000000000000	2.245000000000000107
2.000000000000000000	2.510000000000000231
2.176677828205085152	2.510000000000000231
2.000000000000000000	2.510000000000000231
2.000000000000000000	2.510000000000000231
2.000000000000000000	2.401600000000000179

cellcount    =           876369		maxdepth = 5
partialpushes=                0
largecut     =                0		discards     =                0
smallcut     =            30362		verifycount  =           832313
partialcount =                0		diff         =            13694
Verification succeeded.

Case 37:
	Gma scoring:
rhs = -0.280569585616235628
2.000000000000000000	2.245000000000000107
2.176677828205085152	2.510000000000000231
2.176677828205085152	2.510000000000000231
2.000000000000000000	2.510000000000000231
2.000000000000000000	2.401600000000000179
2.000000000000000000	2.510000000000000231

cellcount    =           665417		maxdepth = 5
partialpushes=                0
largecut     =                0		discards     =                0
smallcut     =                0		verifycount  =           655019
partialcount =                0		diff         =            10398
Verification succeeded.

		Boundary:
2.000000000000000000	2.245000000000000107
2.176677828205085152	2.510000000000000231
2.176677828205085152	2.510000000000000231
2.000000000000000000	2.510000000000000231
2.000000000000000000	2.401600000000000179
2.000000000000000000	2.510000000000000231

cellcount    =           665417		maxdepth = 5
partialpushes=                0
largecut     =                0		discards     =                0
smallcut     =            59964		verifycount  =           595055
partialcount =                0		diff         =            10398
Verification succeeded.

Case 38:
	Gma scoring:
rhs = -0.263887616034013395
2.000000000000000000	2.245000000000000107
2.176677828205085152	2.510000000000000231
2.176677828205085152	2.510000000000000231
2.000000000000000000	2.510000000000000231
2.000000000000000000	2.401600000000000179
2.000000000000000000	2.401600000000000179

cellcount    =           683401		maxdepth = 5
partialpushes=                0
largecut     =                0		discards     =                0
smallcut     =                0		verifycount  =           672722
partialcount =                0		diff         =            10679
Verification succeeded.

		Boundary:
2.000000000000000000	2.245000000000000107
2.176677828205085152	2.510000000000000231
2.176677828205085152	2.510000000000000231
2.000000000000000000	2.510000000000000231
2.000000000000000000	2.401600000000000179
2.000000000000000000	2.401600000000000179

cellcount    =           683401		maxdepth = 5
partialpushes=                0
largecut     =                0		discards     =                0
smallcut     =            82081		verifycount  =           590641
partialcount =                0		diff         =            10679
Verification succeeded.

Case 39:
	Gma scoring:
rhs = -0.628131417050359242
2.000000000000000000	2.245000000000000107
2.176677828205085152	2.510000000000000231
2.000000000000000000	2.510000000000000231
2.000000000000000000	2.510000000000000231
2.000000000000000000	2.510000000000000231
2.000000000000000000	2.401600000000000179

cellcount    =           438737		maxdepth = 5
partialpushes=                0
largecut     =                0		discards     =                0
smallcut     =                0		verifycount  =           431881
partialcount =                0		diff         =             6856
Verification succeeded.

		Boundary:
2.000000000000000000	2.245000000000000107
2.176677828205085152	2.510000000000000231
2.000000000000000000	2.510000000000000231
2.000000000000000000	2.510000000000000231
2.000000000000000000	2.510000000000000231
2.000000000000000000	2.401600000000000179

cellcount    =           437841		maxdepth = 5
partialpushes=                0
largecut     =                0		discards     =                0
smallcut     =             8017		verifycount  =           422982
partialcount =                0		diff         =             6842
Verification succeeded.

Case 40:
	Vor scoring:
rhs = -0.369260420788804722
2.000000000000000000	2.245000000000000107
2.000000000000000000	2.510000000000000231
2.000000000000000000	2.510000000000000231
2.699999999999999734	2.828427124746190291
2.000000000000000000	2.401600000000000179
2.000000000000000000	2.510000000000000231

cellcount    =         20233397		maxdepth = 9
partialpushes=           584926
largecut     =                0		discards     =                0
smallcut     =                0		verifycount  =         18196538
partialcount =          1310203		diff         =           726656
Verification succeeded.

All verifications succeeded.

Done.
Ending time:    	Tue Jul  7 10:50:25 1998

Elapsed time: 60766 seconds,		diff = 596.018
222895530 cells considered,		3668.1 cells per second


