Welcome to sphere packing routines, relation testing division.
Welcome to Section A.2.8.2.  
Enter cell count limit:  Enter slop:  		Slop = -1e-06
Starting time:  	Mon Jun 29 12:49:09 1998

Case 1:
	Gma scoring:
rhs = -0.546996392644461982
2.000000000000000000	2.162599999999999856
2.000000000000000000	2.363799999999999901
2.000000000000000000	2.231599999999999806
2.000000000000000000	2.510000000000000231
2.000000000000000000	2.254900000000000126
2.000000000000000000	2.510000000000000231

cellcount    =          1011337		maxdepth = 6
partialpushes=              488
largecut     =                0		discards     =                0
smallcut     =                0		verifycount  =           995286
partialcount =                0		diff         =            16051
Verification succeeded.

		Boundary:
2.000000000000000000	2.162599999999999856
2.000000000000000000	2.363799999999999901
2.000000000000000000	2.231599999999999806
2.000000000000000000	2.510000000000000231
2.000000000000000000	2.254900000000000126
2.000000000000000000	2.510000000000000231

cellcount    =           870665		maxdepth = 6
partialpushes=                0
largecut     =                0		discards     =                0
smallcut     =           443751		verifycount  =           413305
partialcount =                0		diff         =            13609
Verification succeeded.

Case 2:
	Gma scoring:
rhs = -0.746032086120117288
2.000000000000000000	2.162599999999999856
2.000000000000000000	2.231599999999999806
2.000000000000000000	2.231599999999999806
2.000000000000000000	2.510000000000000231
2.000000000000000000	2.254900000000000126
2.000000000000000000	2.254900000000000126

cellcount    =           265187		maxdepth = 6
partialpushes=              153
largecut     =                0		discards     =                0
smallcut     =                0		verifycount  =           260965
partialcount =                0		diff         =             4222
Verification succeeded.

		Boundary:
2.000000000000000000	2.162599999999999856
2.000000000000000000	2.231599999999999806
2.000000000000000000	2.231599999999999806
2.000000000000000000	2.510000000000000231
2.000000000000000000	2.254900000000000126
2.000000000000000000	2.254900000000000126

cellcount    =           206723		maxdepth = 5
partialpushes=                0
largecut     =                0		discards     =                0
smallcut     =            94666		verifycount  =           108825
partialcount =                0		diff         =             3232
Verification succeeded.

Case 3:
	Gma scoring:
rhs = -0.406815286043131608
2.000000000000000000	2.162599999999999856
2.000000000000000000	2.231599999999999806
2.000000000000000000	2.231599999999999806
2.000000000000000000	2.510000000000000231
2.000000000000000000	2.254900000000000126
2.000000000000000000	2.254900000000000126

cellcount    =           832867		maxdepth = 6
partialpushes=             1999
largecut     =                0		discards     =                0
smallcut     =                0		verifycount  =           818852
partialcount =                0		diff         =            14015
Verification succeeded.

		Boundary:
2.000000000000000000	2.162599999999999856
2.000000000000000000	2.231599999999999806
2.000000000000000000	2.231599999999999806
2.000000000000000000	2.510000000000000231
2.000000000000000000	2.254900000000000126
2.000000000000000000	2.254900000000000126

cellcount    =           692739		maxdepth = 5
partialpushes=                0
largecut     =                0		discards     =                0
smallcut     =           554058		verifycount  =           127855
partialcount =                0		diff         =            10826
Verification succeeded.

Case 4:
	Gma scoring:
rhs = -0.716604792682938752
2.000000000000000000	2.162599999999999856
2.000000000000000000	2.231599999999999806
2.000000000000000000	2.363799999999999901
2.000000000000000000	2.510000000000000231
2.000000000000000000	2.510000000000000231
2.000000000000000000	2.254900000000000126

cellcount    =           660361		maxdepth = 6
partialpushes=              144
largecut     =                0		discards     =                0
smallcut     =                0		verifycount  =           649966
partialcount =                0		diff         =            10395
Verification succeeded.

		Boundary:
2.000000000000000000	2.162599999999999856
2.000000000000000000	2.231599999999999806
2.000000000000000000	2.363799999999999901
2.000000000000000000	2.510000000000000231
2.000000000000000000	2.510000000000000231
2.000000000000000000	2.254900000000000126

cellcount    =           567049		maxdepth = 6
partialpushes=                0
largecut     =                0		discards     =                0
smallcut     =           183675		verifycount  =           374509
partialcount =                0		diff         =             8865
Verification succeeded.

Case 5:
	Gma scoring:
rhs = -0.693862586045256191
2.000000000000000000	2.162599999999999856
2.000000000000000000	2.363799999999999901
2.000000000000000000	2.363799999999999901
2.509999999999999787	2.828427124746190291
2.000000000000000000	2.510000000000000231
2.000000000000000000	2.510000000000000231

cellcount    =          2081969		maxdepth = 6
partialpushes=              212
largecut     =                0		discards     =                0
smallcut     =                0		verifycount  =          2049350
partialcount =                0		diff         =            32619
Verification succeeded.

Case 6:
	Gma scoring:
rhs = -0.343469839507592467
2.000000000000000000	2.162599999999999856
2.000000000000000000	2.363799999999999901
2.000000000000000000	2.231599999999999806
2.000000000000000000	2.510000000000000231
2.000000000000000000	2.254900000000000126
2.000000000000000000	2.510000000000000231

cellcount    =           993517		maxdepth = 7
partialpushes=             1981
largecut     =                0		discards     =                0
smallcut     =                0		verifycount  =           977003
partialcount =                1		diff         =            16513
Verification succeeded.

		Boundary:
2.000000000000000000	2.162599999999999856
2.000000000000000000	2.363799999999999901
2.000000000000000000	2.231599999999999806
2.000000000000000000	2.510000000000000231
2.000000000000000000	2.254900000000000126
2.000000000000000000	2.510000000000000231

cellcount    =           790985		maxdepth = 5
partialpushes=                0
largecut     =                0		discards     =                0
smallcut     =           364948		verifycount  =           413673
partialcount =                0		diff         =            12364
Verification succeeded.

Case 7:
	Gma scoring:
rhs = -0.972100654207478265
2.000000000000000000	2.162599999999999856
2.000000000000000000	2.231599999999999806
2.000000000000000000	2.231599999999999806
2.000000000000000000	2.510000000000000231
2.000000000000000000	2.254900000000000126
2.000000000000000000	2.254900000000000126

cellcount    =           125605		maxdepth = 7
partialpushes=               35
largecut     =                0		discards     =                0
smallcut     =                0		verifycount  =           123624
partialcount =                0		diff         =             1981
Verification succeeded.

		Boundary:
2.000000000000000000	2.162599999999999856
2.000000000000000000	2.231599999999999806
2.000000000000000000	2.231599999999999806
2.000000000000000000	2.510000000000000231
2.000000000000000000	2.254900000000000126
2.000000000000000000	2.254900000000000126

cellcount    =            98627		maxdepth = 5
partialpushes=                0
largecut     =                0		discards     =                0
smallcut     =             5322		verifycount  =            91762
partialcount =                0		diff         =             1543
Verification succeeded.

Case 8:
	Gma scoring:
rhs = -0.490956110411482849
2.000000000000000000	2.162599999999999856
2.000000000000000000	2.231599999999999806
2.231599999999999806	2.448900000000000077
2.000000000000000000	2.510000000000000231
2.000000000000000000	2.254900000000000126
2.000000000000000000	2.254900000000000126

cellcount    =           540039		maxdepth = 7
partialpushes=             4109
largecut     =                0		discards     =                0
smallcut     =                0		verifycount  =           529670
partialcount =              148		diff         =            10221
Verification succeeded.

		Boundary:
2.000000000000000000	2.162599999999999856
2.000000000000000000	2.231599999999999806
2.231599999999999806	2.448900000000000077
2.000000000000000000	2.510000000000000231
2.000000000000000000	2.254900000000000126
2.000000000000000000	2.254900000000000126

cellcount    =           464259		maxdepth = 6
partialpushes=                0
largecut     =                0		discards     =                0
smallcut     =           330415		verifycount  =           126588
partialcount =                0		diff         =             7256
Verification succeeded.

Case 9:
	Gma scoring:
rhs = -0.157684116863147372
2.000000000000000000	2.162599999999999856
2.231599999999999806	2.448900000000000077
2.000000000000000000	2.363799999999999901
2.000000000000000000	2.510000000000000231
2.000000000000000000	2.510000000000000231
2.000000000000000000	2.254900000000000126

cellcount    =           486677		maxdepth = 7
partialpushes=              317
largecut     =                0		discards     =                0
smallcut     =                0		verifycount  =           478913
partialcount =                3		diff         =             7761
Verification succeeded.

		Boundary:
2.000000000000000000	2.162599999999999856
2.231599999999999806	2.448900000000000077
2.000000000000000000	2.363799999999999901
2.000000000000000000	2.510000000000000231
2.000000000000000000	2.510000000000000231
2.000000000000000000	2.254900000000000126

cellcount    =           477449		maxdepth = 5
partialpushes=                0
largecut     =                0		discards     =                0
smallcut     =           125358		verifycount  =           344626
partialcount =                0		diff         =             7465
Verification succeeded.

Case 10:
	Gma scoring:
rhs = -0.539165777321584661
2.000000000000000000	2.162599999999999856
2.000000000000000000	2.363799999999999901
2.000000000000000000	2.363799999999999901
2.509999999999999787	2.828427124746190291
2.000000000000000000	2.510000000000000231
2.000000000000000000	2.510000000000000231

cellcount    =          3255121		maxdepth = 7
partialpushes=             2699
largecut     =                0		discards     =                0
smallcut     =                0		verifycount  =          3202890
partialcount =               11		diff         =            52220
Verification succeeded.

Case 11:
	Gma scoring:
rhs = -0.848198777309983498
2.000000000000000000	2.162599999999999856
2.000000000000000000	2.363799999999999901
2.000000000000000000	2.231599999999999806
2.000000000000000000	2.510000000000000231
2.000000000000000000	2.254900000000000126
2.000000000000000000	2.510000000000000231

cellcount    =           460277		maxdepth = 7
partialpushes=              202
largecut     =                0		discards     =                0
smallcut     =                0		verifycount  =           452990
partialcount =                1		diff         =             7286
Verification succeeded.

		Boundary:
2.000000000000000000	2.162599999999999856
2.000000000000000000	2.363799999999999901
2.000000000000000000	2.231599999999999806
2.000000000000000000	2.510000000000000231
2.000000000000000000	2.254900000000000126
2.000000000000000000	2.510000000000000231

cellcount    =           408521		maxdepth = 5
partialpushes=                0
largecut     =                0		discards     =                0
smallcut     =            76564		verifycount  =           325569
partialcount =                0		diff         =             6388
Verification succeeded.

Case 12:
	Gma scoring:
rhs = -0.207508946672510269
2.000000000000000000	2.162599999999999856
2.000000000000000000	2.231599999999999806
2.231599999999999806	2.448900000000000077
2.000000000000000000	2.510000000000000231
2.000000000000000000	2.254900000000000126
2.000000000000000000	2.254900000000000126

cellcount    =           537971		maxdepth = 7
partialpushes=             3229
largecut     =                0		discards     =                0
smallcut     =                0		verifycount  =           528019
partialcount =              103		diff         =             9849
Verification succeeded.

		Boundary:
2.000000000000000000	2.162599999999999856
2.000000000000000000	2.231599999999999806
2.231599999999999806	2.448900000000000077
2.000000000000000000	2.510000000000000231
2.000000000000000000	2.254900000000000126
2.000000000000000000	2.254900000000000126

cellcount    =           474819		maxdepth = 6
partialpushes=                0
largecut     =                0		discards     =                0
smallcut     =           338271		verifycount  =           129127
partialcount =                0		diff         =             7421
Verification succeeded.

Case 13:
	Gma scoring:
rhs = 0.134821302749567412
2.000000000000000000	2.162599999999999856
2.231599999999999806	2.448900000000000077
2.000000000000000000	2.231599999999999806
2.000000000000000000	2.510000000000000231
2.000000000000000000	2.254900000000000126
2.000000000000000000	2.254900000000000126

cellcount    =          1934391		maxdepth = 8
partialpushes=            15929
largecut     =                0		discards     =                0
smallcut     =                0		verifycount  =          1895861
partialcount =              256		diff         =            38274
Verification succeeded.

		Boundary:
2.000000000000000000	2.162599999999999856
2.231599999999999806	2.448900000000000077
2.000000000000000000	2.231599999999999806
2.000000000000000000	2.510000000000000231
2.000000000000000000	2.254900000000000126
2.000000000000000000	2.254900000000000126

cellcount    =          1441987		maxdepth = 6
partialpushes=                0
largecut     =                0		discards     =                0
smallcut     =          1263407		verifycount  =           156047
partialcount =                0		diff         =            22533
Verification succeeded.

Case 14:
	Gma scoring:
rhs = -0.923224648483573440
2.000000000000000000	2.162599999999999856
2.000000000000000000	2.231599999999999806
2.000000000000000000	2.363799999999999901
2.000000000000000000	2.510000000000000231
2.000000000000000000	2.510000000000000231
2.000000000000000000	2.254900000000000126

cellcount    =           334477		maxdepth = 7
partialpushes=               92
largecut     =                0		discards     =                0
smallcut     =                0		verifycount  =           329202
partialcount =                0		diff         =             5275
Verification succeeded.

		Boundary:
2.000000000000000000	2.162599999999999856
2.000000000000000000	2.231599999999999806
2.000000000000000000	2.363799999999999901
2.000000000000000000	2.510000000000000231
2.000000000000000000	2.510000000000000231
2.000000000000000000	2.254900000000000126

cellcount    =           297353		maxdepth = 5
partialpushes=                0
largecut     =                0		discards     =                0
smallcut     =            24788		verifycount  =           267914
partialcount =                0		diff         =             4651
Verification succeeded.

Case 15:
	Gma scoring:
rhs = -0.659265428594757896
2.000000000000000000	2.162599999999999856
2.000000000000000000	2.363799999999999901
2.000000000000000000	2.363799999999999901
2.509999999999999787	2.828427124746190291
2.000000000000000000	2.510000000000000231
2.000000000000000000	2.510000000000000231

cellcount    =          2275281		maxdepth = 7
partialpushes=             1420
largecut     =                0		discards     =                0
smallcut     =                0		verifycount  =          2239010
partialcount =                4		diff         =            36267
Verification succeeded.

All verifications succeeded.

Done.
Ending time:    	Mon Jun 29 15:42:39 1998

Elapsed time: 10410 seconds,		diff = -430.767
22586253 cells considered,		2169.67 cells per second


