Welcome to sphere packing routines, relation testing division.
Welcome to Section A_22.1.  
Enter cell count limit:  Enter slop:  		Slop = 0
Starting time:  	Thu Jun 18 12:42:33 1998

Starting case 0:
const     = [-3.580000000000000071, -3.579999999999999627]
dih_coeff = [-2.285010000000000208, -2.285009999999999764]
	yp1 = 2.0
		y1 = 2.51
2.509999999999999787	2.510000000000000231
2.000000000000000000	2.510000000000000231
2.000000000000000000	2.510000000000000231
2.828427124746189847	3.200000000000000178
2.000000000000000000	2.510000000000000231
2.000000000000000000	2.510000000000000231

cellcount    =             3329		maxdepth = 4
partialpushes=                0
largecut     =                0		discards     =                0
smallcut     =                0		verifycount  =             3225
partialcount =                0		diff         =              104
Verification succeeded.

		y5 = 2.0
2.509999999999999787	2.828427124746190291
2.000000000000000000	2.510000000000000231
2.000000000000000000	2.510000000000000231
2.828427124746189847	3.200000000000000178
2.000000000000000000	2.000000000000000000
2.000000000000000000	2.510000000000000231

cellcount    =             8849		maxdepth = 4
partialpushes=                0
largecut     =                0		discards     =                0
smallcut     =                0		verifycount  =             8572
partialcount =                0		diff         =              277
Verification succeeded.

Starting case 1:
const     = [-2.715000000000000302, -2.714999999999999858]
dih_coeff = [-1.673820000000000086, -1.673819999999999864]
	yp1 = 2.0
		y1 = 2.51
2.509999999999999787	2.510000000000000231
2.000000000000000000	2.510000000000000231
2.000000000000000000	2.510000000000000231
2.828427124746189847	3.200000000000000178
2.000000000000000000	2.510000000000000231
2.000000000000000000	2.510000000000000231

cellcount    =             7841		maxdepth = 4
partialpushes=                0
largecut     =                0		discards     =                0
smallcut     =                0		verifycount  =             7596
partialcount =                0		diff         =              245
Verification succeeded.

		y5 = 2.0
2.509999999999999787	2.828427124746190291
2.000000000000000000	2.510000000000000231
2.000000000000000000	2.510000000000000231
2.828427124746189847	3.200000000000000178
2.000000000000000000	2.000000000000000000
2.000000000000000000	2.510000000000000231

cellcount    =            15601		maxdepth = 4
partialpushes=                0
largecut     =                0		discards     =                0
smallcut     =                0		verifycount  =            15113
partialcount =                0		diff         =              488
Verification succeeded.

Starting case 2:
const     = [-1.517000000000000126, -1.516999999999999904]
dih_coeff = [-0.828500000000000014, -0.828499999999999903]
	yp1 = 2.0
		y1 = 2.51
2.509999999999999787	2.510000000000000231
2.000000000000000000	2.510000000000000231
2.000000000000000000	2.510000000000000231
2.828427124746189847	3.200000000000000178
2.000000000000000000	2.510000000000000231
2.000000000000000000	2.510000000000000231

cellcount    =            88625		maxdepth = 5
partialpushes=              100
largecut     =                0		discards     =                5
smallcut     =                0		verifycount  =            85793
partialcount =               12		diff         =             2815
Verification succeeded.

		y5 = 2.0
2.509999999999999787	2.828427124746190291
2.000000000000000000	2.510000000000000231
2.000000000000000000	2.510000000000000231
2.828427124746189847	3.200000000000000178
2.000000000000000000	2.000000000000000000
2.000000000000000000	2.510000000000000231

cellcount    =            51729		maxdepth = 5
partialpushes=                5
largecut     =                0		discards     =              150
smallcut     =                0		verifycount  =            49960
partialcount =                0		diff         =             1619
Verification succeeded.

Starting case 3:
const     = [-0.858000000000000096, -0.857999999999999985]
dih_coeff = [-0.390925000000000022, -0.390924999999999967]
	yp1 = 2.0
		y1 = 2.51
2.509999999999999787	2.510000000000000231
2.000000000000000000	2.510000000000000231
2.000000000000000000	2.510000000000000231
2.828427124746189847	3.200000000000000178
2.000000000000000000	2.510000000000000231
2.000000000000000000	2.510000000000000231

cellcount    =          1021181		maxdepth = 7
partialpushes=            20386
largecut     =                0		discards     =            14269
smallcut     =                0		verifycount  =           917380
partialcount =            45154		diff         =            44378
Verification succeeded.

		y5 = 2.0
2.509999999999999787	2.828427124746190291
2.000000000000000000	2.510000000000000231
2.000000000000000000	2.510000000000000231
2.828427124746189847	3.200000000000000178
2.000000000000000000	2.000000000000000000
2.000000000000000000	2.510000000000000231

cellcount    =           819099		maxdepth = 7
partialpushes=             6145
largecut     =                0		discards     =            96967
smallcut     =                0		verifycount  =           679758
partialcount =            13467		diff         =            28907
Verification succeeded.

Starting case 4:
const     = [-0.349000000000000032, -0.348999999999999977]
dih_coeff = [-0.120120000000000005, -0.120119999999999991]
	yp1 = 2.0
		y1 = 2.51
2.509999999999999787	2.510000000000000231
2.000000000000000000	2.510000000000000231
2.000000000000000000	2.510000000000000231
2.828427124746189847	3.200000000000000178
2.000000000000000000	2.510000000000000231
2.000000000000000000	2.510000000000000231

cellcount    =          5339210		maxdepth = 7
partialpushes=          1119703
largecut     =                0		discards     =           731425
smallcut     =                0		verifycount  =          3362797
partialcount =          1065214		diff         =           179774
Verification succeeded.

		y5 = 2.0
2.509999999999999787	2.828427124746190291
2.000000000000000000	2.510000000000000231
2.000000000000000000	2.510000000000000231
2.828427124746189847	3.200000000000000178
2.000000000000000000	2.000000000000000000
2.000000000000000000	2.510000000000000231

Cell failed:
data        = [-0.585366235855239725	-0.348070909859007016]
cross_diag2 = [4.9707169890667684	6.31342791355886135]
vor0_val    = [-0.107193323364245752	-0.0261892040447136293]
vor0p_val   = [-0.149882002285977145	-0.00462616724405723323]
dih_val     = [2.64115499975221635	2.73302456048132525]
delta       = [24.6028551384617913	36.8803700594894508]
y = 
2.818476277097872185	2.828427124746190291
2.079687499999999911	2.087656250000000213
2.119531249999999645	2.127499999999999947
2.903902865032120140	2.909708691207961273
2.000000000000000000	2.000000000000000000
2.007968749999999858	2.015937499999999716
partials = 
[-0.218000164115111805	0.298324485699739517]
[-0.564887373582885988	0.121302733898174336]
[-0.529753550772462001	0.111257071347972358]
[-0.286541201826501724	0.246289472344341953]
[-0.206804503982012639	0.149104867384011297]
[-0.211667118289029454	0.149422426250645890]
ynew = 
2.818476277097872185	2.828427124746190291
2.079687499999999911	2.087656250000000213
2.119531249999999645	2.127499999999999947
2.903902865032120140	2.909708691207961273
2.000000000000000000	2.000000000000000000
2.007968749999999858	2.015937499999999716
cellcount    =         10000018		maxdepth = 10
partialpushes=           356016
largecut     =                0		discards     =          2910761
smallcut     =                0		verifycount  =          2943955
partialcount =          3806111		diff         =           339191
Verification FAILED.

Starting case 5:
const     = [-0.177000000000000018, -0.176999999999999991]
dih_coeff = [-0.050100000000000006, -0.050099999999999999]
	yp1 = 2.0
		y1 = 2.51
2.509999999999999787	2.510000000000000231
2.000000000000000000	2.510000000000000231
2.000000000000000000	2.510000000000000231
2.828427124746189847	3.200000000000000178
2.000000000000000000	2.510000000000000231
2.000000000000000000	2.510000000000000231

cellcount    =          1239535		maxdepth = 7
partialpushes=           340883
largecut     =                0		discards     =           103555
smallcut     =                0		verifycount  =           837058
partialcount =           259910		diff         =            39012
Verification succeeded.

		y5 = 2.0
2.509999999999999787	2.828427124746190291
2.000000000000000000	2.510000000000000231
2.000000000000000000	2.510000000000000231
2.828427124746189847	3.200000000000000178
2.000000000000000000	2.000000000000000000
2.000000000000000000	2.510000000000000231

Cell failed:
data        = [-0.86145238267666524	-0.141149093467684589]
cross_diag2 = [2.63252460625398133	7.34248411591945516]
vor0_val    = [-0.148560601802174397	-0.0132545950095365461]
vor0p_val   = [-0.572238552846445536	-0.00263947929421465277]
dih_val     = [2.50010018291284242	2.80744966123842632]
delta       = [20.9050527562089883	76.3918211150721618]
y = 
2.788623734152916533	2.828427124746190291
2.095625000000000071	2.127499999999999947
2.350624999999999964	2.382500000000000284
3.083883476483184172	3.107106781186547373
2.000000000000000000	2.000000000000000000
2.031874999999999876	2.063749999999999751
partials = 
[-0.274186184838159763	0.937262213369637665]
[-1.267685882812811471	0.485876616667424821]
[-1.006396136940732822	0.497659407461634506]
[-0.293973330111974185	1.021399112423940769]
[-0.666073636528994761	0.173475645287948815]
[-0.741158468381663438	0.174392043816051473]
ynew = 
2.788623734152916533	2.828427124746190291
2.095625000000000071	2.127499999999999947
2.350624999999999964	2.382500000000000284
3.083883476483184172	3.107106781186547373
2.000000000000000000	2.000000000000000000
2.031874999999999876	2.063749999999999751
cellcount    =         10000020		maxdepth = 8
partialpushes=           333871
largecut     =                0		discards     =          3485494
smallcut     =                0		verifycount  =          2461684
partialcount =          3726864		diff         =           325978
Verification FAILED.

(2) verifications FAILED.

Done.
Ending time:    	Thu Jun 18 14:36:57 1998

Elapsed time: 6864 seconds,		diff = -1774.77
28595037 cells considered,		4165.94 cells per second


