Welcome to sphere packing routines, relation testing division.
Welcome to Section A.2.8.3.  
Enter cell count limit:  Enter slop:  		Slop = -1e-06
Starting time:  	Thu Jul  2 11:26:24 1998

Case 1:
	Gma scoring:
rhs = 0.244275399336201487
2.000000000000000000	2.162599999999999856
2.000000000000000000	2.510000000000000231
2.000000000000000000	2.448900000000000077
2.000000000000000000	2.510000000000000231
2.000000000000000000	2.254900000000000126
2.000000000000000000	2.510000000000000231

cellcount    =          2846241		maxdepth = 7
partialpushes=             2439
largecut     =                0		discards     =                0
smallcut     =                0		verifycount  =          2800411
partialcount =              129		diff         =            45701
Verification succeeded.

		Boundary:
2.000000000000000000	2.162599999999999856
2.000000000000000000	2.510000000000000231
2.000000000000000000	2.448900000000000077
2.000000000000000000	2.510000000000000231
2.000000000000000000	2.254900000000000126
2.000000000000000000	2.510000000000000231

cellcount    =          2693329		maxdepth = 6
partialpushes=                0
largecut     =                0		discards     =                0
smallcut     =          1388224		verifycount  =          1263013
partialcount =                0		diff         =            42092
Verification succeeded.

Case 2:
	Gma scoring:
rhs = -0.248433689373080691
2.000000000000000000	2.162599999999999856
2.000000000000000000	2.448900000000000077
2.000000000000000000	2.448900000000000077
2.000000000000000000	2.510000000000000231
2.000000000000000000	2.254900000000000126
2.000000000000000000	2.254900000000000126

cellcount    =           605209		maxdepth = 7
partialpushes=              674
largecut     =                0		discards     =                0
smallcut     =                0		verifycount  =           595462
partialcount =               32		diff         =             9715
Verification succeeded.

		Boundary:
2.000000000000000000	2.162599999999999856
2.000000000000000000	2.448900000000000077
2.000000000000000000	2.448900000000000077
2.000000000000000000	2.510000000000000231
2.000000000000000000	2.254900000000000126
2.000000000000000000	2.254900000000000126

cellcount    =           538377		maxdepth = 5
partialpushes=                0
largecut     =                0		discards     =                0
smallcut     =           132425		verifycount  =           397535
partialcount =                0		diff         =             8417
Verification succeeded.

Case 3:
	Gma scoring:
rhs = -0.838543218211472707
2.000000000000000000	2.162599999999999856
2.000000000000000000	2.448900000000000077
2.000000000000000000	2.448900000000000077
2.000000000000000000	2.510000000000000231
2.000000000000000000	2.254900000000000126
2.000000000000000000	2.254900000000000126

cellcount    =           180137		maxdepth = 6
partialpushes=                9
largecut     =                0		discards     =                0
smallcut     =                0		verifycount  =           177313
partialcount =                0		diff         =             2824
Verification succeeded.

		Boundary:
2.000000000000000000	2.162599999999999856
2.000000000000000000	2.448900000000000077
2.000000000000000000	2.448900000000000077
2.000000000000000000	2.510000000000000231
2.000000000000000000	2.254900000000000126
2.000000000000000000	2.254900000000000126

cellcount    =           170441		maxdepth = 5
partialpushes=                0
largecut     =                0		discards     =                0
smallcut     =             2825		verifycount  =           164948
partialcount =                0		diff         =             2668
Verification succeeded.

Case 4:
	Gma scoring:
rhs = 0.244275399336212895
2.000000000000000000	2.162599999999999856
2.000000000000000000	2.448900000000000077
2.000000000000000000	2.510000000000000231
2.000000000000000000	2.510000000000000231
2.000000000000000000	2.510000000000000231
2.000000000000000000	2.254900000000000126

cellcount    =          2846241		maxdepth = 7
partialpushes=             2439
largecut     =                0		discards     =                0
smallcut     =                0		verifycount  =          2800411
partialcount =              129		diff         =            45701
Verification succeeded.

		Boundary:
2.000000000000000000	2.162599999999999856
2.000000000000000000	2.448900000000000077
2.000000000000000000	2.510000000000000231
2.000000000000000000	2.510000000000000231
2.000000000000000000	2.510000000000000231
2.000000000000000000	2.254900000000000126

cellcount    =          2693329		maxdepth = 6
partialpushes=                0
largecut     =                0		discards     =                0
smallcut     =          1388224		verifycount  =          1263013
partialcount =                0		diff         =            42092
Verification succeeded.

Case 5:
	Vor scoring:
rhs = -0.827315225513618802
2.000000000000000000	2.162599999999999856
2.000000000000000000	2.510000000000000231
2.000000000000000000	2.510000000000000231
2.509999999999999787	2.828427124746190291
2.000000000000000000	2.510000000000000231
2.000000000000000000	2.510000000000000231

cellcount    =         15196481		maxdepth = 8
partialpushes=              462
largecut     =                0		discards     =                0
smallcut     =                0		verifycount  =         14958788
partialcount =                8		diff         =           237685
Verification succeeded.

All verifications succeeded.

Done.
Ending time:    	Thu Jul  2 12:55:25 1998

Elapsed time: 5341 seconds,		diff = 1041.88
27769785 cells considered,		5199.36 cells per second


