Welcome to sphere packing routines, relation testing division.
Welcome to Section A_22.1.  
Enter cell count limit:  Enter slop:  		Slop = 0
Starting time:  	Fri Jul 10 16:27:57 1998

Starting case 0:
const     = [-3.580000000000000071, -3.579999999999999627]
dih_coeff = [-2.285010000000000208, -2.285009999999999764]
	yp1 = 2.0
		y1 = 2.51
2.509999999999999787	2.510000000000000231
2.000000000000000000	2.510000000000000231
2.000000000000000000	2.510000000000000231
2.828427124746189847	3.200000000000000178
2.000000000000000000	2.510000000000000231
2.000000000000000000	2.510000000000000231

cellcount    =             3329		maxdepth = 4
partialpushes=                0
largecut     =                0		discards     =                0
smallcut     =                0		verifycount  =             3225
partialcount =                0		diff         =              104
Verification succeeded.

		y5 = 2.0
2.509999999999999787	2.828427124746190291
2.000000000000000000	2.510000000000000231
2.000000000000000000	2.510000000000000231
2.828427124746189847	3.200000000000000178
2.000000000000000000	2.000000000000000000
2.000000000000000000	2.510000000000000231

cellcount    =             8849		maxdepth = 4
partialpushes=                0
largecut     =                0		discards     =                0
smallcut     =                0		verifycount  =             8572
partialcount =                0		diff         =              277
Verification succeeded.

Starting case 1:
const     = [-2.715000000000000302, -2.714999999999999858]
dih_coeff = [-1.673820000000000086, -1.673819999999999864]
	yp1 = 2.0
		y1 = 2.51
2.509999999999999787	2.510000000000000231
2.000000000000000000	2.510000000000000231
2.000000000000000000	2.510000000000000231
2.828427124746189847	3.200000000000000178
2.000000000000000000	2.510000000000000231
2.000000000000000000	2.510000000000000231

cellcount    =             7841		maxdepth = 4
partialpushes=                0
largecut     =                0		discards     =                0
smallcut     =                0		verifycount  =             7596
partialcount =                0		diff         =              245
Verification succeeded.

		y5 = 2.0
2.509999999999999787	2.828427124746190291
2.000000000000000000	2.510000000000000231
2.000000000000000000	2.510000000000000231
2.828427124746189847	3.200000000000000178
2.000000000000000000	2.000000000000000000
2.000000000000000000	2.510000000000000231

cellcount    =            15601		maxdepth = 4
partialpushes=                0
largecut     =                0		discards     =                0
smallcut     =                0		verifycount  =            15113
partialcount =                0		diff         =              488
Verification succeeded.

Starting case 2:
const     = [-1.517000000000000126, -1.516999999999999904]
dih_coeff = [-0.828500000000000014, -0.828499999999999903]
	yp1 = 2.0
		y1 = 2.51
2.509999999999999787	2.510000000000000231
2.000000000000000000	2.510000000000000231
2.000000000000000000	2.510000000000000231
2.828427124746189847	3.200000000000000178
2.000000000000000000	2.510000000000000231
2.000000000000000000	2.510000000000000231

cellcount    =            88625		maxdepth = 5
partialpushes=              100
largecut     =                0		discards     =                5
smallcut     =                0		verifycount  =            85793
partialcount =               12		diff         =             2815
Verification succeeded.

		y5 = 2.0
2.509999999999999787	2.828427124746190291
2.000000000000000000	2.510000000000000231
2.000000000000000000	2.510000000000000231
2.828427124746189847	3.200000000000000178
2.000000000000000000	2.000000000000000000
2.000000000000000000	2.510000000000000231

cellcount    =            51729		maxdepth = 5
partialpushes=                5
largecut     =                0		discards     =              150
smallcut     =                0		verifycount  =            49960
partialcount =                0		diff         =             1619
Verification succeeded.

Starting case 3:
const     = [-0.858000000000000096, -0.857999999999999985]
dih_coeff = [-0.390925000000000022, -0.390924999999999967]
	yp1 = 2.0
		y1 = 2.51
2.509999999999999787	2.510000000000000231
2.000000000000000000	2.510000000000000231
2.000000000000000000	2.510000000000000231
2.828427124746189847	3.200000000000000178
2.000000000000000000	2.510000000000000231
2.000000000000000000	2.510000000000000231

cellcount    =          1021181		maxdepth = 7
partialpushes=            20386
largecut     =                0		discards     =            14269
smallcut     =                0		verifycount  =           917380
partialcount =            45154		diff         =            44378
Verification succeeded.

		y5 = 2.0
2.509999999999999787	2.828427124746190291
2.000000000000000000	2.510000000000000231
2.000000000000000000	2.510000000000000231
2.828427124746189847	3.200000000000000178
2.000000000000000000	2.000000000000000000
2.000000000000000000	2.510000000000000231

cellcount    =           819099		maxdepth = 7
partialpushes=             6145
largecut     =                0		discards     =            96967
smallcut     =                0		verifycount  =           679758
partialcount =            13467		diff         =            28907
Verification succeeded.

Starting case 4:
const     = [-0.349000000000000032, -0.348999999999999977]
dih_coeff = [-0.120120000000000005, -0.120119999999999991]
	yp1 = 2.0
		y1 = 2.51
2.509999999999999787	2.510000000000000231
2.000000000000000000	2.510000000000000231
2.000000000000000000	2.510000000000000231
2.828427124746189847	3.200000000000000178
2.000000000000000000	2.510000000000000231
2.000000000000000000	2.510000000000000231

cellcount    =          5339210		maxdepth = 7
partialpushes=          1119703
largecut     =                0		discards     =           731425
smallcut     =                0		verifycount  =          3362797
partialcount =          1065214		diff         =           179774
Verification succeeded.

		y5 = 2.0
2.509999999999999787	2.828427124746190291
2.000000000000000000	2.510000000000000231
2.000000000000000000	2.510000000000000231
2.828427124746189847	3.200000000000000178
2.000000000000000000	2.000000000000000000
2.000000000000000000	2.510000000000000231

cellcount    =         42797579		maxdepth = 11
partialpushes=          1029211
largecut     =                0		discards     =         13953017
smallcut     =                0		verifycount  =         18217529
partialcount =          9172371		diff         =          1454662
Verification succeeded.

Starting case 5:
const     = [-0.177000000000000018, -0.176999999999999991]
dih_coeff = [-0.050100000000000006, -0.050099999999999999]
	yp1 = 2.0
		y1 = 2.51
2.509999999999999787	2.510000000000000231
2.000000000000000000	2.510000000000000231
2.000000000000000000	2.510000000000000231
2.828427124746189847	3.200000000000000178
2.000000000000000000	2.510000000000000231
2.000000000000000000	2.510000000000000231

cellcount    =          1239535		maxdepth = 7
partialpushes=           340883
largecut     =                0		discards     =           103555
smallcut     =                0		verifycount  =           837058
partialcount =           259910		diff         =            39012
Verification succeeded.

		y5 = 2.0
2.509999999999999787	2.828427124746190291
2.000000000000000000	2.510000000000000231
2.000000000000000000	2.510000000000000231
2.828427124746189847	3.200000000000000178
2.000000000000000000	2.000000000000000000
2.000000000000000000	2.510000000000000231

cellcount    =         10956661		maxdepth = 8
partialpushes=           339537
largecut     =                0		discards     =          3811201
smallcut     =                0		verifycount  =          3041068
partialcount =          3748199		diff         =           356193
Verification succeeded.

All verifications succeeded.

Done.
Ending time:    	Fri Jul 10 20:42:40 1998

Elapsed time: 15283 seconds,		diff = -258.572
62349239 cells considered,		4079.65 cells per second


