Welcome to sphere packing routines, relation testing division.
Welcome to Section A.2.7.1.  
Enter cell count limit:  Enter slop:  		Slop = 0
Starting time:  	Mon Jun 22 16:08:56 1998

Case 1:
	Gma scoring:
rhs = 0.073219652736754945
2.000000000000000000	2.510000000000000231
2.000000000000000000	2.510000000000000231
2.000000000000000000	2.510000000000000231
2.000000000000000000	2.510000000000000231
2.000000000000000000	2.510000000000000231
2.000000000000000000	2.510000000000000231

cellcount    =          1512001		maxdepth = 5
partialpushes=                0
largecut     =                0		discards     =                0
smallcut     =                0		verifycount  =          1488376
partialcount =                0		diff         =            23625
Verification succeeded.

		Boundary:
2.000000000000000000	2.510000000000000231
2.000000000000000000	2.510000000000000231
2.000000000000000000	2.510000000000000231
2.000000000000000000	2.510000000000000231
2.000000000000000000	2.510000000000000231
2.000000000000000000	2.510000000000000231

cellcount    =          1511553		maxdepth = 5
partialpushes=                0
largecut     =                0		discards     =                0
smallcut     =             5831		verifycount  =          1482104
partialcount =                0		diff         =            23618
Verification succeeded.

	Vor scoring:
rhs = 0.073219652736754945
2.000000000000000000	2.510000000000000231
2.000000000000000000	2.510000000000000231
2.000000000000000000	2.510000000000000231
2.000000000000000000	2.510000000000000231
2.000000000000000000	2.510000000000000231
2.000000000000000000	2.510000000000000231

Cell failed:
data        = [-0.121217545530176329	0.0736613906455991785]
crad2 = [1.49729299249359205	2.37412364733693826]
y = 
2.095625000000000071	2.127499999999999947
2.478125000000000355	2.510000000000000231
2.063749999999999751	2.095625000000000071
2.000000000000000000	2.031874999999999876
2.063749999999999751	2.095625000000000071
2.478125000000000355	2.510000000000000231
partials = 
[-1.925559127504403945	1.398914582696150433]
[-1.920945629857031545	2.001230169251488444]
[-2.044299864989945092	1.230365337801616388]
[-1.904662002903305229	1.270386185070261353]
[-1.821443311781799190	1.453221891009754740]
[-1.922678160057059937	1.999497639051454279]
ynew = 
2.095625000000000071	2.127499999999999947
2.478125000000000355	2.510000000000000231
2.063749999999999751	2.095625000000000071
2.000000000000000000	2.031874999999999876
2.063749999999999751	2.095625000000000071
2.478125000000000355	2.510000000000000231
cellcount    =         10000019		maxdepth = 6
partialpushes=                0
largecut     =                0		discards     =                0
smallcut     =          5018582		verifycount  =          4825184
partialcount =                0		diff         =           156253
Verification FAILED.

		Boundary:
2.000000000000000000	2.510000000000000231
2.000000000000000000	2.510000000000000231
2.000000000000000000	2.510000000000000231
2.000000000000000000	2.510000000000000231
2.000000000000000000	2.510000000000000231
2.000000000000000000	2.510000000000000231

Cell failed:
data        = [-0.121217545530176329	0.0736613906455991785]
crad2 = [1.49729299249359205	2.37412364733693826]
y = 
2.095625000000000071	2.127499999999999947
2.478125000000000355	2.510000000000000231
2.063749999999999751	2.095625000000000071
2.000000000000000000	2.031874999999999876
2.063749999999999751	2.095625000000000071
2.478125000000000355	2.510000000000000231
cellcount    =         10000019		maxdepth = 6
partialpushes=                0
largecut     =                0		discards     =                0
smallcut     =          5018582		verifycount  =          4825184
partialcount =                0		diff         =           156253
Verification FAILED.

Case 2:
	Gma scoring:
rhs = 0.014749395920605916
2.000000000000000000	2.510000000000000231
2.000000000000000000	2.510000000000000231
2.000000000000000000	2.510000000000000231
2.000000000000000000	2.510000000000000231
2.000000000000000000	2.510000000000000231
2.000000000000000000	2.510000000000000231

cellcount    =          1519553		maxdepth = 5
partialpushes=                0
largecut     =                0		discards     =                0
smallcut     =                0		verifycount  =          1495810
partialcount =                0		diff         =            23743
Verification succeeded.

		Boundary:
2.000000000000000000	2.510000000000000231
2.000000000000000000	2.510000000000000231
2.000000000000000000	2.510000000000000231
2.000000000000000000	2.510000000000000231
2.000000000000000000	2.510000000000000231
2.000000000000000000	2.510000000000000231

cellcount    =          1516545		maxdepth = 5
partialpushes=                0
largecut     =                0		discards     =                0
smallcut     =             6023		verifycount  =          1486826
partialcount =                0		diff         =            23696
Verification succeeded.

	Vor scoring:
rhs = 0.014749395920605916
2.000000000000000000	2.510000000000000231
2.000000000000000000	2.510000000000000231
2.000000000000000000	2.510000000000000231
2.000000000000000000	2.510000000000000231
2.000000000000000000	2.510000000000000231
2.000000000000000000	2.510000000000000231

Cell failed:
data        = [-0.401816717218163255	0.223832480279608531]
crad2 = [0.857134738458649847	3.07141112695936691]
y = 
2.000000000000000000	2.063749999999999751
2.254999999999999893	2.318750000000000089
2.127499999999999947	2.191250000000000142
2.063749999999999751	2.127499999999999947
2.000000000000000000	2.063749999999999751
2.063749999999999751	2.127499999999999947
partials = 
[-3.452768254492437183	2.718186337180248824]
[-3.565161838144388362	3.368285022880936896]
[-3.445628143146385103	3.106572583202620752]
[-3.402501417510430226	2.959076241500407267]
[-3.101860039133480296	3.069094552539196830]
[-3.268971678437829542	3.092605980573007507]
ynew = 
2.000000000000000000	2.063749999999999751
2.254999999999999893	2.318750000000000089
2.127499999999999947	2.191250000000000142
2.063749999999999751	2.127499999999999947
2.000000000000000000	2.063749999999999751
2.063749999999999751	2.127499999999999947
cellcount    =         10000033		maxdepth = 5
partialpushes=                0
largecut     =                0		discards     =                0
smallcut     =          5388483		verifycount  =          4455296
partialcount =                0		diff         =           156254
Verification FAILED.

		Boundary:
2.000000000000000000	2.510000000000000231
2.000000000000000000	2.510000000000000231
2.000000000000000000	2.510000000000000231
2.000000000000000000	2.510000000000000231
2.000000000000000000	2.510000000000000231
2.000000000000000000	2.510000000000000231

Cell failed:
data        = [-0.401816717218163255	0.223832480279608531]
crad2 = [0.857134738458649847	3.07141112695936691]
y = 
2.000000000000000000	2.063749999999999751
2.254999999999999893	2.318750000000000089
2.127499999999999947	2.191250000000000142
2.063749999999999751	2.127499999999999947
2.000000000000000000	2.063749999999999751
2.063749999999999751	2.127499999999999947
cellcount    =         10000033		maxdepth = 5
partialpushes=                0
largecut     =                0		discards     =                0
smallcut     =          5388483		verifycount  =          4455296
partialcount =                0		diff         =           156254
Verification FAILED.

Case 3:
	No scoring:
rhs = -0.800935954048270782
2.000000000000000000	2.510000000000000231
2.000000000000000000	2.510000000000000231
2.000000000000000000	2.510000000000000231
2.828427124746189847	5.020000000000000462
2.000000000000000000	2.510000000000000231
2.000000000000000000	2.510000000000000231

Cell failed:
data        = [-1.06768505699806182	NaN]
y = 
2.000000000000000000	2.000000000474974726
2.000000000000000000	2.000000000474974726
2.000000000000000000	2.000000000474974726
3.787240257669732379	3.787240258179997987
2.000000000000000000	2.000000000474974726
2.000000000000000000	2.000000000474974726
partials = 
[-Infinity	Infinity]
[-Infinity	Infinity]
[-Infinity	Infinity]
[-Infinity	Infinity]
[-Infinity	Infinity]
[-Infinity	Infinity]
ynew = 
2.000000000000000000	2.000000000474974726
2.000000000000000000	2.000000000474974726
2.000000000000000000	2.000000000474974726
3.787240257669732379	3.787240258179997987
2.000000000000000000	2.000000000474974726
2.000000000000000000	2.000000000474974726
cellcount    =           247432		maxdepth = 32
partialpushes=             3930
largecut     =                0		discards     =                0
smallcut     =                0		verifycount  =           217073
partialcount =            25638		diff         =             4721
Verification FAILED.

Case 4:
	Gma scoring:
rhs = 0.345705118063959094
2.000000000000000000	2.510000000000000231
2.000000000000000000	2.510000000000000231
2.000000000000000000	2.510000000000000231
2.000000000000000000	2.510000000000000231
2.000000000000000000	2.510000000000000231
2.000000000000000000	2.510000000000000231

cellcount    =          3622721		maxdepth = 5
partialpushes=                0
largecut     =                0		discards     =                0
smallcut     =                0		verifycount  =          3566116
partialcount =                0		diff         =            56605
Verification succeeded.

		Boundary:
2.000000000000000000	2.510000000000000231
2.000000000000000000	2.510000000000000231
2.000000000000000000	2.510000000000000231
2.000000000000000000	2.510000000000000231
2.000000000000000000	2.510000000000000231
2.000000000000000000	2.510000000000000231

cellcount    =          3614721		maxdepth = 5
partialpushes=                0
largecut     =                0		discards     =                0
smallcut     =            35247		verifycount  =          3522994
partialcount =                0		diff         =            56480
Verification succeeded.

	Vor scoring:
rhs = 0.345705118063959094
2.000000000000000000	2.510000000000000231
2.000000000000000000	2.510000000000000231
2.000000000000000000	2.510000000000000231
2.000000000000000000	2.510000000000000231
2.000000000000000000	2.510000000000000231
2.000000000000000000	2.510000000000000231

Cell failed:
data        = [0.179731050380084745	0.368512190022996011]
crad2 = [1.3468065301251646	2.14265081268909086]
y = 
2.000000000000000000	2.031874999999999876
2.063749999999999751	2.095625000000000071
2.191250000000000142	2.223125000000000018
2.031874999999999876	2.063749999999999751
2.286875000000000213	2.318750000000000089
2.159374999999999822	2.191250000000000142
partials = 
[-1.867279267731088543	1.201037074375582492]
[-1.855930569822606291	1.308654079541792026]
[-1.784622725461624926	1.572498538418227509]
[-1.810510057332577860	1.305940438402954484]
[-1.764083420482142284	1.737440304284294079]
[-1.697652401573000347	1.611334708677982785]
ynew = 
2.000000000000000000	2.031874999999999876
2.063749999999999751	2.095625000000000071
2.191250000000000142	2.223125000000000018
2.031874999999999876	2.063749999999999751
2.286875000000000213	2.318750000000000089
2.159374999999999822	2.191250000000000142
cellcount    =         10000047		maxdepth = 5
partialpushes=                0
largecut     =                0		discards     =                0
smallcut     =          9145798		verifycount  =           697994
partialcount =                0		diff         =           156255
Verification FAILED.

		Boundary:
2.000000000000000000	2.510000000000000231
2.000000000000000000	2.510000000000000231
2.000000000000000000	2.510000000000000231
2.000000000000000000	2.510000000000000231
2.000000000000000000	2.510000000000000231
2.000000000000000000	2.510000000000000231

Cell failed:
data        = [0.179731050380084745	0.368512190022996011]
crad2 = [1.3468065301251646	2.14265081268909086]
y = 
2.000000000000000000	2.031874999999999876
2.063749999999999751	2.095625000000000071
2.191250000000000142	2.223125000000000018
2.031874999999999876	2.063749999999999751
2.286875000000000213	2.318750000000000089
2.159374999999999822	2.191250000000000142
cellcount    =         10000047		maxdepth = 5
partialpushes=                0
largecut     =                0		discards     =                0
smallcut     =          9145798		verifycount  =           697994
partialcount =                0		diff         =           156255
Verification FAILED.

Case 5:
	No scoring:
rhs = -0.859406210864424702
2.000000000000000000	2.510000000000000231
2.000000000000000000	2.510000000000000231
2.000000000000000000	2.510000000000000231
2.828427124746189847	5.020000000000000462
2.000000000000000000	2.510000000000000231
2.000000000000000000	2.510000000000000231

Cell failed:
data        = [-1.11954337791162284	NaN]
y = 
2.000000000000000000	2.000000000474974726
2.000000000000000000	2.000000000474974726
2.000000000000000000	2.000000000474974726
3.787240257669732379	3.787240258179997987
2.000000000000000000	2.000000000474974726
2.000000000000000000	2.000000000474974726
partials = 
[-Infinity	Infinity]
[-Infinity	Infinity]
[-Infinity	Infinity]
[-Infinity	Infinity]
[-Infinity	Infinity]
[-Infinity	Infinity]
ynew = 
2.000000000000000000	2.000000000474974726
2.000000000000000000	2.000000000474974726
2.000000000000000000	2.000000000474974726
3.787240257669732379	3.787240258179997987
2.000000000000000000	2.000000000474974726
2.000000000000000000	2.000000000474974726
cellcount    =           249144		maxdepth = 32
partialpushes=             3681
largecut     =                0		discards     =                0
smallcut     =                0		verifycount  =           217359
partialcount =            27053		diff         =             4732
Verification FAILED.

(8) verifications FAILED.

Done.
Ending time:    	Mon Jun 22 18:53:35 1998

Elapsed time: 9879 seconds,		diff = 1242.97
73793868 cells considered,		7469.77 cells per second


