Welcome to sphere packing routines, relation testing division.
Welcome to Section A.3.8.2a.  
Enter cell count limit:  Enter slop:  		Slop = 0
Starting time:  	Mon Jul 27 12:48:16 1998

Case 1:
rhs = 0.239099999999999979
2.000000000000000000	2.000000000000000000
2.000000000000000000	2.000000000000000000
2.000000000000000000	2.000000000000000000
2.000000000000000000	2.510000000000000231
2.000000000000000000	2.510000000000000231
2.509999999999999787	4.678000000000000824

cellcount    =            44975		maxdepth = 13
partialpushes=                0
largecut     =            12462		discards     =                0
smallcut     =            12653		verifycount  =            14236
partialcount =                0		diff         =             5624
Verification succeeded.

2.000000000000000000	2.510000000000000231
2.000000000000000000	2.000000000000000000
2.000000000000000000	2.168000000000000149
2.000000000000000000	2.510000000000000231
2.000000000000000000	2.000000000000000000
2.509999999999999787	4.678000000000000824

cellcount    =          4212119		maxdepth = 15
partialpushes=                0
largecut     =          1048691		discards     =                0
smallcut     =          1060518		verifycount  =          1839637
partialcount =                0		diff         =           263273
Verification succeeded.

2.000000000000000000	2.510000000000000231
2.000000000000000000	2.168000000000000149
2.000000000000000000	2.000000000000000000
2.000000000000000000	2.510000000000000231
2.000000000000000000	2.510000000000000231
2.509999999999999787	2.509999999999999787

cellcount    =          3827097		maxdepth = 13
partialpushes=                0
largecut     =           955540		discards     =                0
smallcut     =           961241		verifycount  =          1671118
partialcount =                0		diff         =           239198
Verification succeeded.

2.000000000000000000	2.510000000000000231
2.000000000000000000	2.168000000000000149
2.000000000000000000	2.168000000000000149
2.000000000000000000	2.000000000000000000
2.000000000000000000	2.510000000000000231
2.509999999999999787	2.509999999999999787

cellcount    =             4085		maxdepth = 7
partialpushes=                0
largecut     =               28		discards     =                0
smallcut     =             3539		verifycount  =              259
partialcount =                0		diff         =              259
Verification succeeded.

2.000000000000000000	2.510000000000000231
2.000000000000000000	2.168000000000000149
2.000000000000000000	2.168000000000000149
2.000000000000000000	2.510000000000000231
2.000000000000000000	2.000000000000000000
2.509999999999999787	2.509999999999999787

cellcount    =          2559621		maxdepth = 13
partialpushes=                0
largecut     =           639524		discards     =                0
smallcut     =           640665		verifycount  =          1119452
partialcount =                0		diff         =           159980
Verification succeeded.

2.000000000000000000	2.000000000000000000
2.000000000000000000	2.168000000000000149
2.000000000000000000	2.168000000000000149
2.000000000000000000	2.000000000000000000
2.000000000000000000	2.510000000000000231
2.509999999999999787	4.678000000000000824

cellcount    =              395		maxdepth = 6
partialpushes=                0
largecut     =                0		discards     =                0
smallcut     =              361		verifycount  =                0
partialcount =                0		diff         =               34
Verification succeeded.

2.000000000000000000	2.510000000000000231
2.000000000000000000	2.168000000000000149
2.000000000000000000	2.168000000000000149
2.000000000000000000	2.000000000000000000
2.000000000000000000	2.000000000000000000
2.509999999999999787	4.678000000000000824

cellcount    =             2263		maxdepth = 9
partialpushes=                0
largecut     =               55		discards     =                1
smallcut     =             1892		verifycount  =              162
partialcount =                0		diff         =              154
Verification succeeded.

Case 2:
rhs = 0.137599999999999972
2.000000000000000000	2.000000000000000000
2.000000000000000000	2.000000000000000000
2.000000000000000000	2.000000000000000000
2.000000000000000000	2.510000000000000231
2.509999999999999787	2.510000000000000231
2.509999999999999787	4.678000000000000824

cellcount    =              935		maxdepth = 18
partialpushes=                0
largecut     =              227		discards     =                0
smallcut     =              245		verifycount  =              228
partialcount =                0		diff         =              235
Verification succeeded.

2.000000000000000000	2.510000000000000231
2.000000000000000000	2.000000000000000000
2.000000000000000000	2.168000000000000149
2.000000000000000000	2.510000000000000231
2.509999999999999787	2.509999999999999787
2.509999999999999787	4.678000000000000824

cellcount    =          5724895		maxdepth = 19
partialpushes=                0
largecut     =          1419392		discards     =                1
smallcut     =          1454976		verifycount  =          2492701
partialcount =                0		diff         =           357826
Verification succeeded.

2.000000000000000000	2.510000000000000231
2.000000000000000000	2.168000000000000149
2.000000000000000000	2.000000000000000000
2.000000000000000000	2.510000000000000231
2.509999999999999787	2.510000000000000231
2.509999999999999787	2.509999999999999787

cellcount    =           118917		maxdepth = 17
partialpushes=                0
largecut     =            29583		discards     =                0
smallcut     =            30024		verifycount  =            44443
partialcount =                0		diff         =            14867
Verification succeeded.

2.000000000000000000	2.510000000000000231
2.000000000000000000	2.168000000000000149
2.000000000000000000	2.168000000000000149
2.000000000000000000	2.000000000000000000
2.509999999999999787	2.510000000000000231
2.509999999999999787	2.509999999999999787

cellcount    =               55		maxdepth = 4
partialpushes=                0
largecut     =                0		discards     =                0
smallcut     =               46		verifycount  =                0
partialcount =                0		diff         =                9
Verification succeeded.

2.000000000000000000	2.510000000000000231
2.000000000000000000	2.168000000000000149
2.000000000000000000	2.168000000000000149
2.000000000000000000	2.510000000000000231
2.509999999999999787	2.509999999999999787
2.509999999999999787	2.509999999999999787

cellcount    =          9919157		maxdepth = 18
partialpushes=                0
largecut     =          2458751		discards     =                0
smallcut     =          2503609		verifycount  =          4336846
partialcount =                0		diff         =           619951
Verification succeeded.

2.000000000000000000	2.000000000000000000
2.000000000000000000	2.168000000000000149
2.000000000000000000	2.168000000000000149
2.000000000000000000	2.000000000000000000
2.509999999999999787	2.510000000000000231
2.509999999999999787	4.678000000000000824

cellcount    =               59		maxdepth = 5
partialpushes=                0
largecut     =                0		discards     =                0
smallcut     =               45		verifycount  =                0
partialcount =                0		diff         =               14
Verification succeeded.

2.000000000000000000	2.510000000000000231
2.000000000000000000	2.168000000000000149
2.000000000000000000	2.168000000000000149
2.000000000000000000	2.000000000000000000
2.509999999999999787	2.509999999999999787
2.509999999999999787	4.678000000000000824

cellcount    =             1527		maxdepth = 6
partialpushes=                0
largecut     =                0		discards     =                0
smallcut     =             1417		verifycount  =                0
partialcount =                0		diff         =              110
Verification succeeded.

Case 3:
rhs = 0.265999999999999959
2.000000000000000000	2.000000000000000000
2.000000000000000000	2.000000000000000000
2.000000000000000000	2.000000000000000000
2.509999999999999787	2.828427124746190291
2.000000000000000000	2.510000000000000231
2.509999999999999787	4.678000000000000824

cellcount    =              415		maxdepth = 5
partialpushes=                0
largecut     =              152		discards     =                0
smallcut     =              120		verifycount  =               87
partialcount =                0		diff         =               56
Verification succeeded.

2.000000000000000000	2.510000000000000231
2.000000000000000000	2.000000000000000000
2.000000000000000000	2.168000000000000149
2.509999999999999787	2.828427124746190291
2.000000000000000000	2.000000000000000000
2.509999999999999787	4.678000000000000824

cellcount    =            10183		maxdepth = 7
partialpushes=                0
largecut     =             2697		discards     =                2
smallcut     =             4185		verifycount  =             2650
partialcount =                0		diff         =              651
Verification succeeded.

2.000000000000000000	2.510000000000000231
2.000000000000000000	2.168000000000000149
2.000000000000000000	2.000000000000000000
2.509999999999999787	2.828427124746190291
2.000000000000000000	2.510000000000000231
2.509999999999999787	2.509999999999999787

cellcount    =              309		maxdepth = 3
partialpushes=                0
largecut     =              287		discards     =                0
smallcut     =                0		verifycount  =                0
partialcount =                0		diff         =               22
Verification succeeded.

2.000000000000000000	2.510000000000000231
2.000000000000000000	2.168000000000000149
2.000000000000000000	2.168000000000000149
2.509999999999999787	2.509999999999999787
2.000000000000000000	2.510000000000000231
2.509999999999999787	2.509999999999999787

cellcount    =              549		maxdepth = 4
partialpushes=                0
largecut     =              510		discards     =                0
smallcut     =                0		verifycount  =                1
partialcount =                0		diff         =               38
Verification succeeded.

2.000000000000000000	2.510000000000000231
2.000000000000000000	2.168000000000000149
2.000000000000000000	2.168000000000000149
2.509999999999999787	2.828427124746190291
2.000000000000000000	2.000000000000000000
2.509999999999999787	2.509999999999999787

cellcount    =               59		maxdepth = 3
partialpushes=                0
largecut     =               53		discards     =                0
smallcut     =                0		verifycount  =                0
partialcount =                0		diff         =                6
Verification succeeded.

2.000000000000000000	2.000000000000000000
2.000000000000000000	2.168000000000000149
2.000000000000000000	2.168000000000000149
2.509999999999999787	2.509999999999999787
2.000000000000000000	2.510000000000000231
2.509999999999999787	4.678000000000000824

cellcount    =             5011		maxdepth = 7
partialpushes=                0
largecut     =             1533		discards     =                0
smallcut     =             1668		verifycount  =             1483
partialcount =                0		diff         =              327
Verification succeeded.

2.000000000000000000	2.510000000000000231
2.000000000000000000	2.168000000000000149
2.000000000000000000	2.168000000000000149
2.509999999999999787	2.509999999999999787
2.000000000000000000	2.000000000000000000
2.509999999999999787	4.678000000000000824

cellcount    =             5415		maxdepth = 7
partialpushes=                0
largecut     =              830		discards     =                0
smallcut     =             3071		verifycount  =             1161
partialcount =                0		diff         =              353
Verification succeeded.

Case 4:
rhs = 0.119999999999999996
2.000000000000000000	2.000000000000000000
2.000000000000000000	2.000000000000000000
2.000000000000000000	2.000000000000000000
2.509999999999999787	2.828427124746190291
2.509999999999999787	2.510000000000000231
2.509999999999999787	4.678000000000000824

cellcount    =               63		maxdepth = 5
partialpushes=                0
largecut     =               22		discards     =                3
smallcut     =               10		verifycount  =                9
partialcount =                0		diff         =               22
Verification succeeded.

2.000000000000000000	2.510000000000000231
2.000000000000000000	2.000000000000000000
2.000000000000000000	2.168000000000000149
2.509999999999999787	2.828427124746190291
2.509999999999999787	2.509999999999999787
2.509999999999999787	4.678000000000000824

cellcount    =            31399		maxdepth = 7
partialpushes=                0
largecut     =             4643		discards     =                8
smallcut     =            15321		verifycount  =             9451
partialcount =                0		diff         =             1984
Verification succeeded.

2.000000000000000000	2.510000000000000231
2.000000000000000000	2.168000000000000149
2.000000000000000000	2.000000000000000000
2.509999999999999787	2.828427124746190291
2.509999999999999787	2.510000000000000231
2.509999999999999787	2.509999999999999787

cellcount    =               43		maxdepth = 3
partialpushes=                0
largecut     =               36		discards     =                0
smallcut     =                0		verifycount  =                0
partialcount =                0		diff         =                7
Verification succeeded.

2.000000000000000000	2.510000000000000231
2.000000000000000000	2.168000000000000149
2.000000000000000000	2.168000000000000149
2.509999999999999787	2.509999999999999787
2.509999999999999787	2.510000000000000231
2.509999999999999787	2.509999999999999787

cellcount    =               47		maxdepth = 4
partialpushes=                0
largecut     =               39		discards     =                0
smallcut     =                0		verifycount  =                0
partialcount =                0		diff         =                8
Verification succeeded.

2.000000000000000000	2.510000000000000231
2.000000000000000000	2.168000000000000149
2.000000000000000000	2.168000000000000149
2.509999999999999787	2.828427124746190291
2.509999999999999787	2.509999999999999787
2.509999999999999787	2.509999999999999787

cellcount    =              123		maxdepth = 4
partialpushes=                0
largecut     =              113		discards     =                0
smallcut     =                0		verifycount  =                0
partialcount =                0		diff         =               10
Verification succeeded.

2.000000000000000000	2.000000000000000000
2.000000000000000000	2.168000000000000149
2.000000000000000000	2.168000000000000149
2.509999999999999787	2.509999999999999787
2.509999999999999787	2.510000000000000231
2.509999999999999787	4.678000000000000824

cellcount    =              355		maxdepth = 7
partialpushes=                0
largecut     =               55		discards     =                1
smallcut     =              177		verifycount  =               68
partialcount =                0		diff         =               55
Verification succeeded.

2.000000000000000000	2.510000000000000231
2.000000000000000000	2.168000000000000149
2.000000000000000000	2.168000000000000149
2.509999999999999787	2.509999999999999787
2.509999999999999787	2.509999999999999787
2.509999999999999787	4.678000000000000824

cellcount    =            14527		maxdepth = 7
partialpushes=                0
largecut     =             3034		discards     =                2
smallcut     =             7458		verifycount  =             3109
partialcount =                0		diff         =              926
Verification succeeded.

Case 5:
rhs = 0.145299999999999985
2.000000000000000000	2.000000000000000000
2.000000000000000000	2.000000000000000000
2.000000000000000000	2.000000000000000000
2.000000000000000000	2.510000000000000231
2.509999999999999787	3.488000000000000433
2.509999999999999787	2.510000000000000231

cellcount    =               19		maxdepth = 3
partialpushes=                0
largecut     =               14		discards     =                0
smallcut     =                0		verifycount  =                0
partialcount =                0		diff         =                5
Verification succeeded.

2.000000000000000000	2.510000000000000231
2.000000000000000000	2.000000000000000000
2.000000000000000000	2.168000000000000149
2.000000000000000000	2.510000000000000231
2.509999999999999787	2.509999999999999787
2.509999999999999787	2.510000000000000231

cellcount    =                5		maxdepth = 1
partialpushes=                0
largecut     =                4		discards     =                0
smallcut     =                0		verifycount  =                0
partialcount =                0		diff         =                1
Verification succeeded.

2.000000000000000000	2.510000000000000231
2.000000000000000000	2.168000000000000149
2.000000000000000000	2.000000000000000000
2.000000000000000000	2.510000000000000231
2.509999999999999787	3.488000000000000433
2.509999999999999787	2.509999999999999787

cellcount    =              163		maxdepth = 4
partialpushes=                0
largecut     =              143		discards     =                0
smallcut     =                0		verifycount  =                0
partialcount =                0		diff         =               20
Verification succeeded.

2.000000000000000000	2.510000000000000231
2.000000000000000000	2.168000000000000149
2.000000000000000000	2.168000000000000149
2.000000000000000000	2.000000000000000000
2.509999999999999787	3.488000000000000433
2.509999999999999787	2.509999999999999787

cellcount    =              555		maxdepth = 5
partialpushes=                0
largecut     =              512		discards     =                0
smallcut     =                0		verifycount  =                0
partialcount =                0		diff         =               43
Verification succeeded.

2.000000000000000000	2.510000000000000231
2.000000000000000000	2.168000000000000149
2.000000000000000000	2.168000000000000149
2.000000000000000000	2.510000000000000231
2.509999999999999787	2.509999999999999787
2.509999999999999787	2.509999999999999787

cellcount    =                5		maxdepth = 1
partialpushes=                0
largecut     =                4		discards     =                0
smallcut     =                0		verifycount  =                0
partialcount =                0		diff         =                1
Verification succeeded.

2.000000000000000000	2.000000000000000000
2.000000000000000000	2.168000000000000149
2.000000000000000000	2.168000000000000149
2.000000000000000000	2.000000000000000000
2.509999999999999787	3.488000000000000433
2.509999999999999787	2.510000000000000231

cellcount    =               63		maxdepth = 4
partialpushes=                0
largecut     =               50		discards     =                0
smallcut     =                0		verifycount  =                0
partialcount =                0		diff         =               13
Verification succeeded.

2.000000000000000000	2.510000000000000231
2.000000000000000000	2.168000000000000149
2.000000000000000000	2.168000000000000149
2.000000000000000000	2.000000000000000000
2.509999999999999787	2.509999999999999787
2.509999999999999787	2.510000000000000231

cellcount    =                3		maxdepth = 1
partialpushes=                0
largecut     =                2		discards     =                0
smallcut     =                0		verifycount  =                0
partialcount =                0		diff         =                1
Verification succeeded.

All verifications succeeded.

Done.
Ending time:    	Mon Jul 27 13:09:43 1998

Elapsed time: 1287 seconds,		diff = 1277.64
26485411 cells considered,		20579.2 cells per second


