Welcome to sphere packing routines, relation testing division.
Welcome to Section A.3.8.2.  
Enter cell count limit:  Enter slop:  		Slop = 0
Starting time:  	Mon Jul 27 12:46:06 1998

Case 1:
rhs = 0.239099999999999979
2.000000000000000000	2.000000000000000000
2.000000000000000000	2.000000000000000000
2.000000000000000000	2.000000000000000000
2.000000000000000000	2.510000000000000231
2.000000000000000000	2.510000000000000231
2.509999999999999787	4.678000000000000824

cellcount    =             1078		maxdepth = 9
partialpushes=               52
largecut     =                0		discards     =                0
smallcut     =              402		verifycount  =              212
partialcount =              282		diff         =              182
Verification succeeded.

2.000000000000000000	2.510000000000000231
2.000000000000000000	2.000000000000000000
2.000000000000000000	2.168000000000000149
2.000000000000000000	2.510000000000000231
2.000000000000000000	2.000000000000000000
2.509999999999999787	4.678000000000000824

cellcount    =            35909		maxdepth = 10
partialpushes=             1003
largecut     =                0		discards     =                0
smallcut     =            10425		verifycount  =            18095
partialcount =             4365		diff         =             3024
Verification succeeded.

2.000000000000000000	2.510000000000000231
2.000000000000000000	2.168000000000000149
2.000000000000000000	2.000000000000000000
2.000000000000000000	2.510000000000000231
2.000000000000000000	2.510000000000000231
2.509999999999999787	2.509999999999999787

cellcount    =            52017		maxdepth = 8
partialpushes=             2860
largecut     =                0		discards     =                0
smallcut     =             5588		verifycount  =            34068
partialcount =             8447		diff         =             3914
Verification succeeded.

2.000000000000000000	2.510000000000000231
2.000000000000000000	2.168000000000000149
2.000000000000000000	2.168000000000000149
2.000000000000000000	2.000000000000000000
2.000000000000000000	2.510000000000000231
2.509999999999999787	2.509999999999999787

cellcount    =             4070		maxdepth = 7
partialpushes=               10
largecut     =                0		discards     =                0
smallcut     =             3539		verifycount  =              267
partialcount =                5		diff         =              259
Verification succeeded.

2.000000000000000000	2.510000000000000231
2.000000000000000000	2.168000000000000149
2.000000000000000000	2.168000000000000149
2.000000000000000000	2.510000000000000231
2.000000000000000000	2.000000000000000000
2.509999999999999787	2.509999999999999787

cellcount    =            95949		maxdepth = 8
partialpushes=             3506
largecut     =                0		discards     =                0
smallcut     =             3502		verifycount  =            73802
partialcount =            12196		diff         =             6449
Verification succeeded.

2.000000000000000000	2.000000000000000000
2.000000000000000000	2.168000000000000149
2.000000000000000000	2.168000000000000149
2.000000000000000000	2.000000000000000000
2.000000000000000000	2.510000000000000231
2.509999999999999787	4.678000000000000824

cellcount    =              395		maxdepth = 6
partialpushes=                0
largecut     =                0		discards     =                0
smallcut     =              361		verifycount  =                0
partialcount =                0		diff         =               34
Verification succeeded.

2.000000000000000000	2.510000000000000231
2.000000000000000000	2.168000000000000149
2.000000000000000000	2.168000000000000149
2.000000000000000000	2.000000000000000000
2.000000000000000000	2.000000000000000000
2.509999999999999787	4.678000000000000824

cellcount    =             1976		maxdepth = 9
partialpushes=               11
largecut     =                0		discards     =                1
smallcut     =             1790		verifycount  =               40
partialcount =                5		diff         =              141
Verification succeeded.

Case 2:
rhs = 0.137599999999999972
2.000000000000000000	2.000000000000000000
2.000000000000000000	2.000000000000000000
2.000000000000000000	2.000000000000000000
2.000000000000000000	2.510000000000000231
2.509999999999999787	2.510000000000000231
2.509999999999999787	4.678000000000000824

cellcount    =               93		maxdepth = 6
partialpushes=               25
largecut     =                0		discards     =                0
smallcut     =               30		verifycount  =               11
partialcount =               25		diff         =               27
Verification succeeded.

2.000000000000000000	2.510000000000000231
2.000000000000000000	2.000000000000000000
2.000000000000000000	2.168000000000000149
2.000000000000000000	2.510000000000000231
2.509999999999999787	2.509999999999999787
2.509999999999999787	4.678000000000000824

cellcount    =            32105		maxdepth = 8
partialpushes=              702
largecut     =                0		discards     =                1
smallcut     =            13952		verifycount  =            12850
partialcount =             3009		diff         =             2294
Verification succeeded.

2.000000000000000000	2.510000000000000231
2.000000000000000000	2.168000000000000149
2.000000000000000000	2.000000000000000000
2.000000000000000000	2.510000000000000231
2.509999999999999787	2.510000000000000231
2.509999999999999787	2.509999999999999787

cellcount    =             3813		maxdepth = 6
partialpushes=              514
largecut     =                0		discards     =                0
smallcut     =              375		verifycount  =             2423
partialcount =              468		diff         =              547
Verification succeeded.

2.000000000000000000	2.510000000000000231
2.000000000000000000	2.168000000000000149
2.000000000000000000	2.168000000000000149
2.000000000000000000	2.000000000000000000
2.509999999999999787	2.510000000000000231
2.509999999999999787	2.509999999999999787

cellcount    =               55		maxdepth = 4
partialpushes=                0
largecut     =                0		discards     =                0
smallcut     =               46		verifycount  =                0
partialcount =                0		diff         =                9
Verification succeeded.

2.000000000000000000	2.510000000000000231
2.000000000000000000	2.168000000000000149
2.000000000000000000	2.168000000000000149
2.000000000000000000	2.510000000000000231
2.509999999999999787	2.509999999999999787
2.509999999999999787	2.509999999999999787

cellcount    =            31741		maxdepth = 7
partialpushes=              810
largecut     =                0		discards     =                0
smallcut     =             3583		verifycount  =            23892
partialcount =             2007		diff         =             2259
Verification succeeded.

2.000000000000000000	2.000000000000000000
2.000000000000000000	2.168000000000000149
2.000000000000000000	2.168000000000000149
2.000000000000000000	2.000000000000000000
2.509999999999999787	2.510000000000000231
2.509999999999999787	4.678000000000000824

cellcount    =               59		maxdepth = 5
partialpushes=                0
largecut     =                0		discards     =                0
smallcut     =               45		verifycount  =                0
partialcount =                0		diff         =               14
Verification succeeded.

2.000000000000000000	2.510000000000000231
2.000000000000000000	2.168000000000000149
2.000000000000000000	2.168000000000000149
2.000000000000000000	2.000000000000000000
2.509999999999999787	2.509999999999999787
2.509999999999999787	4.678000000000000824

cellcount    =             1527		maxdepth = 6
partialpushes=                0
largecut     =                0		discards     =                0
smallcut     =             1417		verifycount  =                0
partialcount =                0		diff         =              110
Verification succeeded.

Case 3:
rhs = 0.265999999999999959
2.000000000000000000	2.000000000000000000
2.000000000000000000	2.000000000000000000
2.000000000000000000	2.000000000000000000
2.509999999999999787	2.828427124746190291
2.000000000000000000	2.510000000000000231
2.509999999999999787	4.678000000000000824

cellcount    =             1406		maxdepth = 7
partialpushes=               49
largecut     =                0		discards     =                0
smallcut     =              120		verifycount  =              965
partialcount =              126		diff         =              195
Verification succeeded.

2.000000000000000000	2.510000000000000231
2.000000000000000000	2.000000000000000000
2.000000000000000000	2.168000000000000149
2.509999999999999787	2.828427124746190291
2.000000000000000000	2.000000000000000000
2.509999999999999787	4.678000000000000824

cellcount    =            24919		maxdepth = 9
partialpushes=              619
largecut     =                0		discards     =                2
smallcut     =             4185		verifycount  =            16391
partialcount =             2411		diff         =             1932
Verification succeeded.

2.000000000000000000	2.510000000000000231
2.000000000000000000	2.168000000000000149
2.000000000000000000	2.000000000000000000
2.509999999999999787	2.828427124746190291
2.000000000000000000	2.510000000000000231
2.509999999999999787	2.509999999999999787

cellcount    =            27989		maxdepth = 7
partialpushes=             1085
largecut     =                0		discards     =                0
smallcut     =                0		verifycount  =            22983
partialcount =             3043		diff         =             1963
Verification succeeded.

2.000000000000000000	2.510000000000000231
2.000000000000000000	2.168000000000000149
2.000000000000000000	2.168000000000000149
2.509999999999999787	2.509999999999999787
2.000000000000000000	2.510000000000000231
2.509999999999999787	2.509999999999999787

cellcount    =             5729		maxdepth = 6
partialpushes=               65
largecut     =                0		discards     =                0
smallcut     =                0		verifycount  =             5279
partialcount =               76		diff         =              374
Verification succeeded.

2.000000000000000000	2.510000000000000231
2.000000000000000000	2.168000000000000149
2.000000000000000000	2.168000000000000149
2.509999999999999787	2.828427124746190291
2.000000000000000000	2.000000000000000000
2.509999999999999787	2.509999999999999787

cellcount    =            30049		maxdepth = 7
partialpushes=             1316
largecut     =                0		discards     =                0
smallcut     =                0		verifycount  =            25586
partialcount =             2165		diff         =             2298
Verification succeeded.

2.000000000000000000	2.000000000000000000
2.000000000000000000	2.168000000000000149
2.000000000000000000	2.168000000000000149
2.509999999999999787	2.509999999999999787
2.000000000000000000	2.510000000000000231
2.509999999999999787	4.678000000000000824

cellcount    =             7212		maxdepth = 8
partialpushes=               50
largecut     =                0		discards     =                0
smallcut     =             1668		verifycount  =             4813
partialcount =              247		diff         =              484
Verification succeeded.

2.000000000000000000	2.510000000000000231
2.000000000000000000	2.168000000000000149
2.000000000000000000	2.168000000000000149
2.509999999999999787	2.509999999999999787
2.000000000000000000	2.000000000000000000
2.509999999999999787	4.678000000000000824

cellcount    =             9095		maxdepth = 8
partialpushes=               83
largecut     =                0		discards     =                0
smallcut     =             3071		verifycount  =             5098
partialcount =              305		diff         =              621
Verification succeeded.

Case 4:
rhs = 0.119999999999999996
2.000000000000000000	2.000000000000000000
2.000000000000000000	2.000000000000000000
2.000000000000000000	2.000000000000000000
2.509999999999999787	2.828427124746190291
2.509999999999999787	2.510000000000000231
2.509999999999999787	4.678000000000000824

cellcount    =              110		maxdepth = 7
partialpushes=               26
largecut     =                0		discards     =                3
smallcut     =               10		verifycount  =               40
partialcount =               23		diff         =               37
Verification succeeded.

2.000000000000000000	2.510000000000000231
2.000000000000000000	2.000000000000000000
2.000000000000000000	2.168000000000000149
2.509999999999999787	2.828427124746190291
2.509999999999999787	2.509999999999999787
2.509999999999999787	4.678000000000000824

cellcount    =            44576		maxdepth = 9
partialpushes=              971
largecut     =                0		discards     =                8
smallcut     =            15321		verifycount  =            23182
partialcount =             2949		diff         =             3124
Verification succeeded.

2.000000000000000000	2.510000000000000231
2.000000000000000000	2.168000000000000149
2.000000000000000000	2.000000000000000000
2.509999999999999787	2.828427124746190291
2.509999999999999787	2.510000000000000231
2.509999999999999787	2.509999999999999787

cellcount    =             3234		maxdepth = 7
partialpushes=              547
largecut     =                0		discards     =                0
smallcut     =                0		verifycount  =             2215
partialcount =              538		diff         =              481
Verification succeeded.

2.000000000000000000	2.510000000000000231
2.000000000000000000	2.168000000000000149
2.000000000000000000	2.168000000000000149
2.509999999999999787	2.509999999999999787
2.509999999999999787	2.510000000000000231
2.509999999999999787	2.509999999999999787

cellcount    =             1169		maxdepth = 6
partialpushes=              195
largecut     =                0		discards     =                0
smallcut     =                0		verifycount  =              879
partialcount =              122		diff         =              168
Verification succeeded.

2.000000000000000000	2.510000000000000231
2.000000000000000000	2.168000000000000149
2.000000000000000000	2.168000000000000149
2.509999999999999787	2.828427124746190291
2.509999999999999787	2.509999999999999787
2.509999999999999787	2.509999999999999787

cellcount    =            26450		maxdepth = 7
partialpushes=             1789
largecut     =                0		discards     =                0
smallcut     =                0		verifycount  =            20821
partialcount =             3676		diff         =             1953
Verification succeeded.

2.000000000000000000	2.000000000000000000
2.000000000000000000	2.168000000000000149
2.000000000000000000	2.168000000000000149
2.509999999999999787	2.509999999999999787
2.509999999999999787	2.510000000000000231
2.509999999999999787	4.678000000000000824

cellcount    =              680		maxdepth = 8
partialpushes=               94
largecut     =                0		discards     =                1
smallcut     =              177		verifycount  =              322
partialcount =               78		diff         =              103
Verification succeeded.

2.000000000000000000	2.510000000000000231
2.000000000000000000	2.168000000000000149
2.000000000000000000	2.168000000000000149
2.509999999999999787	2.509999999999999787
2.509999999999999787	2.509999999999999787
2.509999999999999787	4.678000000000000824

cellcount    =            17515		maxdepth = 8
partialpushes=              225
largecut     =                0		discards     =                2
smallcut     =             7458		verifycount  =             8061
partialcount =              809		diff         =             1187
Verification succeeded.

Case 5:
rhs = 0.145299999999999985
2.000000000000000000	2.000000000000000000
2.000000000000000000	2.000000000000000000
2.000000000000000000	2.000000000000000000
2.000000000000000000	2.510000000000000231
2.509999999999999787	3.488000000000000433
2.509999999999999787	2.510000000000000231

cellcount    =              166		maxdepth = 8
partialpushes=               17
largecut     =                0		discards     =                0
smallcut     =                0		verifycount  =               71
partialcount =               44		diff         =               51
Verification succeeded.

2.000000000000000000	2.510000000000000231
2.000000000000000000	2.000000000000000000
2.000000000000000000	2.168000000000000149
2.000000000000000000	2.510000000000000231
2.509999999999999787	2.509999999999999787
2.509999999999999787	2.510000000000000231

cellcount    =             4953		maxdepth = 8
partialpushes=              711
largecut     =                0		discards     =                0
smallcut     =                0		verifycount  =             3563
partialcount =              671		diff         =              719
Verification succeeded.

2.000000000000000000	2.510000000000000231
2.000000000000000000	2.168000000000000149
2.000000000000000000	2.000000000000000000
2.000000000000000000	2.510000000000000231
2.509999999999999787	3.488000000000000433
2.509999999999999787	2.509999999999999787

cellcount    =            72449		maxdepth = 9
partialpushes=              954
largecut     =                0		discards     =                0
smallcut     =                0		verifycount  =            63012
partialcount =             4525		diff         =             4912
Verification succeeded.

2.000000000000000000	2.510000000000000231
2.000000000000000000	2.168000000000000149
2.000000000000000000	2.168000000000000149
2.000000000000000000	2.000000000000000000
2.509999999999999787	3.488000000000000433
2.509999999999999787	2.509999999999999787

cellcount    =            45367		maxdepth = 8
partialpushes=              400
largecut     =                0		discards     =                0
smallcut     =                0		verifycount  =            40556
partialcount =             1853		diff         =             2958
Verification succeeded.

2.000000000000000000	2.510000000000000231
2.000000000000000000	2.168000000000000149
2.000000000000000000	2.168000000000000149
2.000000000000000000	2.510000000000000231
2.509999999999999787	2.509999999999999787
2.509999999999999787	2.509999999999999787

cellcount    =            45081		maxdepth = 8
partialpushes=             1212
largecut     =                0		discards     =                0
smallcut     =                0		verifycount  =            38506
partialcount =             3329		diff         =             3246
Verification succeeded.

2.000000000000000000	2.000000000000000000
2.000000000000000000	2.168000000000000149
2.000000000000000000	2.168000000000000149
2.000000000000000000	2.000000000000000000
2.509999999999999787	3.488000000000000433
2.509999999999999787	2.510000000000000231

cellcount    =             1552		maxdepth = 7
partialpushes=               40
largecut     =                0		discards     =                0
smallcut     =                0		verifycount  =             1227
partialcount =              116		diff         =              209
Verification succeeded.

2.000000000000000000	2.510000000000000231
2.000000000000000000	2.168000000000000149
2.000000000000000000	2.168000000000000149
2.000000000000000000	2.000000000000000000
2.509999999999999787	2.509999999999999787
2.509999999999999787	2.510000000000000231

cellcount    =             1319		maxdepth = 7
partialpushes=              202
largecut     =                0		discards     =                0
smallcut     =                0		verifycount  =              929
partialcount =              197		diff         =              193
Verification succeeded.

All verifications succeeded.

Done.
Ending time:    	Mon Jul 27 12:47:18 1998

Elapsed time: 72 seconds,		diff = 68.32
631807 cells considered,		8775.1 cells per second


