Welcome to sphere packing routines, relation testing division.
Welcome to Section A.4.4.1.  
Enter cell count limit:  Enter slop:  		Slop = 0
Starting time:  	Wed Jul 15 09:46:57 1998

Case 1:
rhs = 0.012299999999999998
2.000000000000000000	2.510000000000000231
2.000000000000000000	2.510000000000000231
2.000000000000000000	2.510000000000000231
2.000000000000000000	2.510000000000000231
2.509999999999999787	2.828427124746190291
2.000000000000000000	2.510000000000000231

cellcount    =        233377099		maxdepth = 10
partialpushes=          6872986
largecut     =                0		discards     =                0
smallcut     =                0		verifycount  =        180104946
partialcount =         49256729		diff         =          4015424
Verification succeeded.

Case 2:
rhs = -2.633630000000000138
2.000000000000000000	2.510000000000000231
2.000000000000000000	2.510000000000000231
2.000000000000000000	2.510000000000000231
2.000000000000000000	2.510000000000000231
2.509999999999999787	2.828427124746190291
2.000000000000000000	2.510000000000000231

cellcount    =         61537222		maxdepth = 12
partialpushes=          1599996
largecut     =                0		discards     =                0
smallcut     =                0		verifycount  =         50604664
partialcount =          9748647		diff         =          1183911
Verification succeeded.

Case 3:
rhs = -0.348200000000000010
2.000000000000000000	2.510000000000000231
2.000000000000000000	2.510000000000000231
2.000000000000000000	2.510000000000000231
2.509999999999999787	2.828427124746190291
2.000000000000000000	2.510000000000000231
2.000000000000000000	2.510000000000000231

cellcount    =         26714209		maxdepth = 7
partialpushes=           729132
largecut     =                0		discards     =                0
smallcut     =                0		verifycount  =         23208694
partialcount =          2859805		diff         =           645710
Verification succeeded.

Case 4:
rhs = -2.370950000000000113
2.000000000000000000	2.510000000000000231
2.000000000000000000	2.510000000000000231
2.000000000000000000	2.510000000000000231
2.509999999999999787	2.828427124746190291
2.000000000000000000	2.510000000000000231
2.000000000000000000	2.510000000000000231

Cell failed:
data        = [-2.52672169282651504	-2.36216713552885604]
y = 
2.270937500000000053	2.286875000000000213
2.191250000000000142	2.207187499999999858
2.191250000000000142	2.207187499999999858
2.728918648263005231	2.748820343559642332
2.191250000000000142	2.207187499999999858
2.111562499999999787	2.127499999999999947
partials = 
[-0.177831171091207829	0.062404485961410405]
[-0.126507439710046299	0.045145714807108828]
[-0.143716860617669140	0.020081812234630847]
[-0.259102746410480145	0.062237132119837391]
[-0.108738883856945689	0.071552628134120388]
[-0.134648771039459436	0.035338176335669158]
ynew = 
2.270937500000000053	2.286875000000000213
2.191250000000000142	2.207187499999999858
2.191250000000000142	2.207187499999999858
2.728918648263005231	2.748820343559642332
2.191250000000000142	2.207187499999999858
2.111562499999999787	2.127499999999999947
cellcount    =       1000000006		maxdepth = 11
partialpushes=          9202242
largecut     =                0		discards     =                0
smallcut     =                0		verifycount  =        796428951
partialcount =        186143647		diff         =         17427408
Verification FAILED.

One verification FAILED.

Done.
Ending time:    	Sat Jul 18 03:07:30 1998

Elapsed time: 235233 seconds,		diff = 656.588
1321628536 cells considered,		5618.38 cells per second


