Welcome to sphere packing routines, relation testing division.
Welcome to Section A.4.9.1.1.  
Enter cell count limit:  Enter slop:  		Slop = 0
Starting time:  	Tue Jul 14 11:04:28 1998

Case 1:
rhs = -4.885000000000000675
2.000000000000000000	2.510000000000000231
2.000000000000000000	2.510000000000000231
2.000000000000000000	2.510000000000000231
2.828427124746189847	5.020000000000000462
2.000000000000000000	2.510000000000000231
2.000000000000000000	2.510000000000000231

cellcount    =         77807895		maxdepth = 13
partialpushes=           938567
largecut     =                0		discards     =             1779
smallcut     =                0		verifycount  =         41464285
partialcount =         33499446		diff         =          2844164
Verification succeeded.

Case 2:
rhs = -2.472770000000000135
2.000000000000000000	2.510000000000000231
2.000000000000000000	2.510000000000000231
2.000000000000000000	2.510000000000000231
2.509999999999999787	2.828427124746190291
2.000000000000000000	2.510000000000000231
2.509999999999999787	2.828427124746190291

cellcount    =         63150179		maxdepth = 13
partialpushes=          1970467
largecut     =                0		discards     =                0
smallcut     =                0		verifycount  =         33906937
partialcount =         27556858		diff         =          1686384
Verification succeeded.

Case 3:
rhs = -4.455670000000000464
2.000000000000000000	2.510000000000000231
2.000000000000000000	2.510000000000000231
2.000000000000000000	2.510000000000000231
2.509999999999999787	5.020000000000000462
2.000000000000000000	2.510000000000000231
2.509999999999999787	2.828427124746190291

cellcount    =           957657		maxdepth = 11
partialpushes=            64987
largecut     =                0		discards     =               29
smallcut     =                0		verifycount  =           544943
partialcount =           373864		diff         =            38850
Verification succeeded.

Case 4:
rhs = -4.711070000000000313
2.000000000000000000	2.510000000000000231
2.000000000000000000	2.510000000000000231
2.000000000000000000	2.510000000000000231
2.828427124746189847	5.020000000000000462
2.000000000000000000	2.510000000000000231
2.509999999999999787	2.828427124746190291

cellcount    =          4034941		maxdepth = 13
partialpushes=           142127
largecut     =                0		discards     =              412
smallcut     =                0		verifycount  =          2311904
partialcount =          1559974		diff         =           163063
Verification succeeded.

Case 5:
rhs = -4.523450000000000415
2.000000000000000000	2.510000000000000231
2.000000000000000000	2.510000000000000231
2.000000000000000000	2.510000000000000231
2.828427124746189847	5.020000000000000462
2.000000000000000000	2.510000000000000231
2.509999999999999787	2.828427124746190291

cellcount    =          7524498		maxdepth = 13
partialpushes=           200650
largecut     =                0		discards     =              317
smallcut     =                0		verifycount  =          3844230
partialcount =          3407137		diff         =           273131
Verification succeeded.

Case 6:
rhs = -2.177000000000000046
2.000000000000000000	2.510000000000000231
2.000000000000000000	2.510000000000000231
2.000000000000000000	2.510000000000000231
2.000000000000000000	2.510000000000000231
2.509999999999999787	2.828427124746190291
2.509999999999999787	2.828427124746190291

cellcount    =         67635951		maxdepth = 11
partialpushes=          3705341
largecut     =                0		discards     =                0
smallcut     =                0		verifycount  =         30198300
partialcount =         35902095		diff         =          1535556
Verification succeeded.

Case 7:
rhs = -2.173820000000000086
2.000000000000000000	2.510000000000000231
2.000000000000000000	2.510000000000000231
2.000000000000000000	2.510000000000000231
2.509999999999999787	2.828427124746190291
2.509999999999999787	2.828427124746190291
2.509999999999999787	2.828427124746190291

Cell failed:
data        = [-2.27989206919223353	-2.11919835921068467]
y = 
2.286875000000000213	2.302812499999999929
2.031874999999999876	2.047812500000000036
2.000000000000000000	2.015937499999999716
2.529901695296636888	2.549803390593273544
2.549803390593273544	2.569705085889910201
2.669213562373094817	2.689115257669731918
partials = 
[-0.175880454750406590	0.001401736416396196]
[-0.210385871849626122	0.007360255464640475]
[-0.194253767829341950	0.031586438614727319]
[-0.227636481059764306	0.075857717580786743]
[-0.074305710522780982	0.020367038535141879]
[-0.035121861350684791	0.074893232112645453]
ynew = 
2.286875000000000213	2.302812499999999929
2.031874999999999876	2.047812500000000036
2.000000000000000000	2.015937499999999716
2.529901695296636888	2.549803390593273544
2.549803390593273544	2.569705085889910201
2.669213562373094817	2.689115257669731918
cellcount    =        100000010		maxdepth = 8
partialpushes=          2411970
largecut     =                0		discards     =                0
smallcut     =                0		verifycount  =         40716264
partialcount =         57386553		diff         =          1897193
Verification FAILED.

Case 8:
rhs = -3.725000000000000089
2.000000000000000000	2.510000000000000231
2.000000000000000000	2.510000000000000231
2.000000000000000000	2.510000000000000231
2.509999999999999787	5.020000000000000462
2.509999999999999787	2.828427124746190291
2.509999999999999787	2.828427124746190291

cellcount    =          3077932		maxdepth = 10
partialpushes=           135115
largecut     =                0		discards     =                1
smallcut     =                0		verifycount  =          1287799
partialcount =          1675396		diff         =           114737
Verification succeeded.

Case 9:
rhs = -3.927000000000000046
2.000000000000000000	2.510000000000000231
2.000000000000000000	2.510000000000000231
2.000000000000000000	2.510000000000000231
2.828427124746189847	5.020000000000000462
2.509999999999999787	2.828427124746190291
2.509999999999999787	2.828427124746190291

cellcount    =          8648017		maxdepth = 9
partialpushes=           129969
largecut     =                0		discards     =               27
smallcut     =                0		verifycount  =          5856114
partialcount =          2500587		diff         =           291316
Verification succeeded.

Case 10:
rhs = -2.829980000000000384
2.509999999999999787	2.828427124746190291
2.000000000000000000	2.510000000000000231
2.000000000000000000	2.510000000000000231
2.509999999999999787	2.828427124746190291
2.000000000000000000	2.510000000000000231
2.000000000000000000	2.510000000000000231

Cell failed:
data        = [-2.98201839779070621	-2.78171662107929851]
y = 
2.649311867076457716	2.669213562373094817
2.063749999999999751	2.079687499999999911
2.239062500000000178	2.254999999999999893
2.589606781186547302	2.609508476483184403
2.191250000000000142	2.207187499999999858
2.047812500000000036	2.063749999999999751
partials = 
[-0.307312361551860258	0.050625609672348360]
[-0.183651540762099219	0.063960258567515638]
[-0.161447475373710847	0.093897228840575386]
[-0.378614063733339168	0.064769658219563708]
[-0.160529292483454822	0.096183352704207414]
[-0.167369966470922504	0.089781884882121132]
ynew = 
2.649311867076457716	2.669213562373094817
2.063749999999999751	2.079687499999999911
2.239062500000000178	2.254999999999999893
2.589606781186547302	2.609508476483184403
2.191250000000000142	2.207187499999999858
2.047812500000000036	2.063749999999999751
cellcount    =        100000004		maxdepth = 19
partialpushes=          3523339
largecut     =                0		discards     =                0
smallcut     =                0		verifycount  =         22756738
partialcount =         75101469		diff         =          2141797
Verification FAILED.

Case 11:
rhs = -4.868100000000000094
2.509999999999999787	2.828427124746190291
2.000000000000000000	2.510000000000000231
2.000000000000000000	2.510000000000000231
2.509999999999999787	5.020000000000000462
2.000000000000000000	2.510000000000000231
2.000000000000000000	2.510000000000000231

cellcount    =         39577663		maxdepth = 21
partialpushes=           476898
largecut     =                0		discards     =              550
smallcut     =                0		verifycount  =         20608885
partialcount =         17258393		diff         =          1710385
Verification succeeded.

Case 12:
rhs = -5.162300000000000111
2.509999999999999787	2.828427124746190291
2.000000000000000000	2.510000000000000231
2.000000000000000000	2.510000000000000231
2.828427124746189847	5.020000000000000462
2.000000000000000000	2.510000000000000231
2.000000000000000000	2.510000000000000231

cellcount    =         90770415		maxdepth = 14
partialpushes=          1394818
largecut     =                0		discards     =              904
smallcut     =                0		verifycount  =         72795589
partialcount =         14824370		diff         =          3150456
Verification succeeded.

Case 13:
rhs = -3.978800000000000114
2.000000000000000000	2.510000000000000231
2.000000000000000000	2.510000000000000231
2.509999999999999787	2.828427124746190291
2.509999999999999787	5.020000000000000462
2.000000000000000000	2.510000000000000231
2.000000000000000000	2.510000000000000231

cellcount    =          1731994		maxdepth = 9
partialpushes=            37409
largecut     =                0		discards     =               29
smallcut     =                0		verifycount  =          1545183
partialcount =           129790		diff         =            57021
Verification succeeded.

Case 14:
rhs = -6.328200000000000713
2.000000000000000000	2.510000000000000231
2.000000000000000000	2.510000000000000231
2.509999999999999787	2.828427124746190291
2.000000000000000000	2.510000000000000231
2.000000000000000000	2.510000000000000231
2.509999999999999787	2.828427124746190291

cellcount    =          3505510		maxdepth = 16
partialpushes=           170280
largecut     =                0		discards     =                0
smallcut     =                0		verifycount  =          2704165
partialcount =           656897		diff         =           144448
Verification succeeded.

Case 15:
rhs = -4.857460000000000555
2.000000000000000000	2.510000000000000231
2.000000000000000000	2.510000000000000231
2.509999999999999787	2.828427124746190291
2.509999999999999787	5.338427124746190522
2.000000000000000000	2.510000000000000231
2.509999999999999787	2.828427124746190291

cellcount    =           849419		maxdepth = 9
partialpushes=            52166
largecut     =                0		discards     =               10
smallcut     =                0		verifycount  =           520221
partialcount =           299987		diff         =            29211
Verification succeeded.

(2) verifications FAILED.

Done.
Ending time:    	Tue Jul 14 19:00:50 1998

Elapsed time: 28582 seconds,		diff = -185.614
569272085 cells considered,		19917.2 cells per second


