Welcome to sphere packing routines, relation testing division.
Welcome to Section A.4.4.2.5.  
Enter cell count limit:  Enter slop:  		Slop = -1e-06
Starting time:  	Wed Jul  8 16:16:31 1998

Case 1:
	Gma scoring:
rhs = -0.287188279830392690
2.000000000000000000	2.179600000000000204
2.000000000000000000	2.510000000000000231
2.000000000000000000	2.471200000000000063
2.000000000000000000	2.510000000000000231
2.000000000000000000	2.471200000000000063
2.000000000000000000	2.510000000000000231

cellcount    =          1097569		maxdepth = 6
partialpushes=               14
largecut     =                0		discards     =                0
smallcut     =                0		verifycount  =          1080396
partialcount =                0		diff         =            17173
Verification succeeded.

		Boundary:
2.000000000000000000	2.179600000000000204
2.000000000000000000	2.510000000000000231
2.000000000000000000	2.471200000000000063
2.000000000000000000	2.510000000000000231
2.000000000000000000	2.471200000000000063
2.000000000000000000	2.510000000000000231

cellcount    =          1072033		maxdepth = 5
partialpushes=                0
largecut     =                0		discards     =                0
smallcut     =            67493		verifycount  =           987773
partialcount =                0		diff         =            16767
Verification succeeded.

Case 2:
	Gma scoring:
rhs = 0.065824599324881536
2.000000000000000000	2.179600000000000204
2.000000000000000000	2.471200000000000063
2.000000000000000000	2.471200000000000063
2.000000000000000000	2.510000000000000231
2.000000000000000000	2.471200000000000063
2.000000000000000000	2.471200000000000063

cellcount    =          2365057		maxdepth = 6
partialpushes=               71
largecut     =                0		discards     =                0
smallcut     =                0		verifycount  =          2328051
partialcount =                0		diff         =            37006
Verification succeeded.

		Boundary:
2.000000000000000000	2.179600000000000204
2.000000000000000000	2.471200000000000063
2.000000000000000000	2.471200000000000063
2.000000000000000000	2.510000000000000231
2.000000000000000000	2.471200000000000063
2.000000000000000000	2.471200000000000063

cellcount    =          2291617		maxdepth = 5
partialpushes=                0
largecut     =                0		discards     =                0
smallcut     =           479875		verifycount  =          1775919
partialcount =                0		diff         =            35823
Verification succeeded.

Case 3:
	Gma scoring:
rhs = -0.590675054259013455
2.000000000000000000	2.179600000000000204
2.000000000000000000	2.471200000000000063
2.000000000000000000	2.471200000000000063
2.000000000000000000	2.510000000000000231
2.000000000000000000	2.471200000000000063
2.000000000000000000	2.471200000000000063

cellcount    =           435393		maxdepth = 6
partialpushes=                1
largecut     =                0		discards     =                0
smallcut     =                0		verifycount  =           428573
partialcount =                0		diff         =             6820
Verification succeeded.

		Boundary:
2.000000000000000000	2.179600000000000204
2.000000000000000000	2.471200000000000063
2.000000000000000000	2.471200000000000063
2.000000000000000000	2.510000000000000231
2.000000000000000000	2.471200000000000063
2.000000000000000000	2.471200000000000063

cellcount    =           426593		maxdepth = 4
partialpushes=                0
largecut     =                0		discards     =                0
smallcut     =             2045		verifycount  =           417866
partialcount =                0		diff         =             6682
Verification succeeded.

Case 4:
	Gma scoring:
rhs = 0.002449969618607151
2.000000000000000000	2.179600000000000204
2.000000000000000000	2.471200000000000063
2.000000000000000000	2.510000000000000231
2.000000000000000000	2.510000000000000231
2.000000000000000000	2.510000000000000231
2.000000000000000000	2.471200000000000063

cellcount    =          2090369		maxdepth = 6
partialpushes=               49
largecut     =                0		discards     =                0
smallcut     =                0		verifycount  =          2057666
partialcount =                0		diff         =            32703
Verification succeeded.

		Boundary:
2.000000000000000000	2.179600000000000204
2.000000000000000000	2.471200000000000063
2.000000000000000000	2.510000000000000231
2.000000000000000000	2.510000000000000231
2.000000000000000000	2.510000000000000231
2.000000000000000000	2.471200000000000063

cellcount    =          2050849		maxdepth = 5
partialpushes=                0
largecut     =                0		discards     =                0
smallcut     =           330599		verifycount  =          1688189
partialcount =                0		diff         =            32061
Verification succeeded.

Case 5:
	Vor0 scoring:
rhs = -0.727543055423565121
2.000000000000000000	2.179600000000000204
2.000000000000000000	2.510000000000000231
2.000000000000000000	2.510000000000000231
2.509999999999999787	2.828427124746190291
2.000000000000000000	2.510000000000000231
2.000000000000000000	2.510000000000000231

cellcount    =         66316249		maxdepth = 7
partialpushes=          1436074
largecut     =                0		discards     =                0
smallcut     =                0		verifycount  =         56482119
partialcount =          8669736		diff         =          1164394
Verification succeeded.

All verifications succeeded.

Done.
Ending time:    	Wed Jul  8 22:26:17 1998

Elapsed time: 22186 seconds,		diff = 688.134
78145729 cells considered,		3522.3 cells per second


