Welcome to sphere packing routines, relation testing division.
Welcome to Section A.4.5.1.1.  
Enter cell count limit:  Enter slop:  		Slop = 0
Starting time:  	Tue Jul 14 15:39:26 1998

Case 1:
rhs = -1.824190000000000200
2.509999999999999787	2.828427124746190291
2.000000000000000000	2.510000000000000231
2.000000000000000000	2.510000000000000231
2.000000000000000000	2.510000000000000231
2.000000000000000000	2.510000000000000231
2.000000000000000000	2.510000000000000231

Cell failed:
data        = [-1.88912397971388191	-1.7916474014814836]
y = 
2.728918648263005231	2.738869495911323781
2.047812500000000036	2.055781249999999893
2.055781249999999893	2.063749999999999751
2.079687499999999911	2.087656250000000213
2.015937499999999716	2.023906249999999574
2.039843750000000178	2.047812500000000036
partials = 
[-0.011261871513855937	0.155503681728631160]
[-0.114133953085724216	0.016460523970706520]
[-0.105787174704784603	0.027150158839406746]
[-0.204641539553260032	0.021877113155129857]
[-0.110805641066383631	0.021267506968029926]
[-0.098701798921153827	0.036233051870251276]
ynew = 
2.728918648263005231	2.738869495911323781
2.047812500000000036	2.055781249999999893
2.055781249999999893	2.063749999999999751
2.079687499999999911	2.087656250000000213
2.015937499999999716	2.023906249999999574
2.039843750000000178	2.047812500000000036
cellcount    =        100000059		maxdepth = 9
partialpushes=            86909
largecut     =                0		discards     =                0
smallcut     =                0		verifycount  =         59674381
partialcount =         38734283		diff         =          1591395
Verification FAILED.

Case 2:
rhs = -0.752810000000000090
2.509999999999999787	2.828427124746190291
2.000000000000000000	2.510000000000000231
2.000000000000000000	2.510000000000000231
2.000000000000000000	2.510000000000000231
2.000000000000000000	2.510000000000000231
2.000000000000000000	2.510000000000000231

cellcount    =         39604740		maxdepth = 7
partialpushes=           909000
largecut     =                0		discards     =                0
smallcut     =                0		verifycount  =         35229777
partialcount =          3588272		diff         =           786691
Verification succeeded.

Case 3:
rhs = -2.548100000000000254
2.000000000000000000	2.510000000000000231
2.509999999999999787	2.828427124746190291
2.000000000000000000	2.510000000000000231
2.000000000000000000	2.510000000000000231
2.000000000000000000	2.510000000000000231
2.000000000000000000	2.510000000000000231

cellcount    =         69399524		maxdepth = 17
partialpushes=          1198168
largecut     =                0		discards     =                0
smallcut     =                0		verifycount  =         59336330
partialcount =          8537786		diff         =          1525408
Verification succeeded.

Case 4:
rhs = 0.342899999999999983
2.000000000000000000	2.510000000000000231
2.509999999999999787	2.828427124746190291
2.000000000000000000	2.510000000000000231
2.000000000000000000	2.510000000000000231
2.000000000000000000	2.510000000000000231
2.000000000000000000	2.510000000000000231

Cell failed:
data        = [0.203677526136702425	0.380072454144712024]
y = 
2.159374999999999822	2.175312499999999982
2.709016952966368574	2.728918648263005231
2.031874999999999876	2.047812500000000036
2.047812500000000036	2.063749999999999751
2.175312499999999982	2.191250000000000142
2.047812500000000036	2.063749999999999751
partials = 
[-0.230719012315697830	0.055283330812229303]
[-0.129508649693678701	0.145445862524529401]
[-0.100253344808052300	0.041821592095072635]
[-0.289518192720259027	0.052530650686218205]
[-0.240717904659850990	0.075967227212695665]
[-0.113701534715199282	0.056342407552497135]
ynew = 
2.159374999999999822	2.175312499999999982
2.709016952966368574	2.728918648263005231
2.031874999999999876	2.047812500000000036
2.047812500000000036	2.063749999999999751
2.175312499999999982	2.191250000000000142
2.047812500000000036	2.063749999999999751
cellcount    =        100000004		maxdepth = 15
partialpushes=          4808202
largecut     =                0		discards     =                0
smallcut     =                0		verifycount  =         57184211
partialcount =         41068912		diff         =          1746881
Verification FAILED.

(2) verifications FAILED.

Done.
Ending time:    	Tue Jul 14 20:26:56 1998

Elapsed time: 17250 seconds,		diff = 1368.63
309004327 cells considered,		17913.3 cells per second


