Welcome to sphere packing routines, relation testing division.
Welcome to Section A.4.4.1.  
Enter cell count limit:  Enter slop:  		Slop = 0
Starting time:  	Tue Jul 14 14:06:59 1998

Case 1:
rhs = 0.012299999999999998
2.000000000000000000	2.510000000000000231
2.000000000000000000	2.510000000000000231
2.000000000000000000	2.510000000000000231
2.000000000000000000	2.510000000000000231
2.509999999999999787	2.828427124746190291
2.000000000000000000	2.510000000000000231

Cell failed:
data        = [-0.510870059059022497	0.167560764485913394]
y = 
2.127499999999999947	2.191250000000000142
2.382500000000000284	2.446250000000000036
2.000000000000000000	2.063749999999999751
2.000000000000000000	2.063749999999999751
2.748820343559642332	2.828427124746190291
2.191250000000000142	2.254999999999999893
partials = 
[-1.017753902957436729	1.397392553561617179]
[-1.815518021486021816	0.103172046265010822]
[-0.285193474589718443	1.070104520263166492]
[-0.473516017894116903	1.297735918763817109]
[-1.497299598820412747	0.069325486343965223]
[-0.050040173090543372	0.874951081139692666]
ynew = 
2.127499999999999947	2.191250000000000142
2.382500000000000284	2.446250000000000036
2.000000000000000000	2.063749999999999751
2.000000000000000000	2.063749999999999751
2.748820343559642332	2.828427124746190291
2.191250000000000142	2.254999999999999893
cellcount    =        100000029		maxdepth = 10
partialpushes=          5025747
largecut     =                0		discards     =                0
smallcut     =                0		verifycount  =         60082409
partialcount =         38032426		diff         =          1885194
Verification FAILED.

Case 2:
rhs = -2.633630000000000138
2.000000000000000000	2.510000000000000231
2.000000000000000000	2.510000000000000231
2.000000000000000000	2.510000000000000231
2.000000000000000000	2.510000000000000231
2.509999999999999787	2.828427124746190291
2.000000000000000000	2.510000000000000231

cellcount    =         61537222		maxdepth = 12
partialpushes=          1599996
largecut     =                0		discards     =                0
smallcut     =                0		verifycount  =         50604664
partialcount =          9748647		diff         =          1183911
Verification succeeded.

Case 3:
rhs = -0.348200000000000010
2.000000000000000000	2.510000000000000231
2.000000000000000000	2.510000000000000231
2.000000000000000000	2.510000000000000231
2.509999999999999787	2.828427124746190291
2.000000000000000000	2.510000000000000231
2.000000000000000000	2.510000000000000231

cellcount    =         26714209		maxdepth = 7
partialpushes=           729132
largecut     =                0		discards     =                0
smallcut     =                0		verifycount  =         23208694
partialcount =          2859805		diff         =           645710
Verification succeeded.

Case 4:
rhs = -2.370950000000000113
2.000000000000000000	2.510000000000000231
2.000000000000000000	2.510000000000000231
2.000000000000000000	2.510000000000000231
2.509999999999999787	2.828427124746190291
2.000000000000000000	2.510000000000000231
2.000000000000000000	2.510000000000000231

Cell failed:
data        = [-2.51366242322496447	-2.34056141204218049]
y = 
2.063749999999999751	2.079687499999999911
2.000000000000000000	2.015937499999999716
2.175312499999999982	2.191250000000000142
2.768722038856279433	2.788623734152916533
2.191250000000000142	2.207187499999999858
2.063749999999999751	2.079687499999999911
partials = 
[-0.185991994697239482	0.088061610608772545]
[-0.128872353246967719	0.057382971176492381]
[-0.099410414014681814	0.097858187410088004]
[-0.306691353437903547	0.045829194418660180]
[-0.130324608289737021	0.050831256434873462]
[-0.131709225694675192	0.050988397938764474]
ynew = 
2.063749999999999751	2.079687499999999911
2.000000000000000000	2.015937499999999716
2.175312499999999982	2.191250000000000142
2.768722038856279433	2.788623734152916533
2.191250000000000142	2.207187499999999858
2.063749999999999751	2.079687499999999911
cellcount    =        100000032		maxdepth = 8
partialpushes=          2561613
largecut     =                0		discards     =                0
smallcut     =                0		verifycount  =         56171090
partialcount =         42178736		diff         =          1650206
Verification FAILED.

(2) verifications FAILED.

Done.
Ending time:    	Tue Jul 14 22:12:10 1998

Elapsed time: 29111 seconds,		diff = 408.578
288251492 cells considered,		9901.81 cells per second


