Welcome to sphere packing routines, relation testing division.
Welcome to Section A.4.5.1.1.  
Enter cell count limit:  Enter slop:  		Slop = 0
Starting time:  	Sat Jul 18 03:07:32 1998

Case 1:
rhs = -1.824190000000000200
2.509999999999999787	2.828427124746190291
2.000000000000000000	2.510000000000000231
2.000000000000000000	2.510000000000000231
2.000000000000000000	2.510000000000000231
2.000000000000000000	2.510000000000000231
2.000000000000000000	2.510000000000000231

Cell failed:
data        = [-1.82880773702862864	-1.82337271632508857]
y = 
2.817232421141832255	2.817854349119852220
2.020419921874999858	2.020917968749999627
2.010458984375000036	2.010957031249999805
2.000000000000000000	2.000000000000000000
2.023408203124999361	2.023906249999999574
2.025898437499999538	2.026396484374999751
partials = 
[-0.011347230706522882	0.000401697577747773]
[-0.003368900760108984	0.005971588443994924]
[-0.007793742786687263	0.001488636757421113]
[-0.142634955712161671	-0.127048050648267408]
[-0.007242099055229489	0.002042099375057282]
[-0.008312674627419747	0.000944400339817131]
ynew = 
2.817232421141832255	2.817854349119852220
2.020419921874999858	2.020917968749999627
2.010458984375000036	2.010957031249999805
2.000000000000000000	2.000000000000000000
2.023408203124999361	2.023906249999999574
2.025898437499999538	2.026396484374999751
cellcount    =       1000000030		maxdepth = 11
partialpushes=          3761641
largecut     =                0		discards     =                0
smallcut     =                0		verifycount  =        649638861
partialcount =        320451527		diff         =         29909642
Verification FAILED.

Case 2:
rhs = -0.752810000000000090
2.509999999999999787	2.828427124746190291
2.000000000000000000	2.510000000000000231
2.000000000000000000	2.510000000000000231
2.000000000000000000	2.510000000000000231
2.000000000000000000	2.510000000000000231
2.000000000000000000	2.510000000000000231

cellcount    =         39604740		maxdepth = 7
partialpushes=           909000
largecut     =                0		discards     =                0
smallcut     =                0		verifycount  =         35229777
partialcount =          3588272		diff         =           786691
Verification succeeded.

Case 3:
rhs = -2.548100000000000254
2.000000000000000000	2.510000000000000231
2.509999999999999787	2.828427124746190291
2.000000000000000000	2.510000000000000231
2.000000000000000000	2.510000000000000231
2.000000000000000000	2.510000000000000231
2.000000000000000000	2.510000000000000231

cellcount    =         69399524		maxdepth = 17
partialpushes=          1198168
largecut     =                0		discards     =                0
smallcut     =                0		verifycount  =         59336330
partialcount =          8537786		diff         =          1525408
Verification succeeded.

Case 4:
rhs = 0.342899999999999983
2.000000000000000000	2.510000000000000231
2.509999999999999787	2.828427124746190291
2.000000000000000000	2.510000000000000231
2.000000000000000000	2.510000000000000231
2.000000000000000000	2.510000000000000231
2.000000000000000000	2.510000000000000231

cellcount    =        470300909		maxdepth = 15
partialpushes=         10055241
largecut     =                0		discards     =                0
smallcut     =                0		verifycount  =        378443247
partialcount =         83554721		diff         =          8302941
Verification succeeded.

One verification FAILED.

Done.
Ending time:    	Sun Jul 19 06:58:10 1998

Elapsed time: 100238 seconds,		diff = -1291.25
1579305203 cells considered,		15755.6 cells per second


