Welcome to sphere packing routines, relation testing division.
Welcome to Section A.4.4.2.1.  
Enter cell count limit:  Enter slop:  		Slop = -1e-06
Starting time:  	Wed Jul  8 09:47:24 1998

Case 1:
	Gma scoring:
rhs = -0.305526741795344947
2.000000000000000000	2.179600000000000204
2.000000000000000000	2.254999999999999893
2.000000000000000000	2.470514593588860830
2.000000000000000000	2.510000000000000231
2.000000000000000000	2.470514593588860830
2.000000000000000000	2.254999999999999893

cellcount    =          1523820		maxdepth = 9
partialpushes=             3235
largecut     =                0		discards     =                0
smallcut     =                0		verifycount  =          1498340
partialcount =               54		diff         =            25426
Verification succeeded.

		Boundary:
2.000000000000000000	2.179600000000000204
2.000000000000000000	2.254999999999999893
2.000000000000000000	2.470514593588860830
2.000000000000000000	2.510000000000000231
2.000000000000000000	2.470514593588860830
2.000000000000000000	2.254999999999999893

cellcount    =          1385673		maxdepth = 6
partialpushes=                0
largecut     =                0		discards     =                0
smallcut     =           846051		verifycount  =           517966
partialcount =                0		diff         =            21656
Verification succeeded.

Case 2:
	Gma scoring:
rhs = -0.450267861876481545
2.000000000000000000	2.179600000000000204
2.000000000000000000	2.470514593588860830
2.000000000000000000	2.470514593588860830
2.000000000000000000	2.510000000000000231
2.000000000000000000	2.470514593588860830
2.000000000000000000	2.470514593588860830

cellcount    =          2093052		maxdepth = 8
partialpushes=              788
largecut     =                0		discards     =                0
smallcut     =                0		verifycount  =          2059950
partialcount =               10		diff         =            33092
Verification succeeded.

		Boundary:
2.000000000000000000	2.179600000000000204
2.000000000000000000	2.470514593588860830
2.000000000000000000	2.470514593588860830
2.000000000000000000	2.510000000000000231
2.000000000000000000	2.470514593588860830
2.000000000000000000	2.470514593588860830

cellcount    =          2007073		maxdepth = 6
partialpushes=                0
largecut     =                0		discards     =                0
smallcut     =           509047		verifycount  =          1466649
partialcount =                0		diff         =            31377
Verification succeeded.

Case 3:
	Gma scoring:
rhs = -0.450267861876481545
2.000000000000000000	2.179600000000000204
2.000000000000000000	2.470514593588860830
2.000000000000000000	2.470514593588860830
2.000000000000000000	2.510000000000000231
2.000000000000000000	2.470514593588860830
2.000000000000000000	2.470514593588860830

cellcount    =          2093052		maxdepth = 8
partialpushes=              788
largecut     =                0		discards     =                0
smallcut     =                0		verifycount  =          2059950
partialcount =               10		diff         =            33092
Verification succeeded.

		Boundary:
2.000000000000000000	2.179600000000000204
2.000000000000000000	2.470514593588860830
2.000000000000000000	2.470514593588860830
2.000000000000000000	2.510000000000000231
2.000000000000000000	2.470514593588860830
2.000000000000000000	2.470514593588860830

cellcount    =          2007073		maxdepth = 6
partialpushes=                0
largecut     =                0		discards     =                0
smallcut     =           509047		verifycount  =          1466649
partialcount =                0		diff         =            31377
Verification succeeded.

Case 4:
	Gma scoring:
rhs = -0.305526741795344947
2.000000000000000000	2.179600000000000204
2.000000000000000000	2.470514593588860830
2.000000000000000000	2.254999999999999893
2.000000000000000000	2.510000000000000231
2.000000000000000000	2.254999999999999893
2.000000000000000000	2.470514593588860830

cellcount    =          1523820		maxdepth = 9
partialpushes=             3235
largecut     =                0		discards     =                0
smallcut     =                0		verifycount  =          1498340
partialcount =               54		diff         =            25426
Verification succeeded.

		Boundary:
2.000000000000000000	2.179600000000000204
2.000000000000000000	2.470514593588860830
2.000000000000000000	2.254999999999999893
2.000000000000000000	2.510000000000000231
2.000000000000000000	2.254999999999999893
2.000000000000000000	2.470514593588860830

cellcount    =          1385673		maxdepth = 6
partialpushes=                0
largecut     =                0		discards     =                0
smallcut     =           846051		verifycount  =           517966
partialcount =                0		diff         =            21656
Verification succeeded.

Case 5:
	Gma scoring:
rhs = -0.951843227888096499
2.000000000000000000	2.179600000000000204
2.000000000000000000	2.254999999999999893
2.000000000000000000	2.254999999999999893
2.509999999999999787	2.828427124746190291
2.000000000000000000	2.254999999999999893
2.000000000000000000	2.254999999999999893

cellcount    =           317682		maxdepth = 7
partialpushes=              286
largecut     =                0		discards     =                0
smallcut     =                0		verifycount  =           312571
partialcount =                1		diff         =             5110
Verification succeeded.

Case 6:
	Gma scoring:
rhs = 0.168595960864333927
2.000000000000000000	2.179600000000000204
2.254999999999999893	2.510000000000000231
2.000000000000000000	2.470514593588860830
2.000000000000000000	2.510000000000000231
2.000000000000000000	2.470514593588860830
2.000000000000000000	2.254999999999999893

cellcount    =          2461599		maxdepth = 9
partialpushes=             7574
largecut     =                0		discards     =                0
smallcut     =                0		verifycount  =          2418496
partialcount =              783		diff         =            42320
Verification succeeded.

		Boundary:
2.000000000000000000	2.179600000000000204
2.254999999999999893	2.510000000000000231
2.000000000000000000	2.470514593588860830
2.000000000000000000	2.510000000000000231
2.000000000000000000	2.470514593588860830
2.000000000000000000	2.254999999999999893

cellcount    =          2284297		maxdepth = 6
partialpushes=                0
largecut     =                0		discards     =                0
smallcut     =          1271305		verifycount  =           977295
partialcount =                0		diff         =            35697
Verification succeeded.

Case 7:
	Gma scoring:
rhs = -0.716002271489534992
2.000000000000000000	2.179600000000000204
2.000000000000000000	2.470514593588860830
2.000000000000000000	2.470514593588860830
2.000000000000000000	2.510000000000000231
2.000000000000000000	2.470514593588860830
2.000000000000000000	2.470514593588860830

cellcount    =           436034		maxdepth = 7
partialpushes=               33
largecut     =                0		discards     =                0
smallcut     =                0		verifycount  =           429189
partialcount =                3		diff         =             6842
Verification succeeded.

		Boundary:
2.000000000000000000	2.179600000000000204
2.000000000000000000	2.470514593588860830
2.000000000000000000	2.470514593588860830
2.000000000000000000	2.510000000000000231
2.000000000000000000	2.470514593588860830
2.000000000000000000	2.470514593588860830

cellcount    =           418337		maxdepth = 5
partialpushes=                0
largecut     =                0		discards     =                0
smallcut     =             2223		verifycount  =           409561
partialcount =                0		diff         =             6553
Verification succeeded.

Case 8:
	Gma scoring:
rhs = 0.031914714631967975
2.000000000000000000	2.179600000000000204
2.000000000000000000	2.470514593588860830
2.000000000000000000	2.470514593588860830
2.000000000000000000	2.510000000000000231
2.000000000000000000	2.470514593588860830
2.000000000000000000	2.470514593588860830

cellcount    =          3062710		maxdepth = 8
partialpushes=             1816
largecut     =                0		discards     =                0
smallcut     =                0		verifycount  =          3013852
partialcount =               97		diff         =            48761
Verification succeeded.

		Boundary:
2.000000000000000000	2.179600000000000204
2.000000000000000000	2.470514593588860830
2.000000000000000000	2.470514593588860830
2.000000000000000000	2.510000000000000231
2.000000000000000000	2.470514593588860830
2.000000000000000000	2.470514593588860830

cellcount    =          2921057		maxdepth = 6
partialpushes=                0
largecut     =                0		discards     =                0
smallcut     =           979073		verifycount  =          1896326
partialcount =                0		diff         =            45658
Verification succeeded.

Case 9:
	Gma scoring:
rhs = -0.859848166502194089
2.000000000000000000	2.179600000000000204
2.000000000000000000	2.470514593588860830
2.000000000000000000	2.254999999999999893
2.000000000000000000	2.510000000000000231
2.000000000000000000	2.254999999999999893
2.000000000000000000	2.470514593588860830

cellcount    =           233354		maxdepth = 7
partialpushes=               30
largecut     =                0		discards     =                0
smallcut     =                0		verifycount  =           229689
partialcount =                3		diff         =             3662
Verification succeeded.

		Boundary:
2.000000000000000000	2.179600000000000204
2.000000000000000000	2.470514593588860830
2.000000000000000000	2.254999999999999893
2.000000000000000000	2.510000000000000231
2.000000000000000000	2.254999999999999893
2.000000000000000000	2.470514593588860830

cellcount    =           219145		maxdepth = 5
partialpushes=                0
largecut     =                0		discards     =                0
smallcut     =             1918		verifycount  =           213798
partialcount =                0		diff         =             3429
Verification succeeded.

Case 10:
	Gma scoring:
rhs = -0.214797156190035893
2.000000000000000000	2.179600000000000204
2.000000000000000000	2.254999999999999893
2.254999999999999893	2.510000000000000231
2.509999999999999787	2.828427124746190291
2.000000000000000000	2.254999999999999893
2.000000000000000000	2.254999999999999893

cellcount    =           869144		maxdepth = 8
partialpushes=             9053
largecut     =                0		discards     =                0
smallcut     =                0		verifycount  =           850590
partialcount =              738		diff         =            17816
Verification succeeded.

Case 11:
	Gma scoring:
rhs = -0.334152355689993408
2.000000000000000000	2.179600000000000204
2.254999999999999893	2.510000000000000231
2.000000000000000000	2.470514593588860830
2.000000000000000000	2.510000000000000231
2.000000000000000000	2.470514593588860830
2.000000000000000000	2.254999999999999893

cellcount    =           128521		maxdepth = 5
partialpushes=                0
largecut     =                0		discards     =                0
smallcut     =                0		verifycount  =           126508
partialcount =                0		diff         =             2013
Verification succeeded.

		Boundary:
2.000000000000000000	2.179600000000000204
2.254999999999999893	2.510000000000000231
2.000000000000000000	2.470514593588860830
2.000000000000000000	2.510000000000000231
2.000000000000000000	2.470514593588860830
2.000000000000000000	2.254999999999999893

cellcount    =           128521		maxdepth = 5
partialpushes=                0
largecut     =                0		discards     =                0
smallcut     =            10752		verifycount  =           115756
partialcount =                0		diff         =             2013
Verification succeeded.

Case 12:
	Gma scoring:
rhs = 0.521529025221003972
2.000000000000000000	2.179600000000000204
2.000000000000000000	2.470514593588860830
2.000000000000000000	2.470514593588860830
2.000000000000000000	2.510000000000000231
2.000000000000000000	2.470514593588860830
2.000000000000000000	2.470514593588860830

cellcount    =          1852673		maxdepth = 6
partialpushes=                7
largecut     =                0		discards     =                0
smallcut     =                0		verifycount  =          1823705
partialcount =                0		diff         =            28968
Verification succeeded.

		Boundary:
2.000000000000000000	2.179600000000000204
2.000000000000000000	2.470514593588860830
2.000000000000000000	2.470514593588860830
2.000000000000000000	2.510000000000000231
2.000000000000000000	2.470514593588860830
2.000000000000000000	2.470514593588860830

cellcount    =          1795361		maxdepth = 5
partialpushes=                0
largecut     =                0		discards     =                0
smallcut     =           309290		verifycount  =          1458002
partialcount =                0		diff         =            28069
Verification succeeded.

Case 13:
	Gma scoring:
rhs = 0.040481969757798927
2.000000000000000000	2.179600000000000204
2.000000000000000000	2.470514593588860830
2.000000000000000000	2.470514593588860830
2.000000000000000000	2.510000000000000231
2.000000000000000000	2.470514593588860830
2.000000000000000000	2.470514593588860830

cellcount    =           572065		maxdepth = 5
partialpushes=                0
largecut     =                0		discards     =                0
smallcut     =                0		verifycount  =           563110
partialcount =                0		diff         =             8955
Verification succeeded.

		Boundary:
2.000000000000000000	2.179600000000000204
2.000000000000000000	2.470514593588860830
2.000000000000000000	2.470514593588860830
2.000000000000000000	2.510000000000000231
2.000000000000000000	2.470514593588860830
2.000000000000000000	2.470514593588860830

cellcount    =           555041		maxdepth = 5
partialpushes=                0
largecut     =                0		discards     =                0
smallcut     =            31533		verifycount  =           514819
partialcount =                0		diff         =             8689
Verification succeeded.

Case 14:
	Gma scoring:
rhs = 0.534541289486531901
2.000000000000000000	2.179600000000000204
2.000000000000000000	2.470514593588860830
2.254999999999999893	2.510000000000000231
2.000000000000000000	2.510000000000000231
2.000000000000000000	2.254999999999999893
2.000000000000000000	2.470514593588860830

cellcount    =           884201		maxdepth = 6
partialpushes=               61
largecut     =                0		discards     =                0
smallcut     =                0		verifycount  =           870350
partialcount =                0		diff         =            13851
Verification succeeded.

		Boundary:
2.000000000000000000	2.179600000000000204
2.000000000000000000	2.470514593588860830
2.254999999999999893	2.510000000000000231
2.000000000000000000	2.510000000000000231
2.000000000000000000	2.254999999999999893
2.000000000000000000	2.470514593588860830

cellcount    =           882249		maxdepth = 5
partialpushes=                0
largecut     =                0		discards     =                0
smallcut     =           363223		verifycount  =           505236
partialcount =                0		diff         =            13790
Verification succeeded.

Case 15:
	Gma scoring:
rhs = -0.648399928775349355
2.000000000000000000	2.179600000000000204
2.254999999999999893	2.510000000000000231
2.254999999999999893	2.510000000000000231
2.509999999999999787	2.828427124746190291
2.000000000000000000	2.254999999999999893
2.000000000000000000	2.254999999999999893

cellcount    =           103873		maxdepth = 4
partialpushes=               12
largecut     =                0		discards     =                0
smallcut     =                0		verifycount  =           102245
partialcount =                0		diff         =             1628
Verification succeeded.

Case 16:
	Gma scoring:
rhs = -0.002943292090998801
2.000000000000000000	2.179600000000000204
2.254999999999999893	2.510000000000000231
2.000000000000000000	2.470514593588860830
2.000000000000000000	2.510000000000000231
2.000000000000000000	2.470514593588860830
2.000000000000000000	2.254999999999999893

cellcount    =           184585		maxdepth = 5
partialpushes=                0
largecut     =                0		discards     =                0
smallcut     =                0		verifycount  =           181696
partialcount =                0		diff         =             2889
Verification succeeded.

		Boundary:
2.000000000000000000	2.179600000000000204
2.254999999999999893	2.510000000000000231
2.000000000000000000	2.470514593588860830
2.000000000000000000	2.510000000000000231
2.000000000000000000	2.470514593588860830
2.000000000000000000	2.254999999999999893

cellcount    =           184585		maxdepth = 5
partialpushes=                0
largecut     =                0		discards     =                0
smallcut     =            24892		verifycount  =           156804
partialcount =                0		diff         =             2889
Verification succeeded.

Case 17:
	Gma scoring:
rhs = 0.524248476097257221
2.000000000000000000	2.179600000000000204
2.000000000000000000	2.470514593588860830
2.000000000000000000	2.470514593588860830
2.000000000000000000	2.510000000000000231
2.000000000000000000	2.470514593588860830
2.000000000000000000	2.470514593588860830

cellcount    =          1641057		maxdepth = 5
partialpushes=                0
largecut     =                0		discards     =                0
smallcut     =                0		verifycount  =          1615399
partialcount =                0		diff         =            25658
Verification succeeded.

		Boundary:
2.000000000000000000	2.179600000000000204
2.000000000000000000	2.470514593588860830
2.000000000000000000	2.470514593588860830
2.000000000000000000	2.510000000000000231
2.000000000000000000	2.470514593588860830
2.000000000000000000	2.470514593588860830

cellcount    =          1597025		maxdepth = 5
partialpushes=                0
largecut     =                0		discards     =                0
smallcut     =           190334		verifycount  =          1381721
partialcount =                0		diff         =            24970
Verification succeeded.

Case 18:
	Gma scoring:
rhs = 0.043201420634055243
2.000000000000000000	2.179600000000000204
2.000000000000000000	2.470514593588860830
2.000000000000000000	2.470514593588860830
2.000000000000000000	2.510000000000000231
2.000000000000000000	2.470514593588860830
2.000000000000000000	2.470514593588860830

cellcount    =           542689		maxdepth = 5
partialpushes=                0
largecut     =                0		discards     =                0
smallcut     =                0		verifycount  =           534193
partialcount =                0		diff         =             8496
Verification succeeded.

		Boundary:
2.000000000000000000	2.179600000000000204
2.000000000000000000	2.470514593588860830
2.000000000000000000	2.470514593588860830
2.000000000000000000	2.510000000000000231
2.000000000000000000	2.470514593588860830
2.000000000000000000	2.470514593588860830

cellcount    =           530721		maxdepth = 5
partialpushes=                0
largecut     =                0		discards     =                0
smallcut     =            31401		verifycount  =           491011
partialcount =                0		diff         =             8309
Verification succeeded.

Case 19:
	Gma scoring:
rhs = 0.537260740362774936
2.000000000000000000	2.179600000000000204
2.000000000000000000	2.470514593588860830
2.000000000000000000	2.254999999999999893
2.000000000000000000	2.510000000000000231
2.254999999999999893	2.510000000000000231
2.000000000000000000	2.470514593588860830

cellcount    =           758025		maxdepth = 5
partialpushes=                0
largecut     =                0		discards     =                0
smallcut     =                0		verifycount  =           746176
partialcount =                0		diff         =            11849
Verification succeeded.

		Boundary:
2.000000000000000000	2.179600000000000204
2.000000000000000000	2.470514593588860830
2.000000000000000000	2.254999999999999893
2.000000000000000000	2.510000000000000231
2.254999999999999893	2.510000000000000231
2.000000000000000000	2.470514593588860830

cellcount    =           758025		maxdepth = 5
partialpushes=                0
largecut     =                0		discards     =                0
smallcut     =           266911		verifycount  =           479265
partialcount =                0		diff         =            11849
Verification succeeded.

Case 20:
	Gma scoring:
rhs = -0.987767345003086605
2.000000000000000000	2.179600000000000204
2.000000000000000000	2.254999999999999893
2.254999999999999893	2.510000000000000231
2.509999999999999787	2.828427124746190291
2.000000000000000000	2.254999999999999893
2.254999999999999893	2.510000000000000231

cellcount    =            52257		maxdepth = 4
partialpushes=                0
largecut     =                0		discards     =                0
smallcut     =                0		verifycount  =            51440
partialcount =                0		diff         =              817
Verification succeeded.

Case 21:
	Gma scoring:
rhs = 0.993882233657235492
2.000000000000000000	2.179600000000000204
2.254999999999999893	2.510000000000000231
2.000000000000000000	2.470514593588860830
2.000000000000000000	2.510000000000000231
2.000000000000000000	2.470514593588860830
2.254999999999999893	2.510000000000000231

cellcount    =          1884233		maxdepth = 6
partialpushes=                0
largecut     =                0		discards     =                0
smallcut     =                0		verifycount  =          1854787
partialcount =                0		diff         =            29446
Verification succeeded.

		Boundary:
2.000000000000000000	2.179600000000000204
2.254999999999999893	2.510000000000000231
2.000000000000000000	2.470514593588860830
2.000000000000000000	2.510000000000000231
2.000000000000000000	2.470514593588860830
2.254999999999999893	2.510000000000000231

cellcount    =          1883593		maxdepth = 6
partialpushes=                0
largecut     =                0		discards     =                0
smallcut     =           496245		verifycount  =          1357912
partialcount =                0		diff         =            29436
Verification succeeded.

Case 22:
	Gma scoring:
rhs = -0.987512512229118511
2.000000000000000000	2.179600000000000204
2.000000000000000000	2.470514593588860830
2.000000000000000000	2.470514593588860830
2.000000000000000000	2.510000000000000231
2.000000000000000000	2.470514593588860830
2.000000000000000000	2.470514593588860830

cellcount    =            88353		maxdepth = 5
partialpushes=                0
largecut     =                0		discards     =                0
smallcut     =                0		verifycount  =            86956
partialcount =                0		diff         =             1397
Verification succeeded.

		Boundary:
2.000000000000000000	2.179600000000000204
2.000000000000000000	2.470514593588860830
2.000000000000000000	2.470514593588860830
2.000000000000000000	2.510000000000000231
2.000000000000000000	2.470514593588860830
2.000000000000000000	2.470514593588860830

cellcount    =            87969		maxdepth = 4
partialpushes=                0
largecut     =                0		discards     =                0
smallcut     =             2095		verifycount  =            84483
partialcount =                0		diff         =             1391
Verification succeeded.

Case 23:
	Gma scoring:
rhs = 0.981145484303112436
2.000000000000000000	2.179600000000000204
2.000000000000000000	2.470514593588860830
2.000000000000000000	2.470514593588860830
2.000000000000000000	2.510000000000000231
2.000000000000000000	2.470514593588860830
2.000000000000000000	2.470514593588860830

cellcount    =          4607009		maxdepth = 5
partialpushes=                0
largecut     =                0		discards     =                0
smallcut     =                0		verifycount  =          4535008
partialcount =                0		diff         =            72001
Verification succeeded.

		Boundary:
2.000000000000000000	2.179600000000000204
2.000000000000000000	2.470514593588860830
2.000000000000000000	2.470514593588860830
2.000000000000000000	2.510000000000000231
2.000000000000000000	2.470514593588860830
2.000000000000000000	2.470514593588860830

cellcount    =          4497121		maxdepth = 5
partialpushes=                0
largecut     =                0		discards     =                0
smallcut     =          1087637		verifycount  =          3339200
partialcount =                0		diff         =            70284
Verification succeeded.

Case 24:
	Gma scoring:
rhs = 0.113997306497889389
2.000000000000000000	2.179600000000000204
2.000000000000000000	2.470514593588860830
2.000000000000000000	2.254999999999999893
2.000000000000000000	2.510000000000000231
2.000000000000000000	2.254999999999999893
2.000000000000000000	2.470514593588860830

cellcount    =           223625		maxdepth = 5
partialpushes=                0
largecut     =                0		discards     =                0
smallcut     =                0		verifycount  =           220126
partialcount =                0		diff         =             3499
Verification succeeded.

		Boundary:
2.000000000000000000	2.179600000000000204
2.000000000000000000	2.470514593588860830
2.000000000000000000	2.254999999999999893
2.000000000000000000	2.510000000000000231
2.000000000000000000	2.254999999999999893
2.000000000000000000	2.470514593588860830

cellcount    =           210121		maxdepth = 5
partialpushes=                0
largecut     =                0		discards     =                0
smallcut     =            19006		verifycount  =           187827
partialcount =                0		diff         =             3288
Verification succeeded.

Case 25:
	Gma scoring:
rhs = -0.987512512229118511
2.000000000000000000	2.179600000000000204
2.000000000000000000	2.254999999999999893
2.254999999999999893	2.510000000000000231
2.509999999999999787	2.828427124746190291
2.254999999999999893	2.510000000000000231
2.000000000000000000	2.254999999999999893

cellcount    =            50273		maxdepth = 4
partialpushes=                0
largecut     =                0		discards     =                0
smallcut     =                0		verifycount  =            49487
partialcount =                0		diff         =              786
Verification succeeded.

Case 26:
	Gma scoring:
rhs = 0.158345533895900309
2.000000000000000000	2.179600000000000204
2.000000000000000000	2.510000000000000231
2.470514593588860830	2.471200000000000063
2.000000000000000000	2.510000000000000231
2.000000000000000000	2.470514593588860830
2.000000000000000000	2.510000000000000231

cellcount    =            88911		maxdepth = 8
partialpushes=              421
largecut     =                0		discards     =                0
smallcut     =                0		verifycount  =            85940
partialcount =               48		diff         =             2923
Verification succeeded.

		Boundary:
2.000000000000000000	2.179600000000000204
2.000000000000000000	2.510000000000000231
2.470514593588860830	2.471200000000000063
2.000000000000000000	2.510000000000000231
2.000000000000000000	2.470514593588860830
2.000000000000000000	2.510000000000000231

cellcount    =            90833		maxdepth = 6
partialpushes=                0
largecut     =                0		discards     =                0
smallcut     =            18004		verifycount  =            69982
partialcount =                0		diff         =             2847
Verification succeeded.

Case 27:
	Gma scoring:
rhs = 0.514833650491938744
2.000000000000000000	2.179600000000000204
2.470514593588860830	2.471200000000000063
2.000000000000000000	2.470514593588860830
2.000000000000000000	2.510000000000000231
2.000000000000000000	2.470514593588860830
2.000000000000000000	2.470514593588860830

cellcount    =           101104		maxdepth = 8
partialpushes=              698
largecut     =                0		discards     =                0
smallcut     =                0		verifycount  =            97623
partialcount =              120		diff         =             3361
Verification succeeded.

		Boundary:
2.000000000000000000	2.179600000000000204
2.470514593588860830	2.471200000000000063
2.000000000000000000	2.470514593588860830
2.000000000000000000	2.510000000000000231
2.000000000000000000	2.470514593588860830
2.000000000000000000	2.470514593588860830

cellcount    =           102321		maxdepth = 6
partialpushes=                0
largecut     =                0		discards     =                0
smallcut     =            28226		verifycount  =            70889
partialcount =                0		diff         =             3206
Verification succeeded.

Case 28:
	Gma scoring:
rhs = -0.510331717471263713
2.000000000000000000	2.179600000000000204
2.000000000000000000	2.470514593588860830
2.000000000000000000	2.470514593588860830
2.000000000000000000	2.510000000000000231
2.000000000000000000	2.470514593588860830
2.000000000000000000	2.470514593588860830

cellcount    =           261319		maxdepth = 8
partialpushes=              208
largecut     =                0		discards     =                0
smallcut     =                0		verifycount  =           257138
partialcount =               22		diff         =             4159
Verification succeeded.

		Boundary:
2.000000000000000000	2.179600000000000204
2.000000000000000000	2.470514593588860830
2.000000000000000000	2.470514593588860830
2.000000000000000000	2.510000000000000231
2.000000000000000000	2.470514593588860830
2.000000000000000000	2.470514593588860830

cellcount    =           247009		maxdepth = 5
partialpushes=                0
largecut     =                0		discards     =                0
smallcut     =            17775		verifycount  =           225358
partialcount =                0		diff         =             3876
Verification succeeded.

Case 29:
	Gma scoring:
rhs = 0.945238161498623386
2.000000000000000000	2.179600000000000204
2.000000000000000000	2.470514593588860830
2.000000000000000000	2.510000000000000231
2.000000000000000000	2.510000000000000231
2.000000000000000000	2.510000000000000231
2.000000000000000000	2.470514593588860830

cellcount    =         10658598		maxdepth = 8
partialpushes=             6474
largecut     =                0		discards     =                0
smallcut     =                0		verifycount  =         10488181
partialcount =             2332		diff         =           168085
Verification succeeded.

		Boundary:
2.000000000000000000	2.179600000000000204
2.000000000000000000	2.470514593588860830
2.000000000000000000	2.510000000000000231
2.000000000000000000	2.510000000000000231
2.000000000000000000	2.510000000000000231
2.000000000000000000	2.470514593588860830

cellcount    =          9503777		maxdepth = 6
partialpushes=                0
largecut     =                0		discards     =                0
smallcut     =          5377232		verifycount  =          3978032
partialcount =                0		diff         =           148513
Verification succeeded.

Case 30:
	Gma scoring:
rhs = -0.999959055756316606
2.000000000000000000	2.179600000000000204
2.000000000000000000	2.510000000000000231
2.000000000000000000	2.510000000000000231
2.509999999999999787	2.828427124746190291
2.000000000000000000	2.510000000000000231
2.000000000000000000	2.510000000000000231

cellcount    =           117127		maxdepth = 7
partialpushes=              148
largecut     =                0		discards     =                0
smallcut     =                0		verifycount  =           115239
partialcount =               29		diff         =             1859
Verification succeeded.

Case 31:
	Gma scoring:
rhs = 0.042234261957893995
2.000000000000000000	2.179600000000000204
2.000000000000000000	2.510000000000000231
2.000000000000000000	2.470514593588860830
2.000000000000000000	2.510000000000000231
2.000000000000000000	2.470514593588860830
2.000000000000000000	2.510000000000000231

cellcount    =          2011354		maxdepth = 8
partialpushes=             1317
largecut     =                0		discards     =                0
smallcut     =                0		verifycount  =          1979201
partialcount =              184		diff         =            31969
Verification succeeded.

		Boundary:
2.000000000000000000	2.179600000000000204
2.000000000000000000	2.510000000000000231
2.000000000000000000	2.470514593588860830
2.000000000000000000	2.510000000000000231
2.000000000000000000	2.470514593588860830
2.000000000000000000	2.510000000000000231

cellcount    =          1943969		maxdepth = 5
partialpushes=                0
largecut     =                0		discards     =                0
smallcut     =           481068		verifycount  =          1432510
partialcount =                0		diff         =            30391
Verification succeeded.

Case 32:
	Gma scoring:
rhs = -0.327926975667541032
2.000000000000000000	2.179600000000000204
2.000000000000000000	2.470514593588860830
2.470514593588860830	2.471200000000000063
2.000000000000000000	2.510000000000000231
2.000000000000000000	2.470514593588860830
2.000000000000000000	2.470514593588860830

cellcount    =            26281		maxdepth = 7
partialpushes=               57
largecut     =                0		discards     =                0
smallcut     =                0		verifycount  =            25431
partialcount =                8		diff         =              842
Verification succeeded.

		Boundary:
2.000000000000000000	2.179600000000000204
2.000000000000000000	2.470514593588860830
2.470514593588860830	2.471200000000000063
2.000000000000000000	2.510000000000000231
2.000000000000000000	2.470514593588860830
2.000000000000000000	2.470514593588860830

cellcount    =            26449		maxdepth = 6
partialpushes=                0
largecut     =                0		discards     =                0
smallcut     =             3133		verifycount  =            22481
partialcount =                0		diff         =              835
Verification succeeded.

Case 33:
	Gma scoring:
rhs = 0.104441123000088926
2.000000000000000000	2.179600000000000204
2.470514593588860830	2.471200000000000063
2.000000000000000000	2.470514593588860830
2.000000000000000000	2.510000000000000231
2.000000000000000000	2.470514593588860830
2.000000000000000000	2.470514593588860830

cellcount    =            70352		maxdepth = 8
partialpushes=              296
largecut     =                0		discards     =                0
smallcut     =                0		verifycount  =            68017
partialcount =               45		diff         =             2290
Verification succeeded.

		Boundary:
2.000000000000000000	2.179600000000000204
2.470514593588860830	2.471200000000000063
2.000000000000000000	2.470514593588860830
2.000000000000000000	2.510000000000000231
2.000000000000000000	2.470514593588860830
2.000000000000000000	2.470514593588860830

cellcount    =            70897		maxdepth = 6
partialpushes=                0
largecut     =                0		discards     =                0
smallcut     =            15720		verifycount  =            52953
partialcount =                0		diff         =             2224
Verification succeeded.

Case 34:
	Gma scoring:
rhs = 0.042234261957893995
2.000000000000000000	2.179600000000000204
2.000000000000000000	2.470514593588860830
2.000000000000000000	2.510000000000000231
2.000000000000000000	2.510000000000000231
2.000000000000000000	2.510000000000000231
2.000000000000000000	2.470514593588860830

cellcount    =          2011354		maxdepth = 8
partialpushes=             1315
largecut     =                0		discards     =                0
smallcut     =                0		verifycount  =          1979201
partialcount =              184		diff         =            31969
Verification succeeded.

		Boundary:
2.000000000000000000	2.179600000000000204
2.000000000000000000	2.470514593588860830
2.000000000000000000	2.510000000000000231
2.000000000000000000	2.510000000000000231
2.000000000000000000	2.510000000000000231
2.000000000000000000	2.470514593588860830

cellcount    =          1943969		maxdepth = 5
partialpushes=                0
largecut     =                0		discards     =                0
smallcut     =           481068		verifycount  =          1432510
partialcount =                0		diff         =            30391
Verification succeeded.

Case 35:
	Gma scoring:
rhs = -0.768975765350997098
2.000000000000000000	2.179600000000000204
2.000000000000000000	2.510000000000000231
2.000000000000000000	2.510000000000000231
2.509999999999999787	2.828427124746190291
2.000000000000000000	2.510000000000000231
2.000000000000000000	2.510000000000000231

cellcount    =           381490		maxdepth = 7
partialpushes=               26
largecut     =                0		discards     =                0
smallcut     =                0		verifycount  =           375508
partialcount =                1		diff         =             5981
Verification succeeded.

All verifications succeeded.

Done.
Ending time:    	Wed Jul  8 13:45:44 1998

Elapsed time: 14300 seconds,		diff = 1382.25
83583480 cells considered,		5845 cells per second


