
Log started (V4.0.9) Sun May 17 20:41:23 1998

CPLEX Error  1434: Line 4: Couldn't convert '+-0.350498' to a number.
Problem contains quadratic objective coefficients, ignored.
No file read.

Log started (V4.0.9) Sun May 17 20:48:10 1998


Problem 'temp.x' read.
Read time =    0.02 sec.
LP Presolve eliminated 51 rows and 0 columns.
Reduced LP has 17 rows, 3 columns, and 47 nonzeros.
Presolve time =    0.00 sec.

Iteration Log . . .
Iteration:     1    Scaled Infeas =             0.000000
Switched to Devex.
Iteration:     2    Objective     =            -0.070369

Primal - Optimal:  Objective =   -3.7706001593e-02
Solution time =    0.00 sec.    Iterations = 4 (1)


Variable Name           Solution Value
t                            -0.037706
x1                           -0.006538
x2                            0.122671
CPLEX Error  1436: Max or Min missing.
Problem contains quadratic objective coefficients, ignored.
No file read.

Problem 'temp.x' read.
Read time =    0.01 sec.
LP Presolve eliminated 68 rows and 3 columns.
All rows and columns eliminated.
Presolve time =    0.00 sec.

Primal - Optimal:  Objective =    6.3647370000e-01
Solution time =    0.00 sec.    Iterations = 0 (0)


Variable Name           Solution Value
t                             0.636474
x1                           -1.000000
x2                           10.000000

Problem 'temp.x' read.
Read time =    0.02 sec.
LP Presolve eliminated 51 rows and 0 columns.
Reduced LP has 17 rows, 3 columns, and 47 nonzeros.
Presolve time =    0.00 sec.

Iteration Log . . .
Iteration:     1    Scaled Infeas =             0.000000
Switched to Devex.
Iteration:     2    Objective     =            -0.023762

Primal - Optimal:  Objective =   -1.3562844069e-02
Solution time =    0.01 sec.    Iterations = 3 (1)


Variable Name           Solution Value
t                            -0.013563
x1                            0.328479
x2                            0.526145

Problem 'temp.x' read.
Read time =    0.02 sec.
LP Presolve eliminated 51 rows and 0 columns.
Reduced LP has 17 rows, 3 columns, and 47 nonzeros.
Presolve time =    0.00 sec.

Iteration Log . . .
Iteration:     1    Scaled Infeas =             0.000000
Switched to Devex.
Iteration:     2    Objective     =            -0.016971

Primal - Optimal:  Objective =   -6.2433619071e-03
Solution time =    0.01 sec.    Iterations = 4 (1)


Variable Name           Solution Value
t                            -0.006243
x1                            1.246187
x2                            1.552613

Problem 'temp.x' read.
Read time =    0.02 sec.
LP Presolve eliminated 52 rows and 0 columns.
Reduced LP has 16 rows, 3 columns, and 45 nonzeros.
Presolve time =    0.00 sec.

Iteration Log . . .
Iteration:     1    Scaled Infeas =             0.000000
Switched to Devex.
Iteration:     2    Objective     =            -0.006945

Primal - Optimal:  Objective =   -2.5841173242e-03
Solution time =    0.00 sec.    Iterations = 3 (1)


Variable Name           Solution Value
t                            -0.002584
x1                            2.573353
x2                            2.894524

Problem 'temp.x' read.
Read time =    0.02 sec.
LP Presolve eliminated 56 rows and 0 columns.
Reduced LP has 12 rows, 3 columns, and 35 nonzeros.
Presolve time =    0.00 sec.

Iteration Log . . .
Iteration:     1    Scaled Infeas =             0.000000
Switched to Devex.
Iteration:     2    Objective     =            -0.000583

Primal - Optimal:  Objective =   -5.8344347774e-04
Solution time =    0.01 sec.    Iterations = 2 (1)


Variable Name           Solution Value
t                            -0.000583
x1                            9.791540
x2                           10.000000

Variable Name           Solution Value
t                            -0.000583
x1                            9.791540
x2                           10.000000
CPLEX Error  1609: Line 7: Expected identifier first.
Problem contains quadratic objective coefficients, ignored.
No file read.
CPLEX Error  1434: Line 19: Couldn't convert '1.354182548963303*^-6' to a number.
Problem contains quadratic objective coefficients, ignored.
No file read.

Problem 'temp.x' read.
Read time =    0.02 sec.
LP Presolve eliminated 57 rows and 0 columns.
Reduced LP has 11 rows, 3 columns, and 32 nonzeros.
Presolve time =    0.00 sec.

Iteration Log . . .
Iteration:     1    Scaled Infeas =             0.000000
Switched to Devex.
Iteration:     2    Objective     =             0.000014

Primal - Optimal:  Objective =    1.4062104881e-05
Solution time =    0.01 sec.    Iterations = 2 (1)


Variable Name           Solution Value
t                             0.000014
x1                            9.911475
x2                           10.000000

Problem 'temp.x' read.
Read time =    0.02 sec.
LP Presolve eliminated 57 rows and 0 columns.
Reduced LP has 11 rows, 3 columns, and 32 nonzeros.
Presolve time =    0.00 sec.

Iteration Log . . .
Iteration:     1    Scaled Infeas =             0.000000
Switched to Devex.
Iteration:     2    Objective     =            -0.000079

Primal - Optimal:  Objective =   -7.8563739553e-05
Solution time =    0.00 sec.    Iterations = 2 (1)


Variable Name           Solution Value
t                            -0.000079
x1                            9.920539
x2                           10.000000

Problem 'temp.x' read.
Read time =    0.02 sec.
LP Presolve eliminated 56 rows and 0 columns.
Reduced LP has 12 rows, 3 columns, and 35 nonzeros.
Presolve time =    0.00 sec.

Iteration Log . . .
Iteration:     1    Scaled Infeas =             0.000000
Switched to Devex.
Iteration:     2    Objective     =            -0.001583

Primal - Optimal:  Objective =   -1.5834379649e-03
Solution time =    0.00 sec.    Iterations = 2 (1)


Problem 'temp.x' read.
Read time =    0.01 sec.
LP Presolve eliminated 57 rows and 0 columns.
Reduced LP has 11 rows, 3 columns, and 32 nonzeros.
Presolve time =    0.00 sec.

Iteration Log . . .
Iteration:     1    Scaled Infeas =             0.000000
Switched to Devex.
Iteration:     2    Objective     =            -0.001079

Primal - Optimal:  Objective =   -1.0785637396e-03
Solution time =    0.01 sec.    Iterations = 2 (1)


Problem 'temp.x' read.
Read time =    0.02 sec.
LP Presolve eliminated 56 rows and 0 columns.
Reduced LP has 12 rows, 3 columns, and 35 nonzeros.
Presolve time =    0.00 sec.

Iteration Log . . .
Iteration:     1    Scaled Infeas =             0.000000
Switched to Devex.
Iteration:     2    Objective     =             0.000417

Primal - Optimal:  Objective =    4.1656203515e-04
Solution time =    0.00 sec.    Iterations = 2 (1)


Problem 'temp.x' read.
Read time =    0.01 sec.
LP Presolve eliminated 55 rows and 0 columns.
Reduced LP has 13 rows, 3 columns, and 37 nonzeros.
Presolve time =    0.00 sec.

Iteration Log . . .
Iteration:     1    Scaled Infeas =             0.000000
Switched to Devex.
Iteration:     2    Objective     =            -0.001391

Primal - Optimal:  Objective =    3.3072135366e-05
Solution time =    0.01 sec.    Iterations = 3 (1)


Problem 'temp.x' read.
Read time =    0.02 sec.
LP Presolve eliminated 52 rows and 0 columns.
Reduced LP has 16 rows, 3 columns, and 45 nonzeros.
Presolve time =    0.00 sec.

Iteration Log . . .
Iteration:     1    Scaled Infeas =             0.000000
Switched to Devex.
Iteration:     2    Objective     =            -0.005945

Primal - Optimal:  Objective =   -1.5841149074e-03
Solution time =    0.00 sec.    Iterations = 3 (1)


Variable Name           Solution Value
t                            -0.001584
x1                            2.573350
x2                            2.894524

Log started (V4.0.9) Mon May 18 11:04:46 1998


Log started (V4.0.9) Mon May 18 11:05:14 1998


Log started (V4.0.9) Mon May 18 11:05:46 1998


Log started (V4.0.9) Mon May 18 11:18:39 1998


Log started (V4.0.9) Mon May 18 11:19:12 1998


Log started (V4.0.9) Mon May 18 11:20:03 1998


Log started (V4.0.9) Mon May 18 11:27:34 1998


Log started (V4.0.9) Mon May 18 11:27:40 1998


Log started (V4.0.9) Mon May 18 11:27:45 1998


Log started (V4.0.9) Mon May 18 11:27:51 1998


Log started (V4.0.9) Mon May 18 11:27:57 1998


Log started (V4.0.9) Mon May 18 11:28:03 1998


Log started (V4.0.9) Mon May 18 11:28:09 1998


Log started (V4.0.9) Mon May 18 11:28:15 1998


Log started (V4.0.9) Mon May 18 11:28:21 1998


Log started (V4.0.9) Mon May 18 11:28:27 1998


Log started (V4.0.9) Mon May 18 11:29:33 1998


Log started (V4.0.9) Mon May 18 11:30:24 1998


Log started (V4.0.9) Mon May 18 11:30:30 1998


Log started (V4.0.9) Mon May 18 11:30:36 1998


Log started (V4.0.9) Mon May 18 11:30:42 1998


Log started (V4.0.9) Mon May 18 11:30:48 1998


Log started (V4.0.9) Mon May 18 11:30:54 1998


Log started (V4.0.9) Mon May 18 11:31:00 1998


Log started (V4.0.9) Mon May 18 11:31:05 1998


Log started (V4.0.9) Mon May 18 11:31:11 1998


Log started (V4.0.9) Mon May 18 11:31:17 1998


Log started (V4.0.9) Mon May 18 11:31:23 1998


Log started (V4.0.9) Mon May 18 11:31:29 1998


Log started (V4.0.9) Mon May 18 11:31:35 1998


Log started (V4.0.9) Mon May 18 11:31:40 1998


Log started (V4.0.9) Mon May 18 11:31:46 1998


Log started (V4.0.9) Mon May 18 11:31:52 1998


Log started (V4.0.9) Mon May 18 11:31:58 1998


Log started (V4.0.9) Mon May 18 11:32:04 1998


Log started (V4.0.9) Mon May 18 11:42:23 1998


Log started (V4.0.9) Mon May 18 11:43:35 1998


Log started (V4.0.9) Mon May 18 11:44:42 1998


Log started (V4.0.9) Mon May 18 11:46:09 1998


Log started (V4.0.9) Mon May 18 11:47:00 1998


Log started (V4.0.9) Mon May 18 11:48:19 1998


Log started (V4.0.9) Mon May 18 11:55:24 1998


Log started (V4.0.9) Mon May 18 12:00:50 1998


Log started (V4.0.9) Mon May 18 12:00:56 1998


Log started (V4.0.9) Mon May 18 12:01:03 1998


Log started (V4.0.9) Mon May 18 12:01:09 1998


Log started (V4.0.9) Mon May 18 12:01:15 1998


Log started (V4.0.9) Mon May 18 12:01:21 1998


Log started (V4.0.9) Mon May 18 12:01:27 1998


Log started (V4.0.9) Mon May 18 12:01:33 1998


Log started (V4.0.9) Mon May 18 12:01:39 1998


Log started (V4.0.9) Mon May 18 12:01:45 1998


Log started (V4.0.9) Mon May 18 12:01:51 1998


Log started (V4.0.9) Mon May 18 12:01:57 1998


Log started (V4.0.9) Mon May 18 12:02:03 1998


Log started (V4.0.9) Mon May 18 12:02:09 1998


Log started (V4.0.9) Mon May 18 12:02:15 1998


Log started (V4.0.9) Mon May 18 12:02:21 1998


Log started (V4.0.9) Mon May 18 12:02:27 1998


Log started (V4.0.9) Mon May 18 12:02:33 1998


Log started (V4.0.9) Mon May 18 12:02:40 1998


Log started (V4.0.9) Mon May 18 12:02:46 1998


Log started (V4.0.9) Mon May 18 12:02:52 1998


Log started (V4.0.9) Mon May 18 12:02:58 1998


Log started (V4.0.9) Mon May 18 12:03:04 1998


Log started (V4.0.9) Mon May 18 12:03:10 1998


Log started (V4.0.9) Mon May 18 12:03:16 1998


Log started (V4.0.9) Mon May 18 12:03:22 1998


Log started (V4.0.9) Mon May 18 12:03:28 1998


Log started (V4.0.9) Mon May 18 12:03:34 1998


Log started (V4.0.9) Mon May 18 12:03:40 1998


Log started (V4.0.9) Mon May 18 12:03:47 1998


Log started (V4.0.9) Mon May 18 12:03:53 1998


Log started (V4.0.9) Mon May 18 12:03:59 1998


Log started (V4.0.9) Mon May 18 12:04:05 1998


Log started (V4.0.9) Mon May 18 12:04:11 1998


Log started (V4.0.9) Mon May 18 12:07:39 1998


Log started (V4.0.9) Mon May 18 12:07:45 1998


Log started (V4.0.9) Mon May 18 12:07:51 1998


Log started (V4.0.9) Mon May 18 12:07:57 1998


Log started (V4.0.9) Mon May 18 12:08:03 1998


Log started (V4.0.9) Mon May 18 12:08:09 1998


Log started (V4.0.9) Mon May 18 12:08:15 1998


Log started (V4.0.9) Mon May 18 12:08:21 1998


Log started (V4.0.9) Mon May 18 12:08:27 1998


Log started (V4.0.9) Mon May 18 12:08:33 1998


Log started (V4.0.9) Mon May 18 12:08:40 1998


Log started (V4.0.9) Mon May 18 12:08:46 1998


Log started (V4.0.9) Mon May 18 12:08:52 1998


Log started (V4.0.9) Mon May 18 12:08:58 1998


Log started (V4.0.9) Mon May 18 12:09:04 1998


Log started (V4.0.9) Mon May 18 12:09:10 1998


Log started (V4.0.9) Mon May 18 12:09:16 1998


Log started (V4.0.9) Mon May 18 12:09:23 1998


Log started (V4.0.9) Mon May 18 12:09:29 1998


Log started (V4.0.9) Mon May 18 12:09:35 1998


Log started (V4.0.9) Mon May 18 12:09:43 1998


Log started (V4.0.9) Mon May 18 12:09:48 1998


Log started (V4.0.9) Mon May 18 12:09:55 1998


Log started (V4.0.9) Mon May 18 12:10:01 1998


Log started (V4.0.9) Mon May 18 12:10:07 1998


Log started (V4.0.9) Mon May 18 12:10:13 1998


Log started (V4.0.9) Mon May 18 12:10:19 1998


Log started (V4.0.9) Mon May 18 12:10:25 1998


Log started (V4.0.9) Mon May 18 12:10:31 1998


Log started (V4.0.9) Mon May 18 12:10:37 1998


Log started (V4.0.9) Mon May 18 12:10:43 1998


Log started (V4.0.9) Mon May 18 12:10:49 1998


Log started (V4.0.9) Mon May 18 12:10:55 1998


Log started (V4.0.9) Mon May 18 12:11:01 1998


Log started (V4.0.9) Mon May 18 12:11:08 1998


Log started (V4.0.9) Mon May 18 12:11:14 1998


Log started (V4.0.9) Mon May 18 12:11:20 1998


Log started (V4.0.9) Mon May 18 12:11:26 1998


Log started (V4.0.9) Mon May 18 12:11:43 1998


Log started (V4.0.9) Mon May 18 12:11:49 1998


Log started (V4.0.9) Mon May 18 12:11:55 1998


Log started (V4.0.9) Mon May 18 12:12:01 1998


Log started (V4.0.9) Mon May 18 12:12:07 1998


Log started (V4.0.9) Mon May 18 12:12:13 1998


Log started (V4.0.9) Mon May 18 12:12:19 1998


Log started (V4.0.9) Mon May 18 12:12:26 1998


Log started (V4.0.9) Mon May 18 12:12:32 1998


Log started (V4.0.9) Mon May 18 12:12:38 1998


Log started (V4.0.9) Mon May 18 12:12:44 1998


Log started (V4.0.9) Mon May 18 12:12:50 1998


Log started (V4.0.9) Mon May 18 12:12:56 1998


Log started (V4.0.9) Mon May 18 12:13:02 1998


Log started (V4.0.9) Mon May 18 12:13:08 1998


Log started (V4.0.9) Mon May 18 12:13:13 1998


Log started (V4.0.9) Mon May 18 12:13:19 1998


Log started (V4.0.9) Mon May 18 12:13:25 1998


Log started (V4.0.9) Mon May 18 12:13:31 1998


Log started (V4.0.9) Mon May 18 12:13:37 1998


Log started (V4.0.9) Mon May 18 12:13:43 1998


Log started (V4.0.9) Mon May 18 12:13:49 1998


Log started (V4.0.9) Mon May 18 12:13:55 1998


Log started (V4.0.9) Mon May 18 12:14:01 1998


Log started (V4.0.9) Mon May 18 12:14:06 1998


Log started (V4.0.9) Mon May 18 12:14:12 1998


Log started (V4.0.9) Mon May 18 12:14:18 1998


Log started (V4.0.9) Mon May 18 12:14:24 1998


Log started (V4.0.9) Mon May 18 12:14:30 1998


Log started (V4.0.9) Mon May 18 12:14:36 1998


Log started (V4.0.9) Mon May 18 12:14:42 1998


Log started (V4.0.9) Mon May 18 12:14:48 1998


Log started (V4.0.9) Mon May 18 12:14:54 1998


Log started (V4.0.9) Mon May 18 12:15:00 1998


Log started (V4.0.9) Mon May 18 12:15:05 1998


Log started (V4.0.9) Mon May 18 12:15:11 1998


Log started (V4.0.9) Mon May 18 12:15:17 1998


Log started (V4.0.9) Mon May 18 12:15:23 1998


Log started (V4.0.9) Mon May 18 12:15:29 1998


Log started (V4.0.9) Mon May 18 12:15:35 1998


Log started (V4.0.9) Mon May 18 12:15:40 1998


Log started (V4.0.9) Mon May 18 12:15:47 1998


Log started (V4.0.9) Mon May 18 12:15:53 1998


Log started (V4.0.9) Mon May 18 12:15:59 1998


Log started (V4.0.9) Mon May 18 12:16:05 1998


Log started (V4.0.9) Mon May 18 12:16:11 1998


Log started (V4.0.9) Mon May 18 12:16:17 1998


Log started (V4.0.9) Mon May 18 12:16:24 1998


Log started (V4.0.9) Mon May 18 12:16:30 1998


Log started (V4.0.9) Mon May 18 12:16:36 1998


Log started (V4.0.9) Mon May 18 12:16:42 1998


Log started (V4.0.9) Mon May 18 12:16:48 1998


Log started (V4.0.9) Mon May 18 12:16:54 1998


Log started (V4.0.9) Mon May 18 12:17:00 1998


Log started (V4.0.9) Mon May 18 12:17:06 1998


Log started (V4.0.9) Mon May 18 12:17:12 1998


Log started (V4.0.9) Mon May 18 12:17:18 1998


Log started (V4.0.9) Mon May 18 12:17:24 1998


Log started (V4.0.9) Mon May 18 12:17:30 1998


Log started (V4.0.9) Mon May 18 12:49:02 1998


Log started (V4.0.9) Mon May 18 12:49:08 1998


Log started (V4.0.9) Mon May 18 12:49:14 1998


Log started (V4.0.9) Mon May 18 12:49:20 1998


Log started (V4.0.9) Mon May 18 12:49:27 1998


Log started (V4.0.9) Mon May 18 12:49:33 1998


Log started (V4.0.9) Mon May 18 12:49:39 1998


Log started (V4.0.9) Mon May 18 12:49:45 1998


Log started (V4.0.9) Mon May 18 12:49:51 1998


Log started (V4.0.9) Mon May 18 12:49:59 1998


Log started (V4.0.9) Mon May 18 12:50:05 1998


Log started (V4.0.9) Mon May 18 12:50:11 1998


Log started (V4.0.9) Mon May 18 12:50:17 1998


Log started (V4.0.9) Mon May 18 12:50:23 1998


Log started (V4.0.9) Mon May 18 12:50:29 1998


Log started (V4.0.9) Mon May 18 12:50:35 1998


Log started (V4.0.9) Mon May 18 12:50:41 1998


Log started (V4.0.9) Mon May 18 12:50:47 1998


Log started (V4.0.9) Mon May 18 12:50:54 1998


Log started (V4.0.9) Mon May 18 12:51:00 1998


Log started (V4.0.9) Mon May 18 12:51:06 1998


Log started (V4.0.9) Mon May 18 12:51:12 1998


Log started (V4.0.9) Mon May 18 12:51:18 1998


Log started (V4.0.9) Mon May 18 12:51:24 1998


Log started (V4.0.9) Mon May 18 12:51:31 1998


Log started (V4.0.9) Mon May 18 12:51:36 1998


Log started (V4.0.9) Mon May 18 12:51:42 1998


Log started (V4.0.9) Mon May 18 12:51:48 1998


Log started (V4.0.9) Mon May 18 12:51:55 1998


Log started (V4.0.9) Mon May 18 12:52:01 1998


Log started (V4.0.9) Mon May 18 12:52:07 1998


Log started (V4.0.9) Mon May 18 12:52:13 1998


Log started (V4.0.9) Mon May 18 12:52:19 1998


Log started (V4.0.9) Mon May 18 12:52:25 1998


Log started (V4.0.9) Mon May 18 12:52:31 1998


Log started (V4.0.9) Mon May 18 12:52:37 1998


Log started (V4.0.9) Mon May 18 12:52:43 1998


Log started (V4.0.9) Mon May 18 12:52:49 1998


Log started (V4.0.9) Mon May 18 12:52:55 1998


Log started (V4.0.9) Mon May 18 12:53:01 1998


Log started (V4.0.9) Mon May 18 12:53:07 1998


Log started (V4.0.9) Mon May 18 12:53:13 1998


Log started (V4.0.9) Mon May 18 12:53:19 1998


Log started (V4.0.9) Mon May 18 12:53:25 1998


Log started (V4.0.9) Mon May 18 12:53:31 1998


Log started (V4.0.9) Mon May 18 12:53:37 1998


Log started (V4.0.9) Mon May 18 12:53:43 1998


Log started (V4.0.9) Mon May 18 12:53:49 1998


Log started (V4.0.9) Mon May 18 12:53:55 1998


Log started (V4.0.9) Mon May 18 12:54:01 1998


Log started (V4.0.9) Mon May 18 12:54:07 1998


Log started (V4.0.9) Mon May 18 12:54:13 1998


Log started (V4.0.9) Mon May 18 12:54:19 1998


Log started (V4.0.9) Mon May 18 12:54:25 1998


Log started (V4.0.9) Mon May 18 12:54:31 1998


Log started (V4.0.9) Mon May 18 12:54:37 1998


Log started (V4.0.9) Mon May 18 12:54:43 1998


Log started (V4.0.9) Mon May 18 12:54:49 1998


Log started (V4.0.9) Mon May 18 12:54:55 1998


Log started (V4.0.9) Mon May 18 12:55:01 1998


Log started (V4.0.9) Mon May 18 12:55:07 1998


Log started (V4.0.9) Mon May 18 12:55:12 1998


Log started (V4.0.9) Mon May 18 12:55:18 1998


Log started (V4.0.9) Mon May 18 12:55:24 1998


Log started (V4.0.9) Mon May 18 12:55:30 1998


Log started (V4.0.9) Mon May 18 12:55:36 1998


Log started (V4.0.9) Mon May 18 12:55:42 1998


Log started (V4.0.9) Mon May 18 12:55:48 1998


Log started (V4.0.9) Mon May 18 12:55:53 1998


Log started (V4.0.9) Mon May 18 12:55:59 1998


Log started (V4.0.9) Mon May 18 12:56:05 1998


Log started (V4.0.9) Mon May 18 12:56:11 1998


Log started (V4.0.9) Mon May 18 12:56:17 1998


Log started (V4.0.9) Mon May 18 12:56:23 1998


Log started (V4.0.9) Mon May 18 12:56:29 1998


Log started (V4.0.9) Mon May 18 12:56:35 1998


Log started (V4.0.9) Mon May 18 12:56:40 1998


Log started (V4.0.9) Mon May 18 12:56:46 1998


Log started (V4.0.9) Mon May 18 12:56:52 1998


Log started (V4.0.9) Mon May 18 12:56:58 1998


Log started (V4.0.9) Mon May 18 12:57:05 1998


Log started (V4.0.9) Mon May 18 12:57:11 1998


Log started (V4.0.9) Mon May 18 12:57:17 1998


Log started (V4.0.9) Mon May 18 12:57:23 1998


Log started (V4.0.9) Mon May 18 12:57:28 1998


Log started (V4.0.9) Mon May 18 12:57:34 1998


Log started (V4.0.9) Mon May 18 12:57:40 1998


Log started (V4.0.9) Mon May 18 12:57:46 1998


Log started (V4.0.9) Mon May 18 12:57:52 1998


Log started (V4.0.9) Mon May 18 12:57:58 1998


Log started (V4.0.9) Mon May 18 12:58:03 1998


Log started (V4.0.9) Mon May 18 12:58:09 1998


Log started (V4.0.9) Mon May 18 12:58:15 1998


Log started (V4.0.9) Mon May 18 12:58:21 1998


Log started (V4.0.9) Mon May 18 12:58:27 1998


Log started (V4.0.9) Mon May 18 12:58:33 1998


Log started (V4.0.9) Mon May 18 12:58:38 1998


Log started (V4.0.9) Mon May 18 20:10:27 1998


Log started (V4.0.9) Mon May 18 20:24:53 1998


Log started (V4.0.9) Mon May 18 20:25:34 1998


Log started (V4.0.9) Mon May 18 20:25:37 1998


Log started (V4.0.9) Mon May 18 20:25:40 1998


Log started (V4.0.9) Mon May 18 20:25:43 1998


Log started (V4.0.9) Mon May 18 20:25:46 1998


Log started (V4.0.9) Mon May 18 20:25:49 1998


Log started (V4.0.9) Mon May 18 20:25:53 1998


Log started (V4.0.9) Mon May 18 20:25:55 1998


Log started (V4.0.9) Mon May 18 20:25:59 1998


Log started (V4.0.9) Mon May 18 20:26:01 1998


Log started (V4.0.9) Mon May 18 20:26:05 1998


Log started (V4.0.9) Mon May 18 20:26:07 1998


Log started (V4.0.9) Mon May 18 20:26:10 1998


Log started (V4.0.9) Mon May 18 20:26:13 1998


Log started (V4.0.9) Mon May 18 20:26:17 1998


Log started (V4.0.9) Mon May 18 20:26:19 1998


Log started (V4.0.9) Mon May 18 20:26:22 1998


Log started (V4.0.9) Mon May 18 20:26:25 1998


Log started (V4.0.9) Mon May 18 20:26:28 1998


Log started (V4.0.9) Mon May 18 20:26:32 1998


Log started (V4.0.9) Mon May 18 20:26:34 1998


Log started (V4.0.9) Mon May 18 20:26:38 1998


Log started (V4.0.9) Mon May 18 20:26:40 1998


Log started (V4.0.9) Mon May 18 20:28:43 1998


Log started (V4.0.9) Mon May 18 20:30:52 1998


Log started (V4.0.9) Mon May 18 20:30:56 1998


Log started (V4.0.9) Mon May 18 20:30:59 1998


Log started (V4.0.9) Mon May 18 20:31:03 1998


Log started (V4.0.9) Mon May 18 20:31:07 1998


Log started (V4.0.9) Mon May 18 20:31:11 1998


Log started (V4.0.9) Mon May 18 20:31:14 1998


Log started (V4.0.9) Mon May 18 20:31:18 1998


Log started (V4.0.9) Mon May 18 20:31:22 1998


Log started (V4.0.9) Mon May 18 20:31:26 1998


Log started (V4.0.9) Mon May 18 20:31:29 1998


Log started (V4.0.9) Mon May 18 20:31:33 1998


Log started (V4.0.9) Mon May 18 20:31:37 1998


Log started (V4.0.9) Mon May 18 20:31:40 1998


Log started (V4.0.9) Mon May 18 20:31:44 1998


Log started (V4.0.9) Mon May 18 20:31:48 1998


Log started (V4.0.9) Mon May 18 20:31:51 1998


Log started (V4.0.9) Mon May 18 20:31:55 1998


Log started (V4.0.9) Mon May 18 20:31:59 1998


Log started (V4.0.9) Mon May 18 20:32:02 1998


Log started (V4.0.9) Mon May 18 20:32:06 1998


Log started (V4.0.9) Mon May 18 20:32:10 1998


Log started (V4.0.9) Mon May 18 20:32:13 1998


Log started (V4.0.9) Mon May 18 20:32:17 1998


Log started (V4.0.9) Mon May 18 20:32:21 1998


Log started (V4.0.9) Mon May 18 20:32:24 1998


Log started (V4.0.9) Mon May 18 20:32:28 1998


Log started (V4.0.9) Mon May 18 20:32:34 1998


Log started (V4.0.9) Mon May 18 20:32:38 1998


Log started (V4.0.9) Tue May 19 09:34:41 1998


Log started (V4.0.9) Tue May 19 09:34:45 1998


Log started (V4.0.9) Tue May 19 09:34:49 1998


Log started (V4.0.9) Tue May 19 09:34:53 1998


Log started (V4.0.9) Tue May 19 09:34:57 1998


Log started (V4.0.9) Tue May 19 09:35:01 1998


Log started (V4.0.9) Tue May 19 09:35:05 1998


Log started (V4.0.9) Tue May 19 09:35:09 1998


Log started (V4.0.9) Tue May 19 09:35:13 1998


Log started (V4.0.9) Tue May 19 09:35:17 1998


Log started (V4.0.9) Tue May 19 09:35:21 1998


Log started (V4.0.9) Tue May 19 09:56:39 1998


Log started (V4.0.9) Tue May 19 09:56:43 1998


Log started (V4.0.9) Tue May 19 09:56:46 1998


Log started (V4.0.9) Tue May 19 09:56:50 1998


Log started (V4.0.9) Tue May 19 09:56:54 1998


Log started (V4.0.9) Tue May 19 09:56:58 1998


Log started (V4.0.9) Tue May 19 09:57:04 1998


Log started (V4.0.9) Tue May 19 09:57:08 1998


Log started (V4.0.9) Tue May 19 09:57:12 1998


Log started (V4.0.9) Tue May 19 09:57:15 1998


Log started (V4.0.9) Tue May 19 09:57:19 1998


Log started (V4.0.9) Tue May 19 09:57:23 1998


Log started (V4.0.9) Tue May 19 09:57:27 1998


Log started (V4.0.9) Tue May 19 09:57:31 1998


Log started (V4.0.9) Tue May 19 09:57:35 1998


Log started (V4.0.9) Tue May 19 09:57:39 1998


Log started (V4.0.9) Tue May 19 09:57:43 1998


Log started (V4.0.9) Tue May 19 09:57:47 1998


Log started (V4.0.9) Tue May 19 09:57:50 1998


Log started (V4.0.9) Tue May 19 09:57:54 1998


Log started (V4.0.9) Tue May 19 09:57:58 1998


Log started (V4.0.9) Tue May 19 09:58:02 1998


Log started (V4.0.9) Tue May 19 09:58:06 1998


Log started (V4.0.9) Tue May 19 09:58:10 1998


Log started (V4.0.9) Tue May 19 09:58:14 1998


Log started (V4.0.9) Tue May 19 09:58:18 1998


Log started (V4.0.9) Tue May 19 09:58:22 1998


Log started (V4.0.9) Tue May 19 09:58:25 1998


Log started (V4.0.9) Tue May 19 09:58:29 1998


Log started (V4.0.9) Tue May 19 09:58:33 1998


Log started (V4.0.9) Tue May 19 09:58:37 1998


Log started (V4.0.9) Tue May 19 10:20:33 1998


Log started (V4.0.9) Tue May 19 10:22:24 1998


Log started (V4.0.9) Tue May 19 10:24:50 1998


Log started (V4.0.9) Tue May 19 10:26:02 1998


Log started (V4.0.9) Tue May 19 12:05:36 1998


Log started (V4.0.9) Tue May 19 12:10:03 1998


Log started (V4.0.9) Tue May 19 12:27:29 1998


Log started (V4.0.9) Tue May 19 12:28:01 1998


Log started (V4.0.9) Tue May 19 12:36:32 1998


Log started (V4.0.9) Tue May 19 12:40:42 1998


Log started (V4.0.9) Tue May 19 12:56:30 1998


Log started (V4.0.9) Tue May 19 12:56:50 1998


Log started (V4.0.9) Tue May 19 12:57:07 1998


Log started (V4.0.9) Tue May 19 12:57:24 1998


Log started (V4.0.9) Tue May 19 12:57:41 1998


Log started (V4.0.9) Tue May 19 12:57:59 1998


Log started (V4.0.9) Tue May 19 12:59:03 1998


Log started (V4.0.9) Tue May 19 12:59:08 1998


Log started (V4.0.9) Tue May 19 12:59:13 1998


Log started (V4.0.9) Tue May 19 12:59:29 1998


Log started (V4.0.9) Tue May 19 12:59:46 1998


Log started (V4.0.9) Tue May 19 12:59:51 1998


Log started (V4.0.9) Tue May 19 12:59:55 1998


Log started (V4.0.9) Tue May 19 13:00:00 1998


Log started (V4.0.9) Tue May 19 13:00:17 1998


Log started (V4.0.9) Tue May 19 13:00:36 1998


Log started (V4.0.9) Tue May 19 13:00:40 1998


Log started (V4.0.9) Tue May 19 13:00:45 1998


Log started (V4.0.9) Tue May 19 13:00:50 1998


Log started (V4.0.9) Tue May 19 13:00:55 1998


Log started (V4.0.9) Tue May 19 13:01:00 1998


Log started (V4.0.9) Tue May 19 13:01:05 1998


Log started (V4.0.9) Tue May 19 13:01:10 1998


Log started (V4.0.9) Tue May 19 13:01:15 1998


Log started (V4.0.9) Tue May 19 13:01:31 1998


Log started (V4.0.9) Tue May 19 13:01:36 1998


Log started (V4.0.9) Tue May 19 13:01:41 1998


Log started (V4.0.9) Tue May 19 13:01:57 1998


Log started (V4.0.9) Tue May 19 13:02:16 1998


Log started (V4.0.9) Tue May 19 13:02:34 1998


Log started (V4.0.9) Tue May 19 13:02:52 1998


Log started (V4.0.9) Tue May 19 13:03:11 1998


Log started (V4.0.9) Tue May 19 13:03:30 1998


Log started (V4.0.9) Tue May 19 13:03:44 1998


Log started (V4.0.9) Tue May 19 13:03:55 1998


Log started (V4.0.9) Tue May 19 13:04:06 1998


Log started (V4.0.9) Tue May 19 13:04:17 1998


Log started (V4.0.9) Tue May 19 14:05:55 1998


Log started (V4.0.9) Tue May 19 14:09:06 1998


Log started (V4.0.9) Tue May 19 14:09:58 1998


Log started (V4.0.9) Tue May 19 14:11:36 1998


Log started (V4.0.9) Tue May 19 14:12:14 1998


Log started (V4.0.9) Tue May 19 14:14:22 1998


Log started (V4.0.9) Tue May 19 14:14:26 1998


Log started (V4.0.9) Tue May 19 14:14:30 1998


Log started (V4.0.9) Tue May 19 14:14:41 1998


Log started (V4.0.9) Tue May 19 14:14:54 1998


Log started (V4.0.9) Tue May 19 14:14:57 1998


Log started (V4.0.9) Tue May 19 14:15:01 1998


Log started (V4.0.9) Tue May 19 14:15:06 1998


Log started (V4.0.9) Tue May 19 14:15:19 1998


Log started (V4.0.9) Tue May 19 14:15:33 1998


Log started (V4.0.9) Tue May 19 14:15:37 1998


Log started (V4.0.9) Tue May 19 14:15:40 1998


Log started (V4.0.9) Tue May 19 14:15:44 1998


Log started (V4.0.9) Tue May 19 14:15:48 1998


Log started (V4.0.9) Tue May 19 14:15:52 1998


Log started (V4.0.9) Tue May 19 14:15:56 1998


Log started (V4.0.9) Tue May 19 14:16:00 1998


Log started (V4.0.9) Tue May 19 14:16:04 1998


Log started (V4.0.9) Tue May 19 14:16:16 1998


Log started (V4.0.9) Tue May 19 14:16:20 1998


Log started (V4.0.9) Tue May 19 14:16:24 1998


Log started (V4.0.9) Tue May 19 14:16:36 1998


Log started (V4.0.9) Tue May 19 14:16:50 1998


Log started (V4.0.9) Tue May 19 14:17:03 1998


Log started (V4.0.9) Tue May 19 14:17:17 1998


Log started (V4.0.9) Tue May 19 14:17:32 1998


Log started (V4.0.9) Tue May 19 14:17:46 1998


Log started (V4.0.9) Tue May 19 14:18:01 1998


Log started (V4.0.9) Tue May 19 14:18:15 1998


Log started (V4.0.9) Tue May 19 14:18:29 1998


Log started (V4.0.9) Tue May 19 14:18:45 1998


Log started (V4.0.9) Tue May 19 15:09:00 1998


Log started (V4.0.9) Tue May 19 15:09:31 1998


Log started (V4.0.9) Tue May 19 15:09:36 1998


Log started (V4.0.9) Tue May 19 15:09:50 1998


Log started (V4.0.9) Tue May 19 15:10:03 1998


Log started (V4.0.9) Tue May 19 15:10:08 1998


Log started (V4.0.9) Tue May 19 15:10:13 1998


Log started (V4.0.9) Tue May 19 15:10:17 1998


Log started (V4.0.9) Tue May 19 15:13:33 1998


Log started (V4.0.9) Tue May 19 15:13:37 1998


Log started (V4.0.9) Tue May 19 15:13:42 1998


Log started (V4.0.9) Tue May 19 15:14:26 1998


Log started (V4.0.9) Tue May 19 15:14:29 1998


Log started (V4.0.9) Tue May 19 15:14:33 1998


Log started (V4.0.9) Tue May 19 15:14:45 1998


Log started (V4.0.9) Tue May 19 15:14:57 1998


Log started (V4.0.9) Tue May 19 15:15:00 1998


Log started (V4.0.9) Tue May 19 15:15:04 1998


Log started (V4.0.9) Tue May 19 15:15:07 1998


Log started (V4.0.9) Tue May 19 15:15:19 1998


Log started (V4.0.9) Tue May 19 15:15:32 1998


Log started (V4.0.9) Tue May 19 15:15:35 1998


Log started (V4.0.9) Tue May 19 15:15:39 1998


Log started (V4.0.9) Tue May 19 15:15:42 1998


Log started (V4.0.9) Tue May 19 15:15:46 1998


Log started (V4.0.9) Tue May 19 15:15:49 1998


Log started (V4.0.9) Tue May 19 15:15:53 1998


Log started (V4.0.9) Tue May 19 15:15:56 1998


Log started (V4.0.9) Tue May 19 15:16:00 1998


Log started (V4.0.9) Tue May 19 15:16:11 1998


Log started (V4.0.9) Tue May 19 15:16:15 1998


Log started (V4.0.9) Tue May 19 15:16:18 1998


Log started (V4.0.9) Tue May 19 15:16:30 1998


Log started (V4.0.9) Tue May 19 15:16:43 1998


Log started (V4.0.9) Tue May 19 15:16:55 1998


Log started (V4.0.9) Tue May 19 15:17:08 1998


Log started (V4.0.9) Tue May 19 15:17:21 1998


Log started (V4.0.9) Tue May 19 15:17:35 1998


Log started (V4.0.9) Tue May 19 15:17:48 1998


Log started (V4.0.9) Tue May 19 15:18:03 1998


Log started (V4.0.9) Tue May 19 15:18:17 1998


Log started (V4.0.9) Tue May 19 15:18:30 1998

