
New Case = 0
parameters(d,d2,s,c,g,r0,r1,r2) = 4.5677 0 0 -5.7906 -1; 1 1 1
0.233093679604461035
{2,2.50999999999999979,2.50999999999999979,2.50999999999999979,2.50999999999999979,2.50999999999999979,2,2.50999999999999979,2.31403759584843449}

New Case = 1
parameters(d,d2,s,c,g,r0,r1,r2) = 4.5677 0 0 -5.7906 -1; 0 1 1
0.292377843447736874
{2,2.50999999999999979,2.50999999999999979,2.50999999999999979,2.31403759584843405,2.50999999999999979,2,2.31403759584843405,2.50999999999999979}

New Case = 2
parameters(d,d2,s,c,g,r0,r1,r2) = 4.5677 0 0 -5.7906 -1; 1 0 1
0.216971432494100669
{2,2,2.50999999999999979,2.50999999999999979,2.31403759584850066,2.50999999999999979,2,2.50999999999999979,2.31403759584849888}

New Case = 3
parameters(d,d2,s,c,g,r0,r1,r2) = 4.5677 0 0 -5.7906 -1; 1 1 0
0.000345855205000744625
{2,2.50999999999999979,2.50999999999999979,2.50999999999999979,2.50999999999999979,2.50999999999999979,2,2,2}

New Case = 4
parameters(d,d2,s,c,g,r0,r1,r2) = 4.5677 0 0 -5.7906 -1; 0 0 1
0.149023394430748524
{2,2.50999999999999979,2,2.50999999999999979,2.50999999999999979,2,2,2.31403759584843582,2.50999999999999979}

New Case = 5
parameters(d,d2,s,c,g,r0,r1,r2) = 4.5677 0 0 -5.7906 -1; 0 1 0
0.0596300190482768055
{2,2.50999999999999979,2.50999999999999979,2.50999999999999979,2.31403759584843405,2.50999999999999979,2,2,2}

New Case = 6
parameters(d,d2,s,c,g,r0,r1,r2) = 4.5677 0 0 -5.7906 -1; 1 0 0
0.0680179714772743971
{2,2.50999999999999979,2,2.50999999999999979,2.50999999999999979,2.31403759584843449,2,2,2}

New Case = 7
parameters(d,d2,s,c,g,r0,r1,r2) = 4.5677 0 0 -5.7906 -1; 0 0 0
6.99334139527829635e-05
{2,2,2.50999999999999979,2.50999999999999979,2,2.50999999999999979,2,2,2}

New Case = 8
parameters(d,d2,s,c,g,r0,r1,r2) = 0 4.5677 0 -5.7906 -1; 1 1 1
0.228919091476720293
{2.50999999999999979,2.00000000017162982,2,2.82842712474618985,2,2,2.50999999999999979,2,2}

New Case = 9
parameters(d,d2,s,c,g,r0,r1,r2) = 0 4.5677 0 -5.7906 -1; 0 1 1
0.228919090492597288
{2.50999999999999979,2,2,2.82842712474618985,2,2,2.50999999999999979,2,2}

New Case = 10
parameters(d,d2,s,c,g,r0,r1,r2) = 0 4.5677 0 -5.7906 -1; 1 0 1
0.228919219315822375
{2.50999999999999979,2,2,2.82842712474618985,2,2.00000001617057599,2.50999999999999979,2,2.00000002996652837}

New Case = 11
parameters(d,d2,s,c,g,r0,r1,r2) = 0 4.5677 0 -5.7906 -1; 1 1 0
0.228919090492597288
{2.50999999999999979,2,2,2.82842712474618985,2,2,2.50999999999999979,2,2}

New Case = 12
parameters(d,d2,s,c,g,r0,r1,r2) = 0 4.5677 0 -5.7906 -1; 0 0 1
0.194331699842694161
{2.50999999999999979,2,2,2.82842712474618985,2,2,2.50999999999999979,2,2}

New Case = 13
parameters(d,d2,s,c,g,r0,r1,r2) = 0 4.5677 0 -5.7906 -1; 0 1 0
0.228919090492597288
{2.50999999999999979,2,2,2.82842712474618985,2,2,2.50999999999999979,2,2}

New Case = 14
parameters(d,d2,s,c,g,r0,r1,r2) = 0 4.5677 0 -5.7906 -1; 1 0 0
0.194331699842694161
{2.50999999999999979,2,2,2.82842712474618985,2,2,2.50999999999999979,2,2}

New Case = 15
parameters(d,d2,s,c,g,r0,r1,r2) = 0 4.5677 0 -5.7906 -1; 0 0 0
0.159744309192791034
{2.50999999999999979,2,2,2.82842712474618985,2,2,2.50999999999999979,2,2}

 smallest case = 6.99334139527829635e-05

---------


New Case = 1000
parameters(d,d2,s,c,g,r0,r1,r2) = 1.5094 0 0 -2.0749 -1; 1 1 1
0.321353077567165024
{2,2,2.50999999999999979,2.69676534980153404,2,2.50999999999999979,2,2.50999999999999979,2.00000000000000089}

New Case = 1001
parameters(d,d2,s,c,g,r0,r1,r2) = 1.5094 0 0 -2.0749 -1; 0 1 1
0.312234418463239738
{2,2.50999999999999979,2.31403759584843405,2.50999999999999979,2.50999999999999979,2,2,2.31403759584843405,2.50999999999999979}

New Case = 1002
parameters(d,d2,s,c,g,r0,r1,r2) = 1.5094 0 0 -2.0749 -1; 1 0 1
0.207361634429467756
{2,2.50999999999999979,2,2.50999999999999979,2.50999999999999979,2.31403759584843449,2,2.31403759584843405,2.50999999999999979}

New Case = 1003
parameters(d,d2,s,c,g,r0,r1,r2) = 1.5094 0 0 -2.0749 -1; 1 1 0
0.163063798412276917
{2,2.31403759584843494,2.50999999999999979,2.50999999999999979,2.31403759584843449,2.50999999999999979,2,2,2}

New Case = 1004
parameters(d,d2,s,c,g,r0,r1,r2) = 1.5094 0 0 -2.0749 -1; 0 0 1
0.149122857139719733
{2,2.50999999999999979,2,2.50999999999999979,2.50999999999999979,2,2,2.31403759584843405,2.50999999999999979}

New Case = 1005
parameters(d,d2,s,c,g,r0,r1,r2) = 1.5094 0 0 -2.0749 -1; 0 1 0
0.103779320905588945
{2,2.31403759584843405,2.50999999999999979,2.50999999999999979,2,2.50999999999999979,2,2,2}

New Case = 1006
parameters(d,d2,s,c,g,r0,r1,r2) = 1.5094 0 0 -2.0749 -1; 1 0 0
0.0584081734126733476
{2,2.50999999999999979,2,2.50999999999999979,2.50999999999999979,2.3140375958484376,2,2,2}

New Case = 1007
parameters(d,d2,s,c,g,r0,r1,r2) = 1.5094 0 0 -2.0749 -1; 0 0 0
0.000169396122924436732
{2,2,2.50999999999999979,2.50999999999999979,2,2.50999999999999979,2,2,2}

New Case = 1008
parameters(d,d2,s,c,g,r0,r1,r2) = 0 1.5094 0 -2.0749 -1; 1 1 1
0.0693493517124883496
{2.50999999999999979,2,2,2.82842712474618985,2,2,2.50999999999999979,2.00000000025144908,2}

New Case = 1009
parameters(d,d2,s,c,g,r0,r1,r2) = 0 1.5094 0 -2.0749 -1; 0 1 1
0.0693493948160995854
{2.50999999999999979,2,2,2.82842712474618985,2,2,2.50999999524872752,2.00000002402378874,1.99999999999999978}

New Case = 1010
parameters(d,d2,s,c,g,r0,r1,r2) = 0 1.5094 0 -2.0749 -1; 1 0 1
0.0698663493367838173
{2.50999999999999979,2,2,2.82842712474618985,2.00033733066265729,2,2.50999999999999979,2.00000002474067173,2}

New Case = 1011
parameters(d,d2,s,c,g,r0,r1,r2) = 0 1.5094 0 -2.0749 -1; 1 1 0
0.0693494072871272405
{2.50999999999999979,2,2.00000001801990557,2.82842712474618985,2,2.00000001674535977,2.50999999999999979,2,2}

New Case = 1012
parameters(d,d2,s,c,g,r0,r1,r2) = 0 1.5094 0 -2.0749 -1; 0 0 1
0.0347619606772023859
{2.50999999999999979,2,2,2.82842712474618985,2,2,2.50999999999999979,2,2}

New Case = 1013
parameters(d,d2,s,c,g,r0,r1,r2) = 0 1.5094 0 -2.0749 -1; 0 1 0
0.0693493513271055129
{2.50999999999999979,2,2,2.82842712474618985,2,2,2.50999999999999979,2,2}

New Case = 1014
parameters(d,d2,s,c,g,r0,r1,r2) = 0 1.5094 0 -2.0749 -1; 1 0 0
0.0347619606772023859
{2.50999999999999979,2,2,2.82842712474618985,2,2,2.50999999999999979,2,2}

New Case = 1015
parameters(d,d2,s,c,g,r0,r1,r2) = 0 1.5094 0 -2.0749 -1; 0 0 0
0.000174570027299258967
{2.50999999999999979,2,2,2.82842712474618985,2,2,2.50999999999999979,2,2}

 smallest case = 0.000169396122924436732

---------


New Case = 2000
parameters(d,d2,s,c,g,r0,r1,r2) = 0.5301 0 0 -0.8341 -1; 1 1 1
0.173401320822203275
{2,2,2.50999999999999979,2.82842712474618985,2,2.11628521533770675,2,2,2.00000002721161518}

New Case = 2001
parameters(d,d2,s,c,g,r0,r1,r2) = 0.5301 0 0 -0.8341 -1; 0 1 1
0.17501372362715728
{2,2,2.50999999999999979,2.82842712474618985,2,2.00000001042547737,2,2,2}

New Case = 2002
parameters(d,d2,s,c,g,r0,r1,r2) = 0.5301 0 0 -0.8341 -1; 1 0 1
0.158918831766980961
{2,2,2,2.50999999999999979,2.31403759584843494,2.50999999999999979,2,2.31403759584843449,2.50999999999999979}

New Case = 2003
parameters(d,d2,s,c,g,r0,r1,r2) = 0.5301 0 0 -0.8341 -1; 1 1 0
0.123461497843315948
{2,2,2.50999999999999979,2.6967653498015145,2,2.50999999999999979,2,2,2}

New Case = 2004
parameters(d,d2,s,c,g,r0,r1,r2) = 0.5301 0 0 -0.8341 -1; 0 0 1
0.12099889450440493
{2,2,2,2.50999999999999979,2.50999999999999979,2,2,2.31403759584843494,2.50999999999999979}

New Case = 2005
parameters(d,d2,s,c,g,r0,r1,r2) = 0.5301 0 0 -0.8341 -1; 0 1 0
0.117356650947062158
{2,2,2.50999999999999979,2.69676534980151406,2,2.25400961788942622,2,2,2}

New Case = 2006
parameters(d,d2,s,c,g,r0,r1,r2) = 0.5301 0 0 -0.8341 -1; 1 0 0
0.0379783462455570708
{2,2,2,2.50999999999999979,2.50999999999999979,2.3140375958484336,2,2,2}

New Case = 2007
parameters(d,d2,s,c,g,r0,r1,r2) = 0.5301 0 0 -0.8341 -1; 0 0 0
5.84089829812617367e-05
{2,2,2,2.50999999999999979,2,2.50999999999999979,2,2,2}

New Case = 2008
parameters(d,d2,s,c,g,r0,r1,r2) = 0 0.5301 0 -0.8341 -1; 1 1 1
0.0692307726416945268
{2.50999999999999979,2,2,2.82842712474618985,2,2,2.50999999999999979,2.00000000148390367,2}

New Case = 2009
parameters(d,d2,s,c,g,r0,r1,r2) = 0 0.5301 0 -0.8341 -1; 0 1 1
0.124107216906167772
{2,2,2.0000298916398207,2.82842712470491842,2,2,2.50999999999999979,2,2.00019868334586359}

New Case = 2010
parameters(d,d2,s,c,g,r0,r1,r2) = 0 0.5301 0 -0.8341 -1; 1 0 1
0.0695085928891678861
{2.50999999999999979,2,2,2.82842712474618985,2,2.00052863863393382,2.50999999999999979,2.00000003169242513,2}

New Case = 2011
parameters(d,d2,s,c,g,r0,r1,r2) = 0 0.5301 0 -0.8341 -1; 1 1 0
0.0700280386575730107
{2.50999999999999979,2,2.00000001435390029,2.82842712474618985,2,2.00000004317840219,2.5084840190755533,2,2}

New Case = 2012
parameters(d,d2,s,c,g,r0,r1,r2) = 0 0.5301 0 -0.8341 -1; 0 0 1
0.0346433917177366713
{2.50999999999999979,2,2,2.82842712474618985,2,2,2.50999999999999979,2.00000000000002709,2.00000002043928893}

New Case = 2013
parameters(d,d2,s,c,g,r0,r1,r2) = 0 0.5301 0 -0.8341 -1; 0 1 0
0.0692308186141001869
{2.50999999999999979,2,2.00000004148512556,2.82842712474618985,2,2,2.50999999999999979,2,2}

New Case = 2014
parameters(d,d2,s,c,g,r0,r1,r2) = 0 0.5301 0 -0.8341 -1; 1 0 0
0.0346433947996711566
{2.50999999999999979,2,2,2.82842712474618985,2,2.00000002630222617,2.50999999999999979,2,2}

New Case = 2015
parameters(d,d2,s,c,g,r0,r1,r2) = 0 0.5301 0 -0.8341 -1; 0 0 0
5.59903235569647606e-05
{2.50999999999999979,2,2,2.82842712474618985,2,2,2.50999999999999979,2,2}

 smallest case = 5.59903235569647606e-05

---------


New Case = 3000
parameters(d,d2,s,c,g,r0,r1,r2) = 0.3878 0 0 -0.6284 -1; 1 1 1
0.112543572135052061
{2,2,2,2.82842712474618985,2.00000000116772814,2,2,2.00000001530902338,2}

New Case = 3001
parameters(d,d2,s,c,g,r0,r1,r2) = 0.3878 0 0 -0.6284 -1; 0 1 1
0.112543821338904615
{2,2,2,2.82842712474618985,2,2,2,2.00000123862940882,2.00000000941708}

New Case = 3002
parameters(d,d2,s,c,g,r0,r1,r2) = 0.3878 0 0 -0.6284 -1; 1 0 1
0.112543569017369061
{2,2,2,2.82842712474618985,2,2,2,2,2}

New Case = 3003
parameters(d,d2,s,c,g,r0,r1,r2) = 0.3878 0 0 -0.6284 -1; 1 1 0
0.112544361449076202
{2,2,2.00000268904359446,2.82842712474618985,2,2,2,2,2}

New Case = 3004
parameters(d,d2,s,c,g,r0,r1,r2) = 0.3878 0 0 -0.6284 -1; 0 0 1
0.112543569017369394
{2,2,2,2.82842712474618985,2,2,2,2,2}

New Case = 3005
parameters(d,d2,s,c,g,r0,r1,r2) = 0.3878 0 0 -0.6284 -1; 0 1 0
0.103579550647210583
{2,2,2.50999999999999979,2.6967653498015145,2,2,2,2,2}

New Case = 3006
parameters(d,d2,s,c,g,r0,r1,r2) = 0.3878 0 0 -0.6284 -1; 1 0 0
0.04218840205917751
{2,2,2,2.50999999999999979,2.31403759584843494,2.50999999999999979,2,2,2}

New Case = 3007
parameters(d,d2,s,c,g,r0,r1,r2) = 0.3878 0 0 -0.6284 -1; 0 0 0
0.000146659115457636879
{2,2,2,2.50999999999999979,2.50999999999999979,2,2,2,2}

New Case = 3008
parameters(d,d2,s,c,g,r0,r1,r2) = 0 0.3878 0 -0.6284 -1; 1 1 1
0.103579564756867026
{2,2,2.00000001007087569,2.82842712474618985,2,2,2.50999999999999979,2,2.00000001506048974}

New Case = 3009
parameters(d,d2,s,c,g,r0,r1,r2) = 0 0.3878 0 -0.6284 -1; 0 1 1
0.103579550647210583
{2.50999999999999979,2,2,2.82842712474618985,2,2,2,2,2}

New Case = 3010
parameters(d,d2,s,c,g,r0,r1,r2) = 0 0.3878 0 -0.6284 -1; 1 0 1
0.0947630335839771409
{2.50999999999999979,2,2,2.82842712474618985,2,2,2.50963113162662443,2,2}

New Case = 3011
parameters(d,d2,s,c,g,r0,r1,r2) = 0 0.3878 0 -0.6284 -1; 1 1 0
0.10360955387716575
{2.50999999999999979,2,2.00001812487438091,2.82842712473395963,1.99999999999999978,2.0000374468590727,2,2,2}

New Case = 3012
parameters(d,d2,s,c,g,r0,r1,r2) = 0 0.3878 0 -0.6284 -1; 0 0 1
0.0600281416294421999
{2.50999999999999979,2,2,2.82842712474618985,2,2.00000000000505107,2.50999999999999979,2,2}

New Case = 3013
parameters(d,d2,s,c,g,r0,r1,r2) = 0 0.3878 0 -0.6284 -1; 0 1 0
0.0946155322770519946
{2.50999999999999979,2,2,2.82842712474618985,2,2,2.50999999999999979,2,2}

New Case = 3014
parameters(d,d2,s,c,g,r0,r1,r2) = 0 0.3878 0 -0.6284 -1; 1 0 0
0.0600281416271488677
{2.50999999999999979,2,2,2.82842712474618985,2,2,2.50999999999999979,2,2}

New Case = 3015
parameters(d,d2,s,c,g,r0,r1,r2) = 0 0.3878 0 -0.6284 -1; 0 0 0
0.0689921599973077893
{2.50999999999999979,2,2,2.82842712474618985,2,2,2,2,2}

 smallest case = 0.000146659115457636879

---------


New Case = 4000
parameters(d,d2,s,c,g,r0,r1,r2) = -0.1897 0 0 0.4124 -1; 1 1 1
0.0499528762941634508
{2,2,2,2.82842712474618985,2,2,2,2,2.0000000059879488}

New Case = 4001
parameters(d,d2,s,c,g,r0,r1,r2) = -0.1897 0 0 0.4124 -1; 0 1 1
0.0499528751170162932
{2,2,2,2.82842712474618985,2,2,2,2,2.00000000016547741}

New Case = 4002
parameters(d,d2,s,c,g,r0,r1,r2) = -0.1897 0 0 0.4124 -1; 1 0 1
0.0499528808223436149
{2,2,2,2.82842712474618985,2,2,2,2.00000002320182979,2.00000000518366239}

New Case = 4003
parameters(d,d2,s,c,g,r0,r1,r2) = -0.1897 0 0 0.4124 -1; 1 1 0
0.0502084074911761657
{2,2,2,2.82842712474618985,2,2.00087617336023227,2,2,2}

New Case = 4004
parameters(d,d2,s,c,g,r0,r1,r2) = -0.1897 0 0 0.4124 -1; 0 0 1
0.0499528750835612767
{2,2,2,2.82842712474618985,2,2,2,2,2}

New Case = 4005
parameters(d,d2,s,c,g,r0,r1,r2) = -0.1897 0 0 0.4124 -1; 0 1 0
0.0499528750838327817
{2.00000000000070033,2,2,2.82842712474618985,2,2,2,2,2}

New Case = 4006
parameters(d,d2,s,c,g,r0,r1,r2) = -0.1897 0 0 0.4124 -1; 1 0 0
0.0499528750835612767
{2,2,2,2.82842712474618985,2,2,2,2,2}

New Case = 4007
parameters(d,d2,s,c,g,r0,r1,r2) = -0.1897 0 0 0.4124 -1; 0 0 0
0.0499528750835616098
{2,2,2,2.82842712474618985,2,2,2,2,2}

New Case = 4008
parameters(d,d2,s,c,g,r0,r1,r2) = 0 -0.1897 0 0.4124 -1; 1 1 1
0.0499528757534893897
{2,2,2,2.82842712474619029,2,2.00000000425457314,2,2,1.99999999999999978}

New Case = 4009
parameters(d,d2,s,c,g,r0,r1,r2) = 0 -0.1897 0 0.4124 -1; 0 1 1
0.0499528764471859898
{2,2,2,2.82842712474618985,2.00000002004300903,2,2,2,2}

New Case = 4010
parameters(d,d2,s,c,g,r0,r1,r2) = 0 -0.1897 0 0.4124 -1; 1 0 1
0.0499528766182877337
{2,2,2,2.82842712474618985,2.00000000404420142,2,2,2.00000001851371234,2}

New Case = 4011
parameters(d,d2,s,c,g,r0,r1,r2) = 0 -0.1897 0 0.4124 -1; 1 1 0
0.0499528751070736354
{2,2,2,2.82842712474618985,2.00000000034558667,2,2,2,2}

New Case = 4012
parameters(d,d2,s,c,g,r0,r1,r2) = 0 -0.1897 0 0.4124 -1; 0 0 1
0.0588412700012449497
{2,2,2,2.50999999999999979,2.50999999999999979,2,2,2.50999999999999979,2.31403759584843671}

New Case = 4013
parameters(d,d2,s,c,g,r0,r1,r2) = 0 -0.1897 0 0.4124 -1; 0 1 0
0.0499528750835608881
{2,2,2,2.82842712474618985,2,2,2,2,2}

New Case = 4014
parameters(d,d2,s,c,g,r0,r1,r2) = 0 -0.1897 0 0.4124 -1; 1 0 0
0.0499528750835612212
{2,2,2,2.82842712474618985,2,2,2,2,2}

New Case = 4015
parameters(d,d2,s,c,g,r0,r1,r2) = 0 -0.1897 0 0.4124 -1; 0 0 0
0.000335732199870486525
{2,2,2,2.50999999999999979,2.50999999999999979,2,2,2,2}

 smallest case = 0.000335732199870486525

---------


New Case = 5000
parameters(d,d2,s,c,g,r0,r1,r2) = -0.5905 0 0 1.5707 -1; 1 1 1
0.34151103652207071
{2.50999999999999979,2,2,2.82842712474618985,2,2,2.00000000359955488,2,2}

New Case = 5001
parameters(d,d2,s,c,g,r0,r1,r2) = -0.5905 0 0 1.5707 -1; 0 1 1
0.341511494031478624
{2.50999999999999979,2,2,2.82842712474618985,2,2,2,2.00000025242991608,2.0000020190289769}

New Case = 5002
parameters(d,d2,s,c,g,r0,r1,r2) = -0.5905 0 0 1.5707 -1; 1 0 1
0.341511054290052352
{2.50999999939763496,2,2,2.82842712474618985,2,2.00000002519381415,2,2,2}

New Case = 5003
parameters(d,d2,s,c,g,r0,r1,r2) = -0.5905 0 0 1.5707 -1; 1 1 0
0.341584832709045383
{2.50999999999999979,2.00000002660767162,2,2.82842712474618985,2.00009753173791127,2,2,2.000000025535972,2}

New Case = 5004
parameters(d,d2,s,c,g,r0,r1,r2) = -0.5905 0 0 1.5707 -1; 0 0 1
0.306923644153377584
{2.50999999999999979,2,2,2.82842712474618985,2,2,2,2,2}

New Case = 5005
parameters(d,d2,s,c,g,r0,r1,r2) = -0.5905 0 0 1.5707 -1; 0 1 0
0.341511034803664959
{2.50999999999999979,2,2,2.82842712474618985,2,2,2,2,2.00000000000189981}

New Case = 5006
parameters(d,d2,s,c,g,r0,r1,r2) = -0.5905 0 0 1.5707 -1; 1 0 0
0.341511034803281044
{2.50999999999999979,2,2,2.82842712474618985,2,2,2,2,2}

New Case = 5007
parameters(d,d2,s,c,g,r0,r1,r2) = -0.5905 0 0 1.5707 -1; 0 0 0
0.306923644153377917
{2.50999999999999979,2,2,2.82842712474618985,2,2,2,2,2}

New Case = 5008
parameters(d,d2,s,c,g,r0,r1,r2) = 0 -0.5905 0 1.5707 -1; 1 1 1
0.122917022690019362
{2,2.50999999999999979,2,2.69676534980151361,2.50999999999999979,2,2,2.50999999999999979,2}

New Case = 5009
parameters(d,d2,s,c,g,r0,r1,r2) = 0 -0.5905 0 1.5707 -1; 0 1 1
0.122917022690019917
{2,2.50999999999999979,2,2.69676534980151361,2.50999999999999979,2,2,2.50999999999999979,2.00000000000000089}

New Case = 5010
parameters(d,d2,s,c,g,r0,r1,r2) = 0 -0.5905 0 1.5707 -1; 1 0 1
0.140883670155495189
{2,2,2,2.50999999999999979,2.50999999999999979,2.3140375958484336,2,2.50999999999999979,2.31403759584843405}

New Case = 5011
parameters(d,d2,s,c,g,r0,r1,r2) = 0 -0.5905 0 1.5707 -1; 1 1 0
0.122917022690020694
{2,2.50999999999999979,2,2.69676534980151494,2.50999999999999979,2,2,2.50999999999999979,2}

New Case = 5012
parameters(d,d2,s,c,g,r0,r1,r2) = 0 -0.5905 0 1.5707 -1; 0 0 1
0.0705048752239815224
{2,2,2,2.50999999999999979,2.50999999999999979,2,2,2.50999999999999979,2.31403759584843405}

New Case = 5013
parameters(d,d2,s,c,g,r0,r1,r2) = 0 -0.5905 0 1.5707 -1; 0 1 0
0.122917022690020694
{2,2.50999999999999979,2,2.69676534980151494,2.50999999999999979,2,2,2.50999999999999979,2}

New Case = 5014
parameters(d,d2,s,c,g,r0,r1,r2) = 0 -0.5905 0 1.5707 -1; 1 0 0
0.0705048752239810783
{2,2,2,2.50999999999999979,2.50999999999999979,2.3140375958484336,2,2.50999999999999979,2}

New Case = 5015
parameters(d,d2,s,c,g,r0,r1,r2) = 0 -0.5905 0 1.5707 -1; 0 0 0
0.000126080292467634081
{2,2,2,2.50999999999999979,2.50999999999999979,2,2,2.50999999999999979,2}

 smallest case = 0.000126080292467634081

---------


New Case = 6000
parameters(d,d2,s,c,g,r0,r1,r2) = 0 0 -0.3 0.41717 -1; 1 1 1
0.0093657090213605243
{2,2,2,2.82842712474619029,2,2,2,2.0000000060295795,2}

New Case = 6001
parameters(d,d2,s,c,g,r0,r1,r2) = 0 0 -0.3 0.41717 -1; 0 1 1
0.00936720313367472857
{2,2,2,2.82842712474618985,2,2,2,2.00002459881888361,2}

New Case = 6002
parameters(d,d2,s,c,g,r0,r1,r2) = 0 0 -0.3 0.41717 -1; 1 0 1
0.00936570865505337302
{2,2,2,2.82842712474618985,2,2,2,2,2}

New Case = 6003
parameters(d,d2,s,c,g,r0,r1,r2) = 0 0 -0.3 0.41717 -1; 1 1 0
0.00936570884813064941
{2,2,2,2.82842712474618985,2.00000000317813553,2,2,2,2}

New Case = 6004
parameters(d,d2,s,c,g,r0,r1,r2) = 0 0 -0.3 0.41717 -1; 0 0 1
0.00936570865505370609
{2,2,2,2.82842712474618985,2,2,2,2,2}

New Case = 6005
parameters(d,d2,s,c,g,r0,r1,r2) = 0 0 -0.3 0.41717 -1; 0 1 0
0.00936570865505337302
{2,2,2,2.82842712474618985,2,2,2,2,2}

New Case = 6006
parameters(d,d2,s,c,g,r0,r1,r2) = 0 0 -0.3 0.41717 -1; 1 0 0
0.00936570865505370609
{2,2,2,2.82842712474618985,2,2,2,2,2}

New Case = 6007
parameters(d,d2,s,c,g,r0,r1,r2) = 0 0 -0.3 0.41717 -1; 0 0 0
0.00936570865505403916
{2,2,2,2.82842712474618985,2,2,2,2,2}

New Case = 6008
parameters(d,d2,s,c,g,r0,r1,r2) = 0 0 -0.3 0.41717 -1; 1 1 1
0.00936572122333889645
{2,2,2.00000001834551089,2.82842712474618985,2,2.00000001998037513,2,2,2}

New Case = 6009
parameters(d,d2,s,c,g,r0,r1,r2) = 0 0 -0.3 0.41717 -1; 0 1 1
0.00936570865505337302
{2,2,2,2.82842712474618985,2,2,2,2,2}

New Case = 6010
parameters(d,d2,s,c,g,r0,r1,r2) = 0 0 -0.3 0.41717 -1; 1 0 1
0.00936570865505337302
{2,2,2,2.82842712474618985,2,2,2,2,2}

New Case = 6011
parameters(d,d2,s,c,g,r0,r1,r2) = 0 0 -0.3 0.41717 -1; 1 1 0
0.00936644312544887558
{2,2.00000118357014456,2,2.82842712474618985,2.0000000089623442,2.0000000228598962,2,2,2}

New Case = 6012
parameters(d,d2,s,c,g,r0,r1,r2) = 0 0 -0.3 0.41717 -1; 0 0 1
0.00936570865505370609
{2,2,2,2.82842712474618985,2,2,2,2,2}

New Case = 6013
parameters(d,d2,s,c,g,r0,r1,r2) = 0 0 -0.3 0.41717 -1; 0 1 0
0.0093657086551438562
{2,2.00000000000014388,2,2.82842712474618985,2,2,2,2,2}

New Case = 6014
parameters(d,d2,s,c,g,r0,r1,r2) = 0 0 -0.3 0.41717 -1; 1 0 0
0.00936570865505370609
{2,2,2,2.82842712474618985,2,2,2,2,2}

New Case = 6015
parameters(d,d2,s,c,g,r0,r1,r2) = 0 0 -0.3 0.41717 -1; 0 0 0
0.00936570865505403916
{2,2,2,2.82842712474618985,2,2,2,2,2}

 smallest case = 0.00936570865505337302

---------


New Case = 7000
parameters(d,d2,s,c,g,r0,r1,r2) = 4.4946 0 0.10044 -5.8145 -1; 1 1 1
0.250055083841715819
{2,2.50999999999999979,2.50999999999999979,2.50999999999999979,2.50999999999999979,2.50999999999999979,2,2.31403759584843494,2.50999999999999979}

New Case = 7001
parameters(d,d2,s,c,g,r0,r1,r2) = 4.4946 0 0.10044 -5.8145 -1; 0 1 1
0.302600764278955991
{2,2.50999999999999979,2.50999999999999979,2.50999999999999979,2.50999999999999979,2.31403759584843405,2,2.31403759584843494,2.50999999999999979}

New Case = 7002
parameters(d,d2,s,c,g,r0,r1,r2) = 4.4946 0 0.10044 -5.8145 -1; 1 0 1
0.259683236658777128
{2,2.50999999999999979,2,2.50999999999999979,2.50999999999999979,2.31403759584843405,2,2.50999999999999979,2.31403759584843405}

New Case = 7003
parameters(d,d2,s,c,g,r0,r1,r2) = 4.4946 0 0.10044 -5.8145 -1; 1 1 0
1.08540948072777255e-05
{2,2.50999999999999979,2.50999999999999979,2.50999999999999979,2.50999999999999979,2.50999999999999979,2,2,2}

New Case = 7004
parameters(d,d2,s,c,g,r0,r1,r2) = 4.4946 0 0.10044 -5.8145 -1; 0 0 1
0.172567732500565674
{2,2.50999999999999979,2,2.50999999999999979,2.50999999999999979,2,2,2.31403759584843893,2.50999999999999979}

New Case = 7005
parameters(d,d2,s,c,g,r0,r1,r2) = 4.4946 0 0.10044 -5.8145 -1; 0 1 0
0.052556534532048782
{2,2.50999999999999979,2.50999999999999979,2.50999999999999979,2.50999999999999979,2.31403759584842739,2,2,2}

New Case = 7006
parameters(d,d2,s,c,g,r0,r1,r2) = 4.4946 0 0.10044 -5.8145 -1; 1 0 0
0.0800322741144028349
{2,2,2.50999999999999979,2.50999999999999979,2.3140375958527204,2.50999999999999979,2,2,2}

New Case = 7007
parameters(d,d2,s,c,g,r0,r1,r2) = 4.4946 0 0.10044 -5.8145 -1; 0 0 0
0.00143048694043168556
{2,2.50999999999999979,2,2.50999999999999979,2.50999999999999979,2,2,2,2}

New Case = 7008
parameters(d,d2,s,c,g,r0,r1,r2) = 0 4.4946 0.10044 -5.8145 -1; 1 1 1
0.193508648681886775
{2.50999999999999979,2,2,2.82842712474618985,2,2,2.50999999999999979,2.00000000018279867,2}

New Case = 7009
parameters(d,d2,s,c,g,r0,r1,r2) = 0 4.4946 0.10044 -5.8145 -1; 0 1 1
0.193508758360450006
{2.50999999999999979,1.99999999999999978,2.00000001198751143,2.82842712474618985,2,2,2.50999999999999979,2,2.00000001755346979}

New Case = 7010
parameters(d,d2,s,c,g,r0,r1,r2) = 0 4.4946 0.10044 -5.8145 -1; 1 0 1
0.193508648075937817
{2.50999999999999979,2.00000000002737188,2,2.82842712474618985,2,2,2.50999999999999979,2,2}

New Case = 7011
parameters(d,d2,s,c,g,r0,r1,r2) = 0 4.4946 0.10044 -5.8145 -1; 1 1 0
0.195308339598267433
{2.50999999999999979,2,2,2.82842712474618985,2,2.00064211071629217,2.50999999999999979,2,2}

New Case = 7012
parameters(d,d2,s,c,g,r0,r1,r2) = 0 4.4946 0.10044 -5.8145 -1; 0 0 1
0.158921257270429384
{2.50999999999999979,2,2,2.82842712474618985,2,2,2.50999999999999979,2,2}

New Case = 7013
parameters(d,d2,s,c,g,r0,r1,r2) = 0 4.4946 0.10044 -5.8145 -1; 0 1 0
0.19350864792033251
{2.50999999999999979,2,2,2.82842712474618985,2,2,2.50999999999999979,2,2}

New Case = 7014
parameters(d,d2,s,c,g,r0,r1,r2) = 0 4.4946 0.10044 -5.8145 -1; 1 0 0
0.158921257270429384
{2.50999999999999979,2,2,2.82842712474618985,2,2,2.50999999999999979,2,2}

New Case = 7015
parameters(d,d2,s,c,g,r0,r1,r2) = 0 4.4946 0.10044 -5.8145 -1; 0 0 0
0.124333866620526257
{2.50999999999999979,2,2,2.82842712474618985,2,2,2.50999999999999979,2,2}

 smallest case = 1.08540948072777255e-05

---------


New Case = 8000
parameters(d,d2,s,c,g,r0,r1,r2) = 2.1406 0 0.10044 -2.955 -1; 1 1 1
0.378373081546564349
{2,2.50999999999999979,2.31403759589047242,2.50999999999999979,2.50999999999999979,2.31403759589047109,2,2.50999999999999979,2.31403759589047064}

New Case = 8001
parameters(d,d2,s,c,g,r0,r1,r2) = 2.1406 0 0.10044 -2.955 -1; 0 1 1
0.321962781778679097
{2,2.50999999999999979,2.31403759584843405,2.50999999999999979,2.50999999999999979,2,2,2.50999999999999979,2.3140375958484336}

New Case = 8002
parameters(d,d2,s,c,g,r0,r1,r2) = 2.1406 0 0.10044 -2.955 -1; 1 0 1
0.243176615819061581
{2,2,2.50999999999999979,2.50999999999999979,2.31403759584843538,2.50999999999999979,2,2.50999999999999979,2.31403759584843449}

New Case = 8003
parameters(d,d2,s,c,g,r0,r1,r2) = 2.1406 0 0.10044 -2.955 -1; 1 1 0
0.133314637316759965
{2,2.50999999999999979,2.50999999999999979,2.50999999999999979,2.31403759584843405,2.50999999999999979,2,2,2}

New Case = 8004
parameters(d,d2,s,c,g,r0,r1,r2) = 2.1406 0 0.10044 -2.955 -1; 0 0 1
0.172048260255414975
{2,2.50999999999999979,2,2.50999999999999979,2.50999999999999979,2,2,2.31403759584843449,2.50999999999999979}

New Case = 8005
parameters(d,d2,s,c,g,r0,r1,r2) = 2.1406 0 0.10044 -2.955 -1; 0 1 0
0.0947872210916571589
{2,2.31403759584843494,2.50999999999999979,2.50999999999999979,2,2.50999999999999979,2,2,2}

New Case = 8006
parameters(d,d2,s,c,g,r0,r1,r2) = 2.1406 0 0.10044 -2.955 -1; 1 0 0
0.0720393702589292584
{2,2,2.50999999999999979,2.50999999999999979,2.31403759584843494,2.50999999999999979,2,2,2}

New Case = 8007
parameters(d,d2,s,c,g,r0,r1,r2) = 2.1406 0 0.10044 -2.955 -1; 0 0 0
0.000911014695281875397
{2,2,2.50999999999999979,2.50999999999999979,2,2.50999999999999979,2,2,2}

New Case = 8008
parameters(d,d2,s,c,g,r0,r1,r2) = 0 2.1406 0.10044 -2.955 -1; 1 1 1
0.0700882826686258786
{2.50999999999999979,2,2,2.82842712474618985,2,2,2.50999999999999979,2.00000000197249728,2}

New Case = 8009
parameters(d,d2,s,c,g,r0,r1,r2) = 0 2.1406 0.10044 -2.955 -1; 0 1 1
0.0700883434296868391
{2.50999999999999979,2,2,2.82842712474618985,2,2,2.50999999999999979,2,2.00000004380459329}

New Case = 8010
parameters(d,d2,s,c,g,r0,r1,r2) = 0 2.1406 0.10044 -2.955 -1; 1 0 1
0.0709393774570309388
{2.50999999999999979,2,2,2.82842712474618985,2.00039933809262793,2,2.50999999999999979,2,2}

New Case = 8011
parameters(d,d2,s,c,g,r0,r1,r2) = 0 2.1406 0.10044 -2.955 -1; 1 1 0
0.0701880271086627872
{2.50999999999999979,2.00000002618739714,2,2.82842712474618985,2,2.00006720824267692,2.50999999999999979,2,2}

New Case = 8012
parameters(d,d2,s,c,g,r0,r1,r2) = 0 2.1406 0.10044 -2.955 -1; 0 0 1
0.0355008878142820672
{2.50999999999999979,2,2,2.82842712474618985,2,2,2.50999999999999979,2,2}

New Case = 8013
parameters(d,d2,s,c,g,r0,r1,r2) = 0 2.1406 0.10044 -2.955 -1; 0 1 0
0.0700882784641851941
{2.50999999999999979,2,2,2.82842712474618985,2,2,2.50999999999999979,2,2}

New Case = 8014
parameters(d,d2,s,c,g,r0,r1,r2) = 0 2.1406 0.10044 -2.955 -1; 1 0 0
0.0355008878142820672
{2.50999999999999979,2,2,2.82842712474618985,2,2,2.50999999999999979,2,2}

New Case = 8015
parameters(d,d2,s,c,g,r0,r1,r2) = 0 2.1406 0.10044 -2.955 -1; 0 0 0
0.000913497164378940241
{2.50999999999999979,2,2,2.82842712474618985,2,2,2.50999999999999979,2,2}

 smallest case = 0.000911014695281875397

---------


New Case = 9000
parameters(d,d2,s,c,g,r0,r1,r2) = 0.316 0 0.10044 -0.6438 -1; 1 1 1
0.096499194060643112
{2,2,2,2.82842712474619029,2,2,2,2,2.00000000202424388}

New Case = 9001
parameters(d,d2,s,c,g,r0,r1,r2) = 0.316 0 0.10044 -0.6438 -1; 0 1 1
0.0964991962202931264
{2,2,2,2.82842712474618985,2,2,2,2.00000001067935074,2}

New Case = 9002
parameters(d,d2,s,c,g,r0,r1,r2) = 0.316 0 0.10044 -0.6438 -1; 1 0 1
0.0965236203225539047
{2,2,2,2.82842712474618985,2.00024277350217883,2,2,2,2.00000002405380251}

New Case = 9003
parameters(d,d2,s,c,g,r0,r1,r2) = 0.316 0 0.10044 -0.6438 -1; 1 1 0
0.0964991996892672343
{2,2,2.0000000202900341,2.82842712474618985,2.00000000426044355,2,2,2,2}

New Case = 9004
parameters(d,d2,s,c,g,r0,r1,r2) = 0.316 0 0.10044 -0.6438 -1; 0 0 1
0.0964991935555481462
{2,2,2,2.82842712474618985,2,2,2,2,2}

New Case = 9005
parameters(d,d2,s,c,g,r0,r1,r2) = 0.316 0 0.10044 -0.6438 -1; 0 1 0
0.082874109476909763
{2,2,2.50999999999999979,2.69676534980151406,2,2,2,2,2}

New Case = 9006
parameters(d,d2,s,c,g,r0,r1,r2) = 0.316 0 0.10044 -0.6438 -1; 1 0 0
0.0868744878773501927
{2,2,2,2.50999999999999979,2.50999999999999979,2.3140375958484336,2,2,2}

New Case = 9007
parameters(d,d2,s,c,g,r0,r1,r2) = 0.316 0 0.10044 -0.6438 -1; 0 0 0
8.49295540792383008e-05
{2,2,2,2.50999999999999979,2,2,2,2,2}

New Case = 9008
parameters(d,d2,s,c,g,r0,r1,r2) = 0 0.316 0.10044 -0.6438 -1; 1 1 1
0.0692490358714674126
{2.50999999999999979,2,2,2.82842712474618985,2.00000000591314775,2.00000001567944174,2.50999999999999979,2,2}

New Case = 9009
parameters(d,d2,s,c,g,r0,r1,r2) = 0 0.316 0.10044 -0.6438 -1; 0 1 1
0.0698914595209604861
{2.50999999999999979,2,2.0004437678847995,2.82842712474618985,2,2,2.50945348033747129,2,2.00000002570020374}

New Case = 9010
parameters(d,d2,s,c,g,r0,r1,r2) = 0 0.316 0.10044 -0.6438 -1; 1 0 1
0.0692490387705954613
{2.50999999615765379,2,2,2.82842712474618985,2,2,2.50999999999999979,2,2.00000002577053859}

New Case = 9011
parameters(d,d2,s,c,g,r0,r1,r2) = 0 0.316 0.10044 -0.6438 -1; 1 1 0
0.0694974710708288201
{2.50999999999999979,2,2,2.82842712474618985,2,2.00054162052125761,2.50999999999999979,2,2}

New Case = 9012
parameters(d,d2,s,c,g,r0,r1,r2) = 0 0.316 0.10044 -0.6438 -1; 0 0 1
0.0346616539251475286
{2.50999999999999979,2,2,2.82842712474618985,2,2,2.50999999999999979,2,2.00000004179570556}

New Case = 9013
parameters(d,d2,s,c,g,r0,r1,r2) = 0 0.316 0.10044 -0.6438 -1; 0 1 0
0.0692490788919907785
{2.50999999999999979,2.00000004832627409,2.00000000575413894,2.82842712474618985,2,2,2.50999999999999979,2,2}

New Case = 9014
parameters(d,d2,s,c,g,r0,r1,r2) = 0 0.316 0.10044 -0.6438 -1; 1 0 0
0.0346616347483693632
{2.50999999999999979,2,2,2.82842712474618985,2,2,2.50999999999999979,2,2}

New Case = 9015
parameters(d,d2,s,c,g,r0,r1,r2) = 0 0.316 0.10044 -0.6438 -1; 0 0 0
7.42440984662362524e-05
{2.50999999999999979,2,2,2.82842712474618985,2,2,2.50999999999999979,2,2}

 smallest case = 7.42440984662362524e-05

---------


New Case = 10000
parameters(d,d2,s,c,g,r0,r1,r2) = 0 0 0.10044 -0.1317 -1; 1 1 1
0.0048390909008579619
{2,2,2,2.82842712474618985,2,2,2,2,2}

New Case = 10001
parameters(d,d2,s,c,g,r0,r1,r2) = 0 0 0.10044 -0.1317 -1; 0 1 1
0.0048996008693900639
{2,2.00014068043313031,2,2.82842712474618985,2,2,2,2,2.00000001993763732}

New Case = 10002
parameters(d,d2,s,c,g,r0,r1,r2) = 0 0 0.10044 -0.1317 -1; 1 0 1
0.00483909951573263664
{2,2,2,2.82842712474618985,2.00000003452535724,2,2,2,2}

New Case = 10003
parameters(d,d2,s,c,g,r0,r1,r2) = 0 0 0.10044 -0.1317 -1; 1 1 0
0.00483909138441412923
{2,2,2,2.82842712474618985,2,2,2.00000000112415233,2,2}

New Case = 10004
parameters(d,d2,s,c,g,r0,r1,r2) = 0 0 0.10044 -0.1317 -1; 0 0 1
0.00483909090085829496
{2,2,2,2.82842712474618985,2,2,2,2,2}

New Case = 10005
parameters(d,d2,s,c,g,r0,r1,r2) = 0 0 0.10044 -0.1317 -1; 0 1 0
0.0048390909008579619
{2,2,2,2.82842712474618985,2,2,2,2,2}

New Case = 10006
parameters(d,d2,s,c,g,r0,r1,r2) = 0 0 0.10044 -0.1317 -1; 1 0 0
0.00483909090085829496
{2,2,2,2.82842712474618985,2,2,2,2,2}

New Case = 10007
parameters(d,d2,s,c,g,r0,r1,r2) = 0 0 0.10044 -0.1317 -1; 0 0 0
1.4262716962476496e-06
{2,2,2,2.50999999999999979,2,2,2,2,2}

New Case = 10008
parameters(d,d2,s,c,g,r0,r1,r2) = 0 0 0.10044 -0.1317 -1; 1 1 1
0.0048390909008579619
{2,2,2,2.82842712474618985,2,2,2,2,2}

New Case = 10009
parameters(d,d2,s,c,g,r0,r1,r2) = 0 0 0.10044 -0.1317 -1; 0 1 1
0.00483909920435843244
{2,2.00000001930370042,2,2.82842712474618985,2,2,2,2,2}

New Case = 10010
parameters(d,d2,s,c,g,r0,r1,r2) = 0 0 0.10044 -0.1317 -1; 1 0 1
0.0048390909008579619
{2,2,2,2.82842712474618985,2,2,2,2,2}

New Case = 10011
parameters(d,d2,s,c,g,r0,r1,r2) = 0 0 0.10044 -0.1317 -1; 1 1 0
0.00483910174476473443
{2,2.00000002129424237,2.00000000377182507,2.82842712474618985,2.00000000024735147,2,2,2,2}

New Case = 10012
parameters(d,d2,s,c,g,r0,r1,r2) = 0 0 0.10044 -0.1317 -1; 0 0 1
0.00483909090085829496
{2,2,2,2.82842712474618985,2,2,2,2,2}

New Case = 10013
parameters(d,d2,s,c,g,r0,r1,r2) = 0 0 0.10044 -0.1317 -1; 0 1 0
0.0048390909008579619
{2,2,2,2.82842712474618985,2,2,2,2,2}

New Case = 10014
parameters(d,d2,s,c,g,r0,r1,r2) = 0 0 0.10044 -0.1317 -1; 1 0 0
0.00483909090085829496
{2,2,2,2.82842712474618985,2,2,2,2,2}

New Case = 10015
parameters(d,d2,s,c,g,r0,r1,r2) = 0 0 0.10044 -0.1317 -1; 0 0 0
1.4262716962476496e-06
{2,2,2,2.50999999999999979,2,2,2,2,2}

 smallest case = 1.4262716962476496e-06

---------


New Case = 11000
parameters(d,d2,s,c,g,r0,r1,r2) = -0.2365 0 0.10044 0.3825 -1; 1 1 1
0.0671743389091578602
{2,2.00000000170112102,2,2.82842712474618985,2,2.00000002066367966,2,2,2}

New Case = 11001
parameters(d,d2,s,c,g,r0,r1,r2) = -0.2365 0 0.10044 0.3825 -1; 0 1 1
0.0671743541538610267
{2.00000001284547579,2.00000001773037628,2,2.82842712474618985,2,2,2,2.000000039792174,2}

New Case = 11002
parameters(d,d2,s,c,g,r0,r1,r2) = -0.2365 0 0.10044 0.3825 -1; 1 0 1
0.0671747443951866696
{2,2,2,2.82842712474618985,2,2.00000002691596723,2,2.00000161968994128,2}

New Case = 11003
parameters(d,d2,s,c,g,r0,r1,r2) = -0.2365 0 0.10044 0.3825 -1; 1 1 0
0.0671743306930620565
{2,2,2,2.82842712474618985,2.00000000045731863,2,2,2,2}

New Case = 11004
parameters(d,d2,s,c,g,r0,r1,r2) = -0.2365 0 0.10044 0.3825 -1; 0 0 1
0.0338152277112853672
{2.50999999999999979,2,2,2.82842712474618985,2,2,2,2,2}

New Case = 11005
parameters(d,d2,s,c,g,r0,r1,r2) = -0.2365 0 0.10044 0.3825 -1; 0 1 0
0.0671743305279651759
{2,2,2,2.82842712474618985,2,2,2,2,2}

New Case = 11006
parameters(d,d2,s,c,g,r0,r1,r2) = -0.2365 0 0.10044 0.3825 -1; 1 0 0
0.0671743305279748903
{2,2,2,2.82842712474618985,2.00000000000002487,2,2,2,2}

New Case = 11007
parameters(d,d2,s,c,g,r0,r1,r2) = -0.2365 0 0.10044 0.3825 -1; 0 0 0
0.0338152277112857003
{2.50999999999999979,2,2,2.82842712474618985,2,2,2,2,2}

New Case = 11008
parameters(d,d2,s,c,g,r0,r1,r2) = 0 -0.2365 0.10044 0.3825 -1; 1 1 1
0.0671743312403211834
{2,2.00000000041000714,2,2.82842712474618985,2,2,2,2,2.00000000300186942}

New Case = 11009
parameters(d,d2,s,c,g,r0,r1,r2) = 0 -0.2365 0.10044 0.3825 -1; 0 1 1
0.0671743305759819331
{2,2,2.00000000011162715,2.82842712474618985,2,2,2,2,2}

New Case = 11010
parameters(d,d2,s,c,g,r0,r1,r2) = 0 -0.2365 0.10044 0.3825 -1; 1 0 1
0.0671743362694907087
{2,2,2,2.82842712474618985,2.00000003645960467,2,2,2.00000003331024745,2}

New Case = 11011
parameters(d,d2,s,c,g,r0,r1,r2) = 0 -0.2365 0.10044 0.3825 -1; 1 1 0
0.0671759894391658063
{2,2.00000002607359129,2,2.82842712474618985,2.00002005739528288,2,2,2,2}

New Case = 11012
parameters(d,d2,s,c,g,r0,r1,r2) = 0 -0.2365 0.10044 0.3825 -1; 0 0 1
0.0671743305279653979
{2,2,2,2.82842712474618985,2,2,2,2,2}

New Case = 11013
parameters(d,d2,s,c,g,r0,r1,r2) = 0 -0.2365 0.10044 0.3825 -1; 0 1 0
0.0671743305279650649
{2,2,2,2.82842712474618985,2,2,2,2,2}

New Case = 11014
parameters(d,d2,s,c,g,r0,r1,r2) = 0 -0.2365 0.10044 0.3825 -1; 1 0 0
0.0671743305279653979
{2,2,2,2.82842712474618985,2,2,2,2,2}

New Case = 11015
parameters(d,d2,s,c,g,r0,r1,r2) = 0 -0.2365 0.10044 0.3825 -1; 0 0 0
0.000132178222624179664
{2,2,2,2.50999999999999979,2,2,2,2,2}

 smallest case = 0.000132178222624179664

---------


New Case = 12000
parameters(d,d2,s,c,g,r0,r1,r2) = -0.4747 0 0.10044 1.071 -1; 1 1 1
0.214348521044717355
{2.50999999999999979,2,2,2.82842712474618985,2,2,2.00000000780170151,2,2}

New Case = 12001
parameters(d,d2,s,c,g,r0,r1,r2) = -0.4747 0 0.10044 1.071 -1; 0 1 1
0.214500814650441241
{2.50999999999999979,2,2.00000001941901884,2.82842712474618985,2,2,2,2,2.00061015820425858}

New Case = 12002
parameters(d,d2,s,c,g,r0,r1,r2) = -0.4747 0 0.10044 1.071 -1; 1 0 1
0.214348517688809137
{2.50999999999999979,2,2,2.82842712474618985,2,2,2,2,2}

New Case = 12003
parameters(d,d2,s,c,g,r0,r1,r2) = -0.4747 0 0.10044 1.071 -1; 1 1 0
0.214378821898353111
{2.50999999999999979,2.00000035369752105,2,2.82842712474618985,2.0000000185794935,2,2.00006963609082744,2,2}

New Case = 12004
parameters(d,d2,s,c,g,r0,r1,r2) = -0.4747 0 0.10044 1.071 -1; 0 0 1
0.17976112703890601
{2.50999999999999979,2,2,2.82842712474618985,2,2,2,2,2}

New Case = 12005
parameters(d,d2,s,c,g,r0,r1,r2) = -0.4747 0 0.10044 1.071 -1; 0 1 0
0.214348517688809137
{2.50999999999999979,2,2,2.82842712474618985,2,2,2,2,2}

New Case = 12006
parameters(d,d2,s,c,g,r0,r1,r2) = -0.4747 0 0.10044 1.071 -1; 1 0 0
0.21434851768904517
{2.50999999999963919,2,2,2.82842712474618985,2,2,2,2,2}

New Case = 12007
parameters(d,d2,s,c,g,r0,r1,r2) = -0.4747 0 0.10044 1.071 -1; 0 0 0
0.179761127038906343
{2.50999999999999979,2,2,2.82842712474618985,2,2,2,2,2}

New Case = 12008
parameters(d,d2,s,c,g,r0,r1,r2) = 0 -0.4747 0.10044 1.071 -1; 1 1 1
0.113762823247847811
{2,2.50999999999999979,2,2.6967653498015145,2.50999999999999979,2,2,2.50999999999999979,2}

New Case = 12009
parameters(d,d2,s,c,g,r0,r1,r2) = 0 -0.4747 0.10044 1.071 -1; 0 1 1
0.113762823247847145
{2,2.50999999999999979,2,2.69676534980151494,2.50999999999999979,2,2,2.50999999999999979,2}

New Case = 12010
parameters(d,d2,s,c,g,r0,r1,r2) = 0 -0.4747 0.10044 1.071 -1; 1 0 1
0.141307904893470893
{2,2,2,2.6967653498015145,2.50999999999999979,2.00000000000000133,2,2.50999999999999979,2}

New Case = 12011
parameters(d,d2,s,c,g,r0,r1,r2) = 0 -0.4747 0.10044 1.071 -1; 1 1 0
0.113762823247847145
{2,2.50999999999999979,2,2.69676534980151494,2.50999999999999979,2,2,2.50999999999999979,2}

New Case = 12012
parameters(d,d2,s,c,g,r0,r1,r2) = 0 -0.4747 0.10044 1.071 -1; 0 0 1
0.0808839968107536444
{2,2,2,2.50999999999999979,2.50999999999999979,2,2,2.50999999999999979,2.3140375958484336}

New Case = 12013
parameters(d,d2,s,c,g,r0,r1,r2) = 0 -0.4747 0.10044 1.071 -1; 0 1 0
0.113762823247845812
{2,2.50999999999999979,2,2.69676534980151361,2.50999999999999979,2,2,2.50999999999999979,2}

New Case = 12014
parameters(d,d2,s,c,g,r0,r1,r2) = 0 -0.4747 0.10044 1.071 -1; 1 0 0
0.0808839968107536444
{2,2,2,2.50999999999999979,2.50999999999999979,2.3140375958484336,2,2.50999999999999979,2}

New Case = 12015
parameters(d,d2,s,c,g,r0,r1,r2) = 0 -0.4747 0.10044 1.071 -1; 0 0 0
0.000306654513352322411
{2,2,2,2.50999999999999979,2.50999999999999979,2,2,2.50999999999999979,2}

 smallest case = 0.000306654513352322411

---------


New Case = 13000
parameters(d,d2,s,c,g,r0,r1,r2) = 4.2586 0 0.32142 -5.7794 -1; 1 1 1
0.288108850266817984
{2,2.50999999999999979,2.50999999999999979,2.50999999999999979,2.50999999999999979,2.50999999999999979,2,2.31403759584843405,2.50999999999999979}

New Case = 13001
parameters(d,d2,s,c,g,r0,r1,r2) = 4.2586 0 0.32142 -5.7794 -1; 0 1 1
0.323773571030659069
{2,2.50999999999999979,2.50999999999999979,2.50999999999999979,2.31403759584843405,2.50999999999999979,2,2.50999999999999979,2.3140375958484336}

New Case = 13002
parameters(d,d2,s,c,g,r0,r1,r2) = 4.2586 0 0.32142 -5.7794 -1; 1 0 1
0.379450263280760702
{2,2.50999999999999979,2.31403759584842916,2.50999999999999979,2.50999999999999979,2.31403759584843938,2,2.50999999999999979,2.31403759584843671}

New Case = 13003
parameters(d,d2,s,c,g,r0,r1,r2) = 4.2586 0 0.32142 -5.7794 -1; 1 1 0
1.2528755523155688e-05
{2,2.50999999999999979,2.50999999999999979,2.50999999999999979,2.50999999999999979,2.50999999999999979,2,2,2}

New Case = 13004
parameters(d,d2,s,c,g,r0,r1,r2) = 4.2586 0 0.32142 -5.7794 -1; 0 0 1
0.220448788407514473
{2,2,2.50999999999999979,2.50999999999999979,2,2.50999999999999979,2,2.50999999999999979,2.31403759584843405}

New Case = 13005
parameters(d,d2,s,c,g,r0,r1,r2) = 4.2586 0 0.32142 -5.7794 -1; 0 1 0
0.0356772495193646844
{2,2.50999999999999979,2.50999999999999979,2.50999999999999979,2.31403759584843405,2.50999999999999979,2,2,2}

New Case = 13006
parameters(d,d2,s,c,g,r0,r1,r2) = 4.2586 0 0.32142 -5.7794 -1; 1 0 0
0.115850305556189803
{2,2.50999999999999979,2.31403759583160262,2.50999999999999979,2.50999999999999979,2.31403759586526547,2,2,2}

New Case = 13007
parameters(d,d2,s,c,g,r0,r1,r2) = 4.2586 0 0.32142 -5.7794 -1; 0 0 0
0.000507216852038028243
{2,2.50999999999999979,2,2.50999999999999979,2.50999999999999979,2,2,2,2}

New Case = 13008
parameters(d,d2,s,c,g,r0,r1,r2) = 0 4.2586 0.32142 -5.7794 -1; 1 1 1
0.107759411929845506
{2.50999999769763216,2,2,2.82842712474618985,2,2,2.50999999999999979,2,2}

New Case = 13009
parameters(d,d2,s,c,g,r0,r1,r2) = 0 4.2586 0.32142 -5.7794 -1; 0 1 1
0.107759505526285881
{2.50999999999999979,2,2.00000002082983697,2.82842712474618985,2,2,2.50999999999999979,2,2}

New Case = 13010
parameters(d,d2,s,c,g,r0,r1,r2) = 0 4.2586 0.32142 -5.7794 -1; 1 0 1
0.107759464584152531
{2.50999999999999979,2,2,2.82842712474618985,2,2.0000000039246677,2.50999999999999979,2,2.00000001831728547}

New Case = 13011
parameters(d,d2,s,c,g,r0,r1,r2) = 0 4.2586 0.32142 -5.7794 -1; 1 1 0
0.107759402542470628
{2.50999999999999979,2,2,2.82842712474618985,2,2,2.50999999999999979,2,2}

New Case = 13012
parameters(d,d2,s,c,g,r0,r1,r2) = 0 4.2586 0.32142 -5.7794 -1; 0 0 1
0.0731720118925675012
{2.50999999999999979,2,2,2.82842712474618985,2,2,2.50999999999999979,2,2}

New Case = 13013
parameters(d,d2,s,c,g,r0,r1,r2) = 0 4.2586 0.32142 -5.7794 -1; 0 1 0
0.107759402542470628
{2.50999999999999979,2,2,2.82842712474618985,2,2,2.50999999999999979,2,2}

New Case = 13014
parameters(d,d2,s,c,g,r0,r1,r2) = 0 4.2586 0.32142 -5.7794 -1; 1 0 0
0.0731720118925675012
{2.50999999999999979,2,2,2.82842712474618985,2,2,2.50999999999999979,2,2}

New Case = 13015
parameters(d,d2,s,c,g,r0,r1,r2) = 0 4.2586 0.32142 -5.7794 -1; 0 0 0
0.0385846212426643742
{2.50999999999999979,2,2,2.82842712474618985,2,2,2.50999999999999979,2,2}

 smallest case = 1.2528755523155688e-05

---------


New Case = 14000
parameters(d,d2,s,c,g,r0,r1,r2) = 3.5294 0 0.32142 -4.893 -1; 1 1 1
0.33365871799532687
{2,2.50999999999999979,2.50999999999999979,2.50999999999999979,2.50999999999999979,2.50999999999999979,2,2.31403759584843405,2.50999999999999979}

New Case = 14001
parameters(d,d2,s,c,g,r0,r1,r2) = 3.5294 0 0.32142 -4.893 -1; 0 1 1
0.34940165234454279
{2,2.50999999999999979,2.50999999999999979,2.50999999999999979,2.50999999999999979,2.31403759584843316,2,2.31403759584843405,2.50999999999999979}

New Case = 14002
parameters(d,d2,s,c,g,r0,r1,r2) = 3.5294 0 0.32142 -4.893 -1; 1 0 1
0.39148607617778608
{2,2.50999999999999979,2.31403759584843316,2.50999999999999979,2.50999999999999979,2.3140375958484336,2,2.50999999999999979,2.31403759584843449}

New Case = 14003
parameters(d,d2,s,c,g,r0,r1,r2) = 3.5294 0 0.32142 -4.893 -1; 1 1 0
0.0455623964840320417
{2,2.50999999999999979,2.50999999999999979,2.50999999999999979,2.50999999999999979,2.50999999999999979,2,2,2}

New Case = 14004
parameters(d,d2,s,c,g,r0,r1,r2) = 3.5294 0 0.32142 -4.893 -1; 0 0 1
0.220898537412263063
{2,2.50999999999999979,2,2.50999999999999979,2.50999999999999979,2,2,2.31403759584843405,2.50999999999999979}

New Case = 14005
parameters(d,d2,s,c,g,r0,r1,r2) = 3.5294 0 0.32142 -4.893 -1; 0 1 0
0.0613053308332475178
{2,2.50999999999999979,2.50999999999999979,2.50999999999999979,2.50999999999999979,2.31403759584843227,2,2,2}

New Case = 14006
parameters(d,d2,s,c,g,r0,r1,r2) = 3.5294 0 0.32142 -4.893 -1; 1 0 0
0.100442901585619415
{2,2,2.50999999999999979,2.50999999999999979,2.31403759584843494,2.50999999999999979,2,2,2}

New Case = 14007
parameters(d,d2,s,c,g,r0,r1,r2) = 3.5294 0 0.32142 -4.893 -1; 0 0 0
0.000956965856786617941
{2,2.50999999999999979,2,2.50999999999999979,2.50999999999999979,2,2,2,2}

New Case = 14008
parameters(d,d2,s,c,g,r0,r1,r2) = 0 3.5294 0.32142 -4.893 -1; 1 1 1
0.0701366644497807279
{2.50999999999999979,2,2,2.82842712474618985,2,2,2.50999999999999979,2.00000000072922646,2}

New Case = 14009
parameters(d,d2,s,c,g,r0,r1,r2) = 0 3.5294 0.32142 -4.893 -1; 0 1 1
0.0701636324164992553
{2.50999999999999979,2.00000002135230392,2,2.82842712474618985,2,2,2.50999999999999979,2.00000488516834229,2.0000042103753124}

New Case = 14010
parameters(d,d2,s,c,g,r0,r1,r2) = 0 3.5294 0.32142 -4.893 -1; 1 0 1
0.0701366833540516543
{2.50999999999999979,2,2,2.82842712474618985,2,2,2.50999999999999979,2,2.00000000899964947}

New Case = 14011
parameters(d,d2,s,c,g,r0,r1,r2) = 0 3.5294 0.32142 -4.893 -1; 1 1 0
0.0701366915949390712
{2.50999999999999979,2,2,2.82842712474618985,2.00000000859919114,2,2.50999999999999979,2,2}

New Case = 14012
parameters(d,d2,s,c,g,r0,r1,r2) = 0 3.5294 0.32142 -4.893 -1; 0 0 1
0.0355492712846229297
{2.50999999999999979,2,2,2.82842712474618985,2,2,2.50999999999999979,2,2}

New Case = 14013
parameters(d,d2,s,c,g,r0,r1,r2) = 0 3.5294 0.32142 -4.893 -1; 0 1 0
0.0701366619345260567
{2.50999999999999979,2,2,2.82842712474618985,2,2,2.50999999999999979,2,2}

New Case = 14014
parameters(d,d2,s,c,g,r0,r1,r2) = 0 3.5294 0.32142 -4.893 -1; 1 0 0
0.0355492712846229297
{2.50999999999999979,2,2,2.82842712474618985,2,2,2.50999999999999979,2,2}

New Case = 14015
parameters(d,d2,s,c,g,r0,r1,r2) = 0 3.5294 0.32142 -4.893 -1; 0 0 0
0.000961880634719802785
{2.50999999999999979,2,2,2.82842712474618985,2,2,2.50999999999999979,2,2}

 smallest case = 0.000956965856786617941

---------


New Case = 15000
parameters(d,d2,s,c,g,r0,r1,r2) = 0 0 0.32142 -0.4126 -1; 1 1 1
0.024325091813893418
{2,2,2.00000000285644841,2.82842712474618985,2,2,2,2,2}

New Case = 15001
parameters(d,d2,s,c,g,r0,r1,r2) = 0 0 0.32142 -0.4126 -1; 0 1 1
0.0243251034749744632
{2,2.00000001642839731,2,2.82842712474618985,2,2,2,2.00000002046092185,2}

New Case = 15002
parameters(d,d2,s,c,g,r0,r1,r2) = 0 0 0.32142 -0.4126 -1; 1 0 1
0.0243250931994101194
{2,2,2,2.82842712474618985,2,2,2,2,2.00000000654992505}

New Case = 15003
parameters(d,d2,s,c,g,r0,r1,r2) = 0 0 0.32142 -0.4126 -1; 1 1 0
0.0243251144648278794
{2,2,2.00000002763387918,2.82842712474618985,2.000000028323075,2.00000001288205054,2,2,2}

New Case = 15004
parameters(d,d2,s,c,g,r0,r1,r2) = 0 0 0.32142 -0.4126 -1; 0 0 1
0.0167064311246128416
{2.50999999999999979,2,2,2.82842712474618985,2,2,2,2,2}

New Case = 15005
parameters(d,d2,s,c,g,r0,r1,r2) = 0 0 0.32142 -0.4126 -1; 0 1 0
0.0243250908835871416
{2,2.00000000000257705,2,2.8284271247461894,2,2,2,2,2}

New Case = 15006
parameters(d,d2,s,c,g,r0,r1,r2) = 0 0 0.32142 -0.4126 -1; 1 0 0
0.0167064311246128416
{2,2,2,2.82842712474618985,2,2,2.50999999999999979,2,2}

New Case = 15007
parameters(d,d2,s,c,g,r0,r1,r2) = 0 0 0.32142 -0.4126 -1; 0 0 0
0.00765260363894704199
{2,2,2,2.50999999999999979,2,2,2,2,2}

New Case = 15008
parameters(d,d2,s,c,g,r0,r1,r2) = 0 0 0.32142 -0.4126 -1; 1 1 1
0.0243250924518838008
{2,2,2,2.82842712474618985,2.000000004436437,2,2,2,2}

New Case = 15009
parameters(d,d2,s,c,g,r0,r1,r2) = 0 0 0.32142 -0.4126 -1; 0 1 1
0.0243825438880067025
{2,2.00017624542644823,2,2.82842712474618985,2,2,2,2,2.00000004169953716}

New Case = 15010
parameters(d,d2,s,c,g,r0,r1,r2) = 0 0 0.32142 -0.4126 -1; 1 0 1
0.0243250924112663469
{2,2,2,2.82842712474618985,2,2.00000000432159952,2,2,2}

New Case = 15011
parameters(d,d2,s,c,g,r0,r1,r2) = 0 0 0.32142 -0.4126 -1; 1 1 0
0.0243357574082035399
{2.00003266864648221,2.00000001631037083,2,2.82842712474618985,2.00000003492998601,2,2,2,2}

New Case = 15012
parameters(d,d2,s,c,g,r0,r1,r2) = 0 0 0.32142 -0.4126 -1; 0 0 1
0.0167064364637939389
{2.50999999999999979,2,2,2.82842712474618985,2,2,2,2.00000001509496617,2.00000000000054801}

New Case = 15013
parameters(d,d2,s,c,g,r0,r1,r2) = 0 0 0.32142 -0.4126 -1; 0 1 0
0.024325092844066476
{2,2.00000000007797185,2.00000000593870553,2.82842712474618985,2,2,2,2,2}

New Case = 15014
parameters(d,d2,s,c,g,r0,r1,r2) = 0 0 0.32142 -0.4126 -1; 1 0 0
0.0167064311246485908
{2,2,2,2.82842712474618985,2,2.00000000000009948,2.50999999999999979,2,2}

New Case = 15015
parameters(d,d2,s,c,g,r0,r1,r2) = 0 0 0.32142 -0.4126 -1; 0 0 0
0.00765260363894704199
{2,2,2,2.50999999999999979,2,2,2,2,2}

 smallest case = 0.00765260363894704199

---------


New Case = 16000
parameters(d,d2,s,c,g,r0,r1,r2) = -0.316 0 0.32142 0.33 -1; 1 1 1
0.0741327227987894077
{2.50999999999999979,2,2,2.82842712474618985,2,2,2,2.00000000595822414,2.00000001821341655}

New Case = 16001
parameters(d,d2,s,c,g,r0,r1,r2) = -0.316 0 0.32142 0.33 -1; 0 1 1
0.0741327360462931684
{2.50999999999999979,2.00000000772778552,2.00000001078362466,2.82842712474618985,2,2,2,2,2.00000001969266661}

New Case = 16002
parameters(d,d2,s,c,g,r0,r1,r2) = -0.316 0 0.32142 0.33 -1; 1 0 1
0.0741327145812851196
{2.50999999999999979,2,2,2.82842712474618985,2,2,2,2,2.00000000093821395}

New Case = 16003
parameters(d,d2,s,c,g,r0,r1,r2) = -0.316 0 0.32142 0.33 -1; 1 1 0
0.0741787819485241195
{2.50999999999999979,2,2,2.82842712474618985,2.00006760180645093,2,2,2,2}

New Case = 16004
parameters(d,d2,s,c,g,r0,r1,r2) = -0.316 0 0.32142 0.33 -1; 0 0 1
0.0395453235995420482
{2.50999999999999979,2,2,2.82842712474618985,2,2,2,2,2}

New Case = 16005
parameters(d,d2,s,c,g,r0,r1,r2) = -0.316 0 0.32142 0.33 -1; 0 1 0
0.0741327142495800673
{2.50999999999978352,2,2,2.82842712474618985,2,2,2,2,2}

New Case = 16006
parameters(d,d2,s,c,g,r0,r1,r2) = -0.316 0 0.32142 0.33 -1; 1 0 0
0.0665140557616472061
{2.50999999999999979,2,2,2.82842712474618985,2,2,2.50999999999999979,2,2.00000000312091952}

New Case = 16007
parameters(d,d2,s,c,g,r0,r1,r2) = -0.316 0 0.32142 0.33 -1; 0 0 0
0.0319266638414087423
{2.50999999999999979,2,2,2.82842712474618985,2,2,2.50999999999999979,2,2}

New Case = 16008
parameters(d,d2,s,c,g,r0,r1,r2) = 0 -0.316 0.32142 0.33 -1; 1 1 1
0.111833882648562477
{2,2.50999999999999979,2.00000000062318817,2.82842712474618985,2,2,2,2,2}

New Case = 16009
parameters(d,d2,s,c,g,r0,r1,r2) = 0 -0.316 0.32142 0.33 -1; 0 1 1
0.111833882404380691
{2,2.50999999999999979,2,2.82842712474618985,2,2,2,2,2}

New Case = 16010
parameters(d,d2,s,c,g,r0,r1,r2) = 0 -0.316 0.32142 0.33 -1; 1 0 1
0.156204029249763121
{2,2.50999999999999979,2,2.69676534980151494,2.50999999999999934,2,2,2.50999999999999979,2}

New Case = 16011
parameters(d,d2,s,c,g,r0,r1,r2) = 0 -0.316 0.32142 0.33 -1; 1 1 0
0.111833882404380691
{2,2.50999999999999979,2,2.82842712474618985,2,2,2,2,2}

New Case = 16012
parameters(d,d2,s,c,g,r0,r1,r2) = 0 -0.316 0.32142 0.33 -1; 0 0 1
0.131971218028193005
{2,2.50999999999999979,2,2.6967653498015145,2,2,2,2.50999999999999979,1.99999999999999978}

New Case = 16013
parameters(d,d2,s,c,g,r0,r1,r2) = 0 -0.316 0.32142 0.33 -1; 0 1 0
0.0741327142494453417
{2,2.50999999999999979,2,2.6967653498015145,2,2,2,2,2}

New Case = 16014
parameters(d,d2,s,c,g,r0,r1,r2) = 0 -0.316 0.32142 0.33 -1; 1 0 0
0.131971218028193227
{2,2.50999999999999979,2,2.6967653498015145,2.50999999999999979,2,2,2,2}

New Case = 16015
parameters(d,d2,s,c,g,r0,r1,r2) = 0 -0.316 0.32142 0.33 -1; 0 0 0
0.0320217215743976436
{2,2.50999999999999979,2,2.50999999999999979,2,2,2,2,2}

 smallest case = 0.0319266638414087423

---------


New Case = 17000
parameters(d,d2,s,c,g,r0,r1,r2) = 4.6114 0 -0.41935 -5.3502 -1; 1 1 1
0.201840887052311735
{2,2.50999999999999979,2.50999999999999979,2.50999999999999979,2.50999999999999979,2.50999999999999979,2,2.31403759584843627,2.50999999999999979}

New Case = 17001
parameters(d,d2,s,c,g,r0,r1,r2) = 4.6114 0 -0.41935 -5.3502 -1; 0 1 1
0.270882023899639113
{2,2.50999999999999979,2.31403759584966418,2.50999999999999979,2.50999999999999979,2.31403759584720481,2,2.31403759584966373,2.50999999999999979}

New Case = 17002
parameters(d,d2,s,c,g,r0,r1,r2) = 4.6114 0 -0.41935 -5.3502 -1; 1 0 1
0.0982156509819194223
{2,2.50999999999999979,2,2.50999999999999979,2.50999999999999979,2.50999999999999979,2,2.31403759584843449,2.50999999999999979}

New Case = 17003
parameters(d,d2,s,c,g,r0,r1,r2) = 4.6114 0 -0.41935 -5.3502 -1; 1 1 0
0.0413046792271248853
{2,2.50999999999999979,2.50999999999999979,2.50999999999999979,2.50999999999999979,2.50999999999999979,2,2,2}

New Case = 17004
parameters(d,d2,s,c,g,r0,r1,r2) = 4.6114 0 -0.41935 -5.3502 -1; 0 0 1
0.0741299202338445706
{2,2,2.50999999999999979,2.50999999999999979,2,2.50999999999999979,2,2.50999999999999979,2.31403759584843449}

New Case = 17005
parameters(d,d2,s,c,g,r0,r1,r2) = 4.6114 0 -0.41935 -5.3502 -1; 0 1 0
0.121584624454607271
{2,2.50999999999999979,2.50999999999999979,2.50999999999999979,2.31403759584843405,2.50999999999999979,2,2,2}

New Case = 17006
parameters(d,d2,s,c,g,r0,r1,r2) = 4.6114 0 -0.41935 -5.3502 -1; 1 0 0
0.0418783672245298666
{2,2,2.50999999999999979,2.50999999999999979,2.50999999999999979,2.50999999999999979,2,2,2}

New Case = 17007
parameters(d,d2,s,c,g,r0,r1,r2) = 4.6114 0 -0.41935 -5.3502 -1; 0 0 0
0.0177926364764552369
{2,2,2.50999999999999979,2.50999999999999979,2,2.50999999999999979,2,2,2}

New Case = 17008
parameters(d,d2,s,c,g,r0,r1,r2) = 0 4.6114 -0.41935 -5.3502 -1; 1 1 1
0.386519254856466321
{2.50999999999999979,2,2,2.82842712474618985,2,2,2.50999999999999979,2.00000000232612374,2}

New Case = 17009
parameters(d,d2,s,c,g,r0,r1,r2) = 0 4.6114 -0.41935 -5.3502 -1; 0 1 1
0.38651924557296935
{2.50999999999999979,2,2,2.82842712474618985,2,2,2.50999999999999979,2,2}

New Case = 17010
parameters(d,d2,s,c,g,r0,r1,r2) = 0 4.6114 -0.41935 -5.3502 -1; 1 0 1
0.386520854323712415
{2.50999999999999979,2,2,2.82842712474618985,2,2.00000062017384428,2.50999999999999979,2,2}

New Case = 17011
parameters(d,d2,s,c,g,r0,r1,r2) = 0 4.6114 -0.41935 -5.3502 -1; 1 1 0
0.389215819618631498
{2.50999999999999979,2,2.00053407375851711,2.82842712474618985,2,2,2.50999999999999979,2,2}

New Case = 17012
parameters(d,d2,s,c,g,r0,r1,r2) = 0 4.6114 -0.41935 -5.3502 -1; 0 0 1
0.351931854923066223
{2.50999999999999979,2,2,2.82842712474618985,2,2,2.50999999999999979,2,2}

New Case = 17013
parameters(d,d2,s,c,g,r0,r1,r2) = 0 4.6114 -0.41935 -5.3502 -1; 0 1 0
0.38651924557296935
{2.50999999999999979,2,2,2.82842712474618985,2,2,2.50999999999999979,2,2}

New Case = 17014
parameters(d,d2,s,c,g,r0,r1,r2) = 0 4.6114 -0.41935 -5.3502 -1; 1 0 0
0.351931854923066223
{2.50999999999999979,2,2,2.82842712474618985,2,2,2.50999999999999979,2,2}

New Case = 17015
parameters(d,d2,s,c,g,r0,r1,r2) = 0 4.6114 -0.41935 -5.3502 -1; 0 0 0
0.317344464273163096
{2.50999999999999979,2,2,2.82842712474618985,2,2,2.50999999999999979,2,2}

 smallest case = 0.0177926364764552369

---------


New Case = 18000
parameters(d,d2,s,c,g,r0,r1,r2) = 1.5825 0 -0.41935 -1.6617 -1; 1 1 1
0.264939843131774655
{2,2.50999999999999979,2,2.6967653498015145,2.50999999999999979,1.99999999999999978,2,2.00000000000000044,2.50999999999999979}

New Case = 18001
parameters(d,d2,s,c,g,r0,r1,r2) = 1.5825 0 -0.41935 -1.6617 -1; 0 1 1
0.307881460582245192
{2,2.31403759584843405,2.50999999999999979,2.50999999999999979,2,2.50999999999999979,2,2.50999999999999979,2.31403759584843405}

New Case = 18002
parameters(d,d2,s,c,g,r0,r1,r2) = 1.5825 0 -0.41935 -1.6617 -1; 1 0 1
0.00594857132120529819
{2,2,2,2.50999999999999979,2.50999999999999979,2.50999999999999979,2,2.41740665280999645,2.41740654235961738}

New Case = 18003
parameters(d,d2,s,c,g,r0,r1,r2) = 1.5825 0 -0.41935 -1.6617 -1; 1 1 0
0.198825846856189647
{2,2.31403759584843494,2.50999999999999979,2.50999999999999979,2.31403759584843449,2.50999999999999979,2,2,2}

New Case = 18004
parameters(d,d2,s,c,g,r0,r1,r2) = 1.5825 0 -0.41935 -1.6617 -1; 0 0 1
0.010185995680906279
{2,2,2,2.50999999999999979,2.31403759584843272,2.50999999999999979,2,2.41740658670186503,2.41740660846775235}

New Case = 18005
parameters(d,d2,s,c,g,r0,r1,r2) = 1.5825 0 -0.41935 -1.6617 -1; 0 1 0
0.179170413820852858
{2,2.50999999999999979,2.31403759584843449,2.50999999999999979,2.50999999999999979,2,2,2,2}

New Case = 18006
parameters(d,d2,s,c,g,r0,r1,r2) = 1.5825 0 -0.41935 -1.6617 -1; 1 0 0
0.0104002759432976211
{2,2,2,2.50999999999999979,2.50999999999999979,2.50999999999999979,2,2.50999999999999979,2}

New Case = 18007
parameters(d,d2,s,c,g,r0,r1,r2) = 1.5825 0 -0.41935 -1.6617 -1; 0 0 0
0.00424577732584963119
{2,2,2,2.50999999999999979,2.31403759583680246,2.50999999999999979,2,2.31403759583680202,2.50999999999999979}

New Case = 18008
parameters(d,d2,s,c,g,r0,r1,r2) = 0 1.5825 -0.41935 -1.6617 -1; 1 1 1
0.236915529561069982
{2.50999999999999979,2,2,2.82842712474618985,2.00000000004339684,2,2.50999999999999979,2,2}

New Case = 18009
parameters(d,d2,s,c,g,r0,r1,r2) = 0 1.5825 -0.41935 -1.6617 -1; 0 1 1
0.236915544158722735
{2.50999999999999979,2,2,2.82842712474618985,2,2,2.50999999999999979,2,2.00000001639977842}

New Case = 18010
parameters(d,d2,s,c,g,r0,r1,r2) = 0 1.5825 -0.41935 -1.6617 -1; 1 0 1
0.236915537930235454
{2.50999999999999979,2,2,2.82842712474618985,2,2.00000000943081435,2.50999999999999979,2,2}

New Case = 18011
parameters(d,d2,s,c,g,r0,r1,r2) = 0 1.5825 -0.41935 -1.6617 -1; 1 1 0
0.237587151964856247
{2.50999999999999979,2,2.00032809721814608,2.82842712474612012,2,2.00000226822667981,2.50999999999999979,2,2}

New Case = 18012
parameters(d,d2,s,c,g,r0,r1,r2) = 0 1.5825 -0.41935 -1.6617 -1; 0 0 1
0.202328138851576855
{2.50999999999999979,2,2,2.82842712474618985,2,2,2.50999999999999979,2,2}

New Case = 18013
parameters(d,d2,s,c,g,r0,r1,r2) = 0 1.5825 -0.41935 -1.6617 -1; 0 1 0
0.236915529501479982
{2.50999999999999979,2,2,2.82842712474618985,2,2,2.50999999999999979,2,2}

New Case = 18014
parameters(d,d2,s,c,g,r0,r1,r2) = 0 1.5825 -0.41935 -1.6617 -1; 1 0 0
0.202328138851576855
{2.50999999999999979,2,2,2.82842712474618985,2,2,2.50999999999999979,2,2}

New Case = 18015
parameters(d,d2,s,c,g,r0,r1,r2) = 0 1.5825 -0.41935 -1.6617 -1; 0 0 0
0.167740748201673728
{2.50999999999999979,2,2,2.82842712474618985,2,2,2.50999999999999979,2,2}

 smallest case = 0.00424577732584963119

---------


New Case = 19000
parameters(d,d2,s,c,g,r0,r1,r2) = 0.34275 0 -0.41935 0.0895 -1; 1 1 1
0.131472979160932563
{2,2,2,2.82842712474619029,2.26308013081079373,2.26308021672224235,2,2,2}

New Case = 19001
parameters(d,d2,s,c,g,r0,r1,r2) = 0.34275 0 -0.41935 0.0895 -1; 0 1 1
0.174320018085610345
{2,2,2,2.82842712474618985,2.00000000320813509,2,2,2.00000000688208468,2}

New Case = 19002
parameters(d,d2,s,c,g,r0,r1,r2) = 0.34275 0 -0.41935 0.0895 -1; 1 0 1
0.0130685718327731848
{2,2,2,2.50999999999999979,2.50999999999999979,2.31403759584843405,2,2.41740659708963257,2.41740659807998481}

New Case = 19003
parameters(d,d2,s,c,g,r0,r1,r2) = 0.34275 0 -0.41935 0.0895 -1; 1 1 0
0.131472979160933007
{2,2,2,2.82842712474618985,2.26308018986395743,2.26308015734221479,2,2,2}

New Case = 19004
parameters(d,d2,s,c,g,r0,r1,r2) = 0.34275 0 -0.41935 0.0895 -1; 0 0 1
0.00598414962011648011
{2,2,2,2.50999999999999979,2.50999999999999979,2.31403759584843405,2,2.41740654708990732,2.41740664807970695}

New Case = 19005
parameters(d,d2,s,c,g,r0,r1,r2) = 0.34275 0 -0.41935 0.0895 -1; 0 1 0
0.174320014267792284
{2,2,2,2.82842712474618985,2.00000002731586513,2,2,2,2}

New Case = 19006
parameters(d,d2,s,c,g,r0,r1,r2) = 0.34275 0 -0.41935 0.0895 -1; 1 0 0
0.00712835351657561955
{2,2,2,2.50999999999999979,2.50999999999999979,2.31403759621928762,2,2.50999999999999979,2.31403759547754673}

New Case = 19007
parameters(d,d2,s,c,g,r0,r1,r2) = 0.34275 0 -0.41935 0.0895 -1; 0 0 0
0.0104358542451884195
{2,2,2,2.50999999999999979,2.31403759582119539,2.50999999999999979,2,2,2.50999999999999979}

New Case = 19008
parameters(d,d2,s,c,g,r0,r1,r2) = 0 0.34275 -0.41935 0.0895 -1; 1 1 1
0.174320018625071821
{2,2,2,2.82842712474618985,2,2.00000000077878326,2,2,2}

New Case = 19009
parameters(d,d2,s,c,g,r0,r1,r2) = 0 0.34275 -0.41935 0.0895 -1; 0 1 1
0.174320044532506241
{2,2,2.00000003233653922,2.82842712474618985,2,2,2,2,2.00000004855691538}

New Case = 19010
parameters(d,d2,s,c,g,r0,r1,r2) = 0 0.34275 -0.41935 0.0895 -1; 1 0 1
0.174320020896277933
{2,2,2,2.82842712474618985,2,2.0000000203276338,2,2,2.00000000708493175}

New Case = 19011
parameters(d,d2,s,c,g,r0,r1,r2) = 0 0.34275 -0.41935 0.0895 -1; 1 1 0
0.174320023289781217
{2,2,2,2.82842712474618985,2.00000001709865138,2.00000000598480288,2,2,2}

New Case = 19012
parameters(d,d2,s,c,g,r0,r1,r2) = 0 0.34275 -0.41935 0.0895 -1; 0 0 1
0.174320018558660611
{2,2,2,2.82842712474618985,2,2,2,2,2}

New Case = 19013
parameters(d,d2,s,c,g,r0,r1,r2) = 0 0.34275 -0.41935 0.0895 -1; 0 1 0
0.174320018558660278
{2,2,2,2.82842712474618985,2,2,2,2,2}

New Case = 19014
parameters(d,d2,s,c,g,r0,r1,r2) = 0 0.34275 -0.41935 0.0895 -1; 1 0 0
0.174320018558660611
{2,2,2,2.82842712474618985,2,2,2,2,2}

New Case = 19015
parameters(d,d2,s,c,g,r0,r1,r2) = 0 0.34275 -0.41935 0.0895 -1; 0 0 0
0.174320018558660944
{2,2,2,2.82842712474618985,2,2,2,2,2}

 smallest case = 0.00598414962011648011

---------


New Case = 20000
parameters(d,d2,s,c,g,r0,r1,r2) = -0.97414 0 -0.41935 3.3691 -1; 1 1 1
0.811943299267269269
{2.50999999999999979,2,2,2.82842712474618985,2,2.00000001467869737,2,2.00000030545385199,2}

New Case = 20001
parameters(d,d2,s,c,g,r0,r1,r2) = -0.97414 0 -0.41935 3.3691 -1; 0 1 1
0.811944435552337418
{2.50999867384393438,2,2,2.82842712474618985,2,2,2,2.0000000203492192,2}

New Case = 20002
parameters(d,d2,s,c,g,r0,r1,r2) = -0.97414 0 -0.41935 3.3691 -1; 1 0 1
0.811943285213544086
{2.50999999999999979,2,2,2.82842712474618985,2,2,2,2.00000000009107781,2.00000004190528635}

New Case = 20003
parameters(d,d2,s,c,g,r0,r1,r2) = -0.97414 0 -0.41935 3.3691 -1; 1 1 0
0.811943305614047817
{2.50999999999999979,2,2,2.82842712474618985,2,2.00000002348066541,2,2,2}

New Case = 20004
parameters(d,d2,s,c,g,r0,r1,r2) = -0.97414 0 -0.41935 3.3691 -1; 0 0 1
0.777355894375113321
{2.50999999999999979,2,2,2.82842712474618985,2,2,2,2,2}

New Case = 20005
parameters(d,d2,s,c,g,r0,r1,r2) = -0.97414 0 -0.41935 3.3691 -1; 0 1 0
0.811943285025016448
{2.50999999999999979,2,2,2.82842712474618985,2,2,2,2,2}

New Case = 20006
parameters(d,d2,s,c,g,r0,r1,r2) = -0.97414 0 -0.41935 3.3691 -1; 1 0 0
0.811943285025016781
{2.50999999999999979,2,2,2.82842712474618985,2,2,2,2,2}

New Case = 20007
parameters(d,d2,s,c,g,r0,r1,r2) = -0.97414 0 -0.41935 3.3691 -1; 0 0 0
0.777355894375113654
{2.50999999999999979,2,2,2.82842712474618985,2,2,2,2,2}

New Case = 20008
parameters(d,d2,s,c,g,r0,r1,r2) = 0 -0.97414 -0.41935 3.3691 -1; 1 1 1
0.180645957434173665
{2,2.50999999999999979,2,2.69676534980151494,2.50999999999999979,2,2,2.50999999999999979,2}

New Case = 20009
parameters(d,d2,s,c,g,r0,r1,r2) = 0 -0.97414 -0.41935 3.3691 -1; 0 1 1
0.180645957434172777
{2,2.50999999999999979,2,2.69676534980151361,2.50999999999999979,2,2,2.50999999999999979,2.00000000000000222}

New Case = 20010
parameters(d,d2,s,c,g,r0,r1,r2) = 0 -0.97414 -0.41935 3.3691 -1; 1 0 1
0.0498274178524493738
{2,2,2,2.50999999999999979,2.50999999999999979,2.3140375958484336,2,2.50999999999999979,2.31403759584843449}

New Case = 20011
parameters(d,d2,s,c,g,r0,r1,r2) = 0 -0.97414 -0.41935 3.3691 -1; 1 1 0
0.180645957434172111
{2,2.50999999999999979,2,2.69676534980151361,2.50999999999999979,2.00000000000000266,2,2.50999999999999979,2}

New Case = 20012
parameters(d,d2,s,c,g,r0,r1,r2) = 0 -0.97414 -0.41935 3.3691 -1; 0 0 1
0.0249184504489873282
{2,2,2,2.50999999999999979,2.50999999999999979,2,2,2.50999999999999979,2.3140375958484336}

New Case = 20013
parameters(d,d2,s,c,g,r0,r1,r2) = 0 -0.97414 -0.41935 3.3691 -1; 0 1 0
0.180645957434172333
{2,2.50999999999999979,2,2.69676534980151361,2.50999999999999979,2,2,2.50999999999999979,2}

New Case = 20014
parameters(d,d2,s,c,g,r0,r1,r2) = 0 -0.97414 -0.41935 3.3691 -1; 1 0 0
0.0249184504489877723
{2,2,2,2.50999999999999979,2.50999999999999979,2.31403759584843405,2,2.50999999999999979,2}

New Case = 20015
parameters(d,d2,s,c,g,r0,r1,r2) = 0 -0.97414 -0.41935 3.3691 -1; 0 0 0
9.48304552550460755e-06
{2,2,2,2.50999999999999979,2.50999999999999979,2,2,2.50999999999999979,2}

 smallest case = 9.48304552550460755e-06

---------


New Case = 21000
parameters(d,d2,s,c,g,r0,r1,r2) = 3.0508 3.0508 0 -9.494 -1; 1 1 1
0.522764925857558072
{2,2,2.50999999999999979,2.82842712474618985,2,2.50999999999999979,2.50999999999999979,2,2}

New Case = 21001
parameters(d,d2,s,c,g,r0,r1,r2) = 3.0508 3.0508 0 -9.494 -1; 0 1 1
0.610108670928169561
{2,2,2.50999999999999979,2.6967653498015145,2,2.50999999999999979,2,2,2.50999999999999979}

New Case = 21002
parameters(d,d2,s,c,g,r0,r1,r2) = 3.0508 3.0508 0 -9.494 -1; 1 0 1
0.624821472210237538
{2,2,2.50999999999999979,2.69676534980151494,2,2.50999999999999979,2.50999999999999979,2,2.50999999999999845}

New Case = 21003
parameters(d,d2,s,c,g,r0,r1,r2) = 3.0508 3.0508 0 -9.494 -1; 1 1 0
0.404999713274673434
{2,2,2.50999999999999979,2.6967653498015145,2,2.50999999999999979,2.50999999999999979,2,2}

New Case = 21004
parameters(d,d2,s,c,g,r0,r1,r2) = 3.0508 3.0508 0 -9.494 -1; 0 0 1
0.630892977872044014
{2,2,2.50999999999999979,2.6967653498015145,2,2.50999999999999979,2.50999999999999979,1.99999999999999978,2.50999999999999979}

New Case = 21005
parameters(d,d2,s,c,g,r0,r1,r2) = 3.0508 3.0508 0 -9.494 -1; 0 1 0
0.404999713274672879
{2,1.99999999999999978,2.50999999999999979,2.69676534980151494,2,2.50999999999999979,2.50999999999999979,2,2}

New Case = 21006
parameters(d,d2,s,c,g,r0,r1,r2) = 3.0508 3.0508 0 -9.494 -1; 1 0 0
0.375284538036726234
{2,2,2.50999999999999979,2.6967653498015145,2,2.50999999999999979,2.50999999999999979,2,2}

New Case = 21007
parameters(d,d2,s,c,g,r0,r1,r2) = 3.0508 3.0508 0 -9.494 -1; 0 0 0
0.173734635821495731
{2,2,2.50999999999999979,2.50999999999999979,2,2.50999999999999979,2.50999999999999979,2,2}

New Case = 21008
parameters(d,d2,s,c,g,r0,r1,r2) = 3.0508 3.0508 0 -9.494 -1; 1 1 1
0.522764943877192301
{2,2,2.50999999999999979,2.82842712474618985,2,2.50999999999999979,2.50999999999999979,2,2.00000001758262602}

New Case = 21009
parameters(d,d2,s,c,g,r0,r1,r2) = 3.0508 3.0508 0 -9.494 -1; 0 1 1
0.610108670928169561
{2,2,2.50999999999999979,2.6967653498015145,2,2.50999999999999979,2,2,2.50999999999999979}

New Case = 21010
parameters(d,d2,s,c,g,r0,r1,r2) = 3.0508 3.0508 0 -9.494 -1; 1 0 1
0.610108670928169561
{2,2,2.50999999999999979,2.6967653498015145,2,2.50999999999999979,2,2,2.50999999999999979}

New Case = 21011
parameters(d,d2,s,c,g,r0,r1,r2) = 3.0508 3.0508 0 -9.494 -1; 1 1 0
0.404999713274673434
{2,2,2.50999999999999979,2.6967653498015145,2,2.50999999999999979,2.50999999999999979,2,2}

New Case = 21012
parameters(d,d2,s,c,g,r0,r1,r2) = 3.0508 3.0508 0 -9.494 -1; 0 0 1
0.616180176589975703
{2,2,2.50999999999999979,2.6967653498015145,2,2.50999999999999979,2,2,2.50999999999999979}

New Case = 21013
parameters(d,d2,s,c,g,r0,r1,r2) = 3.0508 3.0508 0 -9.494 -1; 0 1 0
0.404999713274672879
{2,2,2.50999999999999979,2.69676534980151406,2,2.50999999999999979,2.50999999999999979,2,2}

New Case = 21014
parameters(d,d2,s,c,g,r0,r1,r2) = 3.0508 3.0508 0 -9.494 -1; 1 0 0
0.375284538036726234
{2,2,2.50999999999999979,2.6967653498015145,2,2.50999999999999979,2.50999999999999979,2,2}

New Case = 21015
parameters(d,d2,s,c,g,r0,r1,r2) = 3.0508 3.0508 0 -9.494 -1; 0 0 0
0.173734635821495509
{2,2,2.50999999999999979,2.50999999999999979,2,2.50999999999999979,2,2,2.50999999999999979}

 smallest case = 0.173734635821495509

---------


New Case = 22000
parameters(d,d2,s,c,g,r0,r1,r2) = 0.27605 0.27605 0 -1.0472 -1; 1 1 1
0.00766061035182485917
{2,2,2,2.82842712474618985,2,2.00000000451282034,2,2,2}

New Case = 22001
parameters(d,d2,s,c,g,r0,r1,r2) = 0.27605 0.27605 0 -1.0472 -1; 0 1 1
0.00766064139894195861
{2,2,2.00000005254260138,2.82842712474618985,2,2,2,2.00000000146305057,2.00000004801994979}

New Case = 22002
parameters(d,d2,s,c,g,r0,r1,r2) = 0.27605 0.27605 0 -1.0472 -1; 1 0 1
0.00771221861451643065
{2,2,2,2.82842712474618985,2,2.00037623873830617,2,2,2.00000005014530791}

New Case = 22003
parameters(d,d2,s,c,g,r0,r1,r2) = 0.27605 0.27605 0 -1.0472 -1; 1 1 0
0.00766061055118294476
{2,2.00000000171329262,2,2.82842712474618985,2,2,2,2,2}

New Case = 22004
parameters(d,d2,s,c,g,r0,r1,r2) = 0.27605 0.27605 0 -1.0472 -1; 0 0 1
0.00766060973308346771
{2,2,2,2.82842712474618985,2,2,2,2,2}

New Case = 22005
parameters(d,d2,s,c,g,r0,r1,r2) = 0.27605 0.27605 0 -1.0472 -1; 0 1 0
0.00766060973308313464
{2,2,2,2.82842712474618985,2,2,2,2,2}

New Case = 22006
parameters(d,d2,s,c,g,r0,r1,r2) = 0.27605 0.27605 0 -1.0472 -1; 1 0 0
6.39072896639891752e-05
{2,2,2,2.82842712474618985,2,2,2.50999999999999979,2,2}

New Case = 22007
parameters(d,d2,s,c,g,r0,r1,r2) = 0.27605 0.27605 0 -1.0472 -1; 0 0 0
0.000810266959764938122
{2,2,2,2.50999999999999979,2,2,2,2,2}

New Case = 22008
parameters(d,d2,s,c,g,r0,r1,r2) = 0.27605 0.27605 0 -1.0472 -1; 1 1 1
0.00766061025521069805
{2,2,2,2.82842712474618985,2,2.00000000380816179,2,2,2}

New Case = 22009
parameters(d,d2,s,c,g,r0,r1,r2) = 0.27605 0.27605 0 -1.0472 -1; 0 1 1
0.00766060973315096927
{2,2.00000000000005862,2.00000000000005862,2.82842712474618985,2,2,2,2.00000000000003597,2.00000000000001776}

New Case = 22010
parameters(d,d2,s,c,g,r0,r1,r2) = 0.27605 0.27605 0 -1.0472 -1; 1 0 1
0.00771154359403347645
{2,2,2,2.82842712474618985,2,2,2,2,2.00019058910806491}

New Case = 22011
parameters(d,d2,s,c,g,r0,r1,r2) = 0.27605 0.27605 0 -1.0472 -1; 1 1 0
0.00787947036696678982
{2,2.00045851399905272,2,2.82842712474618985,2.00000001794800752,2,2,2,2}

New Case = 22012
parameters(d,d2,s,c,g,r0,r1,r2) = 0.27605 0.27605 0 -1.0472 -1; 0 0 1
0.00766060973308346771
{2,2,2,2.82842712474618985,2,2,2,2,2}

New Case = 22013
parameters(d,d2,s,c,g,r0,r1,r2) = 0.27605 0.27605 0 -1.0472 -1; 0 1 0
0.00766060973308313464
{2,2,2,2.82842712474618985,2,2,2,2,2}

New Case = 22014
parameters(d,d2,s,c,g,r0,r1,r2) = 0.27605 0.27605 0 -1.0472 -1; 1 0 0
6.39072896639891752e-05
{2,2,2,2.82842712474618985,2,2,2.50999999999999979,2,2}

New Case = 22015
parameters(d,d2,s,c,g,r0,r1,r2) = 0.27605 0.27605 0 -1.0472 -1; 0 0 0
0.000810266959764938122
{2,2,2,2.50999999999999979,2,2,2,2,2}

 smallest case = 6.39072896639891752e-05

---------


New Case = 23000
parameters(d,d2,s,c,g,r0,r1,r2) = -0.19887 -0.19887 0 0.76029 -1; 1 1 1
0.00036460090111423149
{2,2,2,2.82842712474618985,2,2,2,2.00000000791809329,2}

New Case = 23001
parameters(d,d2,s,c,g,r0,r1,r2) = -0.19887 -0.19887 0 0.76029 -1; 0 1 1
0.000364609410744343165
{2,2.0000000188340743,2.00000000000652234,2.82842712474618985,2,2,2,2,2}

New Case = 23002
parameters(d,d2,s,c,g,r0,r1,r2) = -0.19887 -0.19887 0 0.76029 -1; 1 0 1
0.000393477396990582484
{2,2,2,2.82842712474618985,2.00018591937170287,2,2,2.00000003160183937,2}

New Case = 23003
parameters(d,d2,s,c,g,r0,r1,r2) = -0.19887 -0.19887 0 0.76029 -1; 1 1 0
0.000364605378705751271
{2,2,2,2.82842712474618985,2.00000003197026865,2,2,2,2}

New Case = 23004
parameters(d,d2,s,c,g,r0,r1,r2) = -0.19887 -0.19887 0 0.76029 -1; 0 0 1
0.000364600413732985018
{2,2,2,2.82842712474618985,2,2,2,2,2}

New Case = 23005
parameters(d,d2,s,c,g,r0,r1,r2) = -0.19887 -0.19887 0 0.76029 -1; 0 1 0
0.000364600413732651951
{2,2,2,2.82842712474618985,2,2,2,2,2}

New Case = 23006
parameters(d,d2,s,c,g,r0,r1,r2) = -0.19887 -0.19887 0 0.76029 -1; 1 0 0
0.000364600413732985018
{2,2,2,2.82842712474618985,2,2,2,2,2}

New Case = 23007
parameters(d,d2,s,c,g,r0,r1,r2) = -0.19887 -0.19887 0 0.76029 -1; 0 0 0
0.000364600413733318085
{2,2,2,2.82842712474618985,2,2,2,2,2}

New Case = 23008
parameters(d,d2,s,c,g,r0,r1,r2) = -0.19887 -0.19887 0 0.76029 -1; 1 1 1
0.000364600640736845172
{2,2,2,2.82842712474618985,2,2,2,2.00000000368795128,2}

New Case = 23009
parameters(d,d2,s,c,g,r0,r1,r2) = -0.19887 -0.19887 0 0.76029 -1; 0 1 1
0.000387853087013834141
{2,2.0000000142015173,2,2.82842712474618985,2,2,2,2.00037746311497289,2}

New Case = 23010
parameters(d,d2,s,c,g,r0,r1,r2) = -0.19887 -0.19887 0 0.76029 -1; 1 0 1
0.000364643447985368852
{2,2,2,2.82842712474618985,2,2.00000002614919214,2,2.00000059334117353,2}

New Case = 23011
parameters(d,d2,s,c,g,r0,r1,r2) = -0.19887 -0.19887 0 0.76029 -1; 1 1 0
0.000364623379128126146
{2,2.00000003452995445,2,2.82842712474618985,2.00000004170849666,2,2,2,2}

New Case = 23012
parameters(d,d2,s,c,g,r0,r1,r2) = -0.19887 -0.19887 0 0.76029 -1; 0 0 1
0.000364600413732985018
{2,2,2,2.82842712474618985,2,2,2,2,2}

New Case = 23013
parameters(d,d2,s,c,g,r0,r1,r2) = -0.19887 -0.19887 0 0.76029 -1; 0 1 0
0.000364600413732651951
{2,2,2,2.82842712474618985,2,2,2,2,2}

New Case = 23014
parameters(d,d2,s,c,g,r0,r1,r2) = -0.19887 -0.19887 0 0.76029 -1; 1 0 0
0.000364600413732985018
{2,2,2,2.82842712474618985,2,2,2,2,2}

New Case = 23015
parameters(d,d2,s,c,g,r0,r1,r2) = -0.19887 -0.19887 0 0.76029 -1; 0 0 0
0.00268526009061176296
{2,2,2,2.50999999999999979,2,2,2,2.50999999999999979,2}

 smallest case = 0.000364600413732651951

---------


New Case = 24000
parameters(d,d2,s,c,g,r0,r1,r2) = -0.844 -0.844 0 3.5926 -1; 1 1 1
0.191769684584438105
{2,2,2.00000000327800143,2.8284271247461894,2.21547779214528529,2,2,2.50999999999999979,2}

New Case = 24001
parameters(d,d2,s,c,g,r0,r1,r2) = -0.844 -0.844 0 3.5926 -1; 0 1 1
0.192032141759382324
{2,2,2,2.82842712474618985,2,2,2,2.50999999999999979,2}

New Case = 24002
parameters(d,d2,s,c,g,r0,r1,r2) = -0.844 -0.844 0 3.5926 -1; 1 0 1
0.129389797302744469
{2,2,2,2.69676534980151539,2.50999999999999979,2,2,2.50999999999999979,2}

New Case = 24003
parameters(d,d2,s,c,g,r0,r1,r2) = -0.844 -0.844 0 3.5926 -1; 1 1 0
0.226717656954990576
{2,2.50999999999999979,2,2.6967653498015145,2.51000000000000023,2,2,2.50999999999999979,2}

New Case = 24004
parameters(d,d2,s,c,g,r0,r1,r2) = -0.844 -0.844 0 3.5926 -1; 0 0 1
0.103927666534697649
{2,2,2,2.69676534980151406,2.50999999999999979,2,2,2.50999999999999979,2}

New Case = 24005
parameters(d,d2,s,c,g,r0,r1,r2) = -0.844 -0.844 0 3.5926 -1; 0 1 0
0.225808337331987574
{2,2.50999999999999979,2,2.6967653498015145,2.40186562302792117,2,2,2.50999999999999979,2}

New Case = 24006
parameters(d,d2,s,c,g,r0,r1,r2) = -0.844 -0.844 0 3.5926 -1; 1 0 0
0.103927666534697649
{2,2,2,2.69676534980151494,2.50999999999999979,2,2,2.50999999999999979,2}

New Case = 24007
parameters(d,d2,s,c,g,r0,r1,r2) = -0.844 -0.844 0 3.5926 -1; 0 0 0
0.0699426363639752413
{2,2,2,2.50999999999999979,2.50999999999999979,2,2,2.50999999999999979,2}

New Case = 24008
parameters(d,d2,s,c,g,r0,r1,r2) = -0.844 -0.844 0 3.5926 -1; 1 1 1
0.191769916048731615
{2,2.00000003998437226,2,2.82842712474618985,2.21282813313784832,2,2,2.50999999999999979,2}

New Case = 24009
parameters(d,d2,s,c,g,r0,r1,r2) = -0.844 -0.844 0 3.5926 -1; 0 1 1
0.192032141759382324
{2,2,2,2.82842712474618985,2,2,2,2.50999999999999979,2}

New Case = 24010
parameters(d,d2,s,c,g,r0,r1,r2) = -0.844 -0.844 0 3.5926 -1; 1 0 1
0.129389797302744469
{2,2,2,2.69676534980151628,2.50999999999999979,2,2,2.50999999999999979,2}

New Case = 24011
parameters(d,d2,s,c,g,r0,r1,r2) = -0.844 -0.844 0 3.5926 -1; 1 1 0
0.226717656954990909
{2,2.50999999999999979,2,2.69676534980151494,2.50999999999999979,2,2,2.50999999999999979,2}

New Case = 24012
parameters(d,d2,s,c,g,r0,r1,r2) = -0.844 -0.844 0 3.5926 -1; 0 0 1
0.103927666534697649
{2,2,2,2.69676534980151406,2.50999999999999979,2,2,2.50999999999999979,2}

New Case = 24013
parameters(d,d2,s,c,g,r0,r1,r2) = -0.844 -0.844 0 3.5926 -1; 0 1 0
0.225808337331986242
{2,2.50999999999999979,2,2.69676534980151361,2.40186567348359015,2,2,2.50999999999999979,2}

New Case = 24014
parameters(d,d2,s,c,g,r0,r1,r2) = -0.844 -0.844 0 3.5926 -1; 1 0 0
0.103927666534697649
{2,2,2,2.69676534980151494,2.50999999999999979,2,2,2.50999999999999979,2}

New Case = 24015
parameters(d,d2,s,c,g,r0,r1,r2) = -0.844 -0.844 0 3.5926 -1; 0 0 0
0.0699426363639752413
{2,2,2,2.50999999999999979,2.50999999999999979,2,2,2.50999999999999979,2}

 smallest case = 0.0699426363639752413

---------

