 
New Case = 402251
numargs = 27
1.25444752074805277
Q={1.25444752074805277,-0.25,0.25,-0*(2.75745141161561536e-08),
	-0.113397449804600231,
-0.11610429144945987,0(-1.3787135246390363e-08),-0.181698671918555571,
0.0669478250568131816,0(-8.81418654008336976e-11),-0.0533634667495881121,
0.0605299985482918926,0(8.83584980788187105e-11),-0.196636493819324437,
0.189469966213560326,0(-5.75847718666764525e-09),-0.136204267709799598,
0.0811489434338724669,0(-2.1815757962091223e-08),-0.227193132524489111,
0.0527467222257731461,-0.00694156613224826413,-0.0566986908117247598,
-0.0580521534422987623,0.00694153855748141056,-0.0566986907019925435,
-0.0580521587327554114}
 
 smallest case = 1.25444752074805277
 


New Case = 735559098
numargs = 104
106.416001026066411
{-2.83741375233080932e-31,1.48952647962074573e-31,2.73305953377290362e-32,-1.56118328401004336e-32,-1.41265089426530732,-1.3841128496100823,-0.293393308324021718,0.0506896153701392252,0.330491746052364255,0.691237365953307203,-1.62152687484169822,0.926963434643316653,0.458211495348075759,0.887281244781909173,-0.176486332887875214,-1.72384070972144565,1.59179320977898597,0.052203758696167793,-0.247222516961835337,1.26169048510298443,1.26681934185898082,-0.914202451927646265,0.110543417138835545,-1.58810654434560306,-0.250998281430478754,1.74140493519751161,1.02084159970526978,-0.458239776040652302,-0.698126477940580026,-0.743005921097128819,-0.244450885804495283,-1.70317508977858356,0.377592151008328603,-1.49353779469710046,-1.25012259144278493,-0.577050869933645183,-1.43239100033391908,-0.262989078585387615,1.20906665225177279,-0.645949376592233504,-0.0572190013893978874,2.01379097523940809,-0.948401093796346739,-0.35656062425645485,-1.53574631510119564,0.373690707392239474,-1.08777465053250499,0.564433185169577301,0.388284943028010476,1.6023205844064683,0.135097357663654327,1.21131993836944218,-1.44507222955587111,1.02094355524071112,-0.246526565883782078,-1.12824032771984539,1.62071875007329025,-0.817681660608392313,1.12516974203693154,0.0959280059331170804,-0.271375050646970817,-0.0966325221394049583,-0.184236106616892992,1.97055190100894873,-0.48745348179686776,-1.12112478304993513,-1.67023909782586721,1.13657298698041531,0.562842507891535115,-1.63259934995213696,-0.0520238512434981551,1.00753222913613172,-1.32335616996602812,0.852076929651472526,0.801579103003249527,0.95988159217402913,-0.0383419303844040466,-1.67660572082536907,0.97173182330243868,-0.601369579344549599,0.398718293313639116,0.467838549412441684,1.72887027592381393,0.795712500396869471,-0.344832263890899215,0.279141642259656098,-1.7264644512820877,-0.906912979174794298,1.56801840163963857,1.07250627321345693,0.573166981730354852,-0.250056387823568982,0.434273403139047276,0.0866301272678261514,1.56741717244838141,-1.16064862895258414,-0.814078992642288224,-1.02170885714041937,1.26053764229483267,1.09743391343831442,1.53037733772911566,0.137593336525539484,-1.17575217018252443,-0.506576857169768302}

 smallest case = 106.416001026066411

---------


New Case = 735559098
numargs = 104
105.265491552623644
{-2.30304202945555118e-32, 
1.14167387150789143e-32, 3.59646062882400876e-34, 2.35170377556991259e-33, 1.38043125911841846, 0.22864560962000291, 0.1046418920213006, 1.42519500366947605, 1.16897182091980589, -1.16451390524170573, -1.74999249372876386, 
-0.373162163542927472, -0.280105002092198907, -1.51525845080193, -0.635810855005854325, -1.10511427994257261, -0.311298680059554078, 1.03638578039229934, 0.48238904827345036, -1.78752217941572811, -0.580440244367799729, 
-1.53550003963853299, 1.12414388714653768, -0.204032526768125833, -1.89672393564624708, 0.620607176425275631, -0.738121433436126906, 0.267205695713530755, -1.59499897954842318, -0.332499848325337855, 0.297936083314099986, 
-1.12100677801812187, 1.11812832891974678, 0.702240805232108412, -1.47441293233995729, 0.28766890079183971, 0.659598723463856285, 0.14101073568276748, -1.00660518370082452, -1.59116042578166428, -1.61192733860950166, 
-0.0907051421418882953, 1.05431867730885132, 0.714513345059511695, -0.595179746765847839, -0.239036733934979345, -1.87768192069759898, -0.250864731588193834, -1.05747741240473236, 1.64161816802217841, 0.728870650076675286, 
-0.0508132584010125773, 0.31160251125112215, -0.791021575112373032, -1.23949130742677593, 1.31941276388482764, -0.396952499308274587, 1.53830950611499273, -1.06555163205172243, -0.627946547126397414, 0.554920375568453639, 
1.92034476580671964, -0.0732583220598368445, 0.773246186715573325, 0.653053555797219243, -0.661648570224109611, 0.846737760537094597, -1.55524190647681149, 1.08754567246706912, -0.62769187746645827, 1.53269610186810468, 
0.27219474017530354, -0.428505480463885313, 0.256028460051619, 1.89763890580730021, -0.615185683660302129, 0.930724905717901674, -1.86708206510652652, -0.0282919303271166392, 0.323532574576564425, -1.33743489029804463, 
-1.26452797498739167, -0.535074425272114684, 0.570904785500577105, -0.62300956414983788, 0.659395644953057136, -0.325559046640589489, 1.75244622557876029, -0.0958761856785474986, -0.974425479659965399, 0.689375873369655556, 
1.60189376889511759, 0.0560585782253666051, 0.817103020030186533, 1.46287089203041809, 1.1907406120029409, 1.15600529049178258, 1.12594322270422076, 1.04398282835851774, -0.553175814451421943, 1.93082587127422456, 
-0.300590988898957967, -0.115414162032599257, -0.410165921808716472}

 smallest case = 105.265491552623644

---------

