

 Cfsqp numerical optimizer for Sphere Packings IV 

 The inequalities in the appendix are divided into 24 sections.
 Sections 1-24 are tested numerically here. 

 Select section number (1--24): 
 The inequalities are written in the form F>0.
 This program minimizes F subject to constraints.
 If the returned value is positive, the inequality passes the numerical check. 
 Each inequality is test with 80 random initial configurations. 

 Optimizing.... 




 Section A1:


New Case = 757995764
numargs = 6
0.00223255030158964196
{2, 2.22999999999999998, 2.22999999999999998, 2.82842712474618985, 2, 2}

New Case = 735258244
numargs = 6
0.190957964378103751
{2, 2.50999999999999979, 2.50999999999999979, 3.20000000000000018, 2.50999999999999979, 2}

New Case = 343330051
numargs = 6
0.144510721124994967
{2, 2.50999999999999979, 2.50999999999999979, 3.20000000000000018, 2.50999999999999979, 2.50999999999999979}

New Case = 49446087
numargs = 6
0.405418823343625334
{2.20000000000000018, 2.50999999999999979, 2.50999999999999979, 3.20000000000000018, 3.20000000000000018, 2}

New Case = 799187442
numargs = 6
0.491863157906648529
{2, 2, 2.50999999999999979, 3.20000000000000018, 3.20000000000000018, 2}

New Case = 275706375
numargs = 6
1.02886462139402352e-06
{2, 2, 2, 2.82842712474618985, 2, 2}

New Case = 324536936
numargs = 6
1.02886462139402352e-06
{2, 2, 2, 2.82842712474618985, 2, 2}

New Case = 983547118
numargs = 6
2.05743150504950068e-05
{2, 2, 2, 2.82842712474618985, 2, 2}

New Case = 206278009
numargs = 6
2.05743150504950068e-05
{2, 2, 2, 2.82842712474618985, 2, 2}


 Exiting cfsqp numerical optimizer.





 Cfsqp numerical optimizer for Sphere Packings IV 

 The inequalities in the appendix are divided into 24 sections.
 Sections 1-24 are tested numerically here. 

 Select section number (1--24): 
 The inequalities are written in the form F>0.
 This program minimizes F subject to constraints.
 If the returned value is positive, the inequality passes the numerical check. 
 Each inequality is test with 80 random initial configurations. 

 Optimizing.... 




 Section A2:

 +0 gives compression type 
 +1 gives voronoi type 


New Case = 413688580
numargs = 6
4.63484087062093764e-05
{2.50999999999999979, 2, 2.50999999999999979, 2, 2, 2.50999999999999979}

New Case = 413688581
numargs = 6
0.0555252430575073896
{2.50999999999999979, 2.50999999999999979, 2.50999999999999979, 2, 2.50999999999999979, 2.50999999999999979}

New Case = 805296510
numargs = 6
9.19076248993011546e-05
{2.50999999999999979, 2, 2.50999999999999979, 2, 2, 2.50999999999999979}

New Case = 805296511
numargs = 6
0.000122105853088139149
{2.50999999999999979, 2.50999999999999979, 2, 2, 2, 2.50999999999999979}

New Case = 136610219
numargs = 6
0.00776288769623190156
{2.50999999999999979, 2.50999999999999979, 2, 2, 2.50999999999999979, 2}

New Case = 136610220
numargs = 6
5.16246932598662944e-05
{2.82842712474618985, 2.50999999999999979, 2, 2, 2, 2.50999999999999979}

New Case = 379204810
numargs = 6
7.80199692961315583e-05
{2.50999999999999979, 2, 2, 2, 2.31986415127810375, 2}

New Case = 379204811
numargs = 6
0.00257450450556317989
{2.82842712474618985, 2.50999999999999979, 2, 2, 2, 2.50999999999999979}

New Case = 878731435
numargs = 6
1.86417204483318652e-05
{2.50999999999999979, 2, 2, 2, 2, 2}

New Case = 878731436
numargs = 6
1.90263432641403149e-05
{2.82842712474618985, 2, 2, 2, 2, 2}

New Case = 891740103
numargs = 6
4.66915676404361379e-05
{2.82842712474618985, 2, 2, 2, 2, 2}

New Case = 891740104
numargs = 6
3.31772916478817459e-05
{2.82842712474618985, 2, 2, 2.02053093029954756, 2, 2}


 Exiting cfsqp numerical optimizer.





 Cfsqp numerical optimizer for Sphere Packings IV 

 The inequalities in the appendix are divided into 24 sections.
 Sections 1-24 are tested numerically here. 

 Select section number (1--24): 
 The inequalities are written in the form F>0.
 This program minimizes F subject to constraints.
 If the returned value is positive, the inequality passes the numerical check. 
 Each inequality is test with 80 random initial configurations. 

 Optimizing.... 




 Section A3:

 +0 gives compression type 
 +1 gives voronoi type 


New Case = 334002329
numargs = 6
1.12513962833848957e-05
{2.50999999999999979, 2.50999999999999979, 2, 2, 2.50999999999999979, 2}

New Case = 334002330
numargs = 6
0.0554900175366080939
{2.50999999999999979, 2.50999999999999979, 2.50999999999999979, 2, 2.50999999999999979, 2.50999999999999979}

New Case = 883139937
numargs = 6
1.37165290636231951e-05
{2.50999999999999979, 2.50999999999999979, 2, 2, 2.50999999999999979, 2}

New Case = 883139938
numargs = 6
4.39742167712697807e-05
{2.50999999999999979, 2.50999999999999979, 2, 2, 2, 2.50999999999999979}

New Case = 507989176
numargs = 6
0.000818241774762917817
{2.50999999999999979, 2.50999999999999979, 2, 2, 2.50999999999999979, 2}

New Case = 507989177
numargs = 6
1.20126627697753063e-05
{2.82842712474618985, 2, 2.50999999999999979, 2, 2.50999999999999979, 2}

New Case = 244435805
numargs = 6
9.24364007648392771e-06
{2.50999999999999979, 2, 2, 2, 2, 2}

New Case = 244435806
numargs = 6
8.56533905117806693e-06
{2.82842712474618985, 2.50999999999999979, 2, 2, 2, 2.50999999999999979}

New Case = 930176500
numargs = 6
1.46401694222086931e-05
{2.50999999999999979, 2, 2, 2, 2, 2}

New Case = 930176501
numargs = 6
1.53411346299134332e-05
{2.82842712474618985, 2, 2, 2, 2, 2}

New Case = 815681339
numargs = 6
3.98574316922556404e-06
{2.82842712474618985, 2, 2, 2, 2, 2}

New Case = 815681340
numargs = 6
3.98574316922556404e-06
{2.82842712474618985, 2, 2, 2, 2, 2}


 Exiting cfsqp numerical optimizer.





 Cfsqp numerical optimizer for Sphere Packings IV 

 The inequalities in the appendix are divided into 24 sections.
 Sections 1-24 are tested numerically here. 

 Select section number (1--24): 
 The inequalities are written in the form F>0.
 This program minimizes F subject to constraints.
 If the returned value is positive, the inequality passes the numerical check. 
 Each inequality is test with 80 random initial configurations. 

 Optimizing.... 




 Section A4:

 Each case is broken into 4 subcases +0 +1 +2 +3 
 +0:etas small;  +1:x[3]<2.77;  +2: etatop-big;  +3: etaback-big; 

New Case = 649592321
numargs = 6
0.0166272575131685141
{2.50999999999999979, 2, 2.50999999999999979, 2.50999999999999979, 2.31403759584843183, 2.50999999999999979}

New Case = 649592322
numargs = 6
0.000188700706712507937
{2.50999999999999979, 2.50999999999999979, 2.50999999999999979, 2.50999999999999979, 2.50999999999999979, 2.50999999999999979}

New Case = 649592323
numargs = 6
0.0746534154264360539
{2.50999999999999979, 2.50999999999999979, 2.50999999999999979, 2.76999999999999957, 2.50999999999999979, 2.50999999999999979}

New Case = 649592324
numargs = 6
0.07465341542643672
{2.50999999999999979, 2.50999999999999979, 2.50999999999999979, 2.77000000000000002, 2.50999999999999979, 2.50999999999999979}

New Case = 600996944
numargs = 6
6.38622163350310856e-05
{2.50999999999999979, 2.50999999999999979, 2, 2.50999999999999979, 2.50999999999999979, 2}

New Case = 600996945
numargs = 6
6.38553155865029254e-05
{2.50999999999999979, 2, 2.50999999999999979, 2.50999999999999979, 2.50999999999999979, 2.50999999999999979}

New Case = 600996946
numargs = 6
0.0352309307268570682
{2.50999999999999979, 2.50999999999999979, 2.50999999999999979, 2.77000000000000002, 2.50999999999999979, 2.50999999999999979}

New Case = 600996947
numargs = 6
0.035230930726856402
{2.50999999999999979, 2.50999999999999979, 2.50999999999999979, 2.76999999999999957, 2.50999999999999979, 2.50999999999999979}

New Case = 70667639
numargs = 6
9.14052379045182661e-05
{2.50999999999999979, 2.50999999999999979, 2, 2.50999999999999979, 2.50999999999999979, 2}

New Case = 70667640
numargs = 6
9.14052379045182661e-05
{2.50999999999999979, 2.50999999999999979, 2, 2.50999999999999979, 2.50999999999999979, 2}

New Case = 70667641
numargs = 6
0.0347335260470545415
{2.50999999999999979, 2.50999999999999979, 2.50999999999999979, 2.77000000000000002, 2.50999999999999979, 2.50999999999999979}

New Case = 70667642
numargs = 6
0.0347335260470545415
{2.50999999999999979, 2.50999999999999979, 2.50999999999999979, 2.77000000000000002, 2.50999999999999979, 2.50999999999999979}

New Case = 99182343
numargs = 6
0.000118514592655216688
{2.50999999999999979, 2, 2, 2.50999999999999979, 2, 2.50999999999999979}

New Case = 99182344
numargs = 6
0.000118514592655216688
{2.50999999999999979, 2, 2, 2.50999999999999979, 2, 2.50999999999999979}

New Case = 99182345
numargs = 6
0.0436481527909999278
{2.50999999999999979, 2.50999999999999979, 2, 2.77000000000000002, 2, 2.50999999999999979}

New Case = 99182346
numargs = 6
0.0436481527909999278
{2.50999999999999979, 2, 2.50999999999999979, 2.77000000000000002, 2.50999999999999979, 2}

New Case = 578762805
numargs = 6
0.000104833067651161072
{2.50999999999999979, 2, 2, 2.50999999999999979, 2, 2}

New Case = 578762806
numargs = 6
0.000104833067651161072
{2.50999999999999979, 2, 2, 2.50999999999999979, 2, 2}

New Case = 578762807
numargs = 6
0.0469312820818035548
{2.82842712474618985, 2, 2.50999999999999979, 2.77000000000000002, 2, 2}

New Case = 578762808
numargs = 6
0.0391634906854841369
{2.82842712474618985, 2, 2, 2.77000000000000002, 2, 2.36309893896456114}

New Case = 557125557
numargs = 6
0.000222774757944813051
{2.82842712474618985, 2, 2, 2.50999999999999979, 2, 2}

New Case = 557125558
numargs = 6
0.000222774757944813051
{2.82842712474618985, 2, 2, 2.50999999999999979, 2, 2}

New Case = 557125559
numargs = 6
0.0302108944987505568
{2.82842712474618985, 2, 2, 2.82842712474618985, 2, 2.24961768552460173}

New Case = 557125560
numargs = 6
0.0271431123499596139
{2.82842712474618985, 2, 2, 2.80915242679034982, 2.21946153140897628, 2}


 Exiting cfsqp numerical optimizer.





 Cfsqp numerical optimizer for Sphere Packings IV 

 The inequalities in the appendix are divided into 24 sections.
 Sections 1-24 are tested numerically here. 

 Select section number (1--24): 
 The inequalities are written in the form F>0.
 This program minimizes F subject to constraints.
 If the returned value is positive, the inequality passes the numerical check. 
 Each inequality is test with 80 random initial configurations. 

 Optimizing.... 




 Section A5:

 Each case is broken into 4 subcases +0 +1 +2 +3 
 +0:etas small;  +1:x[3]<2.77;  +2: etatop-big;  +3: etaback-big; 

New Case = 719735900
numargs = 6
0.0088203484212847072
{2.50999999999999979, 2, 2.50999999999999979, 2.50999999999999979, 2.31403759584843272, 2.50999999999999979}

New Case = 719735901
numargs = 6
7.52130483152591012e-05
{2.50999999999999979, 2.50999999999999979, 2.50999999999999979, 2.50999999999999979, 2.50999999999999979, 2.50999999999999979}

New Case = 719735902
numargs = 6
0.0625837070960221231
{2.50999999999999979, 2.50999999999999979, 2.50999999999999979, 2.76999999999999957, 2.50999999999999979, 2.50999999999999979}

New Case = 719735903
numargs = 6
0.0625837070960221231
{2.50999999999999979, 2.50999999999999979, 2.50999999999999979, 2.76999999999999957, 2.50999999999999979, 2.50999999999999979}

New Case = 359616783
numargs = 6
1.72825967175715967e-05
{2.50999999999999979, 2.50999999999999979, 2, 2.50999999999999979, 2.50999999999999979, 2}

New Case = 359616784
numargs = 6
1.70430084512895874e-05
{2.50999999999999979, 2.50999999999999979, 2, 2.50999999999999979, 2.50999999999999979, 2.50999999999999979}

New Case = 359616785
numargs = 6
0.0432084488648764031
{2.50999999999999979, 2.50999999999999979, 2.50999999999999979, 2.77000000000000002, 2.50999999999999979, 2.50999999999999979}

New Case = 359616786
numargs = 6
0.043208448864875737
{2.50999999999999979, 2.50999999999999979, 2.50999999999999979, 2.76999999999999957, 2.50999999999999979, 2.50999999999999979}

New Case = 440833181
numargs = 6
3.3531687409882327e-05
{2.50999999999999979, 2, 2.50999999999999979, 2.50999999999999979, 2, 2.50999999999999979}

New Case = 440833182
numargs = 6
3.3531687409882327e-05
{2.50999999999999979, 2, 2.50999999999999979, 2.50999999999999979, 2, 2.50999999999999979}

New Case = 440833183
numargs = 6
0.0425764870293291464
{2.50999999999999979, 2.50999999999999979, 2.50999999999999979, 2.77000000000000002, 2.50999999999999979, 2.50999999999999979}

New Case = 440833184
numargs = 6
0.0425764870293291464
{2.50999999999999979, 2.50999999999999979, 2.50999999999999979, 2.77000000000000002, 2.50999999999999979, 2.50999999999999979}

New Case = 578578364
numargs = 6
4.80679932011729427e-05
{2.50999999999999979, 2, 2.50999999999999979, 2.50999999999999979, 2.50999999999999979, 2}

New Case = 578578365
numargs = 6
4.80679932011729427e-05
{2.50999999999999979, 2, 2.50999999999999979, 2.50999999999999979, 2.50999999999999979, 2}

New Case = 578578366
numargs = 6
0.0389907094401439336
{2.50999999999999979, 2.50999999999999979, 2, 2.77000000000000002, 2, 2.50999999999999979}

New Case = 578578367
numargs = 6
0.0389907094401439336
{2.50999999999999979, 2, 2.50999999999999979, 2.77000000000000002, 2.50999999999999979, 2}

New Case = 327398152
numargs = 6
6.09599318287523673e-05
{2.50999999999999979, 2, 2, 2.50999999999999979, 2, 2.23328004403591951}

New Case = 327398153
numargs = 6
6.09599318288078784e-05
{2.50999999999999979, 2, 2, 2.50999999999999979, 2, 2.23328000162190321}

New Case = 327398154
numargs = 6
0.0358366091520529728
{2.71712061724257747, 2, 2.50999999999999979, 2.77000000000000002, 2.50999999999999979, 2}

New Case = 327398155
numargs = 6
0.0358366091520531116
{2.71712062929078435, 2.50999999999999979, 2, 2.77000000000000002, 2, 2.50999999999999979}

New Case = 314861952
numargs = 6
4.0872421701781958e-05
{2.50999999999999979, 2, 2, 2.50999999999999979, 2, 2}

New Case = 314861953
numargs = 6
4.0872421701781958e-05
{2.50999999999999979, 2, 2, 2.50999999999999979, 2, 2}

New Case = 314861954
numargs = 6
0.0431882765064186269
{2.82842712474618985, 2, 2.50999999999999979, 2.77000000000000002, 2.03128257325466732, 2}

New Case = 314861955
numargs = 6
0.0444992833494095297
{2.82842712474618985, 2.50999999999999979, 2, 2.77000000000000002, 2, 2.3630989389645598}

New Case = 234753056
numargs = 6
0.000346970938711554933
{2.82842712474618985, 2, 2, 2.50999999999999979, 2, 2}

New Case = 234753057
numargs = 6
0.000346970938711554933
{2.82842712474618985, 2, 2, 2.50999999999999979, 2, 2}

New Case = 234753058
numargs = 6
0.0384083742126379718
{2.82842712474618985, 2.00000002008967437, 2.00000000000383604, 2.82842712474618985, 2, 2.24961766560558907}

New Case = 234753059
numargs = 6
0.0346662384267007323
{2.82842712474618985, 2, 2, 2.80915242679034982, 2.21946153140897628, 2}


 Exiting cfsqp numerical optimizer.





 Cfsqp numerical optimizer for Sphere Packings IV 

 The inequalities in the appendix are divided into 24 sections.
 Sections 1-24 are tested numerically here. 

 Select section number (1--24): 
 The inequalities are written in the form F>0.
 This program minimizes F subject to constraints.
 If the returned value is positive, the inequality passes the numerical check. 
 Each inequality is test with 80 random initial configurations. 

 Optimizing.... 




 Section A6:


New Case = 555481748
numargs = 6
0.00138941335420805778
{2.50999999999999979, 2.50999999999999979, 2.50999999999999979, 2.82842712474618985, 2.50999999999999979, 2.50999999999999979}

New Case = 615152889
numargs = 6
0.000495135860897777391
{2.50999999999999979, 2.50999999999999979, 2.50999999999999979, 2.82842712474618985, 2.50999999999999979, 2.50999999999999979}

New Case = 647971645
numargs = 6
0.000900687897669616433
{2.50999999999999979, 2.50999999999999979, 2.50999999999999979, 2.82842712474618985, 2.50999999999999979, 2.50999999999999979}

New Case = 516606403
numargs = 6
0.00010148529290310293
{2.50999999999999979, 2.50999999999999979, 2, 2.82842712474618985, 2, 2.50999999999999979}

New Case = 690552204
numargs = 6
0.000205940286284359009
{2.82842712474618985, 2, 2, 2.82842712474618985, 2, 2.27526531747713134}

New Case = 852763473
numargs = 6
1.08944987505521507e-05
{2.82842712474618985, 2, 2, 2.82842712474618985, 2, 2.24961768552460173}


 Exiting cfsqp numerical optimizer.





 Cfsqp numerical optimizer for Sphere Packings IV 

 The inequalities in the appendix are divided into 24 sections.
 Sections 1-24 are tested numerically here. 

 Select section number (1--24): 
 The inequalities are written in the form F>0.
 This program minimizes F subject to constraints.
 If the returned value is positive, the inequality passes the numerical check. 
 Each inequality is test with 80 random initial configurations. 

 Optimizing.... 




 Section A7:


New Case = 679673664
numargs = 6
0.006112436502129448
{2.50999999999999979, 2.50999999999999979, 2.50999999999999979, 2.82842712474618985, 2.50999999999999979, 2.50999999999999979}

New Case = 926514235
numargs = 6
0.000482734139009455276
{2.50999999999999979, 2.50999999999999979, 2.50999999999999979, 2.82842712474618985, 2.50999999999999979, 2.50999999999999979}

New Case = 459744700
numargs = 6
0.00168055185478932501
{2.50999999999999979, 2.50999999999999979, 2.50999999999999979, 2.82842712474618985, 2.50999999999999979, 2.50999999999999979}

New Case = 79400832
numargs = 6
0.00460597211044666555
{2.50999999999999979, 2.50999999999999979, 2.50999999999999979, 2.82842712474618985, 2.50999999999999979, 2}

New Case = 277388353
numargs = 6
0.00744690901640696068
{2.71035710900949356, 2.50999999999999979, 2, 2.82842712474618985, 2, 2.50999999999999979}

New Case = 839852751
numargs = 6
0.00119765642940991568
{2.82842712474618985, 2, 2.50999999999999979, 2.82842712474618985, 2, 2}

New Case = 787458652
numargs = 6
0.0052083731531262778
{2.82842712474618985, 2, 2, 2.82842712474618985, 2, 2.24961768552460173}


 Exiting cfsqp numerical optimizer.





 Cfsqp numerical optimizer for Sphere Packings IV 

 The inequalities in the appendix are divided into 24 sections.
 Sections 1-24 are tested numerically here. 

 Select section number (1--24): 
 The inequalities are written in the form F>0.
 This program minimizes F subject to constraints.
 If the returned value is positive, the inequality passes the numerical check. 
 Each inequality is test with 80 random initial configurations. 

 Optimizing.... 




 Section A8:


New Case = 499014780
numargs = 6
0.000959417340774759708
{2.50999999999999979, 2.50999999999999979, 2.50999999999999979, 2.50999999999999979, 2.50999999999999979, 2.50999999999999979}

New Case = 901845849
numargs = 6
3.50210136135231664e-05
{2.50999999999999979, 2.50999999999999979, 2.50999999999999979, 2.82842712474618985, 2.50999999999999979, 2.50999999999999979}

New Case = 410091263
numargs = 6
0.0044746299107232268
{2.50999999999999979, 2.50999999999999979, 2.50999999999999979, 3.20000000000000018, 2.50999999999999979, 2.50999999999999979}

New Case = 125103581
numargs = 6
8.06205900100165351e-05
{2.50999999999999979, 2.50999999999999979, 2.50999999999999979, 2, 2.50999999999999979, 2.50999999999999979}

New Case = 504968542
numargs = 6
0.566970525685358884
{2.50999999999999979, 2.50999999999999979, 2, 2, 2.82842712474618985, 2}

New Case = 770716154
numargs = 6
0.000762844526500439102
{2.70000000000000018, 2.50999999999999979, 2.50999999999999979, 3.20000000000000018, 2.50999999999999979, 2.50999999999999979}

New Case = 666090270
numargs = 6
0.0185966708700051608
{2.50999999999999979, 2.25, 2.50999999999999979, 3.20000000000000018, 2.50999999999999979, 2.50999999999999979}

New Case = 971555266
numargs = 6
0.000568968211796860857
{2.82842712474618985, 2, 2, 2.50999999999999979, 2, 2}


 Exiting cfsqp numerical optimizer.





 Cfsqp numerical optimizer for Sphere Packings IV 

 The inequalities in the appendix are divided into 24 sections.
 Sections 1-24 are tested numerically here. 

 Select section number (1--24): 
 The inequalities are written in the form F>0.
 This program minimizes F subject to constraints.
 If the returned value is positive, the inequality passes the numerical check. 
 Each inequality is test with 80 random initial configurations. 

 Optimizing.... 




 Section A9:


New Case = 956875054
numargs = 6
0.014953113875909179
{2.82842709696307137, 2.50999999999999979, 2.00000000195373984, 2.77000000000000002, 2, 2.50999999999999979}

New Case = 664200787
numargs = 6
0.002519693196563106
{2.50999999999999979, 2, 2, 2.82842712474618985, 2, 2}

New Case = 390273147
numargs = 6
0.002519693196563106
{2.50999999999999979, 2, 2, 2.82842712474618985, 2, 2}

New Case = 654422246
numargs = 6
0.00812407785502283417
{2.82842709826963468, 2.50999999999999979, 2, 3.20000000000000018, 2, 2.50999999999999979}

New Case = 366536370
numargs = 6
0.000634080660037242283
{2.50999999999999979, 2, 2.50999999999999979, 3.20000000000000018, 2.50999999999999979, 2}

New Case = 62532125
numargs = 6
0.000940368225599105823
{2.50999999999999979, 2.03256531315758115, 2.03256531797659346, 3.20000000000000018, 2.08331453615502271, 2.08331450584779887}

New Case = 370631902
numargs = 6
0.000636227507671574544
{2.50999999999999979, 2.25, 2, 3.20000000000000018, 2, 2.50999999999999979}


 Exiting cfsqp numerical optimizer.





 Cfsqp numerical optimizer for Sphere Packings IV 

 The inequalities in the appendix are divided into 24 sections.
 Sections 1-24 are tested numerically here. 

 Select section number (1--24): 
 The inequalities are written in the form F>0.
 This program minimizes F subject to constraints.
 If the returned value is positive, the inequality passes the numerical check. 
 Each inequality is test with 80 random initial configurations. 

 Optimizing.... 




 Section A10:


New Case = 214637273
numargs = 6
0.000107030121131244937
{2.69600000000000017, 2, 2, 2, 2, 2}

New Case = 751772680
numargs = 6
1.0873777609252816e-06
{2.50999999999999979, 2, 2, 2, 2, 2}

New Case = 366146051
numargs = 6
2.67409735962148565e-07
{2.56999999999999984, 2, 2, 2, 2, 2}

New Case = 675766140
numargs = 6
3.23192467506505654e-06
{2.50999999999999979, 2.25, 2, 2, 2, 2}

New Case = 520734758
numargs = 6
0.00137911081056900364
{2.50999999999999979, 2.25, 2, 2, 2, 2.25}


 Exiting cfsqp numerical optimizer.





 Cfsqp numerical optimizer for Sphere Packings IV 

 The inequalities in the appendix are divided into 24 sections.
 Sections 1-24 are tested numerically here. 

 Select section number (1--24): 
 The inequalities are written in the form F>0.
 This program minimizes F subject to constraints.
 If the returned value is positive, the inequality passes the numerical check. 
 Each inequality is test with 80 random initial configurations. 

 Optimizing.... 




 Section A11:


New Case = 378432183
numargs = 6
0.000439474697493405508
{2.82842712474618985, 2, 2.45000000000000018, 2, 2.50999999999999979, 2}

New Case = 572206659
numargs = 6
0.0638078147928553413
{2.69600000000000017, 2.45000000000000018, 2, 2, 2.45000000000000018, 2}

New Case = 310679005
numargs = 6
7.1086870750969311e-08
{2.82842712474618985, 2, 2.50999999999999979, 2, 2.50999999999999979, 2}

New Case = 284970880
numargs = 6
0.0513267162763224594
{2.82842712474618985, 2.45000000000000018, 2, 2.50999999999999979, 2, 2}

New Case = 972111620
numargs = 6
0.00327923952179869083
{2.50999999999999979, 2, 2, 2.50999999999999979, 2, 2}

New Case = 875762896
numargs = 6
0.0221568859450244349
{2.50999999999999979, 2.41740659526705182, 2, 2, 2, 2.41740659990256956}

New Case = 385332676
numargs = 6
0.000357292258647545595
{2.82842712474618985, 2, 2, 2, 2, 2}


 Exiting cfsqp numerical optimizer.





 Cfsqp numerical optimizer for Sphere Packings IV 

 The inequalities in the appendix are divided into 24 sections.
 Sections 1-24 are tested numerically here. 

 Select section number (1--24): 
 The inequalities are written in the form F>0.
 This program minimizes F subject to constraints.
 If the returned value is positive, the inequality passes the numerical check. 
 Each inequality is test with 80 random initial configurations. 

 Optimizing.... 




 Section A12:


New Case = 970291025
numargs = 6
0.0609858038729645044
{2.69676534980151361, 2.50999999999999979, 2, 2, 2, 2}

New Case = 524345535
numargs = 6
0.0162073060816143172
{2.82842712474618985, 2.50999999999999979, 2, 2.50999999999999979, 2, 2}


 The next case is broken into 2 subcases 
 +1:voronoi-type;  +2:compression 

New Case = 812894434
numargs = 6
7.45045055631776698e-05
{2.82842712474618985, 2.50999999999999979, 2, 2, 2, 2.50999999999999979}

New Case = 812894435
numargs = 6
0.0261341745568342831
{2.75, 2, 2, 2, 2.41225082160974891, 2}


 The next case is broken into 4 subcases 
 +1:analytic,x[3]<2.77; +2:analytic, small etas 
 +3:t0, eta-top-big;    +4: t0, eta-back-big 

New Case = 404793782
numargs = 6
0.00320474361128057772
{2.75, 2, 2, 2.50999999999999979, 2, 2}

New Case = 404793783
numargs = 6
0.0568635053800689433
{2.51782575204507131, 2, 2, 2.77000000000000002, 2, 2}

New Case = 404793784
numargs = 6
0.0316656714237214393
{2.75, 2, 2, 2.78357475815610744, 2.32304617339925867, 2}

New Case = 404793785
numargs = 6
0.0419351530410838474
{2.75, 2, 2, 2.82842712474618985, 2, 2.39901422217253613}


 Exiting cfsqp numerical optimizer.





 Cfsqp numerical optimizer for Sphere Packings IV 

 The inequalities in the appendix are divided into 24 sections.
 Sections 1-24 are tested numerically here. 

 Select section number (1--24): 
 The inequalities are written in the form F>0.
 This program minimizes F subject to constraints.
 If the returned value is positive, the inequality passes the numerical check. 
 Each inequality is test with 80 random initial configurations. 

 Optimizing.... 




 Section A13:



 The next case is broken into 2 subcases 
 +1:voronoi-type;  +2:compression 

New Case = 705592876
numargs = 6
0.00113477272521455425
{2.82842712474618985, 2, 2, 2, 2, 2}

New Case = 705592877
numargs = 6
0.00113477272521455425
{2.82842712474618985, 2, 2, 2, 2, 2}

New Case = 747727191
numargs = 6
4.29609331341115203e-05
{2, 2, 2, 2.82842712474618985, 2, 2}

New Case = 474496219
numargs = 6
2.34154827050189057e-05
{2, 2, 2, 2.82842712474618985, 2, 2}

New Case = 649551700
numargs = 6
3.85872926670222105e-05
{2, 2, 2, 3.20000000000000018, 2, 2}

New Case = 74657942
numargs = 6
-0
{2.50999999999999979, 2, 2, 3.20000000000000018, 2, 2}

New Case = 897129160
numargs = 6
0.0149518773722216516
{2, 2, 2.50999999999999979, 3.20000000000000018, 2, 2}

New Case = 760840103
numargs = 6
5.62339875252084592e-05
{2, 2, 2, 3.20000000000000018, 2, 2}

New Case = 675901554
numargs = 6
0
{2.50999999999999979, 2, 2, 3.20000000000000018, 2, 2}

New Case = 712696695
numargs = 6
0.00417278792233123641
{2, 2, 2.50999999999999979, 3.20000000000000018, 2, 2}


 Exiting cfsqp numerical optimizer.





 Cfsqp numerical optimizer for Sphere Packings IV 

 The inequalities in the appendix are divided into 24 sections.
 Sections 1-24 are tested numerically here. 

 Select section number (1--24): 
 The inequalities are written in the form F>0.
 This program minimizes F subject to constraints.
 If the returned value is positive, the inequality passes the numerical check. 
 Each inequality is test with 80 random initial configurations. 

 Optimizing.... 




 Section A14:


New Case = 424011442
numargs = 6
5.81641274501122041
{2.50999999999999979, 2, 2.50999999999999979, 2, 1.99999999999999956, 2}

New Case = 140881233
numargs = 6
10.1452917251607673
{2.50999999999999979, 2, 2.50999999999999979, 2, 1.99999999999999933, 2}


 The next four cases are broken into 2 subcases each.
 +0: V0;   +1: V1.  

New Case = 601456709
numargs = 6
3.61366059786477933
{2.50999999999999979, 2, 2, 2.82842712474618985, 2, 2}

New Case = 601456710
numargs = 6
11.1567658636801355
{2.50999999999999979, 2, 2, 2.82842712474618985, 2, 2}

New Case = 292977281
numargs = 6
11.5335825567852552
{2.39999999999999902, 2, 2, 3.20000000000000018, 2, 2}

New Case = 292977282
numargs = 6
21.0127215803679732
{2.39999999999999947, 2, 2, 3.20000000000000018, 2, 2}

New Case = 927286061
numargs = 6
14.1650770318907728
{2.50999999999999979, 2, 2, 2.82842712474618985, 2.18900000000000006, 2}

New Case = 927286062
numargs = 6
22.5842798040634989
{2.50999999999999979, 2, 2, 2.82842712474618985, 2.18900000000000006, 2}

New Case = 340409511
numargs = 6
14.1087902865653181
{2, 2.50999999999999979, 1.99999999999999978, 3.20000000000000018, 3.20000000000000018, 2}

New Case = 340409512
numargs = 6
15.8955915356720805
{2, 2.50999999999999979, 1.99999999999999978, 3.20000000000000018, 3.20000000000000018, 2}

New Case = 727498658
numargs = 6
0.995754614986935849
{2.15418400592401893, 2.50999999999999979, 2.18330147639991878, 3.27362197606340555, 2.18330146487353405, 3.20000000000000018}

New Case = 484314425
numargs = 6
0.0287227627422783627
{2, 2, 2, 2, 2, 2}

New Case = 440223030
numargs = 6
0.100922170385757237
{2, 2, 2, 2, 2.18900000000000006, 2}

New Case = 115756648
numargs = 6
0.405757557754093057
{2.50999999999999979, 2.50999999999999979, 2.32439405499435381, 2, 2, 2}


 Exiting cfsqp numerical optimizer.





 Cfsqp numerical optimizer for Sphere Packings IV 

 The inequalities in the appendix are divided into 24 sections.
 Sections 1-24 are tested numerically here. 

 Select section number (1--24): 
 The inequalities are written in the form F>0.
 This program minimizes F subject to constraints.
 If the returned value is positive, the inequality passes the numerical check. 
 Each inequality is test with 80 random initial configurations. 

 Optimizing.... 




 Section A15:



 The next five cases are broken into 2 subcases each 
 +0: DV0;   +1: DV1. 

New Case = 329882546
numargs = 6
12.1899002673266708
{2, 2.50999999999999979, 2.50999999999999979, 3.9078094781677879, 2, 2}

New Case = 329882547
numargs = 6
16.8956446201286461
{2.50999999999999979, 2, 2, 3.11136665875530305, 2, 2}

New Case = 427688691
numargs = 6
26.4965435733282462
{2.50999999999999979, 2, 2, 3.41819661943237341, 2, 2.50999999999999979}

New Case = 427688692
numargs = 6
34.3086816967350359
{2.50999999999999979, 2, 2, 3.41601653270517636, 2, 2.50999999999999979}

New Case = 562103670
numargs = 6
19.4406176403158639
{2, 1.99999999999999978, 2.50999999999999979, 2, 2, 2.82842712474618985}

New Case = 562103671
numargs = 6
24.5172777676103237
{2, 1.99999999999999978, 2.50999999999999979, 2, 2, 2.82842712474618985}

New Case = 564506426
numargs = 6
40.4351297355804107
{2, 2, 2, 3.87044288786721769, 2.50999999999999979, 2.50999999999999979}

New Case = 564506427
numargs = 6
47.1036344658200363
{2, 2, 2, 3.85531469118636316, 2.50999999999999979, 2.50999999999999979}

New Case = 288224597
numargs = 6
25.6526154500934105
{2, 2, 2, 3.9269057003567247, 2.50999999999999979, 2.82842712474618985}

New Case = 288224598
numargs = 6
26.6765795070801879
{2, 2, 2, 3.90310938703534527, 2.50999999999999979, 2.82842712474618985}

New Case = 979916330
numargs = 6
88.0397328134030204
{2, 2, 2, 3.58259154335899366, 2.82842712474618985, 2.82842712474618985}

New Case = 749968927
numargs = 6
81.3535268563515501
{2, 1.99999999999999978, 1.99999999999999978, 2, 2.82842712474618985, 2.82842712474618985}


 Exiting cfsqp numerical optimizer.





 Cfsqp numerical optimizer for Sphere Packings IV 

 The inequalities in the appendix are divided into 24 sections.
 Sections 1-24 are tested numerically here. 

 Select section number (1--24): 
 The inequalities are written in the form F>0.
 This program minimizes F subject to constraints.
 If the returned value is positive, the inequality passes the numerical check. 
 Each inequality is test with 80 random initial configurations. 

 Optimizing.... 




 Section A16:



 The next case is broken into 8 subcases. 
 +1: compression; 
 +2: vor-analytic eta-top-big; +3 vor-analytic eta-back-big 
 +4: vor0, x[0]>2.2, x[3]>2.6; +5 vor0, x[0]<2.2, x[3]>2.7 
 +6: compression-nu; +7: voronoi-nu; 
 +8: doesn't exist;  +9: vor0, eta-top-big.

New Case = 695180204
numargs = 6
7.131358481238248e-07
{2, 2, 2, 2.50999999999999979, 2, 2}

New Case = 695180205
numargs = 6
0.00241954545042898095
{2, 2, 2, 2.82842712474618985, 2, 2}

New Case = 695180206
numargs = 6
0.254780279831461287
{2.31403759584843449, 2.50999999999999979, 2.50999999999999979, 2.50999999999999979, 2, 2}

New Case = 695180207
numargs = 6
0.051512060000002427
{2.20000000000000018, 2, 2, 2.60000000000000009, 2, 2}

New Case = 695180208
numargs = 6
0.00198250345922935944
{2, 2, 2, 2.70000000000000018, 2, 2}

New Case = 695180209
numargs = 6
0.00120977272521455292
{2.82842712474618985, 2, 2, 2, 2, 2}

New Case = 695180210
numargs = 6
0.00120977272521455292
{2.82842712474618985, 2, 2, 2, 2, 2}

New Case = 695180212
numargs = 6
0.0581246572706598658
{2.20000000000000018, 2, 2, 2.82842712474618985, 2, 2}


 The next case is broken into 9 subcases. 
 +1: compression; 
 +2: vor-analytic eta-top-big; +3 vor-analytic eta-back-big 
 +4: vor0, x[0]>2.2, x[3]>2.6; +5 vor0, x[0]<2.2, x[3]>2.7 
 +6: compression-nu; +7: voronoi-nu; 
 +8: doesn't exist;  +9: vor0, eta-top-big.

New Case = 690626705
numargs = 6
2.22044604925031308e-16
{2, 2, 2, 2.82842712474618985, 2, 2}

New Case = 690626706
numargs = 6
-4.44089209850062616e-16
{2, 2, 2, 2.82842712474619029, 2, 2}

New Case = 690626707
numargs = 6
0.281089414413697947
{2.31403759584843449, 2.50999999999999979, 2.50999999999999979, 2.50999999999999979, 2, 2}

New Case = 690626708
numargs = 6
0.0583847247153520266
{2.20000000000000018, 2, 2, 2.60000000000000009, 2, 2}

New Case = 690626709
numargs = 6
7.84276569454275818e-05
{2, 2, 2, 2.70000000000000018, 2, 2}

New Case = 690626710
numargs = 6
-0
{2.82842712474618985, 2, 2, 2, 2, 2}

New Case = 690626711
numargs = 6
-0
{2.82842712474618985, 2, 2, 2, 2, 2}

New Case = 690626713
numargs = 6
0.0655566774068407909
{2.20000000000000018, 2, 2, 2.82842712474618985, 2, 2}

New Case = 807023313
numargs = 6
3.04781844126730816e-05
{2, 2, 2, 2.50999999999999979, 2.50999999999999979, 2}

New Case = 590577214
numargs = 6
0.000359327243841411903
{2, 2, 2, 2.50999999999999979, 2.50999999999999979, 2}


 The next two cases are broken into 2 subcases each. 
 +1: 2.77<x[3]<2sqrt2; +2: 2.51<x[3]<2.77; eta-top-big 

New Case = 949210509
numargs = 6
0.0206556183369155585
{2, 2, 2, 2.77000000000000002, 2.50999999999999979, 2}

New Case = 949210510
numargs = 6
0.0116878656238658882
{2, 2, 2, 2.50999999999999979, 2.69676534980151539, 2}

New Case = 671961775
numargs = 6
0.0284630855263658389
{2, 2, 2, 2.77000000000000002, 2.50999999999999979, 2}

New Case = 671961776
numargs = 6
0.0175240627346964217
{2, 2, 2, 2.69676534980151583, 2.50999999999999979, 2}


 Exiting cfsqp numerical optimizer.





 Cfsqp numerical optimizer for Sphere Packings IV 

 The inequalities in the appendix are divided into 24 sections.
 Sections 1-24 are tested numerically here. 

 Select section number (1--24): 
 The inequalities are written in the form F>0.
 This program minimizes F subject to constraints.
 If the returned value is positive, the inequality passes the numerical check. 
 Each inequality is test with 80 random initial configurations. 

 Optimizing.... 




 Section A17:



 The next case is broken into 6 subcases. 
 +1: (1,1,1);    +2 : (1,0,2);    +3:  (0,3,0); 
 +4: (0,2,1);    +5 : (0,1,2);    +6:  (0,0,3); 

New Case = 645264497
numargs = 6
0.0112305647762942218
{2, 2, 2, 2, 2.50999999999999979, 2.82842712474618985}

New Case = 645264498
numargs = 6
0.0308901598349301532
{2.50999999999999979, 2, 2, 2, 2.82842712474618985, 2.82842712474618985}

New Case = 645264499
numargs = 6
0.0233620656368750124
{2, 2, 2, 2.50999999999999979, 2.50999999999999979, 2.50999999999999979}

New Case = 645264500
numargs = 6
0.0485377190251232438
{2.50999999999999979, 2, 2, 2.50999999999999979, 2.50999999999999979, 2.82842712474618985}

New Case = 645264501
numargs = 6
0.101611498475839584
{2.50999999999999979, 2, 2, 2.50999999999999979, 2.82842712474618985, 2.82842712474618985}

New Case = 645264502
numargs = 6
0.185426619640624596
{2.50999999999999979, 2.50999999999999979, 2, 2.82842712474618985, 2.82842712474618985, 2.82842712474618985}

New Case = 910154674
numargs = 6
0.0244506954850925717
{2, 2, 2, 2, 2.60000000000000009, 2.82842712474618985}

New Case = 877743345
numargs = 6
0.025808919749195719
{2.50999999999999979, 2, 2, 2, 2.50999999999999979, 3.20000000000000018}


 Exiting cfsqp numerical optimizer.





 Cfsqp numerical optimizer for Sphere Packings IV 

 The inequalities in the appendix are divided into 24 sections.
 Sections 1-24 are tested numerically here. 

 Select section number (1--24): 
 The inequalities are written in the form F>0.
 This program minimizes F subject to constraints.
 If the returned value is positive, the inequality passes the numerical check. 
 Each inequality is test with 80 random initial configurations. 

 Optimizing.... 




 Section A18:



 The next case is broken into 6 subcases. 

New Case = 612259048
numargs = 6
0.0246846077262999411
{2, 2, 2, 2, 2.50999999999999979, 2.82842712474618985}

New Case = 612259049
numargs = 6
0.0866269520413613381
{2, 2, 2, 2, 2.82842712474618985, 2.82842712474618985}

New Case = 612259050
numargs = 6
0.0174467203005058136
{2, 2, 2, 2.50999999999999979, 2.50999999999999979, 2.50999999999999979}

New Case = 612259051
numargs = 6
0.0802177810109183653
{2, 2, 2, 2.50999999999999979, 2.50999999999999979, 2.82842712474618985}

New Case = 612259052
numargs = 6
0.160689452328515003
{2.50999999999999979, 2, 2, 2.50999999999999979, 2.82842712474618985, 2.82842712474618985}

New Case = 612259053
numargs = 6
0.245513624056298341
{2, 2.50999999999999979, 2, 2.82842712474618985, 2.82842712474618985, 2.82842712474618985}


 Exiting cfsqp numerical optimizer.





 Cfsqp numerical optimizer for Sphere Packings IV 

 The inequalities in the appendix are divided into 24 sections.
 Sections 1-24 are tested numerically here. 

 Select section number (1--24): 
 The inequalities are written in the form F>0.
 This program minimizes F subject to constraints.
 If the returned value is positive, the inequality passes the numerical check. 
 Each inequality is test with 80 random initial configurations. 

 Optimizing.... 




 Section A19:



 The next case is broken into 4 subcases. 
 +1: (0.235);  +2: (0.075); 
 +3: (0.3109); +4: (0.137); 

New Case = 357477296
numargs = 9
0.000353525709428398338
{2, 2, 2, 3.14631186595501111, 2.50999999999999979, 2, 2, 2, 2}
cd = 2.82842712474619029

New Case = 357477297
numargs = 9
0.00051468987567168667
{2, 2, 2, 2.82842712474618985, 2.50999999999999979, 2, 2, 2, 2}
cd = 3.14631186595501156

New Case = 357477298
numargs = 9
1.18888705669673023e-05
{2, 2, 2, 2.82842712474618985, 2.82842712474618985, 2, 2, 2, 2}
cd = 3.30136024777156889

New Case = 357477299
numargs = 9
0.000457034190732952261
{2, 2, 2, 2.82842712474618985, 2.82842712474618985, 2, 2, 2, 2}
cd = 3.30136024777156889


 Exiting cfsqp numerical optimizer.





 Cfsqp numerical optimizer for Sphere Packings IV 

 The inequalities in the appendix are divided into 24 sections.
 Sections 1-24 are tested numerically here. 

 Select section number (1--24): 
 The inequalities are written in the form F>0.
 This program minimizes F subject to constraints.
 If the returned value is positive, the inequality passes the numerical check. 
 Each inequality is test with 80 random initial configurations. 

 Optimizing.... 




 Section A20:



 The next two cases are broken into 4 subcases each. 
 +2: (3,0,1);  +3: (2,2,0);  
 +4: (2,1,1);  +5: (2,0,2);  

New Case = 193776343
numargs = 9
0.0580337008573996865
{2, 2, 2, 2.82842712474618985, 2, 2, 2, 2, 2.82842712474618985}
cd = 3.30136024777156933

New Case = 193776344
numargs = 9
0.0659578631602900922
{2, 2, 2, 2.82842712474618985, 2, 2, 2, 2.50999999999999979, 2.50999999999999979}
cd = 3.41986840266907066

New Case = 193776345
numargs = 9
0.132497265736773895
{2, 2, 2, 2.82842712474618985, 2, 2, 2, 2.50999999999999979, 2.82842712474618985}
cd = 3.56057904118855273

New Case = 193776346
numargs = 9
0.202587039539003366
{2, 2, 2, 2.82842712474618985, 2, 2, 2.50999999999999979, 2.82842712474618985, 2.82842712474618985}
cd = 3.83619905042444209

New Case = 898647775
numargs = 9
0.0468685555372337082
{2, 2, 2, 2.82842712474618985, 2, 2, 2, 2, 2.82842712474618985}
cd = 3.30136024777156933

New Case = 898647776
numargs = 9
0.0492109392607400498
{2, 2, 2, 2.82842712474618985, 2, 2, 2, 2.50999999999999979, 2.50999999999999979}
cd = 3.41986840266907066

New Case = 898647777
numargs = 9
0.120144600059484102
{2, 2, 2, 2.82842712474618985, 2, 2, 2.50999999999999979, 2.50999999999999979, 2.82842712474618985}
cd = 3.66814010369323906

New Case = 898647778
numargs = 9
0.187763534571196822
{2, 2, 2, 2.82842712474618985, 2, 2, 2.50999999999999979, 2.82842712474618985, 2.82842712474618985}
cd = 3.83619905042444209


 The next two cases are broken into 2 subcases each. 
 +1: b3=2.51;   +2: b3= 2sqrt2 

New Case = 844634711
numargs = 9
0.0810639324034405639
{2, 2, 2, 2.82842712474618985, 2, 2, 2, 2.50999999999999979, 2.82842712474618985}
cd = 3.56057904118855273

New Case = 844634712
numargs = 9
0.165487039539003344
{2, 2, 2, 2.82842712474618985, 2, 2, 2.50999999999999979, 2.82842712474618985, 2.82842712474618985}
cd = 3.83619905042444209

New Case = 328845177
numargs = 9
0.0423612667261507453
{2, 2, 2, 2.82842712474618985, 2, 2, 2.50999999999999979, 2.50999999999999979, 2.82842712474618985}
cd = 3.66814010369323906

New Case = 328845178
numargs = 9
0.121913534571196788
{2, 2, 2, 2.82842712474618985, 2, 2, 2.50999999999999979, 2.82842712474618985, 2.82842712474618985}
cd = 3.83619905042444209

New Case = 233273785
numargs = 9
0.0263170341907330088
{2, 2, 2, 2.82842712474618985, 2, 2, 2, 2, 2.82842712474618985}
cd = 3.30136024777156933

New Case = 966955550
numargs = 9
0.0317818888705670502
{2, 2, 2, 2.82842712474618985, 2, 2, 2, 2, 2.82842712474618985}
cd = 3.30136024777156933


 Exiting cfsqp numerical optimizer.





 Cfsqp numerical optimizer for Sphere Packings IV 

 The inequalities in the appendix are divided into 24 sections.
 Sections 1-24 are tested numerically here. 

 Select section number (1--24): 
 The inequalities are written in the form F>0.
 This program minimizes F subject to constraints.
 If the returned value is positive, the inequality passes the numerical check. 
 Each inequality is test with 80 random initial configurations. 

 Optimizing.... 




 Section A21:


New Case = 275286804
numargs = 6
0.0634404496734379958
{2.82842712474618985, 2.82842712474618985, 2, 2, 2, 2}

New Case = 627654828
numargs = 6
0.0910748498037010634
{2.82842712474618985, 2.82842712474618985, 2, 2, 2, 2}

New Case = 995177961
numargs = 6
0.104781538287420928
{2, 2, 2, 2.82842712474618985, 2.82842712474618985, 2.82842712474618985}

New Case = 735892048
numargs = 6
0.0534995021315282093
{2, 2, 2, 2.82842712474618985, 2.82842712474618985, 2.82842712474618985}


 Exiting cfsqp numerical optimizer.





 Cfsqp numerical optimizer for Sphere Packings IV 

 The inequalities in the appendix are divided into 24 sections.
 Sections 1-24 are tested numerically here. 

 Select section number (1--24): 
 The inequalities are written in the form F>0.
 This program minimizes F subject to constraints.
 If the returned value is positive, the inequality passes the numerical check. 
 Each inequality is test with 80 random initial configurations. 

 Optimizing.... 




 Section A22:


New Case = 53502142
numargs = 9
0.0813043341793918684
{2.50999999999999979, 2.50999999999999979, 2.50999999999999979, 2.82842712474618985, 2.50999999999999979, 2.50999999999999979, 2, 2, 2}
cd = 3.29906100085972698

New Case = 134398524
numargs = 9
0.080410056686081588
{2.50999999999999979, 2.50999999999999979, 2.50999999999999979, 2.82842712474618985, 2.50999999999999979, 2.50999999999999979, 2, 2, 2}
cd = 3.29906100085972698

New Case = 371491817
numargs = 9
0.0770969595482730585
{2.50999999999999979, 2, 2.50999999999999979, 2.82842712474618985, 2.50999999999999979, 2.50999999999999979, 2, 2, 2}
cd = 3.42127059001987099

New Case = 832922998
numargs = 9
0.039427340522651462
{2.50999999999999979, 2.50999999999999979, 2, 2.82842712474618985, 2, 2.50999999999999979, 2, 2, 2}
cd = 3.1552637766255125

New Case = 724796759
numargs = 9
0.000229355768989483733
{2.82842712474618985, 2, 2, 2.82842712474618985, 2.27526532153676309, 2, 2, 2, 2}
cd = 2.7462249980429756

New Case = 431940343
numargs = 9
3.430998145557973e-05
{2.82842712474618985, 2, 2, 2.82842712474618985, 2, 2.24961768552460173, 2, 2, 2}
cd = 2.71021785286607519

New Case = 980721294
numargs = 6
0.649132225109568806
{2.50999999999999979, 2.50999999999999979, 2.50999999999999979, 2, 2.50999999999999979, 2.50999999999999979}

New Case = 989564937
numargs = 6
0.469311837559246714
{2.50999999999999979, 2.50999999999999979, 2, 2, 2.50999999999999979, 2}

New Case = 263355808
numargs = 6
0.213116016394858721
{2.50999999999999979, 2.50999999999999979, 2, 2, 2.50999999999999979, 2}

New Case = 445132132
numargs = 6
0.0828525241495611242
{2.50999999999999979, 2, 2, 2, 2.50999999999999979, 2}

New Case = 806767374
numargs = 6
0.00545498695552844304
{2.50999999999999979, 2, 2, 2, 2.50999999999999979, 2}

New Case = 511038592
numargs = 6
0.0061184039505407968
{2.59124297419495031, 2, 2, 2, 2.50999999999999979, 2}


 Exiting cfsqp numerical optimizer.





 Cfsqp numerical optimizer for Sphere Packings IV 

 The inequalities in the appendix are divided into 24 sections.
 Sections 1-24 are tested numerically here. 

 Select section number (1--24): 
 The inequalities are written in the form F>0.
 This program minimizes F subject to constraints.
 If the returned value is positive, the inequality passes the numerical check. 
 Each inequality is test with 80 random initial configurations. 

 Optimizing.... 




 Section A23:


New Case = 666753311
numargs = 6
0.0375094782376445002
{2.50999999999999979, 2, 2, 3, 2, 2}

New Case = 762922223
numargs = 6
0.0131482776554835284
{2.50999999999999979, 2.20000000000000018, 2, 3.20000000000000018, 2, 2}

New Case = 4591018
numargs = 9
0.0658064476587067598
{2.50999999999999979, 2.50999999999999979, 2.50999999999999979, 2.82842712474618985, 2.50999999999999979, 2.50999999999999979, 2, 2, 2}
cd = 3.29906100085972698

New Case = 193728878
numargs = 9
0.0601767452955867671
{2.50999999999999979, 2.50999999999999979, 2.50999999999999979, 2.82842712474618985, 2.50999999999999979, 2.50999999999999979, 2, 2, 2}
cd = 3.29906100085972698

New Case = 2724096
numargs = 9
0.0613745630113666368
{2.50999999999999979, 2.50999999999999979, 2.50999999999999979, 2.82842712474618985, 2.50999999999999979, 2.50999999999999979, 2, 2, 2}
cd = 3.29906100085972698

New Case = 213514168
numargs = 9
0.0383003332238082556
{2.50999999999999979, 2.50999999999999979, 2, 2.82842712474618985, 2, 2.50999999999999979, 2, 2, 2}
cd = 3.1552637766255125

New Case = 750768322
numargs = 9
0.0364874597712729759
{2.71035709252512236, 2.50999999999999979, 2, 2.82842712474618985, 2, 2.50999999999999979, 2, 2, 2}
cd = 3.16804069259843679

New Case = 371464244
numargs = 9
0.00313090020083792164
{2.82842712474618985, 2, 2, 2.82842712474618985, 2, 2.26748536089934438, 2, 2, 2}
cd = 2.73548183821656643

New Case = 657011065
numargs = 9
5.13340862605127235e-05
{2.82842712474618985, 2, 2, 2.82842712474618985, 2.24961768552460439, 2, 2, 2, 2}
cd = 2.71021785286607875

New Case = 953023504
numargs = 6
0.602164614213815841
{2.50999999999999979, 2.50999999999999979, 2, 2, 2.50999999999999979, 2}

New Case = 887276655
numargs = 6
0.508224709145418951
{2.50999999999999979, 2.50999999999999979, 2, 2, 2.50999999999999979, 2}

New Case = 246315515
numargs = 6
0.192219941614070161
{2.50999999999999979, 2.50999999999999979, 2, 2, 2.50999999999999979, 2}

New Case = 784421604
numargs = 6
0.0930617797943407987
{2.57358215554942227, 2, 2.50999999999999979, 2, 2.50999999999999979, 2}

New Case = 258632246
numargs = 6
0.0552216290923460071
{2.82842712474618985, 2, 2.50999999999999979, 2, 2.50999999999999979, 2}

New Case = 404164527
numargs = 6
0.000510292847685667184
{2.82842712474618985, 2, 2, 2, 2.50999999999999979, 2}

New Case = 163088471
numargs = 6
0.00269378186017012883
{2.82842712474618985, 2, 2.50999999999999979, 2, 2.50999999999999979, 2}


 Exiting cfsqp numerical optimizer.




 smallest case = -4.44089209850062616e-16

---------

Error: No feasible point is found for nonlinear inequality
constraints and linear equality constraints
Error: No feasible point is found for nonlinear inequality
constraints and linear equality constraints
Error: No feasible point is found for nonlinear inequality
constraints and linear equality constraints
Error: No feasible point is found for nonlinear inequality
constraints and linear equality constraints
Error: No feasible point is found for nonlinear inequality
constraints and linear equality constraints
Error: No feasible point is found for nonlinear inequality
constraints and linear equality constraints
Error: No feasible point is found for nonlinear inequality
constraints and linear equality constraints
