------ Section VI.A.2.5 of Kepler. --------

New Case = 269048407
numargs = 6
0.000945872969036299499
{2.69600000000000017,2,2,2,2,2}

New Case = 269048408
numargs = 6
0.00050884786878113708
{2.82842712474618985,2.50999999999999979,2,2,2,2.50999999999999979}

New Case = 553285469
numargs = 6
0.00878777506282773721
{2.60000000000000009,2,2,2.10000000000000009,2,2}

New Case = 553285470
numargs = 6
0.0267687669568427017
{2.69600000000000017,2.28245799231852864,2,2.10000000000000009,2,2.28245813603435943}

New Case = 293389419
numargs = 6
0.000873951708703565866
{2.31505038365142735,2.08336836283100713,2.08336838832014903,2.81816532910389217,2,2}

New Case = 293389420
numargs = 6
0.0357765845172942631
{2,2,2,2.82842712474619029,2,2}

New Case = 695069283
numargs = 6
0.00796122359933437718
{2.16999999999999993,2.10295147455824827,2.10295143459631984,2.81261214601124454,2,2}

New Case = 695069284
numargs = 6
0.02981002671689921
{2,2.50999999999999979,2.50999999999999979,2.82842712474618985,2,2}

New Case = 814398901
numargs = 6
0.00297001952436692918
{2,2.50999999999999979,2.50999999999999979,2.82842712474618985,2.50999999999999979,2.50999999999999979}

New Case = 352079526
numargs = 6
0.0269250063111733384
{2,2.50999999999999979,2,2.50999999999999979,2.28737849666005788,2}

New Case = 352079527
numargs = 6
0.0477393773648604747
{2,2.50999999999999979,2.50999999999999979,2.50999999999999979,2.21543215825125372,2}

New Case = 352079528
numargs = 6
0.109644033041611799
{2.20000000000000018,2.50999999999999979,2.50999999999999979,2.60000000000000009,2,2.46987332405383153}

New Case = 352079529
numargs = 6
0.0657646793532612461
{2,2.50999999999999979,2.50999999999999979,2.70000000000000018,2.06476521474106045,2.50999999999999979}

New Case = 352079530
numargs = 6
0.035759313364957801
{2,2,2.50999999999999979,2.5792442002522411,2.50999999999999979,2.21907017310388177}

New Case = 179025673
numargs = 6
0.0135383133649631324
{2,2.50999999999999979,2,2.57924420025224288,2.21907017310390486,2.50999999999999979}


------ Section VI.A.2.7 of Kepler. ----- 

New Case = 551665569
numargs = 16
0.105599888953257254
{2,2.50999999999999979,2,2,2,2,2,2,2.05325662687659305,2.82842712474618985,2,2.50999999999999979,2,2,2.50999999999999979,2.82842712474618985}

New Case = 824762926
numargs = 16
0.00540143860643554213
{2,2.40605212853845218,2,2,2,2,2,2,2,2,2,2.50999999999999979,2.82842712474618985,2.50999999999999979,2.50999999999999979,2.82842712474618985}

New Case = 675785884
numargs = 16
0.106283164762149801
{2,2,2,2,2,2.50999999999999979,2,2.30937277152053522,2,2.50999999999999979,2,2,2,2.50999999999999979,2,2.82842712474618985}

New Case = 675785885
numargs = 16
0.126579077315730537
{2,2.50999999999999979,2,2,2,2,2,2.50999999999999979,2,2.69111838818480553,2,2.01306290993324222,2,2,2.50999999999999979,2.82842712474618985}

New Case = 675785886
numargs = 16
0.311740033389265037
{2.20000000000000018,2.50999999999999979,2,2,2,2.09590001747918953,2,2.50999999999999979,2,2.60000000000000009,2,2,2,2.50999999999999979,2.50999999999999979,2.82842712474618985}

New Case = 675785887
numargs = 16
0.0968968065652375254
{2,2.50999999999999979,2,2,2,2,2,2,2,2.70000000000000018,2,2.50999999999999979,2,2,2.44707002071700241,2.82842712474618985}

New Case = 675785888
numargs = 16
0.14476518020410381
{2,2.50999999999999979,2,2,2,2,2,2,2.05216345091561125,2.82743897915255049,2,2.50999999999999979,2,2,2.50999999999999979,2.82842712474618985}

New Case = 193592217
numargs = 16
0.113621134284409259
{2,2,2.2427310804706253,2,2,2.50999999999999979,2,2,2,2,2,2,2.50999999999999979,2.50999999999999979,2,2.82842712474618985}

New Case = 193592218
numargs = 16
0.118285787221508162
{2,2,2,2,2,2.46310522197991144,2,2,2,2,2,2.50999999999999979,2.50999999999999979,2.50999999999999979,2,2.82842712474618985}

New Case = 193592219
numargs = 16
0.272658687595444427
{2.20000000000000018,2.50999999999999979,2,2,2,2,2,2.50999999999999979,2,2,2,2,2.60000000000000009,2.50999999999999979,2.48055749875904752,2.82842712474618985}

New Case = 193592220
numargs = 16
0.0869880545423822454
{2,2,2,2,2,2.50999999999999979,2,2.50999999999999979,2,2,2,2,2.70000000000000018,2.50999999999999979,2.03687253225441189,2.82842712474618985}

New Case = 193592221
numargs = 16
0.121983285380733358
{2,2.50999999999999979,2,2,2,2,2,2,2,2,2.14844286567256004,2,2.62286580814668024,2.50999999999999979,2.50999999999999979,2.82842712474618985}


------ Section VI.A.2.8 of Kepler ----------

New Case = 325738864
numargs = 16
0.00159773352028221016
{2,2.4488169557349373,2,2,2,2,2,2,2,2,2,2,2,2.50999999999999979,2,2.82842712474618985}

New Case = 314974315
numargs = 16
0.00137080950493502496
{2,2,2,2,2,2,2,2.47051459358886083,2,2,2,2,2,2,2,2.50999999999999979}

New Case = 314974316
numargs = 16
0.0436628346229458453
{2,2.11539531881559384,2,2,2,2,2,2,2,2,2,2,2,2.50999999999999979,2,2.64127235096004709}

New Case = 314974317
numargs = 16
0.234412957971993574
{2.20000000000000018,2.50999999999999979,2,2,2,2,2,2.45990013570752941,2,2,2,2,2,2,2,2.60000000000000009}

New Case = 314974318
numargs = 16
0.0107223903045904397
{2,2,2,2,2,2.12344780085912221,2,2,2,2,2,2,2,2.50999999999999979,2,2.70000000000000018}

New Case = 314974319
numargs = 16
0.0642064919249948768
{2,2.50999999999999979,2,2,2,2,2,2,2,2,2,2.36298473011925037,2,2,2.00000001977347708,2.82842712474618985}


------ Section VI.A.3.1 of Kepler ----------

New Case = 572068135
numargs = 6
0.000163129497641356647
{2.50999999999999979,2,2,2.50999999999999979,2,2}

New Case = 572068136
numargs = 6
0.000163129497640912557
{2.50999999999999979,2,2,2.50999999999999979,2,2}

New Case = 723700608
numargs = 6
8.78620673480656755e-05
{2.50999999999999979,2,2,2,2,2.82842712474618985}

New Case = 560470084
numargs = 6
0.0275350068456657882
{2.29999999999999982,2,2,2,2,2.50999999999999979}

New Case = 560470085
numargs = 6
0.011191258326317205
{2.50999999999999979,2,2,2.1031498237503703,2,2.50999999999999979}

New Case = 560470086
numargs = 6
0.0836150208618947621
{2.50999999999999979,2,2.20000000000000018,2.50999999999999979,2,2.60000000000000009}

New Case = 560470087
numargs = 6
0.0196073145095269352
{2.50999999999999979,2,2,2.15994297458434659,2,2.70000000000000018}

New Case = 560470088
numargs = 6
0.020453524406997603
{2.50999999999999979,2,2,2.50999999999999979,2,2.69676534980151494}

New Case = 535502975
numargs = 6
2.75263825273708296e-05
{2.50999999999999979,2,2,2,2.50999999999999979,2.50999999999999979}


------ Section VI.A.3.8 of Kepler ----------

New Case = 821707685
numargs = 6
0.00665231150591272247
{2.50999999999999979,2,2,2.50999999999999979,2,2.50999999999999979}

New Case = 115383627
numargs = 6
0.00315028504372416585
{2.50999999999999979,2,2,2.50999999999999979,2.50999999999999979,2.50999999999999979}

New Case = 576221766
numargs = 6
0.306652311505912767
{2.50999999999999979,2,2,2.50999999999999979,2,2.50999999999999979}

New Case = 122081309
numargs = 6
0.263150285043724175
{2.50999999999999979,2,2,2.50999999999999979,2.50999999999999979,2.50999999999999979}

New Case = 644534985
numargs = 6
7.29275050680711079e-05
{2,2,2,2.50999999999999979,2,2.50999999999999979}

New Case = 467530297
numargs = 6
0.0184130710690540988
{2.50999999999999979,2,2,2.50999999999999979,2.50999999999999979,2.50999999999999979}

New Case = 603910880
numargs = 6
0.00076574842938381682
{2.50999999999999979,2,2,2.82842712474618985,2,2.50999999999999979}

New Case = 135427691
numargs = 6
0.00081307106905409432
{2.50999999999999979,2,2,2.50999999999999979,2.50999999999999979,2.50999999999999979}

New Case = 60314528
numargs = 6
0.00690683012013870723
{2.50999999999999979,2,2,2,2.50999999999999979,2.50999999999999979}

New Case = 312132053
numargs = 6
4.71786816572117296e-06
{2,2,2,2,2.50999999999999979,2.50999999999999979}


------ Section VI.A.3.8 Case 2-b of Kepler --

New Case = 751442360
numargs = 6
0.00468986177205943378
{2.69600000000000017,2,2,2.50999999999999979,2,2}

New Case = 893059266
numargs = 6
7.29275050680711079e-05
{2,2,2,2.50999999999999979,2.50999999999999979,2}

New Case = 690646028
numargs = 6
0.00144863830080921296
{2.50999999999999979,2,2,2.50999999999999979,2.50999999999999979,2}


------ Section VI.A.3.9 of Kepler --

New Case = 161665083
numargs = 6
0.004970549642000055
{2.50999999999999979,2.08999999999999986,2.50999999999999979,3.20000000000000018,2.50999999999999979,2.50999999999999979}


------ Section VI.A.4.4 of Kepler --

New Case = 867513568
numargs = 6
0.000368438383901237634
{2,2,2.17005486904154488,2.50999999999999979,2,2}

New Case = 867513569
numargs = 6
0.000280425995585531496
{2,2.13671681790128165,2,2.50999999999999979,2,2.50999999999999979}

New Case = 867513570
numargs = 6
0.000166128853217983874
{2,2,2,2.50999999999999979,2,2}

New Case = 867513571
numargs = 6
0.000735211525467072136
{2.21167144399916715,2.50999999999999979,2,2.51000000000002688,2.50999999999999979,2}

New Case = 867513572
numargs = 6
3.43818470860957071e-05
{2,2,2,2.59658470698033783,2,2}

New Case = 867513573
numargs = 6
0.000191749457733259021
{2,2,2,2.50999999999999979,2.50999999999999979,2}

New Case = 867513637
numargs = 6
0.0281167808122402274
{2,2,2,2.50999999999999979,2,2.50999999999999979}

New Case = 867513638
numargs = 6
0.0280100000182497144
{2,2,2,2.82842712474618985,2,2.00000000026383207}

New Case = 867513639
numargs = 6
0.0153611787726015692
{2.50999999999999979,2,2,2.60000000000000009,2.50999999999999979,2}

New Case = 867513640
numargs = 6
0.0161804076273792674
{2,2,2,2.70000000000000018,2.05269981031768145,2.05269981765263321}

New Case = 867513641
numargs = 6
0.000786473347839544701
{2.50999999999999979,2,2,2.50999999999999979,2.50999999999999979,2.50999999999999979}

New Case = 867513647
numargs = 6
0.00609090009783652686
{2,2,2,2.50999999999999979,2,2}

New Case = 867513648
numargs = 6
0.015054386643663431
{2,2,2,2.82842712474618985,2,2.00000000029183056}

New Case = 867513649
numargs = 6
0.0187311787726015533
{2.50999999999999979,2,2,2.60000000000000009,2.50999999999999979,2}

New Case = 867513650
numargs = 6
0.0102993475328860828
{2,2.50999999999999979,2,2.70000000000000018,2,2}

New Case = 867513651
numargs = 6
0.00608954831220354098
{2,2,2,2.50999999999999979,2.3140375958584567,2.50999999999999979}

New Case = 867513657
numargs = 6
0.00907064991383310648
{2,2,2,2.82842712474618985,2,2}

New Case = 867513658
numargs = 6
0.00907064991383288444
{2,2,2,2.82842712474618985,2,2}

New Case = 867513659
numargs = 6
0.0742678176499638187
{2.20000000000000018,2,2,2.82842712474618985,2.05471170263031366,2.05471172275574876}

New Case = 867513660
numargs = 6
5.01596589486119626e-06
{2,2,2,2.82842712474618985,2.02475903612142938,2.02475904308232568}

New Case = 867513661
numargs = 6
5.01596589463915166e-06
{2,2,2,2.82842712474618985,2.02475907082728757,2.02475904276557106}

New Case = 867513667
numargs = 6
0.0116709000978365909
{2,2,2,2.50999999999999979,2,2}

New Case = 867513668
numargs = 6
0.0113999999999998894
{2,2,2,2.82842712474618985,2,2}

New Case = 867513669
numargs = 6
0.06348472471535202
{2.20000000000000018,2,2,2.60000000000000009,2,2}

New Case = 867513670
numargs = 6
7.84276569454275818e-05
{2,2,2,2.70000000000000018,2,2}

New Case = 867513671
numargs = 6
0.00242341548270502
{2,2,2,2.82842712474618985,2,2}

New Case = 867513677
numargs = 6
0.00942496819968362265
{2,2,2,2.50999999999999979,2,2}

New Case = 867513678
numargs = 6
0.0118438005142644798
{2,2,2,2.82842712474618985,2,2}

New Case = 867513679
numargs = 6
0.0546363150638379258
{2.20000000000000018,2,2,2.60000000000000009,2,2}

New Case = 867513680
numargs = 6
6.75852306485091869e-06
{2,2,2,2.70000000000000018,2,2}

New Case = 867513681
numargs = 6
0.00286721599787805037
{2,2,2,2.82842712474619029,2.00000000000461542,2}

New Case = 867513687
numargs = 6
0.0157842660276769076
{2,2,2,2.69676534980151406,2,2.50999999999999979}

New Case = 867513688
numargs = 6
0.00762580569989845802
{2,2.50999999999999979,2.50999999999999979,2.82842712474618985,2,2}

New Case = 867513689
numargs = 6
0.0632736964645749245
{2.20000000000000018,2,2,2.60000000000000009,2.21866954103391523,2.50999999999999979}

New Case = 867513690
numargs = 6
0.000578757447952216175
{2,2,2,2.70000000000000018,2.28174501321325218,2.28174510050291479}

New Case = 867513691
numargs = 6
0.000277850072404217663
{2,2,2,2.63604741759178829,2.33452408886494123,2.33452410837489133}

New Case = 867513697
numargs = 6
0.014972956319259767
{2,2,2,2.50999999999999979,2,2}

New Case = 867513698
numargs = 6
0.0264916129555046453
{2,2,2,2.82842712474618985,2,2}

New Case = 867513699
numargs = 6
0.101556079198735272
{2.20000000000000018,2,2,2.60000000000000009,2.16581466640321896,2.16581472705790201}

New Case = 867513700
numargs = 6
0.000840349053862127215
{2,2,2,2.70000000000000018,2.16963030838795534,2.16963027859216817}

New Case = 867513701
numargs = 6
2.26877056428848034e-05
{2,2,2,2.50999999999999979,2.50999999999999979,2.31403759584843494}


------ Section VI.A.4.4.2 of Kepler --

New Case = 867359387
numargs = 16
0.000204721218413986272
{2,2,2,2,2,2,2,2,2,2,2.47051459358886039,2,2,2,2,2.50999999999999979}

New Case = 867359388
numargs = 16
0.0487416287630057093
{2,2.11539531881559473,2,2,2,2,2,2,2,2,2,2,2,2.50999999999999979,2,2.64127235096004753}

New Case = 867359389
numargs = 16
0.270259488637348388
{2.20000000000000018,2,2.45990013567779231,2,2,2,2,2,2,2,2,2,2,2.50999999999999979,2,2.60000000000000009}

New Case = 867359390
numargs = 16
0.000116254675032879951
{2,2,2,2,2,2.12344780085912221,2,2,2,2,2,2,2,2.50999999999999979,2,2.70000000000000018}

New Case = 867359391
numargs = 16
0.0191887859719464399
{2,2,2,2,2,2.50999999999999979,2,2,2,2,2,2,2,2,2.11539531881560139,2.64127235096004842}


------ Section VI.A.4.5.1 of Kepler --

New Case = 498839272
numargs = 6
4.11848537049674945e-05
{2.82842712474618985,2,2.23054857775979221,2,2,2}

New Case = 498839273
numargs = 6
2.85918155082942604e-05
{2.82842712474618985,2,2,2,2,2}

New Case = 498839274
numargs = 6
3.25213456919826172e-06
{2.50999999999999979,2,2.50999999999999979,2,2.20953096461825993,2.50999999999999979}

New Case = 498839275
numargs = 6
2.03861333660793065e-05
{2.82842712474618985,2,2.24375130804436518,2,2,2}

New Case = 498839276
numargs = 6
8.92425089742965305e-05
{2.82842712474618985,2,2.50999999999999979,2,2,2}

New Case = 498839277
numargs = 6
2.47797115149883673e-05
{2.82842712474618985,2.00656242518204353,2.00656243023503711,2,2,2}

New Case = 498839278
numargs = 6
0.00521071912232806689
{2.82842712474618985,2,2,2.04943616320283928,2,2}

New Case = 498839279
numargs = 6
1.56427633746236694e-05
{2.82842712474618985,2,2,2,2,2.50999999999999979}

New Case = 498839280
numargs = 6
0.00224414612932393939
{2.82842712474618985,2,2,2,2,2}

New Case = 498839281
numargs = 6
0.00224414612932366184
{2.82842712474618985,2,2,2,2,2}

New Case = 498839282
numargs = 6
0.00345928650463681736
{2.82842712474618985,2,2,2,2,2}

New Case = 498839283
numargs = 6
0.00345928650463653981
{2.82842712474618985,2,2,2,2,2}


------ Section VI.A.4.5.4 of Kepler --

New Case = 319046544
numargs = 6
8.90577177594664704e-05
{2.59760586383639502,2,2,2,2,2}

New Case = 319046545
numargs = 6
0.000362582719648618657
{2.50999999999999979,2,2,2,2,2}

New Case = 319046546
numargs = 6
0.000692051550502892354
{2.69600000000000017,2,2,2,2,2}

New Case = 319046547
numargs = 6
2.8442499620529027e-05
{2.59187106816597046,2,2,2,2,2}

New Case = 319046548
numargs = 6
0.00189908947944594786
{2.50999999999999979,2,2,2,2,2}

New Case = 319046549
numargs = 6
2.6544666519870419e-05
{2.50999999999999979,2,2,2.06478097374611735,2,2}

New Case = 319046550
numargs = 6
2.46531836344265898e-05
{2.50999999999999979,2,2,2,2.09605951090296028,2}

New Case = 319046551
numargs = 6
0.000239912840763412127
{2.69600000000000017,2.50999999999999979,2,2,2,2.50999999999999979}

New Case = 319046552
numargs = 6
0.000386914867615009705
{2.69600000000000017,2,2,2,2,2}

New Case = 319046553
numargs = 6
0.0590924952326417341
{2.69600000000000017,2.00179133576274859,2,2,2,2.50999999999999979}

New Case = 319046554
numargs = 6
8.79259658109060593e-05
{2.69600000000000017,2,2,2,2,2}

New Case = 319046555
numargs = 6
0.0667900181416214295
{2.69600000000000017,2.00179133576274815,2,2,2,2.50999999999999979}

New Case = 319046556
numargs = 6
5.78956706429392676e-05
{2.69600000000000017,2,2,2,2,2}

New Case = 319046557
numargs = 6
0.0518532853254343659
{2.69600000000000017,2.00179133576274948,2,2,2,2.50999999999999979}

New Case = 319046558
numargs = 6
2.35223225626413068e-05
{2.50999999999999979,2,2,2,2,2.09263123911226989}


------ Section VI.A.4.5.5 of Kepler --

New Case = 365179082
numargs = 6
0.00058543017787053564
{2.69600000000000017,2,2,2.50999999999999979,2,2}

New Case = 365179083
numargs = 6
0.021527022894941128
{2.69600000000000017,2.00179133576274815,2,2.50999999999999979,2,2.50999999999999979}

New Case = 365179084
numargs = 6
0.000584335760410475968
{2.69600000000000017,2.00179133576274859,2,2.77000000000000002,2,2.50999999999999979}

New Case = 368244553
numargs = 6
0.000304215418301917451
{2.69600000000000017,2,2,2,2,2.50999999999999979}

New Case = 820900672
numargs = 6
0.000608430836603696124
{2.69600000000000017,2,2,2.82884385088043411,2,2}

New Case = 961078136
numargs = 6
0.14534083688388244
{2.69600000000000017,2,2,2.82842712474618985,2,2.31775749776767093}

New Case = 424186518
numargs = 6
0.000228811600846583196
{2,2,2,2.82842712474618985,2.25177059535774138,2}

New Case = 424186519
numargs = 6
0.00084465009229058724
{2.69600000000000017,2,2,2.82842712474618985,2,2.0378788667599812}

New Case = 424186520
numargs = 6
0.000733940761949061771
{2.69600000000000017,2.50999999999999979,2,3.20000000000000018,2,2.00179133576274682}


------ Section VI.A.4.6.1.a of Kepler --

New Case = 725257062
numargs = 6
0.0704563297762897944
{2,2,2.50999999999999979,3.20000000000000018,2.82842712474618985,2}

New Case = 977272202
numargs = 6
0.0465030513314068639
{2,2,2.50999999999999979,3.20000000000000018,2.82842712474618985,2}


------ Section VI.A.4.6.1.b of Kepler --

New Case = 583626763
numargs = 6
0.168714827225743769
{2.24591166491600003,2,2,2,3.59999999999991838,3.60000000000000009}

New Case = 390951718
numargs = 6
0.211928471970529803
{2.24596554813862337,2.50999999999998158,2.00000000000012923,2,3.60000000000000009,3.26793625449342029}


------ Section VI.A.4.6.1.c of Kepler --

New Case = 621852153
numargs = 6
0.234108369252830961
{2,2,2,2.82842712474618985,2.82842712474618985,2.82842712474618985}

New Case = 207203175
numargs = 6
0.394294085326062749
{2,2.50999999999999979,2,2.82842712474618985,2.82842712474618985,2.82842712474618985}

New Case = 621852154
numargs = 6
0.332603224750960658
{2,2,2,2.82842712474618985,2.82842712474618985,2.82842712474618985}

New Case = 207203176
numargs = 6
0.465026775051257391
{2,2,2.50999999999999979,2.82842712474618985,2.82842712474618985,2.82842712474618985}

New Case = 621852155
numargs = 6
0.431098080249090354
{2,2,2,2.82842712474618985,2.82842712474618985,2.82842712474618985}

New Case = 207203177
numargs = 6
0.517205151781483963
{2,2.50999999999999979,2,2.82842712475282454,3.11446624640563474,2.82842712489708914}


------ Section VI.A.4.6.1.d of Kepler --

New Case = 368258025
numargs = 9
0.134231791359513436
{2,2,2,3.69551812449768224,2,2.82842712474618985,2,2,2.82842712474618985}
cd = 2.82842714524694605

New Case = 564618343
numargs = 9
0.2431417323069337
{2.50999999999999979,2.50999999999999979,2,3.71366402439840204,2,2.82842712474618985,2,2,2.82842712474618985}
cd = 2.82842712474618985

New Case = 368258026
numargs = 9
0.315913607429421317
{2,2,2,3.51444546526100865,2,2.82842712474618985,2.50999999999999979,2,2.82842712474618985}
cd = 2.82842713505919585

New Case = 564618344
numargs = 9
0.234301074656126707
{2,2,2,3.69551813004514651,2,2.82842712474618985,2,2,2.82842712474618985}
cd = 2.82842712474619162

New Case = 368258027
numargs = 9
0.331221495731795712
{2,2,2,3.69551813004514695,2,2.82842712474618985,2,2,2.82842712474618985}
cd = 2.82842712474619029

New Case = 564618345
numargs = 9
0.345535018497989399
{2.50999999999999979,2,2,3.51444546750396203,2,2.82842712474618985,2,2,2.82842712474618985}
cd = 2.82842712475073155


------ Section VI.A.4.6.1.e of Kepler --

New Case = 498774383
numargs = 9
0.187023711696752887
{2,2,2,3.20000000000000018,2,2.82842712474618985,2,2.82842712474618985,2}
cd = 3.63623737154523763

New Case = 544865226
numargs = 9
0.214755320105762704
{2,2.50999999999999979,2,3.20000000000000018,2,2.82842712474618985,2,2.82842712474618985,2}
cd = 3.47450562611790259

New Case = 498774384
numargs = 9
0.285518567194882666
{2,2,2,3.20000000000000018,2,2.82842712474618985,2,2.82842712474618985,2}
cd = 3.63623737154523763

New Case = 544865227
numargs = 9
0.285488009830958123
{2,2,2.50999999999999979,3.20000000000000018,2,2.82842712474618985,2,2.82842712474618985,2}
cd = 3.47450562611790303

New Case = 498774385
numargs = 9
0.384013422693012307
{2,2,2,3.20000000000000018,2,2.82842712474618985,2,2.82842712474618985,2}
cd = 3.63623737154523763

New Case = 544865228
numargs = 9
0.325712412604847068
{2,2.50999999998692269,2,3.20000000000000018,2,2.82842712474618985,2,3.11446624640563474,2.00000000000000178}
cd = 3.56581467532629093


------ Section VI.A.4.6.2.a of Kepler --

New Case = 234734606
numargs = 6
0.0359194523285144424
{2,2,2.50999999999999979,2.82842712474618985,2.82842712474618985,2.50999999999999979}

New Case = 791682321
numargs = 6
0.00981816514250571926
{2,2,2.50999999999999979,2.82842712474618985,2.82842712474618985,2.50999999999999979}


------ Section VI.A.4.6.2.b of Kepler --

New Case = 995351614
numargs = 9
0.0564793517278261784
{2,2.50999999999999979,2,3.6681401036932173,2,2.50999999999999979,2,2,2.82842712474618985}
cd = 2.82842712474622182

New Case = 321843503
numargs = 9
0.0283512670178988901
{2,2.50999999999999979,2,3.66814010291051318,2,2.50999999999999979,2,2,2.82842712474618985}
cd = 2.8284271259009901


------ Section VI.A.4.6.2.c of Kepler --

New Case = 818985272
numargs = 6
0.00155632977628977764
{2.50999999999999979,2,2,2,2.82842712474618985,3.20000000000000018}

New Case = 906443824
numargs = 6
0.000753051331406850988
{2.50999999999999979,2,2,2,2.82842712474618985,3.20000000000000018}

New Case = 547486831
numargs = 6
0.000192601012157053719
{2,2,2,2,2.50999999999999979,3.20000000000000018}

New Case = 683897354
numargs = 6
0.000890919749195723254
{2.50999999999999979,2,2,2,2.50999999999999979,3.20000000000000018}


------ Section VI.A.4.6.2.d of Kepler --

New Case = 109046923
numargs = 9
0.0515810413778284849
{2,2,2,3.20000000000000018,2.50999999999999979,2,2,2,2.82842712474618985}
cd = 3.43897457193779443

New Case = 642590101
numargs = 9
0.0239442082524830568
{2,2.50999999999999979,2,3.20000000000000018,2.50999999999999979,2,2,2,2.82842712474618985}
cd = 3.32174489414455287


------ Section VI.A.4.6.2.e of Kepler --

New Case = 160800042
numargs = 6
0.0363673478861455957
{2,2,2.82842712474618985,2.82842712474618985,2,2}

New Case = 690272881
numargs = 6
0.0441772219523794973
{2,2,2.82842712474618985,2.82842712474618985,2,2}


------ Section VI.A.4.6.2.f of Kepler --

New Case = 713930036
numargs = 6
0.185911919135176157
{2,2,2.50999999999999979,2.50999999999999979,3.20000000000000018,3.35555690794888672}

New Case = 724922588
numargs = 6
0.159090597773207443
{2,2,2.50999999999999979,2.50999999999999979,3.20000000000000018,3.35555690794888672}


------ Section VI.A.4.6.2.g of Kepler --

New Case = 821730622
numargs = 9
0.0887044568605334371
{2,2,2,3.20000000000000018,2,2.50999999999999979,2,2,2.82842712474618985}
cd = 3.30576308043010503

New Case = 821730623
numargs = 9
0.185906477897453765
{2,2,2,3.20000000000000018,2,2.50999999999999979,2,2,3.11446624639014091}
cd = 3.41103229989445378

New Case = 890642962
numargs = 9
0.096534521835468623
{2,2.50999999999999979,2,3.20000000000000018,2,2.50999999999999979,2,2,2.82842712474618985}
cd = 3.23073706430791896

New Case = 890642963
numargs = 9
0.156343726499678315
{2,2.00000016188492324,2,3.20000000000000018,2,2.50999999999999979,2,2,3.11446635036240105}
cd = 3.41103231134668228


------ Section VI.A.4.6.3 of Kepler --

New Case = 341667126
numargs = 6
0.0174477810109184006
{2,2,2,2.82842712474618985,2.50999999999999979,2.50999999999999979}

New Case = 535906363
numargs = 6
0.0195610523584561768
{2,2,2.50999999999999979,2.82842712474618985,2.50999999999999979,2.50999999999999979}

New Case = 302085207
numargs = 9
0.0174711964936234421
{2,2,2,2.82842712474618985,2,2,2,2.50999999999999979,2.50999999999999979}
cd = 3.41986840266907066

New Case = 411491283
numargs = 9
0.0202342725940733992
{2,2,2,2.82842712474618985,2,2,2,2.50999999999999979,2.50999999999999979}
cd = 3.41986840266907066


------ Section VI.A.4.6.8 of Kepler --

New Case = 516537931
numargs = 6
0.000433618708028021826
{2,2,2,2,2.82842712474618985,2.82842712474618985}

New Case = 130008810
numargs = 6
0.000911888870567020837
{2,2,2,2,2.82842712474618985,2.82842712474618985}

New Case = 130008811
numargs = 6
0.000911888870567020837
{2,2,2,2,2.82842712474618985,2.82842712474618985}


------ Section VI.A.4.6.10 of Kepler --

New Case = 286122364
numargs = 6
6.05647762942362888e-05
{2,2,2,2,2.50999999999999979,2.82842712474618985}

New Case = 531861442
numargs = 6
0.000491274392966603579
{2,2,2,2,2.50999999999999979,2.82842712474618985}

New Case = 131574415
numargs = 6
0.00102914090030998065
{2,2,2,2.82842712474618985,2.01141795643468368,2.01141797080964935}

New Case = 929773933
numargs = 6
0.000491274392966756235
{2,2,2,2.82842712474618985,2.50999999999999979,2}

New Case = 223261160
numargs = 6
5.84026311698220696e-05
{2,2,2,2.82842712474618985,2.00391788342400412,2.00391792134820657}

New Case = 135018647
numargs = 6
1.90919693835445159e-05
{2,2,2.50999999999999979,2.82842712474618985,2.50999999999999979,2}

New Case = 559676877
numargs = 9
0.000268848968803775401
{2,2,2,2.82842712474618985,2.13894041911239174,2.13894039591799734,2,2.50999999999999979,2.12903427712505877}
cd = 3.37106929232803765


------ Section VI.A.4.7.2 of Kepler --

New Case = 587781327
numargs = 6
0.00048044967343804923
{2.82842712474618985,2.82842712474618985,2,2,2,2}

New Case = 807067544
numargs = 6
0.000954849803701141031
{2.82842712474618985,2.82842712474618985,2,2,2,2}


------ Section VI.A.4.8 of Kepler --

New Case = 853728974
numargs = 6
9.31698798611879653e-05
{2,2.50999999999999979,2.50999999999999979,2.50999999999999979,2.50999999999999979,2.50999999999999979}

New Case = 853728975
numargs = 6
0.00297001952436692918
{2,2.50999999999999979,2.50999999999999979,2.82842712474618985,2.50999999999999979,2.50999999999999979}

New Case = 853728976
numargs = 6
0.000574277393925348711
{2,2,2.50999999999999979,2,2,2.82842712474618985}

New Case = 853728977
numargs = 6
0.000651552309247627193
{2,2,2.50999999999999979,2.50999999999999979,2,2.82842712474618985}

New Case = 853728978
numargs = 6
0.000651552309247627193
{2,2,2.50999999999999979,2.50999999999999979,2,2.82842712474618985}

New Case = 853728979
numargs = 6
8.33499749861577044e-05
{2,2.50999999999999979,2.50999999999999979,2.82842712474618985,2.50999999999999979,2.82842712474618985}

New Case = 853728980
numargs = 6
0.000371469316759132084
{2,2,2.50999999999999979,2,2.50999999999999979,2.82842712474618985}

New Case = 853728981
numargs = 6
0.00889290393293329373
{2,2.50999999999999979,2.50999999999999979,2.50999999999999979,2.82842712474618985,2.82842712474618985}

New Case = 853728982
numargs = 6
0.00889290393293329373
{2,2.50999999999999979,2.50999999999999979,2.50999999999999979,2.82842712474618985,2.82842712474618985}

New Case = 853728983
numargs = 6
0.00457633680639335516
{2,2.50999999999999979,2.50999999999999979,2.82842712474618985,2.82842712474618985,2.82842712474618985}

New Case = 853728984
numargs = 6
0.00227497618648442312
{2.50999999999999979,2,2,2.82842712474618985,2,2}

New Case = 853728985
numargs = 6
0.000652311505912939182
{2.50999999999999979,2,2,2.50999999999999979,2,2.50999999999999979}

New Case = 853728986
numargs = 6
0.000563722288078549738
{2.50999999999999979,2,2,2.82842712474618985,2,2.50999999999999979}

New Case = 853728987
numargs = 6
0.000150285043724052159
{2.50999999999999979,2,2,2.50999999999999979,2.50999999999999979,2.50999999999999979}

New Case = 853728988
numargs = 6
0.000390236887695349921
{2.50999999999999979,2,2,2.82842712474618985,2.50999999999999979,2.50999999999999979}

New Case = 853728989
numargs = 6
0.000574277393925348711
{2,2,2.82842712474618985,2,2,2.50999999999999979}

New Case = 853728990
numargs = 6
0.000651552309247627193
{2,2,2.82842712474618985,2.50999999999999979,2,2.50999999999999979}

New Case = 853728991
numargs = 6
0.000759428596510902665
{2,2,2.82842712474618985,2.50999999999999979,2,2.82842712474618985}

New Case = 853728992
numargs = 6
0.000652311505912939182
{2.50999999999999979,2,2.50999999999999979,2.50999999999999979,2,2}

New Case = 853728993
numargs = 6
1.71095225116602023e-05
{2.50999999999999979,2,2.50999999999999979,2.50999999999999979,2,2.50999999999999979}


------ Section VI.A.4.9.1 of Kepler --

New Case = 529738376
numargs = 6
0.00149698663221542461
{2.00000000000000133,2.02176065366988666,2,2.82842712474618985,2.02176065595366961,2}

New Case = 529738377
numargs = 6
6.97062797357927977e-05
{2,2,2,2.67414571452704664,2,2.50999999999999979}

New Case = 529738378
numargs = 6
0.00247630234753648537
{2.09537176233090561,2,2,2.50999999999999979,2,2.50999999999999979}

New Case = 529738379
numargs = 6
7.52265516781314147e-05
{2,2,2,2.82842712474618985,2,2.50999999999999979}

New Case = 529738380
numargs = 6
0.000891832526161095984
{2.11523354139430575,2.50999999999999979,2,2.82842712474618985,2.50999999999999979,2.50999999999999979}

New Case = 529738381
numargs = 6
3.7390595631014989e-05
{2.22597844749710339,2,2,2.50999999999999979,2.50999999999999979,2.50999999999999979}

New Case = 529738382
numargs = 6
7.04781844127477797e-05
{2,2,2,2,2.50999999999999979,2.50999999999999979}

New Case = 529738383
numargs = 6
0.00457561833691566555
{2,2,2,2,2.77000000000000002,2.50999999999999979}

New Case = 529738384
numargs = 6
0.000148413936172042682
{2,2,2,2,2.69676534980151583,2.50999999999999979}

New Case = 529738385
numargs = 6
0.000924970052351037353
{2,2,2,2.15238178305630967,2.50999999999999979,2.50999999999999979}

New Case = 529738386
numargs = 6
0.000637417280351604276
{2,2,2,2.50999999999999979,2.50999999999999979,2.50999999999999979}

New Case = 529738387
numargs = 6
0.000637417280351382232
{2,2,2,2.50999999999999979,2.50999999999999979,2.50999999999999979}

New Case = 529738388
numargs = 6
0.000635050275499704497
{2,2,2.50999999999999979,2.82842712474618985,2.50999999999999979,2.82842712474618985}

New Case = 529738389
numargs = 6
0.0199075584428421992
{2,2,2,2.07964344302306303,2.50999999999999979,2.50999999999999979}

New Case = 529738390
numargs = 6
0.000374179400379662241
{2,2,2,2.31403759584843582,2.50999999999999979,2.50999999999999979}

New Case = 529738391
numargs = 6
0.00381785693400724102
{2,2,2,2.26670120940380793,2.77000000000000002,2.50999999999999979}

New Case = 529738392
numargs = 6
0.0106767203005058153
{2,2,2,2.50999999999999979,2.50999999999999979,2.50999999999999979}


------ Section VI.A.4.9.2 of Kepler --

New Case = 456320258
numargs = 6
2.86116859671281532e-06
{2.50999999999999979,2,2.07102641750567473,2.50999999999999979,2,2.07102643829874422}

New Case = 456320259
numargs = 6
2.86116859626872611e-06
{2.50999999999999979,2,2.07102641457440262,2.50999999999999979,2,2.0710264296207761}

New Case = 456320260
numargs = 6
0.000392815602641150008
{2.57001231089826909,2,2.50999999999999979,2.82842712474618985,2,2.50999999999999979}


------ Section VI.A.4.9.3 of Kepler --

New Case = 664959246
numargs = 6
0.00355637587787072107
{2,2.50999999999999979,2.50999999999999979,2.50999999999999979,2.50999999999999979,2}

New Case = 664959247
numargs = 6
7.56819120972807013e-06
{2,2,2.50999999999999979,2.3293086708270847,2,2.50999999999999979}

New Case = 664959248
numargs = 6
0.000939389486514397021
{2,2,2.50999999999999979,2.50999999999999979,2,2.50999999999999979}


------ Section VI.A.4.10 of Kepler --

New Case = 615073260
numargs = 16
0.00435831249102136553
{2,2.42435831249102485,2,2,2,2,2,2,2,2,2,2,2,2,2,2.50999999999999979}

New Case = 844430737
numargs = 16
0.00692457174256233543
{2,2.25692457174256811,2,2,2,2,2,2,2,2,2,2,2,2,2.50999999999999979,2.82842712474618985}

New Case = 704795926
numargs = 6
0.0672842086684593554
{2.82842712474618985,2.45000000000000018,2,2,2,2.45000000000000018}

New Case = 704795927
numargs = 6
0.00100642798412686058
{2.82842712474618985,2.50999999999999979,2,2,2,2.50999999999999979}

New Case = 704795928
numargs = 6
0.0673101248305858491
{2.82842712474618985,2.45000000000000018,2,2,2,2.45000000000000018}

New Case = 704795929
numargs = 6
0.000839430311020530895
{2.82842712474618985,2.50999999999999979,2,2,2,2.50999999999999979}

New Case = 332919647
numargs = 6
0.0245336084209091601
{2,2.45000000000000018,2,2.50999999999999979,2,2}

New Case = 332919648
numargs = 6
0.0158530931622079888
{2,2.50999999999999979,2,2.82842712474618985,2,2}

New Case = 332919649
numargs = 6
0.071881194941420784
{2.20000000000000018,2.50999999999999979,2,2.60000000000000009,2,2}

New Case = 332919650
numargs = 6
0.000325855229748359121
{2,2.50999999999999979,2,2.82842712474618985,2,2}

New Case = 332919651
numargs = 6
0.000325855229748359121
{2,2.50999999999999979,2,2.82842712474618985,2,2}

New Case = 332919652
numargs = 6
0.0231443974513043105
{2,2.45000000000000018,2,2.50999999999999979,2,2}

New Case = 332919653
numargs = 6
0.0164177886873256157
{2,2.50999999999999979,2,2.82842712474618985,2,2}

New Case = 332919654
numargs = 6
0.0660846282462144441
{2.20000000000000018,2.50999999999999979,2,2.60000000000000009,2,2}

New Case = 332919655
numargs = 6
0.000702301283982922908
{2,2.50999999999999979,2,2.70000000000000018,2,2}

New Case = 332919656
numargs = 6
0.000890550754865992999
{2,2.50999999999999979,2,2.82842712474618985,2,2}

New Case = 335795138
numargs = 6
0.000138031499353152842
{2.82842712474618985,2.45000000000000018,2,2.50999999999999979,2,2.45000000000000018}

New Case = 335795139
numargs = 6
0.000988202522112208159
{2.82842712474618985,2.45000000000000018,2,2.50999999999999979,2,2.45000000000000018}

New Case = 967376139
numargs = 6
0.00703624708246333719
{2.82842712474618985,2.45000000000000018,2,3.20000000000000018,2,2.45000000000000018}

New Case = 666869244
numargs = 6
0.114495897268667823
{2.82842712474618985,2.45000000000000018,2,3.20000000000000018,2,2.45000000000000018}

New Case = 268066802
numargs = 6
0.0116288109732059775
{2.82842712474618985,2.50999999999999979,2,3.20000000000000018,2,2.45000000000000018}

New Case = 508108214
numargs = 6
0.0916499517286974708
{2.82842712474618985,2.45000000000000018,2,3.20000000000000018,2,2.45000000000000018}

New Case = 322505397
numargs = 6
0.000786863318552571966
{2.82842712474618985,2.50999999999999979,2,2,2.50999999999999979,2.45000000000000018}

New Case = 736616321
numargs = 6
0.0221839044792984906
{2.82842712474618985,2,2,2,2,2.50999999999999979}

New Case = 689417023
numargs = 6
0.00065049881780071539
{2.82842712474618985,2.50999999999999979,2,2,2.50999999999999979,2.45000000000000018}

New Case = 748466752
numargs = 6
0.000492303250152106853
{2.82842712474618985,2,2,2,2,2.50999999999999979}

New Case = 369386368
numargs = 6
0.000542706266655118563
{2.82842712474618985,2.45000000000000018,2,3.20000000000000018,2,2.45000000000000018}

New Case = 369386369
numargs = 6
0.000236593837336041002
{2.82842712474618985,2.45000000000000018,2,3.20000000000000018,2,2.45000000000000018}

New Case = 724943460
numargs = 6
0.000416176959230948884
{2.50999999999999979,2,2,2,2.50999999999999979,2.82842712474618985}

New Case = 724943461
numargs = 6
0.000153926940871407236
{2.50999999999999979,2,2,2,2.50999999999999979,2.82842712474618985}

New Case = 724943462
numargs = 6
0.0234073091081645063
{2.50999999999999979,2,2,2.50999999999999979,2,2.82842712474618985}

New Case = 724943463
numargs = 6
0.0216767237308614913
{2.50999999999999979,2,2,2.50999999999999979,2,2.82842712474618985}

New Case = 605071819
numargs = 6
0.000645941266692567906
{2.50999999999999979,2,2,2,2.50999999999999979,2.50999999999999979}

New Case = 605071820
numargs = 6
0.000544789045144267181
{2.50999999999999979,2,2,2,2.50999999999999979,2.50999999999999979}

New Case = 642806939
numargs = 6
0.0263406982999322692
{2.50999999999999979,2,2,2.50999999999999979,2,2.50999999999999979}

New Case = 642806940
numargs = 6
0.0233027321182874281
{2.50999999999999979,2,2,2.50999999999999979,2,2.50999999999999979}

New Case = 836331202
numargs = 9
0.000420456685648579187
{2,2.50999999999999979,2,3.14631186595501156,2,2.50999999999999979,2,2,2}
cd = 2.82842712474618985

New Case = 836331203
numargs = 9
4.44776957373438364e-05
{2,2.50999999999999979,2,2.82842712474618985,2,2.50999999999999979,2,2,2}
cd = 3.04202830984031625

New Case = 327474206
numargs = 9
0.0600357777540214133
{2,2.50999999999999979,2,3.35901561431299944,2,2.82842712474618985,2,2,2}
cd = 2.82842712474621161

New Case = 327474207
numargs = 9
0.0643240439231295147
{2,2.50999999999999979,2,2.82842712474618985,2,2.82842712474618985,2,2,2}
cd = 3.19704736168920434

New Case = 104506452
numargs = 6
0.000758833543623591011
{2.69600000000000017,2,2.50999999999999979,2,2.50999999999999979,2}

New Case = 601083647
numargs = 6
0.0286372613727978731
{2,2,2.38499998977546834,2.97136273862720213,2,2.38500001022453212}

New Case = 543730647
numargs = 6
7.09000978366125523e-05
{2,2,2,2.50999999999999979,2,2}

New Case = 163030624
numargs = 6
0.00479645201282768996
{2,2.121,2,2.50999999999999979,2.2200000000000002,2}

New Case = 181462710
numargs = 6
2.22044604925031308e-16
{2,2,2,2.82842712474618985,2,2}

New Case = 480930831
numargs = 6
0.000795618336915562829
{2,2,2,2.50999999999999979,2.77000000000000002,2}

New Case = 463544803
numargs = 6
0.00836565971247131557
{2,2,2,2.77000000000000002,2,2}

New Case = 594246986
numargs = 6
0.00400000000000000355
{2,2,2,2.82842712474618985,2,2}

New Case = 381970727
numargs = 6
0.00127090009783659141
{2,2,2,2.50999999999999979,2,2}

New Case = 951798877
numargs = 6
2.59571593099749975e-05
{2,2,2,2.50999999999999979,2.29999999999999982,2}

New Case = 923397705
numargs = 6
0.000270900097836590525
{2,2,2,2.50999999999999979,2,2}

New Case = 495568072
numargs = 6
3.75958484344351973e-05
{2,2,2,2.50999999999999979,2.50999999999999979,2.31403759584843405}

New Case = 378020227
numargs = 6
6.26737101006025199e-05
{2,2,2,2.0007051444863313,2.50999999999999979,2.51746443868484304}

New Case = 256893386
numargs = 6
0.00070512985135073869
{2,2,2,2.03063990573244268,2.50999999999999979,2.77000000000000002}

New Case = 749955642
numargs = 6
0.000765349801514325634
{2,2,2,2,2.69676534980151494,2.50999999999999979}

New Case = 653849975
numargs = 6
9.78130667350640692e-06
{2,2,2,2.31403759585144853,2.50999999999999979,2.50999999999999979}

 smallest case = 2.22044604925031308e-16

---------

