Maximize Asymmetric Back 4.x 0(gamma)
y0=[2,2.51], y1=[2,2.255], y2=[2,2.255], y3=[2.51,2.66921], 
y4=[2,2.51], y5=[2,2.51], 
-0.0002709,   x = {2,2,2,2.51,2,2}

Maximize Asymmetric Back 4.x 0(vor)
y0=[2,2.51], y1=[2,2.255], y2=[2,2.255], y3=[2.51,2.66921], 
y4=[2,2.51], y5=[2,2.51], 
-0.104849,   x = {2,2,2,2.67297,2.04754,2.51353}

Maximize Asymmetric Back 4.x 0(gamma)
y0=[2,2.51], y1=[2,2.255], y2=[2,2.255], y3=[2.66921,2.82843], 
y4=[2,2.51], y5=[2,2.51], 
-2.22045e-16,   x = {2,2,2,2.82843,2,2}

Maximize Asymmetric Back 4.x 0(vor)
y0=[2,2.51], y1=[2,2.255], y2=[2,2.255], y3=[2.66921,2.82843], 
y4=[2,2.51], y5=[2,2.51], 
0,   x = {2,2,2,2.82843,2,2}

Maximize Asymmetric Back 4.x 0(gamma)
y0=[2,2.51], y1=[2,2.255], y2=[2.255,2.51], y3=[2.51,2.66921], 
y4=[2,2.51], y5=[2,2.51], 
-0.0423379,   x = {2,2,2.255,2.51,2,2}

Maximize Asymmetric Back 4.x 0(vor)
y0=[2,2.51], y1=[2,2.255], y2=[2.255,2.51], y3=[2.51,2.66921], 
y4=[2,2.51], y5=[2,2.51], 
-0.160219,   x = {2,2,2.255,2.67535,2.51577,2.0391}

Maximize Asymmetric Back 4.x 0(gamma)
y0=[2,2.51], y1=[2,2.255], y2=[2.255,2.51], y3=[2.66921,2.82843], 
y4=[2,2.51], y5=[2,2.51], 
-0.0445212,   x = {2,2,2.255,2.82843,2,2}

Maximize Asymmetric Back 4.x 0(vor)
y0=[2,2.51], y1=[2,2.255], y2=[2.255,2.51], y3=[2.66921,2.82843], 
y4=[2,2.51], y5=[2,2.51], 
-0.0453641,   x = {2,2,2.255,2.82843,2,2}

Maximize Asymmetric Back 4.x 0(gamma)
y0=[2,2.51], y1=[2.255,2.51], y2=[2,2.255], y3=[2.51,2.66921], 
y4=[2,2.51], y5=[2,2.51], 
-0.0423379,   x = {2,2.255,2,2.51,2,2}

Maximize Asymmetric Back 4.x 0(vor)
y0=[2,2.51], y1=[2.255,2.51], y2=[2,2.255], y3=[2.51,2.66921], 
y4=[2,2.51], y5=[2,2.51], 
-0.117252,   x = {2,2.51041,2.12813,2.634,2.15061,2}

Maximize Asymmetric Back 4.x 0(gamma)
y0=[2,2.51], y1=[2.255,2.51], y2=[2,2.255], y3=[2.66921,2.82843], 
y4=[2,2.51], y5=[2,2.51], 
-0.0445212,   x = {2,2.255,2,2.82843,2,2}

Maximize Asymmetric Back 4.x 0(vor)
y0=[2,2.51], y1=[2.255,2.51], y2=[2,2.255], y3=[2.66921,2.82843], 
y4=[2,2.51], y5=[2,2.51], 
-0.0453641,   x = {2,2.255,2,2.82843,2,2}

Maximize Asymmetric Back 4.x 0(gamma)
y0=[2,2.51], y1=[2.255,2.51], y2=[2.255,2.51], y3=[2.51,2.66921], 
y4=[2,2.51], y5=[2,2.51], 
-0.0832758,   x = {2,2.255,2.255,2.51,2,2}

Maximize Asymmetric Back 4.x 0(vor)
y0=[2,2.51], y1=[2.255,2.51], y2=[2.255,2.51], y3=[2.51,2.66921], 
y4=[2,2.51], y5=[2,2.51], 
-0.101557,   x = {2,2.255,2.51,2.66921,2,2}

Maximize Asymmetric Back 4.x 0(gamma)
y0=[2,2.51], y1=[2.255,2.51], y2=[2.255,2.51], y3=[2.66921,2.82843], 
y4=[2,2.51], y5=[2,2.51], 
-0.0854995,   x = {2,2.255,2.255,2.82843,2,2}

Maximize Asymmetric Back 4.x 0(vor)
y0=[2,2.51], y1=[2.255,2.51], y2=[2.255,2.51], y3=[2.66921,2.82843], 
y4=[2,2.51], y5=[2,2.51], 
-0.0829249,   x = {2,2.51,2.51,2.82843,2,2}

Maximize Asymmetric Back 4.x 1(gamma)
y0=[2,2.51], y1=[2,2.255], y2=[2,2.255], y3=[2.51,2.66921], 
y4=[2,2.51], y5=[2,2.51], 
-0.0658507,   x = {2,2,2,2.51,2,2}

Maximize Asymmetric Back 4.x 1(vor)
y0=[2,2.51], y1=[2,2.255], y2=[2,2.255], y3=[2.51,2.66921], 
y4=[2,2.51], y5=[2,2.51], 
-0.194113,   x = {2,2,2,2.6747,2.0414,2.51516}

Maximize Asymmetric Back 4.x 1(gamma)
y0=[2,2.51], y1=[2,2.255], y2=[2,2.255], y3=[2.66921,2.82843], 
y4=[2,2.51], y5=[2,2.51], 
-0.0682695,   x = {2,2,2,2.82843,2,2}

Maximize Asymmetric Back 4.x 1(vor)
y0=[2,2.51], y1=[2,2.255], y2=[2,2.255], y3=[2.66921,2.82843], 
y4=[2,2.51], y5=[2,2.51], 
-0.0682695,   x = {2,2,2,2.82843,2,2}

Maximize Asymmetric Back 4.x 1(gamma)
y0=[2,2.51], y1=[2,2.255], y2=[2.255,2.51], y3=[2.51,2.66921], 
y4=[2,2.51], y5=[2,2.51], 
-0.101124,   x = {2,2,2.255,2.51,2,2}

Maximize Asymmetric Back 4.x 1(vor)
y0=[2,2.51], y1=[2,2.255], y2=[2.255,2.51], y3=[2.51,2.66921], 
y4=[2,2.51], y5=[2,2.51], 
-0.220735,   x = {2.00069,2.1883,2.47151,2.62998,2.2254,2.05463}

Maximize Asymmetric Back 4.x 1(gamma)
y0=[2,2.51], y1=[2,2.255], y2=[2.255,2.51], y3=[2.66921,2.82843], 
y4=[2,2.51], y5=[2,2.51], 
-0.108086,   x = {2,2,2.255,2.66921,2,2}

Maximize Asymmetric Back 4.x 1(vor)
y0=[2,2.51], y1=[2,2.255], y2=[2.255,2.51], y3=[2.66921,2.82843], 
y4=[2,2.51], y5=[2,2.51], 
-0.107405,   x = {2,2,2.255,2.82843,2,2}

Maximize Asymmetric Back 4.x 1(gamma)
y0=[2,2.51], y1=[2.255,2.51], y2=[2,2.255], y3=[2.51,2.66921], 
y4=[2,2.51], y5=[2,2.51], 
-0.101124,   x = {2,2.255,2,2.51,2,2}

Maximize Asymmetric Back 4.x 1(vor)
y0=[2,2.51], y1=[2.255,2.51], y2=[2,2.255], y3=[2.51,2.66921], 
y4=[2,2.51], y5=[2,2.51], 
-0.23873,   x = {2,2.255,2,2.67699,2.03323,2.51731}

Maximize Asymmetric Back 4.x 1(gamma)
y0=[2,2.51], y1=[2.255,2.51], y2=[2,2.255], y3=[2.66921,2.82843], 
y4=[2,2.51], y5=[2,2.51], 
-0.106562,   x = {2,2.255,2,2.82843,2,2}

Maximize Asymmetric Back 4.x 1(vor)
y0=[2,2.51], y1=[2.255,2.51], y2=[2,2.255], y3=[2.66921,2.82843], 
y4=[2,2.51], y5=[2,2.51], 
-0.107405,   x = {2,2.255,2,2.82843,2,2}

Maximize Asymmetric Back 4.x 1(gamma)
y0=[2,2.51], y1=[2.255,2.51], y2=[2.255,2.51], y3=[2.51,2.66921], 
y4=[2,2.51], y5=[2,2.51], 
-0.136412,   x = {2,2.255,2.255,2.51,2,2}

Maximize Asymmetric Back 4.x 1(vor)
y0=[2,2.51], y1=[2.255,2.51], y2=[2.255,2.51], y3=[2.51,2.66921], 
y4=[2,2.51], y5=[2,2.51], 
-0.147587,   x = {2,2.51,2.51,2.66921,2,2}

Maximize Asymmetric Back 4.x 1(gamma)
y0=[2,2.51], y1=[2.255,2.51], y2=[2.255,2.51], y3=[2.66921,2.82843], 
y4=[2,2.51], y5=[2,2.51], 
-0.141829,   x = {2,2.255,2.255,2.82843,2,2}

Maximize Asymmetric Back 4.x 1(vor)
y0=[2,2.51], y1=[2.255,2.51], y2=[2.255,2.51], y3=[2.66921,2.82843], 
y4=[2,2.51], y5=[2,2.51], 
-0.128554,   x = {2,2.51,2.51,2.82843,2,2}

Maximize Asymmetric Back 4.x 2(gamma)
y0=[2,2.51], y1=[2,2.255], y2=[2,2.255], y3=[2.51,2.66921], 
y4=[2,2.51], y5=[2,2.51], 
-0.210126,   x = {2,2,2,2.51,2,2}

Maximize Asymmetric Back 4.x 2(vor)
y0=[2,2.51], y1=[2,2.255], y2=[2,2.255], y3=[2.51,2.66921], 
y4=[2,2.51], y5=[2,2.51], 
-0.389101,   x = {2,2,2,2.67872,2.51894,2.02701}

Maximize Asymmetric Back 4.x 2(gamma)
y0=[2,2.51], y1=[2,2.255], y2=[2,2.255], y3=[2.66921,2.82843], 
y4=[2,2.51], y5=[2,2.51], 
-0.210844,   x = {2.51,2,2,2.82843,2,2}

Maximize Asymmetric Back 4.x 2(vor)
y0=[2,2.51], y1=[2,2.255], y2=[2,2.255], y3=[2.66921,2.82843], 
y4=[2,2.51], y5=[2,2.51], 
-0.218463,   x = {2,2,2,2.82843,2,2}

Maximize Asymmetric Back 4.x 2(gamma)
y0=[2,2.51], y1=[2,2.255], y2=[2.255,2.51], y3=[2.51,2.66921], 
y4=[2,2.51], y5=[2,2.51], 
-0.230454,   x = {2,2,2.255,2.51,2,2}

Maximize Asymmetric Back 4.x 2(vor)
y0=[2,2.51], y1=[2,2.255], y2=[2.255,2.51], y3=[2.51,2.66921], 
y4=[2,2.51], y5=[2,2.51], 
-0.398462,   x = {2,2.21674,2.47055,2.61372,2.39579,2.02707}

Maximize Asymmetric Back 4.x 2(gamma)
y0=[2,2.51], y1=[2,2.255], y2=[2.255,2.51], y3=[2.66921,2.82843], 
y4=[2,2.51], y5=[2,2.51], 
-0.241866,   x = {2,2,2.255,2.66921,2,2}

Maximize Asymmetric Back 4.x 2(vor)
y0=[2,2.51], y1=[2,2.255], y2=[2.255,2.51], y3=[2.66921,2.82843], 
y4=[2,2.51], y5=[2,2.51], 
-0.231947,   x = {2,2,2.51,2.69676,2,2}

Maximize Asymmetric Back 4.x 2(gamma)
y0=[2,2.51], y1=[2.255,2.51], y2=[2,2.255], y3=[2.51,2.66921], 
y4=[2,2.51], y5=[2,2.51], 
-0.230454,   x = {2,2.255,2,2.51,2,2}

Maximize Asymmetric Back 4.x 2(vor)
y0=[2,2.51], y1=[2.255,2.51], y2=[2,2.255], y3=[2.51,2.66921], 
y4=[2,2.51], y5=[2,2.51], 
-0.404078,   x = {2,2.51,2,2.68043,2.02081,2.52054}

Maximize Asymmetric Back 4.x 2(gamma)
y0=[2,2.51], y1=[2.255,2.51], y2=[2,2.255], y3=[2.66921,2.82843], 
y4=[2,2.51], y5=[2,2.51], 
-0.241866,   x = {2,2.255,2,2.66921,2,2}

Maximize Asymmetric Back 4.x 2(vor)
y0=[2,2.51], y1=[2.255,2.51], y2=[2,2.255], y3=[2.66921,2.82843], 
y4=[2,2.51], y5=[2,2.51], 
-0.23266,   x = {2,2.51,2,2.82843,2,2}

Maximize Asymmetric Back 4.x 2(gamma)
y0=[2,2.51], y1=[2.255,2.51], y2=[2.255,2.51], y3=[2.51,2.66921], 
y4=[2,2.51], y5=[2,2.51], 
-0.253311,   x = {2,2.255,2.255,2.51,2,2}

Maximize Asymmetric Back 4.x 2(vor)
y0=[2,2.51], y1=[2.255,2.51], y2=[2.255,2.51], y3=[2.51,2.66921], 
y4=[2,2.51], y5=[2,2.51], 
-0.245354,   x = {2,2.51,2.51,2.66921,2,2}

Maximize Asymmetric Back 4.x 2(gamma)
y0=[2,2.51], y1=[2.255,2.51], y2=[2.255,2.51], y3=[2.66921,2.82843], 
y4=[2,2.51], y5=[2,2.51], 
-0.264538,   x = {2,2.255,2.255,2.66921,2,2}

Maximize Asymmetric Back 4.x 2(vor)
y0=[2,2.51], y1=[2.255,2.51], y2=[2.255,2.51], y3=[2.66921,2.82843], 
y4=[2,2.51], y5=[2,2.51], 
-0.228938,   x = {2,2.51,2.51,2.82843,2,2}

Maximize Asymmetric Back 4.x 3(gamma)
y0=[2,2.51], y1=[2,2.255], y2=[2,2.255], y3=[2.51,2.66921], 
y4=[2,2.51], y5=[2,2.51], 
0.291614,   x = {2,2,2,2.66921,2.06066,2.51}

Maximize Asymmetric Back 4.x 3(vor)
y0=[2,2.51], y1=[2,2.255], y2=[2,2.255], y3=[2.51,2.66921], 
y4=[2,2.51], y5=[2,2.51], 
0.281444,   x = {2,2,2,2.51,2.41649,2.41832}

Maximize Asymmetric Back 4.x 3(gamma)
y0=[2,2.51], y1=[2,2.255], y2=[2,2.255], y3=[2.66921,2.82843], 
y4=[2,2.51], y5=[2,2.51], 
0.293217,   x = {2,2,2,2.69709,1.99974,2.50968}

Maximize Asymmetric Back 4.x 3(vor)
y0=[2,2.51], y1=[2,2.255], y2=[2,2.255], y3=[2.66921,2.82843], 
y4=[2,2.51], y5=[2,2.51], 
0.285022,   x = {2,2,2,2.82843,2,2}

Maximize Asymmetric Back 4.x 3(gamma)
y0=[2,2.51], y1=[2,2.255], y2=[2.255,2.51], y3=[2.51,2.66921], 
y4=[2,2.51], y5=[2,2.51], 
0.206597,   x = {2,2,2.255,2.66921,2,2}

Maximize Asymmetric Back 4.x 3(vor)
y0=[2,2.51], y1=[2,2.255], y2=[2.255,2.51], y3=[2.51,2.66921], 
y4=[2,2.51], y5=[2,2.51], 
0.171395,   x = {2,2,2.255,2.67061,2.43363,2.16245}

Maximize Asymmetric Back 4.x 3(gamma)
y0=[2,2.51], y1=[2,2.255], y2=[2.255,2.51], y3=[2.66921,2.82843], 
y4=[2,2.51], y5=[2,2.51], 
0.214498,   x = {2,2,2.255,2.82843,2,2}

Maximize Asymmetric Back 4.x 3(vor)
y0=[2,2.51], y1=[2,2.255], y2=[2.255,2.51], y3=[2.66921,2.82843], 
y4=[2,2.51], y5=[2,2.51], 
0.213655,   x = {2,2,2.255,2.82843,2,2}

Maximize Asymmetric Back 4.x 3(gamma)
y0=[2,2.51], y1=[2.255,2.51], y2=[2,2.255], y3=[2.51,2.66921], 
y4=[2,2.51], y5=[2,2.51], 
0.206597,   x = {2,2.255,2,2.66921,2,2}

Maximize Asymmetric Back 4.x 3(vor)
y0=[2,2.51], y1=[2.255,2.51], y2=[2,2.255], y3=[2.51,2.66921], 
y4=[2,2.51], y5=[2,2.51], 
0.171387,   x = {2,2.255,2,2.67063,2.16719,2.42984}

Maximize Asymmetric Back 4.x 3(gamma)
y0=[2,2.51], y1=[2.255,2.51], y2=[2,2.255], y3=[2.66921,2.82843], 
y4=[2,2.51], y5=[2,2.51], 
0.214498,   x = {2,2.255,2,2.82843,2,2}

Maximize Asymmetric Back 4.x 3(vor)
y0=[2,2.51], y1=[2.255,2.51], y2=[2,2.255], y3=[2.66921,2.82843], 
y4=[2,2.51], y5=[2,2.51], 
0.213655,   x = {2,2.255,2,2.82843,2,2}

Maximize Asymmetric Back 4.x 3(gamma)
y0=[2,2.51], y1=[2.255,2.51], y2=[2.255,2.51], y3=[2.51,2.66921], 
y4=[2,2.51], y5=[2,2.51], 
0.141292,   x = {2,2.255,2.255,2.66921,2,2}

Maximize Asymmetric Back 4.x 3(vor)
y0=[2,2.51], y1=[2.255,2.51], y2=[2.255,2.51], y3=[2.51,2.66921], 
y4=[2,2.51], y5=[2,2.51], 
0.118706,   x = {2,2.26483,2.34801,2.66924,2,2}

Maximize Asymmetric Back 4.x 3(gamma)
y0=[2,2.51], y1=[2.255,2.51], y2=[2.255,2.51], y3=[2.66921,2.82843], 
y4=[2,2.51], y5=[2,2.51], 
0.149673,   x = {2,2.255,2.255,2.82843,2,2}

Maximize Asymmetric Back 4.x 3(vor)
y0=[2,2.51], y1=[2.255,2.51], y2=[2.255,2.51], y3=[2.66921,2.82843], 
y4=[2,2.51], y5=[2,2.51], 
0.147623,   x = {2,2.255,2.255,2.82843,2,2}

