orthogonal:hales% gradient
Maximize Function 4.1. = 50 (gamma)  (NUM_HITS= 10)
-0.0153129,   x = {2,2.25,2,2.51,2,2}
Maximize Function 4.1. = 51 (gamma)  (NUM_HITS= 10)
-8.26523e-05,   x = {2.25,2,2,2.51,2,2}
Maximize Function 4.1. = 52 (gamma)  (NUM_HITS= 10)
-0.0200887,   x = {2,2.35,2,2.51,2,2}
Maximize Function 4.1. = 53 (gamma)  (NUM_HITS= 10)
-7.69329e-05,   x = {2.35,2,2,2.51,2,2}
Maximize Function 4.1. = 54 (gamma)  (NUM_HITS= 10)
-0.0117924,   x = {2.15,2,2,2.51,2,2}
orthogonal:hales% !mak
make gradient
g++ gradient.cc ineq.o -lm -o gradient
orthogonal:hales% gradient
Maximize Function 4.1. = 50 (vor)  (NUM_HITS= 10)
-0.018447,   x = {2,2.25,2,2.82843,2,2}
Maximize Function 4.1. = 51 (vor)  (NUM_HITS= 10)
-0.0377811,   x = {2.25,2,2,2.82843,2,2}
Maximize Function 4.1. = 52 (vor)  (NUM_HITS= 10)
-0.0196009,   x = {2,2.35,2,2.82843,2,2}
Maximize Function 4.1. = 53 (vor)  (NUM_HITS= 10)
-0.0414686,   x = {2.35,2,2,2.82843,2,2}
Maximize Function 4.1. = 54 (vor)  (NUM_HITS= 10)
-0.0414917,   x = {2,2,2,2.82843,2,2}

