Maximize Function 4.1. = 1
-0.0570743,   x = {2.51,2,2,2.82843,2,2}
Maximize Function 4.1. = 2
-0.13148,   x = {2.51,2,2,2.82843,2,2}
Maximize Function 4.1. = 3
-0.0346747,   x = {2.51,2,2,2.82843,2,2}
Maximize Function 4.1. = 4
-0.0346154,   x = {2.51,2,2,2.82843,2,2}
Maximize Function 4.1. = 5
-0.0473078,   x = {2.51,2,2,2.82843,2,2}
Maximize Function 4.1. = 6
0.0197335,   x = {2,2,2,2.51,2,2}
Maximize Function 4.1. = 7
0.0219292,   x = {2,2,2,2.51,2.16369,2}
Maximize Function 4.1. = 8
0.0177255,   x = {2,2.51,2,2.51,2.51,2}
Maximize Function 4.1. = 9
-0.000152312,   x = {2,2.51,2,2.51,2.51,2}
Maximize Function 4.1. = 10
0.0118072,   x = {2,2,2,2.51,2.02256,2.0225}
Maximize Function 4.1. = 11
-0.11288,   x = {2.51,2,2,2.82843,2,2}
Maximize Function 4.1. = 12
-0.0350441,   x = {2.51,2,2,2.82843,2,2}
Maximize Function 4.1. = 13
-0.0346245,   x = {2.51,2,2,2.82843,2,2}
Maximize Function 4.1. = 14
0.0200037,   x = {2,2,2,2.51,2,2}
Maximize Function 4.1. = 15
0.0216741,   x = {2,2,2,2.51,2.15055,2}
Maximize Function 4.1. = 16
0.0176298,   x = {2,2.51,2,2.51,2.51,2}
Maximize Function 4.1. = 17
-0.0701057,   x = {2.51,2,2,2.82843,2,2}
Maximize Function 4.1. = 18
-0.0350683,   x = {2.51,2,2,2.82843,2,2}
Maximize Function 4.1. = 19
0.0161781,   x = {2,2,2,2.51,2,2}
Maximize Function 4.1. = 20
-0.000671049,   x = {2,2.51,2,2.51,2.09081,2}
Maximize Function 4.1. = 21
-0.19326,   x = {2.51,2,2,2.82843,2,2}
Maximize Function 4.1. = 22
-0.114193,   x = {2.51,2,2,2.82843,2,2}
Maximize Function 4.1. = 23
-0.0717823,   x = {2,2,2,2.82843,2,2}
Maximize Function 4.1. = 24
-0.00724667,   x = {2,2,2,2.51,2,2.22406}
Maximize Function 4.1. = 25
-0.336038,   x = {2,2,2,2.51,2.32384,2.13273}
Maximize Function 4.1. = 26
-1.67378,   x = {2,2,2,2.51,2.51,2}
Maximize Function 4.1. = 27
0.149955,   x = {2,2,2,2.51,2.15338,2.15327}

Maximize Function 4.1. = 1 (vor)  (NUM_HITS= 50)
-0.0570743,   x = {2.51,2,2,2.82843,2,2}
Maximize Function 4.1. = 2 (vor)  (NUM_HITS= 50)
-0.13148,   x = {2.51,2,2,2.82843,2,2}
Maximize Function 4.1. = 3 (vor)  (NUM_HITS= 50)
-0.0346747,   x = {2.51,2,2,2.82843,2,2}
Maximize Function 4.1. = 4 (vor)  (NUM_HITS= 50)
-0.0346154,   x = {2.51,2,2,2.82843,2,2}
Maximize Function 4.1. = 5 (vor)  (NUM_HITS= 50)
-0.0473078,   x = {2.51,2,2,2.82843,2,2}
Maximize Function 4.1. = 6 (vor)  (NUM_HITS= 50)
1.11022e-16,   x = {2,2,2,2.82843,2,2}
Maximize Function 4.1. = 7 (vor)  (NUM_HITS= 50)
-0.0249764,   x = {2,2,2,2.82843,2,2}
Maximize Function 4.1. = 8 (vor)  (NUM_HITS= 50)
-0.0614481,   x = {2,2.51003,2.00003,2.69673,2.51,2}
Maximize Function 4.1. = 9 (vor)  (NUM_HITS= 50)
-0.0730441,   x = {2,2.51,2,2.51001,2.51001,2.314}
Maximize Function 4.1. = 10 (vor)  (NUM_HITS= 50)
-7.85433e-06,   x = {2,2,2,2.82843,2,2}
Maximize Function 4.1. = 11 (vor)  (NUM_HITS= 50)
-0.11288,   x = {2.51,2,2,2.82843,2,2}
Maximize Function 4.1. = 12 (vor)  (NUM_HITS= 50)
-0.0350441,   x = {2.51,2,2,2.82843,2,2}
Maximize Function 4.1. = 13 (vor)  (NUM_HITS= 50)
-0.0346245,   x = {2.51,2,2,2.82843,2,2}
Maximize Function 4.1. = 14 (vor)  (NUM_HITS= 50)
-0.00241955,   x = {2,2,2,2.82843,2,2}
Maximize Function 4.1. = 15 (vor)  (NUM_HITS= 50)
-0.0335872,   x = {2,2,2,2.82843,2,2}
Maximize Function 4.1. = 16 (vor)  (NUM_HITS= 50)
-0.0568767,   x = {2,2.51001,2.00001,2.69675,2.51,2}
Maximize Function 4.1. = 17 (vor)  (NUM_HITS= 50)
-0.0701057,   x = {2.51,2,2,2.82843,2,2}
Maximize Function 4.1. = 18 (vor)  (NUM_HITS= 50)
-0.0350683,   x = {2.51,2,2,2.82843,2,2}
Maximize Function 4.1. = 19 (vor)  (NUM_HITS= 50)
-0.0121625,   x = {2,2,2,2.82843,2,2}
Maximize Function 4.1. = 20 (vor)  (NUM_HITS= 50)
-0.0471692,   x = {2,2.51001,2.00001,2.69675,2.16366,2}




Maximize Function 4.1. = 21 (vor)  (NUM_HITS= 10)
-0.19326,   x = {2.51,2,2,2.82843,2,2}
Maximize Function 4.1. = 22 (vor)  (NUM_HITS= 10)
-0.114193,   x = {2.51,2,2,2.82843,2,2}
Maximize Function 4.1. = 23 (vor)  (NUM_HITS= 10)
-0.0751415,   x = {2,2,2,2.82843,2,2}
Maximize Function 4.1. = 24 (vor)  (NUM_HITS= 10)
-0.0457445,   x = {2,2,2,2.82843,2,2}
Maximize Function 4.1. = 25 (vor)  (NUM_HITS= 10)
-0.0128677,   x = {2,2,2,2.82843,2,2}
Maximize Function 4.1. = 26 (vor)  (NUM_HITS= 10)
-0.0119954,   x = {2,2,2,2.51,2.4683,2.36343}
Maximize Function 4.1. = 27 (vor)  (NUM_HITS= 10)
-0.00698244,   x = {2,2,2,2.51205,2.51205,2.30891}
Maximize Function 4.1. = 28 (vor)  (NUM_HITS= 10)
-0.00688847,   x = {2,2,2,2.51095,2.51095,2.31167}
Maximize Function 4.1. = 29 (vor)  (NUM_HITS= 10)
-0.0249099,   x = {2,2,2,2.51001,2.51001,2.31402}
Maximize Function 4.1. = 30 (vor)  (NUM_HITS= 10)
3.33067e-16,   x = {2,2,2,2.82843,2,2}
