[0,0,0,2,-0.000241696,5.8409e-05] -M+max(bak-gamma,bak-vor) =-2.92045e-05
 D2=-0.250633
 D3=-0.0726906
 D4=-2.92045e-05
 D5=-0.000117455
 D6=-0.000512596
 D7=-0.0825706
 D8=-0.443866
[0,0,1,2,0,0] -M+max(bak-gamma,bak-vor) =1.11022e-16
 D2=-0.722075
 D3=-0.257494
 D4=-0.0709889
 D5=-0.0536974
 D6=0
 D7=-0.0499529
 D8=-0.306924
[0,1,1,2,0,0.0907282] -M+max(bak-gamma,bak-vor) =-0.0445212
 D2=-0.447074
 D3=-0.119729
 D4=-0.059046
 D5=-0.0536974
 D6=-0.0445212
 D7=-0.115715
 D8=-0.479552
[1,1,1,2,-0.0125709,0.140708] -M+max(bak-gamma,bak-vor) =-0.0729286
 D2=-0.319208
 D3=-0.174085
 D4=-0.0785943
 D5=-0.070354
 D6=-0.0954959
 D7=-0.183334
 D8=-0.63148
[2,2,0,4,-0.0274721,0.111607] -M+max(bak-gamma,bak-vor) =-0.0558037
 D2=-0.0838139
 D3=-0.077551
 D4=-0.0600525
 D5=-0.0558037
 D6=-0.110748
 D7=-0.235067
 D8=-0.777186
[2,2,1,4,-0.0161022,0.141467] -M+max(bak-gamma,bak-vor) =-0.0707335
 D2=-0.291735
 D3=-0.153293
 D4=-0.0824838
 D5=-0.0707335
 D6=-0.102938
 D7=-0.213861
 D8=-0.729894
[2,3,0,4,-0.0710241,0.0531489] -M+max(bak-gamma,bak-vor) =-0.0265744
 D2=-0.0265744
 D3=-0.066059
 D4=-0.0976419
 D5=-0.101367
 D6=-0.168623
 D7=-0.298558
 D8=-0.852444
[2,3,1,4,-0.0264866,0.149436] -M+max(bak-gamma,bak-vor) =-0.0747179
 D2=-0.195778
 D3=-0.099499
 D4=-0.079338
 D5=-0.0747179
 D6=-0.127691
 D7=-0.243724
 D8=-0.774058
[3,3,1,4,-0.0304048,0.145485] -M+max(bak-gamma,bak-vor) =-0.0777173
 D2=-0.12635
 D3=-0.11725
 D4=-0.0731477
 D5=-0.0727423
 D6=-0.133552
 D7=-0.260601
 D8=-0.80029
[6,6,0,8,-0.0709707,0.0810538] -M+max(bak-gamma,bak-vor) =-0.0405269
 D2=-0.0405269
 D3=-0.101056
 D4=-0.101118
 D5=-0.108782
 D6=-0.182468
 D7=-0.320237
 D8=-0.894119
[6,6,1,8,-0.034441,0.15642] -M+max(bak-gamma,bak-vor) =-0.0782102
 D2=-0.110213
 D3=-0.106517
 D4=-0.0782102
 D5=-0.079255
 D6=-0.147914
 D7=-0.277562
 D8=-0.840196
[6,7,0,8,-0.0941893,0.0378694] -M+max(bak-gamma,bak-vor) =-0.0225457
 D2=-0.0189347
 D3=-0.0972977
 D4=-0.118083
 D5=-0.124291
 D6=-0.210924
 D7=-0.346519
 D8=-0.924764
[6,7,1,8,-0.0411541,0.14158] -M+max(bak-gamma,bak-vor) =-0.0707899
 D2=-0.0707899
 D3=-0.0860511
 D4=-0.0781224
 D5=-0.0804957
 D6=-0.153098
 D7=-0.287447
 D8=-0.854557
[7,7,1,8,-0.0586654,0.100776] -M+max(bak-gamma,bak-vor) =-0.0503878
 D2=-0.0503878
 D3=-0.107561
 D4=-0.089226
 D5=-0.0926669
 D6=-0.167719
 D7=-0.30536
 D8=-0.878157
[14,14,0,16,-0.0933082,0.0431486] -M+max(bak-gamma,bak-vor) =-0.0215743
 D2=-0.0215743
 D3=-0.113337
 D4=-0.118091
 D5=-0.124221
 D6=-0.208191
 D7=-0.351389
 D8=-0.938721
[14,14,1,16,-0.066819,0.0948083] -M+max(bak-gamma,bak-vor) =-0.0474042
 D2=-0.0474042
 D3=-0.107527
 D4=-0.0981647
 D5=-0.102384
 D6=-0.181042
 D7=-0.321875
 D8=-0.903746
[14,15,0,16,-0.103175,0.0207768] -M+max(bak-gamma,bak-vor) =-0.0103884
 D2=-0.0103884
 D3=-0.110677
 D4=-0.124555
 D5=-0.131275
 D6=-0.216738
 D7=-0.361668
 D8=-0.950832
[14,15,1,16,-0.0767908,0.0719957] -M+max(bak-gamma,bak-vor) =-0.0359978
 D2=-0.0359978
 D3=-0.104729
 D4=-0.104594
 D5=-0.10941
 D6=-0.189579
 D7=-0.331766
 D8=-0.91589
[15,15,0,16,-0.111935,0.000319853] -M+max(bak-gamma,bak-vor) =-0.000159927
 D2=-0.000159927
 D3=-0.120751
 D4=-0.130013
 D5=-0.137256
 D6=-0.22403
 D7=-0.36934
 D8=-0.961435
[15,15,1,16,-0.0856577,0.0510835] -M+max(bak-gamma,bak-vor) =-0.0255417
 D2=-0.0255417
 D3=-0.114433
 D4=-0.110012
 D5=-0.115359
 D6=-0.196857
 D7=-0.339626
 D8=-0.926523
[0,2,0,4,-0.0219898,0.0406962] -M+max(bak-gamma,bak-vor) =-0.0203481
 D2=-0.218208
 D3=-0.0305858
 D4=-0.0203481
 D5=-0.0285948
 D6=-0.0643276
 D7=-0.177343
 D8=-0.658208
[0,2,1,4,-0.00577046,0.0799445] -M+max(bak-gamma,bak-vor) =-0.0399722
 D2=-0.437261
 D3=-0.106936
 D4=-0.0416027
 D5=-0.0399722
 D6=-0.0515132
 D7=-0.150327
 D8=-0.596094
[0,3,1,4,-0.0196886,0.0829712] -M+max(bak-gamma,bak-vor) =-0.0414856
 D2=-0.218132
 D3=-0.0464546
 D4=-0.0414856
 D5=-0.0471316
 D6=-0.0808629
 D7=-0.188987
 D8=-0.673591
[1,2,0,4,-0.0221756,0.0851403] -M+max(bak-gamma,bak-vor) =-0.0425701
 D2=-0.158089
 D3=-0.0546878
 D4=-0.046992
 D5=-0.0425701
 D6=-0.0869213
 D7=-0.205627
 D8=-0.71947
[1,2,1,4,-0.0104374,0.115594] -M+max(bak-gamma,bak-vor) =-0.0577969
 D2=-0.372772
 D3=-0.1325
 D4=-0.0702665
 D5=-0.0577969
 D6=-0.0786718
 D7=-0.183628
 D8=-0.665228
[1,3,0,4,-0.0546068,0.0496645] -M+max(bak-gamma,bak-vor) =-0.0248323
 D2=-0.03406
 D3=-0.0248323
 D4=-0.0701908
 D5=-0.0718626
 D6=-0.134046
 D7=-0.260029
 D8=-0.80532
[1,3,1,4,-0.0197456,0.126831] -M+max(bak-gamma,bak-vor) =-0.0634154
 D2=-0.241818
 D3=-0.0800676
 D4=-0.0699965
 D5=-0.0634154
 D6=-0.102907
 D7=-0.215423
 D8=-0.732996
[0,6,0,8,-0.042417,0.0298836] -M+max(bak-gamma,bak-vor) =-0.0149418
 D2=-0.11055
 D3=-0.0149418
 D4=-0.0343093
 D5=-0.0463007
 D6=-0.0997759
 D7=-0.225975
 D8=-0.75786
[0,6,1,8,-0.0242331,0.0705351] -M+max(bak-gamma,bak-vor) =-0.0352676
 D2=-0.224478
 D3=-0.043282
 D4=-0.0352676
 D5=-0.0420543
 D6=-0.0837338
 D7=-0.203607
 D8=-0.720395
[0,7,1,8,-0.0426946,0.0455441] -M+max(bak-gamma,bak-vor) =-0.0227721
 D2=-0.108265
 D3=-0.0227721
 D4=-0.0453758
 D5=-0.0565178
 D6=-0.108161
 D7=-0.232446
 D8=-0.766825
[1,6,0,8,-0.0401595,0.0574189] -M+max(bak-gamma,bak-vor) =-0.0287095
 D2=-0.123079
 D3=-0.0287095
 D4=-0.0484732
 D5=-0.0525585
 D6=-0.109028
 D7=-0.237125
 D8=-0.783808
[1,6,1,8,-0.0224627,0.0970556] -M+max(bak-gamma,bak-vor) =-0.0485278
 D2=-0.234518
 D3=-0.0566952
 D4=-0.04976
 D5=-0.0485278
 D6=-0.0934533
 D7=-0.215336
 D8=-0.74749
[1,7,0,8,-0.0610073,0.0272747] -M+max(bak-gamma,bak-vor) =-0.0136374
 D2=-0.0191664
 D3=-0.0136374
 D4=-0.0618238
 D5=-0.0700854
 D6=-0.135652
 D7=-0.267697
 D8=-0.829013
[1,7,1,8,-0.0391358,0.0754173] -M+max(bak-gamma,bak-vor) =-0.0377087
 D2=-0.1267
 D3=-0.0377087
 D4=-0.0591932
 D5=-0.0618678
 D6=-0.11598
 D7=-0.241866
 D8=-0.791045
[0,14,0,16,-0.0549595,0.0165291] -M+max(bak-gamma,bak-vor) =-0.00826456
 D2=-0.0564279
 D3=-0.00826456
 D4=-0.042811
 D5=-0.0570054
 D6=-0.118184
 D7=-0.250546
 D8=-0.806477
[0,14,1,16,-0.0438733,0.041061] -M+max(bak-gamma,bak-vor) =-0.0205305
 D2=-0.111423
 D3=-0.0205305
 D4=-0.0414067
 D5=-0.0529292
 D6=-0.108277
 D7=-0.237652
 D8=-0.786541
[0,15,1,16,-0.0551281,0.0236069] -M+max(bak-gamma,bak-vor) =-0.0118035
 D2=-0.0544028
 D3=-0.0118035
 D4=-0.04813
 D5=-0.0620184
 D6=-0.12206
 D7=-0.253605
 D8=-0.81094
[1,14,0,16,-0.0533386,0.0314229] -M+max(bak-gamma,bak-vor) =-0.0157115
 D2=-0.0652157
 D3=-0.0157115
 D4=-0.049829
 D5=-0.0599377
 D6=-0.122389
 D7=-0.255476
 D8=-0.818436
[1,14,1,16,-0.0423588,0.0557214] -M+max(bak-gamma,bak-vor) =-0.0278607
 D2=-0.11954
 D3=-0.0278607
 D4=-0.0484854
 D5=-0.0558966
 D6=-0.112578
 D7=-0.242708
 D8=-0.798753
[1,15,0,16,-0.0641856,0.014688] -M+max(bak-gamma,bak-vor) =-0.00734398
 D2=-0.0102816
 D3=-0.00734398
 D4=-0.0563594
 D5=-0.0687877
 D6=-0.135715
 D7=-0.270863
 D8=-0.840864
[1,15,1,16,-0.0531754,0.0390907] -M+max(bak-gamma,bak-vor) =-0.0195454
 D2=-0.0646886
 D3=-0.0195454
 D4=-0.0550581
 D5=-0.064718
 D6=-0.125896
 D7=-0.258097
 D8=-0.82212
[0,30,0,32,-0.0611743,0.00910569] -M+max(bak-gamma,bak-vor) =-0.00455284
 D2=-0.0286655
 D3=-0.00455284
 D4=-0.0467938
 D5=-0.0621773
 D6=-0.126901
 D7=-0.262257
 D8=-0.829906
[0,30,1,32,-0.0556314,0.0214251] -M+max(bak-gamma,bak-vor) =-0.0107125
 D2=-0.0561822
 D3=-0.0107125
 D4=-0.0461208
 D5=-0.0601505
 D6=-0.121975
 D7=-0.25588
 D8=-0.820123
[0,31,0,32,-0.0669034,-6.89474e-05] -M+max(bak-gamma,bak-vor) =3.44737e-05
 D2=3.44737e-05
 D3=-0.000136055
 D4=-0.0501459
 D5=-0.0667792
 D6=-0.133772
 D7=-0.270205
 D8=-0.841968
[0,31,1,32,-0.0612663,0.012451] -M+max(bak-gamma,bak-vor) =-0.00622551
 D2=-0.0274249
 D3=-0.00622551
 D4=-0.0493985
 D5=-0.0646596
 D6=-0.128758
 D7=-0.263742
 D8=-0.832132
[1,30,0,32,-0.0602375,0.016839] -M+max(bak-gamma,bak-vor) =-0.00841951
 D2=-0.0337058
 D3=-0.00841951
 D4=-0.050285
 D5=-0.0635912
 D6=-0.128895
 D7=-0.264559
 D8=-0.835634
[1,30,1,32,-0.0547218,0.0290977] -M+max(bak-gamma,bak-vor) =-0.0145488
 D2=-0.0610505
 D3=-0.0145488
 D4=-0.0496269
 D5=-0.0615733
 D6=-0.123992
 D7=-0.258212
 D8=-0.825913
[1,31,0,32,-0.0657701,0.00804535] -M+max(bak-gamma,bak-vor) =-0.00402268
 D2=-0.00547196
 D3=-0.00402268
 D4=-0.0535143
 D5=-0.06804
 D6=-0.135563
 D7=-0.27228
 D8=-0.846806
[1,31,1,32,-0.0602458,0.0203327] -M+max(bak-gamma,bak-vor) =-0.0101663
 D2=-0.0328426
 D3=-0.0101663
 D4=-0.0528668
 D5=-0.0660145
 D6=-0.130658
 D7=-0.265933
 D8=-0.837475
[0,62,0,64,-0.0642678,0.00520239] -M+max(bak-gamma,bak-vor) =-0.00260119
 D2=-0.014602
 D3=-0.00260119
 D4=-0.0487171
 D5=-0.0647178
 D6=-0.131137
 D7=-0.26797
 D8=-0.841407
[0,62,1,64,-0.0614961,0.0113759] -M+max(bak-gamma,bak-vor) =-0.00568795
 D2=-0.0283664
 D3=-0.00568795
 D4=-0.0483878
 D5=-0.0637071
 D6=-0.12868
 D7=-0.264798
 D8=-0.83656
[0,63,0,64,-0.067175,0.000474254] -M+max(bak-gamma,bak-vor) =-0.000237127
 D2=-0.000237127
 D3=-0.000407656
 D4=-0.0504175
 D5=-0.0670508
 D6=-0.134587
 D7=-0.271959
 D8=-0.847443
[0,63,1,64,-0.0643158,0.00682597] -M+max(bak-gamma,bak-vor) =-0.00341298
 D2=-0.0139237
 D3=-0.00341298
 D4=-0.0500056
 D5=-0.0659528
 D6=-0.132045
 D7=-0.268701
 D8=-0.842518
[1,62,0,64,-0.0637674,0.00914133] -M+max(bak-gamma,bak-vor) =-0.00457066
 D2=-0.0172859
 D3=-0.00457066
 D4=-0.050458
 D5=-0.0654113
 D6=-0.132105
 D7=-0.26908
 D8=-0.844209
[1,62,1,64,-0.0610025,0.0152994] -M+max(bak-gamma,bak-vor) =-0.00764968
 D2=-0.0310067
 D3=-0.00764968
 D4=-0.0501324
 D5=-0.0644027
 D6=-0.129655
 D7=-0.265915
 D8=-0.839377
[1,63,0,64,-0.0665614,0.00463657] -M+max(bak-gamma,bak-vor) =-0.00231829
 D2=-0.00297425
 D3=-0.00231829
 D4=-0.0520637
 D5=-0.0676419
 D6=-0.135441
 D7=-0.272948
 D8=-0.849783
[1,63,1,64,-0.0637943,0.0108021] -M+max(bak-gamma,bak-vor) =-0.00540104
 D2=-0.0167023
 D3=-0.00540104
 D4=-0.0517408
 D5=-0.0666314
 D6=-0.13299
 D7=-0.269783
 D8=-0.845127
[1,63,1,64,-0.0637943,0.0108021] -M+max(bak-gamma,bak-vor) =-0.00540104
 D2=-0.0167023
 D3=-0.00540104
 D4=-0.0517408
 D5=-0.0666314
 D6=-0.13299
 D7=-0.269783
 D8=-0.845127
