[0,0,0,2,-0.06585,0] -M+max(bak-gamma,bak-vor) =-7.13136e-07
 E1=-0.281313
 E2=-0.163009
 E3=-8.42164e-05
 E4=-7.13136e-07
 E5=-0.0948915
 E6=-0.292942
[0,0,1,2,-0.06585,0.00483909] -M+max(bak-gamma,bak-vor) =-0.00241955
 E1=-0.750124
 E2=-0.408463
 E3=-0.0491878
 E4=-0.00241955
 E5=-0.0313957
 E6=-0.177342
[0,1,1,2,-0.06585,0.0831108] -M+max(bak-gamma,bak-vor) =-0.0407125
 E1=-0.470807
 E2=-0.208984
 E3=-0.0457175
 E4=-0.0407125
 E5=-0.129529
 E6=-0.329301
[1,1,1,2,-0.0748393,0.107429] -M+max(bak-gamma,bak-vor) =-0.0537147
 E1=-0.334891
 E2=-0.244913
 E3=-0.0537147
 E4=-0.0716933
 E5=-0.191326
 E6=-0.461733
[0,2,0,4,-0.0807316,0.0407848] -M+max(bak-gamma,bak-vor) =-0.0203924
 E1=-0.229822
 E2=-0.081094
 E3=-0.0203924
 E4=-0.0501557
 E5=-0.191364
 E6=-0.472449
[0,2,1,4,-0.0708355,0.0695727] -M+max(bak-gamma,bak-vor) =-0.0347863
 E1=-0.466285
 E2=-0.201503
 E3=-0.0347863
 E4=-0.0447573
 E5=-0.168559
 E6=-0.425903
[0,3,1,4,-0.0802968,0.0747581] -M+max(bak-gamma,bak-vor) =-0.0373791
 E1=-0.224662
 E2=-0.0924328
 E3=-0.0373791
 E4=-0.0662726
 E5=-0.201614
 E6=-0.490081
[1,2,0,4,-0.083943,0.0735139] -M+max(bak-gamma,bak-vor) =-0.036757
 E1=-0.18274
 E2=-0.101552
 E3=-0.036757
 E4=-0.072943
 E5=-0.22118
 E6=-0.529835
[1,2,1,4,-0.0743782,0.101717] -M+max(bak-gamma,bak-vor) =-0.0508587
 E1=-0.398148
 E2=-0.217405
 E3=-0.0508587
 E4=-0.067915
 E5=-0.19934
 E6=-0.486619
[1,3,0,4,-0.107456,0.0496864] -M+max(bak-gamma,bak-vor) =-0.0248432
 E1=-0.0326324
 E2=-0.0248432
 E3=-0.056119
 E4=-0.108056
 E5=-0.265291
 E6=-0.589473
[1,3,1,4,-0.0820951,0.108051] -M+max(bak-gamma,bak-vor) =-0.0538941
 E1=-0.258257
 E2=-0.125254
 E3=-0.0540254
 E4=-0.0874474
 E5=-0.228249
 E6=-0.537967
[0,6,0,8,-0.0879647,0.0495986] -M+max(bak-gamma,bak-vor) =-0.0247993
 E1=-0.104543
 E2=-0.0305838
 E3=-0.0247993
 E4=-0.0690288
 E5=-0.226457
 E6=-0.5459
[0,6,1,8,-0.0831495,0.0646418] -M+max(bak-gamma,bak-vor) =-0.0323209
 E1=-0.230577
 E2=-0.091056
 E3=-0.0323209
 E4=-0.0669199
 E5=-0.216544
 E6=-0.526228
[0,7,1,8,-0.0873191,0.0648455] -M+max(bak-gamma,bak-vor) =-0.0324228
 E1=-0.100113
 E2=-0.033903
 E3=-0.0324228
 E4=-0.075361
 E5=-0.230463
 E6=-0.554122
[1,6,0,8,-0.0891566,0.0676884] -M+max(bak-gamma,bak-vor) =-0.0338442
 E1=-0.119153
 E2=-0.0461427
 E3=-0.0338442
 E4=-0.0804574
 E5=-0.240238
 E6=-0.569083
[1,6,1,8,-0.084447,0.0824441] -M+max(bak-gamma,bak-vor) =-0.041222
 E1=-0.242316
 E2=-0.105379
 E3=-0.041222
 E4=-0.0784161
 E5=-0.230536
 E6=-0.552172
[1,7,0,8,-0.113437,0.0274359] -M+max(bak-gamma,bak-vor) =-0.013718
 E1=-0.0186738
 E2=-0.013718
 E3=-0.0546456
 E4=-0.108892
 E5=-0.273574
 E6=-0.60728
[1,7,1,8,-0.0883006,0.083197] -M+max(bak-gamma,bak-vor) =-0.0415985
 E1=-0.121673
 E2=-0.0527835
 E3=-0.0415985
 E4=-0.0864997
 E5=-0.243591
 E6=-0.57016
[0,14,0,16,-0.102311,0.0292476] -M+max(bak-gamma,bak-vor) =-0.0146238
 E1=-0.0522386
 E2=-0.0146238
 E3=-0.037262
 E4=-0.0875456
 E5=-0.252616
 E6=-0.588
[0,14,1,16,-0.0886141,0.0595726] -M+max(bak-gamma,bak-vor) =-0.0297863
 E1=-0.103995
 E2=-0.0336486
 E3=-0.0297863
 E4=-0.0753145
 E5=-0.236683
 E6=-0.568463
[0,15,1,16,-0.103147,0.0338627] -M+max(bak-gamma,bak-vor) =-0.0169314
 E1=-0.050284
 E2=-0.0169314
 E3=-0.0421172
 E4=-0.091526
 E5=-0.255594
 E6=-0.59007
[1,14,0,16,-0.100585,0.0431517] -M+max(bak-gamma,bak-vor) =-0.0215759
 E1=-0.0602178
 E2=-0.0215759
 E3=-0.0397386
 E4=-0.0910452
 E5=-0.257017
 E6=-0.593326
[1,14,1,16,-0.0891509,0.0689196] -M+max(bak-gamma,bak-vor) =-0.0344598
 E1=-0.113459
 E2=-0.0425105
 E3=-0.0344598
 E4=-0.0810615
 E5=-0.243367
 E6=-0.576109
[1,15,0,16,-0.116453,0.0147115] -M+max(bak-gamma,bak-vor) =-0.00735577
 E1=-0.0103266
 E2=-0.00735577
 E3=-0.0535517
 E4=-0.108562
 E5=-0.277097
 E6=-0.615964
[1,15,1,16,-0.100961,0.0486394] -M+max(bak-gamma,bak-vor) =-0.0243197
 E1=-0.059621
 E2=-0.0243197
 E3=-0.0442196
 E4=-0.0945418
 E5=-0.259424
 E6=-0.594739
[0,30,0,32,-0.110908,0.0153616] -M+max(bak-gamma,bak-vor) =-0.00768078
 E1=-0.0268722
 E2=-0.00768078
 E3=-0.0447949
 E4=-0.0977959
 E5=-0.266595
 E6=-0.606445
[0,30,1,32,-0.103095,0.0325082] -M+max(bak-gamma,bak-vor) =-0.0162541
 E1=-0.0518055
 E2=-0.0162541
 E3=-0.0401065
 E4=-0.0907439
 E5=-0.257739
 E6=-0.595803
[0,31,0,32,-0.11917,0.000269137] -M+max(bak-gamma,bak-vor) =-0.000134569
 E1=-0.000724449
 E2=-0.000134569
 E3=-0.0519107
 E4=-0.106775
 E5=-0.276916
 E6=-0.618111
[0,31,1,32,-0.111347,0.0174483] -M+max(bak-gamma,bak-vor) =-0.00872417
 E1=-0.0256839
 E2=-0.00872417
 E3=-0.0472144
 E4=-0.0997188
 E5=-0.268059
 E6=-0.607471
[1,30,0,32,-0.109866,0.0227222] -M+max(bak-gamma,bak-vor) =-0.0113611
 E1=-0.0314515
 E2=-0.0113611
 E3=-0.0459243
 E4=-0.0993937
 E5=-0.268577
 E6=-0.608819
[1,30,1,32,-0.102097,0.0397735] -M+max(bak-gamma,bak-vor) =-0.0198868
 E1=-0.0562287
 E2=-0.0198868
 E3=-0.0412619
 E4=-0.0923801
 E5=-0.259768
 E6=-0.598233
[1,31,0,32,-0.117969,0.00794632] -M+max(bak-gamma,bak-vor) =-0.00397316
 E1=-0.00580386
 E2=-0.00397316
 E3=-0.0529193
 E4=-0.108212
 E5=-0.278706
 E6=-0.620262
[1,31,1,32,-0.11019,0.0250284] -M+max(bak-gamma,bak-vor) =-0.0125142
 E1=-0.0306053
 E2=-0.0125142
 E3=-0.0482491
 E4=-0.101194
 E5=-0.269896
 E6=-0.609679
[2,2,0,4,-0.0882589,0.0963055] -M+max(bak-gamma,bak-vor) =-0.0481528
 E1=-0.105277
 E2=-0.115704
 E3=-0.0481528
 E4=-0.0929706
 E5=-0.248149
 E6=-0.570445
[2,2,1,4,-0.0789941,0.123972] -M+max(bak-gamma,bak-vor) =-0.0619861
 E1=-0.313803
 E2=-0.218221
 E3=-0.0619861
 E4=-0.0882744
 E5=-0.227107
 E6=-0.535028
[2,3,0,4,-0.116825,0.062181] -M+max(bak-gamma,bak-vor) =-0.0310905
 E1=-0.0310905
 E2=-0.0554456
 E3=-0.0766318
 E4=-0.13304
 E5=-0.295174
 E6=-0.624465
[2,3,1,4,-0.0878459,0.125967] -M+max(bak-gamma,bak-vor) =-0.0646498
 E1=-0.214302
 E2=-0.139958
 E3=-0.0629837
 E4=-0.106975
 E5=-0.254012
 E6=-0.569304
[3,3,1,4,-0.0904756,0.114222] -M+max(bak-gamma,bak-vor) =-0.0571112
 E1=-0.141508
 E2=-0.147838
 E3=-0.0571112
 E4=-0.106362
 E5=-0.268053
 E6=-0.588905
[6,6,0,8,-0.115532,0.0874566] -M+max(bak-gamma,bak-vor) =-0.0437283
 E1=-0.0437283
 E2=-0.0986559
 E3=-0.0791364
 E4=-0.143092
 E5=-0.314895
 E6=-0.656069
[6,6,1,8,-0.0942812,0.132281] -M+max(bak-gamma,bak-vor) =-0.0668064
 E1=-0.127927
 E2=-0.134884
 E3=-0.0661406
 E4=-0.123931
 E5=-0.286637
 E6=-0.621126
[6,7,0,8,-0.137839,0.0405151] -M+max(bak-gamma,bak-vor) =-0.0202575
 E1=-0.0202575
 E2=-0.0824709
 E3=-0.0959115
 E4=-0.164903
 E5=-0.339479
 E6=-0.683246
[6,7,1,8,-0.0955241,0.122681] -M+max(bak-gamma,bak-vor) =-0.0613404
 E1=-0.0820546
 E2=-0.0992086
 E3=-0.0613404
 E4=-0.121839
 E5=-0.290269
 E6=-0.627418
[7,7,1,8,-0.102564,0.100363] -M+max(bak-gamma,bak-vor) =-0.0501817
 E1=-0.0501817
 E2=-0.103876
 E3=-0.0623978
 E4=-0.123609
 E5=-0.295266
 E6=-0.63822
[14,14,0,16,-0.136615,0.0450696] -M+max(bak-gamma,bak-vor) =-0.0225348
 E1=-0.0225348
 E2=-0.100991
 E3=-0.0954758
 E4=-0.164064
 E5=-0.343611
 E6=-0.692778
[14,14,1,16,-0.110428,0.0965592] -M+max(bak-gamma,bak-vor) =-0.0482796
 E1=-0.0482796
 E2=-0.103099
 E3=-0.0731983
 E4=-0.137435
 E5=-0.313984
 E6=-0.659906
[14,15,0,16,-0.146421,0.021613] -M+max(bak-gamma,bak-vor) =-0.0108065
 E1=-0.0108065
 E2=-0.0929648
 E3=-0.102166
 E4=-0.171948
 E5=-0.352282
 E6=-0.703682
[14,15,1,16,-0.120338,0.0726557] -M+max(bak-gamma,bak-vor) =-0.0363279
 E1=-0.0363279
 E2=-0.0950421
 E3=-0.079861
 E4=-0.145304
 E5=-0.322457
 E6=-0.670832
[15,15,0,16,-0.15513,8.09637e-05] -M+max(bak-gamma,bak-vor) =-4.04818e-05
 E1=-4.04818e-05
 E2=-0.1006
 E3=-0.107775
 E4=-0.1786
 E5=-0.359818
 E6=-0.713157
[15,15,1,16,-0.129154,0.0506622] -M+max(bak-gamma,bak-vor) =-0.0253311
 E1=-0.0253311
 E2=-0.102519
 E3=-0.0854395
 E4=-0.15194
 E5=-0.329989
 E6=-0.680327
[15,15,1,16,-0.129154,0.0506622] -M+max(bak-gamma,bak-vor) =-0.0253311
 E1=-0.0253311
 E2=-0.102519
 E3=-0.0854395
 E4=-0.15194
 E5=-0.329989
 E6=-0.680327
