
New Case = 800
numargs = 16
0.0846582020229776355
{2,2,2.4488169557349373,2,2,2,2,2,2,2,2,2,2,2,2.50999999999999979,2.82842712474618985}

New Case = 801
numargs = 16
0.150281278007630581
{2,2,2,2,2,2,2,2,2.47051459358886083,2,2,2,2,2,2,2.50999999999999979}

New Case = 802
numargs = 16
0.228644202013928238
{2,2,2.50999999999999979,2,2,2,2,2,2,2,2.36298472247199465,2,2,2.00000002541402644,2,2.82842712474618985}

New Case = 803
numargs = 16
0.192573303125642026
{2,2,2.50999999999999979,2,2,2,2,2,2,2,2,2,2,2,2.11539531881559295,2.6412723509600462}

New Case = 804
numargs = 16
0.188728420969250632
{2,2.20674702234093756,2,2,2,2,2,2,2,2,2,2,2,2,2.50999999999999979,2.7200000000000002}

New Case = 805
numargs = 16
0.211805034111110957
{2,2,2.50999999999999979,2,2.00000001939984262,2,2,2,2,2,2,2,2,2.0000000000317284,2.50999999999999979,2.82842712474618985}

New Case = 806
numargs = 16
0.12879759328960716
{2,2.47051459358886039,2,2,2,2,2,2,2,2,2,2,2,2,2,2.50999999999999979}

 smallest case = 0.0846582020229776355

---------


New Case = 800
numargs = 16
0.084658202022977691
{2,2,2.50999999999999979,2,2,2,2,2,2,2,2,2,2,2,2.44881695573493641,2.82842712474618985}

New Case = 801
numargs = 16
0.150281278007630581
{2,2,2,2,2,2,2,2,2,2,2.47051459358886083,2,2,2,2,2.50999999999999979}

New Case = 802
numargs = 16
0.228644192714675065
{2,2,2.50999999999999979,2,2,2,2,2,2.36298475692742649,2,2,2,2,2,2,2.82842712474618985}

New Case = 803
numargs = 16
0.192573303125642054
{2,2,2.50999999999999979,2,2,2,2,2,2,2,2,2,2,2,2.11539531881559384,2.64127235096004664}

New Case = 804
numargs = 16
0.188728420969250327
{2,2,2.50999999999999979,2,2,2,2,2,2.20674702234093756,2,2,2,2,2,2,2.7200000000000002}

New Case = 805
numargs = 16
0.213116954782215456
{2,2,2.50999999999999979,2,2,2,2,2,2.3629847569274256,2,2,2,2,2,2,2.82842712474618985}

New Case = 806
numargs = 16
0.140742264624193314
{2,2,2.50999999999999979,2,2,2,2,2,2,2,2,2,2,2.01415247200228675,2,2.60000000000000009}

 smallest case = 0.084658202022977691

---------


New Case = 800
numargs = 16
0.0846582020229776355
{2,2,2.4488169557349373,2,2,2,2,2,2,2,2,2,2,2,2.50999999999999979,2.82842712474618985}

New Case = 801
numargs = 16
0.150281278007630581
{2,2,2,2,2,2,2,2,2,2,2.47051459358886083,2,2,2,2,2.50999999999999979}

New Case = 802
numargs = 16
0.228644202447053857
{2,2,2.50999999999999979,2,2,2,2,2,2,2,2.3629847208671837,2,2,2.00000002659771958,2,2.82842712474618985}

New Case = 803
numargs = 16
0.192573303125642248
{2,2,2.11539531881559473,2,2,2,2,2,2,2,2,2,2,2,2.50999999999999979,2.64127235096004753}

New Case = 804
numargs = 16
0.182389377841196132
{2,2.17667782820507627,2,2,2,2,2,2,2,2,2,2,2,2,2.50999999999999979,2.70000000000000018}

New Case = 805
numargs = 16
0.211805042678203631
{2,2,2.50999999999999979,2,2.00000003920727654,2,2,2,2,2,2,2,2,2.00000000000306644,2.50999999999999979,2.82842712474618985}

New Case = 806
numargs = 16
0.140742264624193425
{2,2,2,2,2.01415247200228764,2,2,2,2,2,2,2,2,2,2.50999999999999979,2.60000000000000009}

 smallest case = 0.0846582020229776355

---------

