
New Case = 809220761
numargs = 6
0.0799729588615618187
{2,2,2.50999999999999979,2.50999999999999979,2,2.28737849666005832}

New Case = 809220762
numargs = 6
0.045729269465064934
{2,2.50999999999999979,2,2.50999999999999979,2.28737849666005832,2}

New Case = 809220763
numargs = 6
0.045729269465064934
{2,2.50999999999999979,2,2.50999999999999979,2.28737849666005832,2}

New Case = 809220764
numargs = 6
0.0534035522889012154
{2,2.50999999999999979,2,2.60000000000000009,2.42490849331567615,2}

New Case = 809220765
numargs = 6
0.0387342777674648392
{2,2.50999999999999979,2,2.50999999999999979,2.28737849666005832,2}

New Case = 316093823
numargs = 16
0.105599888953257254
{2,2,2,2,2,2.05325662687659394,2,2.50999999999999979,2,2.82842712474618985,2.50999999999999979,2,2,2.50999999999999979,2,2.82842712474618985}

New Case = 170976188
numargs = 16
0.00540143860643538254
{2,2.50999999999999979,2,2,2,2,2,2,2,2,2,2.40605212853844908,2.82842712474618985,2.50999999999999979,2.50999999999999979,2.82842712474618985}

New Case = 22430965
numargs = 6
0.00297001952436715122
{2,2.50999999999999979,2.50999999999999979,2.82842712474618985,2.50999999999999979,2.50999999999999979}

New Case = 671740346
numargs = 16
0.00159773352028224486
{2,2.44881695573493641,2.50999999999999979,2.82842712474618985,2,2,2,2,2,2,2,2,2,2,2,2}

New Case = 317122931
numargs = 16
0.101724815899239068
{2,2,2,2,2,2.41886595421012851,2,2,2,2,2,2,2.50999999999999979,2.50999999999999979,2,2.50999999999999979}

New Case = 317122932
numargs = 16
0.182593563054204072
{2,2.50999999999999979,2,2,2,2,2,2,2,2,2.09456337805065695,2,2.65226848435295981,2,2.50999999999999979,2.50999999999999979}

New Case = 317122933
numargs = 16
0.131750176472096359
{2,2,2,2,2,2.50999999999999979,2,2,2,2,2,2.09456337805065651,2.65226848435295981,2.50999999999999979,2,2.50999999999999979}

New Case = 317122934
numargs = 16
0.113327741266670209
{2,2.50999999999999979,2,2,2,2,2,2.08481366838903037,2,2,2,2,2.60000000000000009,2.50999999999999979,2.21543215736162491,2.50999999999999979}

New Case = 317122935
numargs = 16
0.113751197534183057
{2,2.50999999999999979,2,2,2,2,2,2,2,2,2,2,2.7395658613735776,2.50999999999999979,2.43454819287260182,2.50999999999999979}

New Case = 359077171
numargs = 16
0.0939042905539824863
{2,2,2,2,2,2.45841955532777146,2,2,2,2.50999999999999979,2,2,2,2.50999999999999979,2,2.50999999999999979}

New Case = 359077172
numargs = 16
0.174159237237539621
{2,2,2,2,2,2.37214764031310965,2,2.50999999999999979,2,2.82842712474618985,2,2,2,2.50999999999999979,2,2.50999999999999979}

New Case = 359077173
numargs = 16
0.158756805118711264
{2,2,2,2,2,2.22658339539291905,2,2.50999999999999979,2,2.69676534980806126,2,2,2,2.50999999999999979,2,2.50999999999999979}

New Case = 359077174
numargs = 16
0.122611735092644475
{2,2,2,2,2,2.11816523530212164,2,2.50999999999999979,2,2.60000000000000009,2,2,2,2.50999999999999979,2,2.50999999999999979}

New Case = 359077175
numargs = 16
0.139931999305096366
{2,2,2,2,2,2.37214764031331082,2,2.50999999999999979,2,2.82842712474618985,2,2,2,2.50999999999980528,2,2.50999999999999979}

New Case = 103362341
numargs = 16
0.0672208095049350307
{2,2,2,2.50999999999999979,2,2,2,2,2,2,2,2.47051459358886083,2,2,2,2}

New Case = 103362342
numargs = 16
0.145583724211979626
{2,2.50999999999999979,2,2.82842712474618985,2,2,2,2.36298475692742649,2,2,2,2,2,2,2,2}

New Case = 103362343
numargs = 16
0.109512834622954885
{2,2.50999999999999979,2.11539531881562359,2.64127235096005375,2,2,2,2,2,2,2,2,2,2,2,2}

New Case = 103362344
numargs = 16
0.0576817961214978678
{2,2,2.50999999999999979,2.60000000000000009,2,2.01415247200228675,2,2,2,2,2,2,2,2,2,2}

New Case = 103362345
numargs = 16
0.110044557191711079
{2,2.50999999999999979,2.50999999999999979,2.82842712474618985,2,2,2,2,2,2,2,2,2,2,2,2}

 smallest case = 0.00159773352028224486

---------

