[0] 911220507
star1 complete!
star2 complete!
star3 complete!
star4 complete!
star5 complete!
star6 complete!
star7 complete!
star8 complete!
star9 complete!
star10 complete!
star11 complete!
long1 complete!
long2 complete!
table1 complete!
table2 complete!
table3 complete!
table4 complete!
table5 complete!
table6 complete!
table7 complete!
table8 complete!
[1]table9 complete!
table10 complete!
table11 complete!
table12 complete!
spec1 complete!
spec2 complete!
tableA1 complete!
tableA2 complete!
tableA3 complete!
tableA4 complete!
tableA5 complete!
tableA6 complete!
tableA7 complete!
tableA8 complete!
[2]tableA9 complete!
tableA10 complete!
tableA11 complete!
tableA12 complete!
specA1 complete!
(no errors)
