Cqrs3=0
Cqrl4=0
Cqrs7=0
Cqrl8=0
Cqrl9=0
Cqrs12=0
Cqrl13=0
Cqrs16=0
\ Vc > 2.7  on {5,10,11}
y(10,11)>2.7
sigma{17}57018 + 0.08 y(5) + 0.08 y(10)+0.08 y(11) +  0.142 y(5,10) + 0.142 y(5,11) < 1.0612
\ on {10,11,12} 
y(10,11)<2.77 
y(10,12)<2.77 
y(10,11)+y(10,12)+y(11,12)>7.206
-sigma{17}62305- 0.058 y(10) -0.05 y(11)-0.05 y(12) - 0.16 y(11,12)  -0.13 y(10,11) -0.13 y(10,12) > -1.24547
\ on {10,9,12} 
y(10,12)<2.77 
y(9,12)<2.77 
y(9,10)+y(9,12)+y(10,12)>7.206
-sigma{17}61999- 0.058 y(12) -0.05 y(9)-0.05 y(10) - 0.16 y(9,10)  -0.13 y(10,12) -0.13 y(9,12) > -1.24547
\ Vc > 2.7 on {8,9,12} 
y(2,5)>2.7
sigma{17}61693 + 0.08 y(8) + 0.08 y(9)+0.08 y(12) +  0.142 y(8,9) + 0.142 y(8,12) < 1.0612
ht213=0
