This is TeX, Version 3.14159 (Web2c 7.0) (format=amstex.ini 97.11.19)  31 AUG 1998 10:21
**bib
(bib.tex

AmS-TeX- Version 2.1
COPYRIGHT 1985, 1990, 1991 - AMERICAN MATHEMATICAL SOCIETY
Use of this macro package is not restricted provided
each use is acknowledged upon publication.


(/usr/local/texk-7.0/share/texmf/tex/amstex/amsppt.sty
version 2.1h (1997/02/02): Loading utility definitions, more fonts,
page dimension settings, top matter, section heads,
theorems/proofs/definitions/remarks, rosters, footnotes, figures and captions,
miscellaneous, references, end of document, output routine,
\copyins=\insert252

hyphenation exceptions (U.S. English)
(/usr/local/texk-7.0/share/texmf/tex/amstex/amsppt.sti symbol names
(/usr/local/texk-7.0/share/texmf/tex/amstex/amssym.tex) ,)

) (/usr/local/texk-7.0/share/texmf/tex/amstex/amssym.tex))
*\bye
[1]
Output written on bib.dvi (1 page, 1772 bytes).
