This is TeX, Version 3.14159 (Web2c 7.0) (format=amstex.ini 97.11.19)  25 JAN 2000 15:57
**final.tex
(final.tex

AmS-TeX- Version 2.1
COPYRIGHT 1985, 1990, 1991 - AMERICAN MATHEMATICAL SOCIETY
Use of this macro package is not restricted provided
each use is acknowledged upon publication.


(/usr/local/texk-7.0/share/texmf/tex/amstex/amsppt.sty
version 2.1h (1997/02/02): Loading utility definitions, more fonts,
page dimension settings, top matter, section heads,
theorems/proofs/definitions/remarks, rosters, footnotes, figures and captions,
miscellaneous, references, end of document, output routine,
\copyins=\insert252

hyphenation exceptions (U.S. English)
(/usr/local/texk-7.0/share/texmf/tex/amstex/amsppt.sti symbol names
(/usr/local/texk-7.0/share/texmf/tex/amstex/amssym.tex) ,)

) (/usr/local/texk-7.0/share/texmf/tex/amstex/amssym.tex) [1] [2] [3] [4]
[5] [6] [7] [8] [9] [10] [11] [12] [13] [14] [15] [16] [17] [18] [19] [20]
[21] [22] [23] [24] [25] [26] [27] [28]
Underfull \hbox (badness 10000) in paragraph at lines 1473--1526


\hbox(0.0+0.0)x360.0
.\glue(\rightskip) 0.0

[29] [30] [31] [32] [33] [34] [35] [36] [37] [38] [39] [40] [41] [42] [43]
[44] [45] [46] [47] [48] [49] [50] [51] [52] [53] [54] )
Output written on final.dvi (54 pages, 134048 bytes).
