 (* -- invariant $Revision$ -- 
newlist size = 2459
 -- arrange $Revision: 1.2 $ -- 
 -- arrangeInvariant $Revision: 1.2 $ --  *)
{
 12989405
, 13749050, 2108977, 14067141, 11928554, 4094406, 12092573, 2893018, 4669301, 4908311, 14676056, 7136661, 3370227, 13447012, 11182657, 9930081
, 13815349, 1486966, 6598380, 13463607, 1041914, 14933359, 7299730, 13126559, 7148215, 3710849, 4841337, 1892381, 11883784, 1102702, 7746625
, 7846602, 5077688, 371676, 1047412, 4895448, 8419910, 9857757, 15075011, 4373470, 5564158, 13949082, 7251844, 10550195, 7484290, 7604629
, 1040638, 14208403, 16897, 7762951, 546344, 13225200, 10175711, 6933086, 3325559, 7980710, 5105530, 167517, 1712248, 7106212, 3325654
, 14037857, 5126670, 13153612, 14185117, 1140446, 11377052, 7410206, 15315618, 9231020, 1039486, 8860220, 4325897, 13642500, 5560530, 14586576
, 8059986, 1959559, 5228902, 10849372, 7623052, 9888040, 12677200, 14713396, 3518581, 11985479, 1217012, 12170634, 14840688, 12216192, 1423355
, 6201758, 8512052, 5644338, 13666028, 11355415, 4781641, 11069196, 14022769, 10939060, 11524351, 4363954, 8981705, 104681, 5345549, 15216575
, 11964393, 1784781, 6226606, 8024598, 6546616, 14465334, 10679719, 12269163, 7165444, 12038328, 13112153, 6238514, 2572025, 1820853, 12655982
, 12744274, 4369915, 12643740, 2433605, 7260268, 5837648, 2956983, 1989480, 4529695, 6601681, 13433446, 6552470, 8569303, 14695274, 8647396
, 7328715, 4572263, 1023008, 4403080, 3091034, 11098449, 919931, 6931250, 9144298, 9852248, 15207331, 6546372, 11360687, 1948773, 12941983
, 7453892, 15385124, 10449842, 11662673, 14968519, 2211622, 15057614, 1779385, 7451648, 2734993, 9611664, 6777079, 97493, 529857, 7719962
, 1050355, 8292669, 8907339, 8512933, 9620783, 8003411, 13598084, 10191169, 14597243, 5930880, 15329436, 8050778, 5927844, 14449472, 11931350
, 2530822, 15347302, 6642089, 1219263, 15306867, 10807332, 8242162, 13641433, 10859956, 9707552, 10075228, 14133071, 9301379, 5449162, 13635967
, 4422102, 3437235, 1573122, 3959130, 4177918, 2661647, 1976834, 7261570, 593700, 1228251, 2936493, 15120156, 10876454, 4106108, 731237
, 3803355, 13356903, 4624513, 3173968, 2069737, 3358587, 4271562, 8293935, 4010130, 14101326, 11029279, 2167543, 11066294, 12159986, 2575752
, 12348099, 11781356, 14239641, 457978, 1825909, 3449331, 6013632, 3608443, 3592732, 2665509, 15464314, 14551114, 7827551, 9650054, 2451335
, 3022517, 13202408, 1419495, 5601545, 7612561, 5987117, 5919087, 14185964, 13820479, 687856, 3363991, 12184546, 5011850, 1512251, 8860107
, 13135269, 6338436, 1507447, 7406542, 10700887, 11100355, 14504382, 2951921, 2202576, 13818268, 3340288, 14549482, 12071936, 6868707, 11754107
, 406726, 11216255, 578476, 7210234, 1534507, 14806116, 7195431, 11843555, 4809965, 6444778, 5705368, 4375634, 3974646, 6724457, 5727885
, 4667513, 7991409, 302040, 5219983, 4625976, 14778427, 12430356, 584983, 5515539, 225583, 1599926, 8221540, 5360452, 6509849, 10445296
, 5456472, 10099463, 4633066, 11197990, 11641902, 7710441, 10821694, 10109923, 13490279, 11594776, 5971086, 8370330, 3906220, 6840542, 12906743
, 6475335, 9476642, 6130650, 11325997, 12346527, 13412356, 9726086, 15123044, 3807553, 6892488, 7759112, 958880, 2017961, 14438373, 13925889
, 6645750, 4201404, 4163808, 415792, 3913322, 1998138, 7597162, 951857, 12471096, 12960139, 10447445, 12082928, 2165043, 3665250, 8489938
, 2703856, 8836844, 15410019, 4967621, 13340571, 4210013, 6185103, 15107998, 13389399, 8202312, 9181432, 1920050, 9481664, 3150897, 11716027
, 10518466, 4276947, 7767988, 5066802, 1843395, 9392045, 13632783, 15019871, 6204290, 7192955, 7920338, 15372027, 4891407, 14782580, 8064114
, 719711, 6832532, 7856234, 3793414, 6608274, 4168194, 5423241, 10432472, 13663820, 12416172, 15101347, 8310350, 13048918, 12539182, 7596042
, 2145313, 7026567, 1003904, 10365865, 2498619, 8251465, 10257250, 12625294, 5594796, 6172221, 9861266, 13296775, 3340544, 15217773, 6424794
, 4584033, 2155231, 6010891, 1169775, 15423186, 1604295, 3849400, 13904899, 11881415, 13941907, 15226294, 10851715, 1495560, 12396086, 5647244
, 1941041, 12415843, 3283260, 6626305, 367722, 11736833, 3576308, 5196731, 13382143, 3602911, 2635799, 10378733, 14256429, 6334854, 15263614
, 12450411, 11127310, 7487849, 12417025, 9987829, 12980343, 4219786, 981766, 8475390, 8513407, 4986916, 8888964, 11482519, 3107719, 13865148
, 5156401, 10543633, 9078206, 12307990, 3279515, 518016, 14968180, 10239810, 3804883, 13944086, 13135334, 5138304, 2311244, 6820428, 11964612
, 13584533, 1194476, 4245654, 14210886, 11464186, 1162958, 14745503, 8510439, 4953978, 8526064, 4656635, 2093263, 13495658, 3733955, 7601178
, 8857137, 1397642, 5677317, 14102783, 8904467, 3529713, 6674375, 14062085, 8966924, 14604810, 13553937, 13162881, 9553426, 4106181, 11670696
, 8089976, 9422052, 3143107, 7246708, 406726, 11216255, 578476, 13818268, 3340288, 2202576, 11843555, 7210234, 1534507, 14806116, 7195431
, 14504382, 2951921, 14549482, 12071936, 6868707, 11754107, 4809965, 15329436, 14933359, 13126559, 4841337, 7148215, 3710849, 7299730, 1892381
, 2037363, 6933086, 616058, 11010481, 10679719, 8024598, 14465334, 6546616, 6226606, 12306691, 1558978, 4243663, 8263295, 15317554, 10722051
, 9650054, 5601545, 1419495, 7612561, 5987117, 5919087, 7406542, 13135269, 13820479, 3363991, 1512251, 14185964, 1507447, 12184546, 687856
, 5011850, 8860107, 11100355, 10700887, 6338436, 10449842, 15385124, 5202572, 853855, 10588030, 8692708, 5098566, 124946, 3886912, 12497194
, 9076172, 6721977, 1592891, 15104593, 6493609, 14996013, 7991409, 1763399, 3360137, 12322598, 4174892, 5931129, 738414, 13374846, 12528457
, 7562950, 9383142, 13971385, 1396842, 2358265, 3464351, 2155231, 4246776, 13229812, 12948737, 3276429, 6378753, 8775193, 1003904, 6783833
, 8411329, 11813710, 14996013, 14703210, 8783087, 9693169, 8742432, 4216682, 3807553, 3627622, 1516797, 1738848, 3327917, 12033447, 8927935
, 3904371, 8924071, 3072121, 7217271, 6851602, 12329727, 7121082, 8027824, 2428177, 14353253, 15267336, 1871450, 13101616, 4822098, 12602916
, 14256429, 10294701, 13111158, 9181432, 1920050, 3150897, 9481664, 9392045, 13632783, 15019871, 7856234, 6204290, 11716027, 7192955, 14782580
, 15372027, 10518466, 3793414, 7920338, 4891407, 8064114, 6832532, 719711, 1843395, 6608274, 4276947, 5423241, 7767988, 4168194, 5066802
, 13663820, 10432472, 9618285, 2519156, 15101347, 10245294, 13744202, 7838400, 7576538, 2833016, 103090, 13620058, 9507993, 14170305, 3834577
, 4544624, 14312572, 2848904, 1897855, 9791781, 7026567, 2837194, 9270265, 14343794, 14009424, 14835711, 14763721, 953496, 9892865, 1194476
, 7897772, 10750109, 1773795, 10660462, 1573122, 4667513, 4633066, 4625976, 10109923, 5515539, 8221540, 225583, 12430356, 11594776, 10099463
, 4843731, 584983, 5971086, 11641902, 5360452, 6509849, 11197990, 10821694, 10445296, 8370330, 1599926, 7710441, 5219983, 13865202, 14778427
, 13490279, 302040, 5456472, 3906220, 6840542, 6424794, 8251465, 1130336, 6172221, 13440665, 3849400, 13904899, 4400017, 3340544, 4584033
, 10257250, 11881415, 5196731, 6010891, 1169775, 5394647, 2498619, 5594796, 15423186, 1604295, 9861266, 13296775, 10365865, 15217773, 13048918
, 13941907, 15226294, 10851715, 1495560, 12416172, 7596042, 2145313, 5647244, 1941041, 3283260, 14773056, 12396086, 14634604, 4179221, 6475335
, 11976182, 8411600, 556492, 15447080, 6348173, 7259787, 12906743, 9012, 2613809, 3236522, 12625294, 3576308, 12453772, 367722, 5895454
, 12210640, 370539, 3501897, 14643260, 8744238, 13141995, 2073092, 2165043, 2106980, 3265312, 12348099, 2575752, 11781356, 13574913, 415792
, 4163808, 14438373, 6130650, 6645750, 6380585, 7759112, 951857, 3913322, 7597162, 4640518, 4953978, 6892488, 958880, 4201404, 13925889
, 2017961, 12000162, 13412356, 9476642, 11325997, 12974300, 12346527, 1406487, 746705, 13266896, 15123044, 10447445, 12082928, 4476759, 4210013
, 8489938, 2703856, 6185103, 13340571, 3665250, 8836844, 15410019, 4967621, 8202312, 13389399, 15107998, 12415843, 3602911, 15263614, 6334854
, 10381141, 4245654, 2311244, 11964612, 11464186, 6820428, 13584533, 1162958, 14210886, 14745503, 9726086, 12471096, 12960139, 5517890, 10056234
, 14244189, 1791545, 4797025, 243537, 15386466, 3448946, 11152700, 3959130, 11009573, 12889466, 3436081, 1616034, 13382143, 1998138, 8526064
, 8991191, 10513048, 2635799, 10378733, 4786959, 9804294, 13980109, 9597843, 9968140, 1030493, 1047976, 6090979, 5460921, 1243277, 4590476
, 6316558, 5429339, 13464286, 9138048, 8860, 3815856, 11711365, 4090861, 14307140, 4850509, 14849558, 9464126, 9810348, 10318598, 7590565
, 413900, 8632881, 12509276, 11585023, 6867042, 2294216, 9663352, 11678769, 9355296, 7483623, 15293369, 9218681, 10276123, 991275, 13805702
, 8248234, 14227870, 12052473, 4796488, 11397897, 527605, 10983103, 4049576, 12537993, 5547347, 15381994, 3690474, 14613208, 13676166, 10141459
, 13444929, 1418138, 1130994, 11457822, 8669689, 3191526, 10633624, 7270568, 5370094, 7244970, 1234637, 4006394, 1931841, 1140094, 13192473
, 13836046, 9670971, 7338787, 12372719, 11465007, 5028299, 14134424, 7767802, 10203288, 2220959, 15128271, 4438608, 14667246, 4182012, 8747208
, 5771115, 6068203, 6627375, 4611994, 14566013, 7147092, 2749146, 12655204, 10021501, 1215291, 3901775, 1899016, 1890590, 6111744, 7216543
, 12105768, 9720443, 7481749, 6755513, 6026564, 5118168, 1238969, 11464675, 643403, 2946869, 4161849, 12046268, 1604013, 10997503, 13471835
, 7085335, 13711681, 3187436, 11791432, 13518537, 2615600, 12410028, 2787818, 10478216, 1663343, 750410, 7124726, 7709373, 10859979, 11046582
, 619759, 7375050, 9094304, 6812401, 1570986, 10505428, 7372656, 2068559, 3463132, 481822, 3802288, 1265754, 13407995, 12392586, 9485377
, 2547079, 13094578, 8879739, 9190439, 14305391, 13608750, 609443, 2934692, 5362246, 2793553, 14438213, 11377902, 12377843, 12964358, 15005605
, 3563262, 6685714, 3577208, 11064739, 5881325, 1889826, 12009601, 12296243, 7906414, 7648793, 14606394, 13669624, 2661437, 9377913, 1623773
, 14396103, 14176205, 10104589, 13280070, 15352423, 5691798, 10332342, 10669959, 13143737, 14692578, 4821657, 15315545, 4065451, 8809183, 7130425
, 11847884, 7492517, 11845651, 5204422, 11297626, 11616467, 2310856, 260889, 14290840, 2499306, 12164415, 12362574, 188202, 9584528, 6585197
, 15194797, 653907, 8144449, 13199299, 2417728, 13126791, 5751313, 13875873, 3027505, 9547821, 10608855, 12618949, 11164775, 3325588, 7060363
, 8286137, 15128507, 5691263, 8019365, 13519797, 12069738, 6886845, 7345718, 2926203, 12868007, 2596361, 9817846, 6281710, 9732210, 2985442
, 3219500, 11057000, 8883406, 504440, 11598623, 3907472, 7278472, 11554685, 5485325, 2712436, 2659161, 8912026, 14069041, 14085815, 12147678
, 6575003, 1090100, 12325452, 3679331, 5583341, 2046481, 7994495, 11999765, 538178, 1595526, 4281570, 13402469, 1153767, 3588768, 12497936
, 3011632, 2945306, 8577832, 300336, 5650004, 12916253, 5562286, 407287, 7955284, 11637961, 15394392, 8499689, 7142922, 8938304, 8258074
, 2214690, 11447341, 6638403, 14309220, 10433140, 14386027, 2180932, 5880385, 9868595, 12472798, 217218, 15033909, 7419769, 3618932, 5860784
, 6620807, 13796990, 6306098, 11817317, 2965193, 13476311, 57019, 11750031, 3535081, 8808911, 14957921, 14354729, 9122920, 5743421, 628457
, 1456669, 3434935, 4567934, 15195019, 15149746, 11349336, 9063863, 8758385, 14975972, 12946007, 15472714, 5083508, 1261939, 8868983, 8036933
, 10325559, 5549177, 4135908, 6656792, 10911003, 8689091, 399083, 13833402, 3297053, 14028058, 12635182, 9012648, 14378534, 13413439, 735387
, 11571444, 12182996, 11357553, 3619712, 2134421, 4089129, 4323307, 11115396, 10466621, 8405831, 1962705, 14147901, 7129873, 5454311, 3594911
, 4271920, 12952953, 9598129, 483497, 9872480, 2476391, 8845373, 12179498, 13816543, 9408461, 13975391, 415260, 11761677, 2114623, 12985264
, 3608758, 9034870, 8640821, 3328666, 4216730, 3859673, 8748478, 9113483, 7739670, 3813664, 3312198, 9973452, 12799934, 11259696, 210284
, 1011894, 4640695, 12154130, 8603194, 7693886, 5864410, 5018507, 7017683, 6873315, 6842342, 12853607, 1200824, 6935488, 14797208, 6603810
, 10512575, 4833694, 88315, 3799080, 7855075, 9364965, 13335507, 2046552, 4070386, 795337, 4567650, 13650137, 7593490, 6397005, 5164158
, 4550928, 5757511, 4539200, 2681172, 3163111, 8084339, 2104749, 10040615, 219888, 5659589, 12268082, 11624049, 2250457, 10478414, 2022308
, 3246919, 12969881, 1783284, 1951675, 8392687, 9094285, 272683, 13986793, 6017603, 8960668, 5760821, 1416800, 13156724, 13202518, 12643811
, 10106345, 4795243, 13572469, 9902404, 10732710, 8785544, 9126347, 11639517, 14885568, 3522003, 10452771, 7897971, 13882090, 984116, 4388936
, 13856302, 10359343, 2168646, 8647512, 9190186, 6752405, 5084613, 151985, 12555249, 183605, 5851157, 11343444, 4116941, 8694921, 5990171
, 818932, 7517552, 10975504, 9754898, 3140569, 138304, 7693792, 13291726, 5753061, 12588927, 10275443, 12991523, 12700857, 3858947, 3231500
, 12960731, 9042571, 419733, 2999684, 4272686, 8854946, 568258, 3183829, 1816952, 12896589, 5404181, 6392798, 1943869, 5322852, 5922165
, 717002, 15449656, 9739222, 3833847, 12348865, 2377656, 6419564, 5186221, 12384436, 10168118, 2335452, 1678730, 10773964, 10739006, 8568935
, 5261212, 9606832, 4897698, 13400373, 8246906, 14079139, 7861034, 8684646, 14348266, 197147, 11738045, 11313827, 14750490, 14961176, 479517
, 6542076, 10897567, 8071829, 7613733, 843426, 10631476, 7550405, 1622596, 2230107, 9738771, 8390378, 9651617, 14607739, 13103650, 14955719
, 12624746, 12993884, 3046528, 484909, 3592827, 8871779, 6891509, 6708127, 4564607, 14505483, 6612575, 9989970, 11699922, 4316689, 13154029
, 15097410, 4259632, 13441202, 12798884, 4622229, 5146516, 9584014, 194013, 3644685, 14537713, 1512252, 9670837, 2688672, 9600013, 4653242
, 15044601, 14938422, 3802572, 1616188, 2741370, 12033841, 2977657, 5923602, 13053210, 10857866, 8717087, 2997673, 11174176, 10047397, 9111109
, 4266144, 5456898, 14369996, 1986762, 208644, 3771343, 7769525, 14482626, 5512756, 14807918, 7527792, 3851223, 3674196, 1960259, 386105
, 6227943, 3868042, 10941622, 11951167, 7270119, 12545713, 3360927, 2289992, 15291507, 2811440, 6250180, 609999, 2213736, 3482260, 10008896
, 13999087, 5441379, 3149177, 6019594, 1937497, 9863897, 2452670, 5388612, 10494763, 11212284, 13607838, 1196442, 13075456, 4526485, 14842166
, 2463987, 2330772, 6766219, 4069792, 6204707, 9756850, 8047804, 4639017, 7211818, 11469415, 9410009, 7552892, 11831063, 11562277, 14153052
, 14042612, 14137714, 11635541, 7124928, 10975020, 10927605, 1478349, 13834750, 6651782, 9984237, 7844378, 13799482, 610047, 14994600, 3645646
, 3725207, 9512947, 3324263, 1542212, 1270402, 10606205, 7453698, 9888181, 8298940, 9365488, 1960994, 6105949, 4140550, 1552257, 780977
, 12202204, 278128, 3508710, 1297259, 3612219, 13974415, 5370009, 6956683, 4827667, 14513390, 5075143, 3546565, 7560848, 2219254, 13789635
, 15471637, 106987, 14149623, 14226511, 13320804, 10705805, 7969493, 8841967, 3566300, 13392375, 11331311, 4789978, 2565129, 10338289, 2211087
, 12728973, 6803804, 10547711, 10951574, 9162930, 10932061, 14618862, 2608841, 5490330, 11686204, 10274811, 10368796, 10526926, 575444, 5017107
, 2138880, 8841955, 12446469, 3710471, 11656785, 15000713, 5279934, 579852, 13076228, 15198432, 3978409, 2910047, 2851056, 7523978, 7765684
, 9605730, 6596810, 8071634, 13979472, 2428742, 5063944, 4929645, 3560071, 1860276, 13038030, 9644207, 12560627, 4422227, 5030527, 1090883
, 6577102, 15120306, 14213416, 10798893, 8517114, 3979205, 9351600, 5328481, 6782998, 13893712, 3295321, 8738312, 14237195, 8350080, 8299500
, 1899406, 6670277, 7133150, 7003356, 3301690, 2608731, 7648131, 15059967, 133718, 2851031, 9679851, 8496017, 627444, 10039723, 9540321
, 4867504, 4583790, 9948125, 7214884, 10191591, 8317713, 12941984, 4639031, 11566832, 14130844, 3723025, 13322088, 5303100, 13402783, 1036503
, 7957988, 7612937, 12819328, 278128, 7073380, 4462072, 13972445, 2316023, 10368335, 945434, 7014260, 7911238, 105991, 11091477, 12566301
, 2708712, 7703623, 8047038, 8476191, 9123355, 11161712, 8639158, 1990245, 5470959, 6974854, 14236330, 4120643, 113836, 15373127, 826688
, 8895915, 6795218, 12190802, 2147631, 3996613, 13604681, 8118891, 6100650, 9457006, 9776511, 11957104, 1481133, 4490022, 1350616, 4900619
, 942262, 2261601, 1624462, 13488433, 604042, 5734081, 8448007, 13305425, 10792147, 516333, 5618013, 6307274, 5960984, 1873270, 12744317
, 5817172, 13866288, 1185676, 6311801, 260395, 2239247, 11167706, 13800512, 12235256, 7535865, 15293312, 12160818, 7398676, 1309390, 11341420
, 9082344, 7799150, 4308485, 10191433, 4046222, 437986, 10586135, 5466340, 4307798, 1597734, 10766117, 868988, 725983, 11878404, 5547080
, 2672300, 5249318, 206597, 7518664, 2215306, 355894, 13027616, 4259133, 13049020, 6008204, 7185060, 452008, 8453876, 12817303, 8132451
, 12528056, 11373458, 11790794, 6251367, 9935968, 14693312, 5838023, 395210, 1874363, 151886, 13900908, 14112426, 7584885, 15136623, 6758494
, 4985533, 659836, 9078012, 6579623, 4807419, 9473784, 6441583, 9219543, 7045486, 236936, 13940359, 3666529, 2047682, 1839923, 10219065
, 15084093, 10848459, 755143, 2775058, 9440567, 4547490, 14539761, 6900110, 3978633, 9020199, 4582413, 3327958, 1029415, 5957296, 6872126
, 1908484, 3751135, 14550503, 4822348, 11448747, 10206265, 4266113, 8386603, 13355726, 6400238, 11668271, 5412747, 14769858, 9137474, 9897045
, 2127795, 12539147, 393604, 496331, 11895655, 14441021, 6970130, 1475362, 2310715, 6155529, 1156613, 1365351, 10088392, 9899322, 4852897
, 14054487, 13873019, 10078065, 5258216, 3345032, 5294125, 8426893, 4034716, 9635863, 7523983, 7262897, 12253481, 6542779, 13906105, 10832479
, 4627384, 6505202, 11254584, 10793357, 9358742, 14276181, 2896319, 10580386, 488428, 4893332, 1259029, 14880253, 10842545, 14248851, 4277692
, 12914056, 6718713, 4179555, 380847, 7439870, 107535, 14084777, 15037009, 3999122, 7512491, 6205949, 4289537, 15180959, 14973777, 11561684
, 10488382, 15471165, 13609614, 9911123, 891827, 7685814, 2951163, 6165622, 5165462, 8373228, 13502351, 11372798, 6171612, 14737152, 13044006
, 7798264, 12207207, 10041292, 12855085, 3274339, 8217036, 5852148, 1087579, 10130767, 6595014, 657409, 11513907, 11822801, 14545789, 9956168
, 13660208, 477195, 2760348, 477598, 6643977, 12633821, 11328860, 2652286, 13360115, 2699017, 5984520, 4249941, 8142190, 7321492, 1835746
, 12532373, 1596268, 8345818, 6559254, 7858779, 10229623, 1162255, 4974642, 5190902, 9088376, 4693236, 8017407, 2041455, 5130385, 3250988
, 13918496, 14284700, 2865242, 8735897, 15414805, 2187106, 12154154, 11940496, 12680020, 6909742, 13337768, 170233, 4627084, 13455209, 9599932
, 11920197, 3834431, 12935408, 14442534, 1159949, 11773008, 9017965, 14515130, 10225939, 13146384, 5921475, 10488178, 6573229, 5096880, 14378934
, 5753001, 904895, 12270183, 3448020, 14608400, 9518734, 7709975, 10880688, 12274668, 1572793, 10782573, 3275051, 10863673, 6248842, 2374148
, 10828451, 2957792, 3315025, 5435714, 679704, 2754635, 8239155, 2837353, 1664255, 2728801, 4585210, 10015232, 8729499, 5639434, 4491493
, 15062276, 5923234, 8235820, 2338157, 10935970, 7092749, 6193731, 14457706, 424009, 11301237, 11420763, 7199640, 10816049, 14807048, 6328275
, 1001393, 6717483, 15372455, 7215501, 13249726, 475135, 5794570, 3644970, 3475231, 12887220, 9505764, 11017326, 782861, 3017542, 4583032
, 14255335, 6422446, 3808304, 878258, 11646301, 2193141, 7953567, 5473055, 6296615, 4851739, 1414174, 6896243, 13673513, 8821204, 3162341
, 1705945, 10025160, 3690478, 12058522, 1770772, 1446895, 204739, 8395475, 8239107, 3994151, 3841028, 1876525, 1994377, 4138682, 9303109
, 8319865, 12905076, 12012019, 3575782, 7270104, 14646000, 5816086, 8702749, 13145574, 6213511, 14640145, 6541639, 8924333, 4332682, 10439951
, 1802188, 6305858, 8469910, 3747191, 13639746, 11019228, 8235259, 5295001, 8716086, 6029451, 9908737, 2915208, 14270788, 7238424, 4261764
, 6160704, 3343102, 4412882, 5960995, 3057495, 6849645, 1234081, 8085328, 13882717, 14938408, 11530133, 12399434, 11082873, 11781984, 2772024
, 558894, 4763415, 2984016, 7371793, 11103190, 11522706, 11007146, 3929084, 7542488, 1068337, 2419274, 5117118, 2300352, 14433170, 2965421
, 7921330, 7606380, 8882064, 4705316, 9558549, 6147831, 1080774, 3149341, 10536095, 13873758, 2619044, 9593020, 3953070, 11434099, 14653598
, 5481042, 8226549, 9300662, 9851568, 71583, 1456672, 13737611, 13111381, 1425966, 5832475, 9718150, 3413511, 638977, 9165607, 2971892
, 7564989, 12260848, 12049718, 658949, 9664581, 1168427, 2114039, 1671853, 3162096, 4846506, 6978013, 7455218, 10592146, 8839812, 6948684
, 4135857, 6685272, 310907, 243611, 4597103, 6246394, 13008521, 9835545, 14955625, 11841200, 6869582, 4004356, 4084190, 9268029, 1143008
, 8562468, 12155477, 14401446, 14575174, 14072143, 14241098, 482353, 8572584, 11569531, 2728160, 6300190, 8353590, 11290760, 6210397, 11498396
, 12790696, 15158591, 1936373, 2035231, 2414554, 7019779, 10743437, 12461414, 13019501, 15453864, 15283469, 11614860, 6149047, 7394990, 3042157
, 8243235, 3462398, 13757608, 9314728, 6177591, 9059354, 4106710, 2386971, 1466374, 8156432, 14204773, 7761494, 13073973, 3342854, 1204577
, 11800483, 6108767, 3168718, 13890722, 7185283, 14609583, 14946599, 12380541, 6802387, 14736755, 10039790, 4144641, 6088267, 5715143, 5170020
, 987069, 4779568, 3731671, 13008103, 185612, 5022420, 13549639, 6168309, 4097016, 12572075, 7988668, 10548962, 10099938, 7006112, 6883686
, 10307414, 1012215, 11168910, 4988001, 14321849, 4779257, 5613890, 11642359, 4349220, 7425579, 10809076, 8523876, 7096836, 4726676, 14002586
, 14625711, 12356028, 4388098, 8269935, 4650320, 2598846, 13610226, 8750821, 3554162, 1971880, 7891509, 5687352, 14986227, 6978651, 15352495
, 9477376, 4544839, 14549089, 4294066, 14497009, 11837394, 15455869, 9826891, 13106506, 5824193, 7778459, 12564147, 2129161, 5905567, 12371682
, 5297756, 1351514, 13616703, 2932458, 4888693, 10055761, 10745551, 14548017, 3404147, 12587766, 5980771, 6737376, 1725946, 1550937, 6836871
, 9078199, 10517044, 2904121, 8512485, 8295629, 13762326, 9914956, 1786435, 437916, 13460125, 927092, 2027321, 2960966, 5685306, 1311876
, 3413990, 3745571, 8014490, 13224261, 10556531, 13244891, 1138360, 7403323, 10035898, 5950675, 1820455, 8436121, 12947792, 10601066, 14679459
, 3477325, 4502637, 5781261, 5412728, 5065173, 5850661, 1989734, 15081039, 11963450, 8798165, 4424202, 15374245, 13228943, 4145451, 2424152
, 10789149, 5312789, 14511786, 11856879, 2222469, 990377, 5388247, 6701701, 6622473, 14010805, 8157293, 1823667, 14305859, 3209230, 2739546
, 12386171, 3871767, 6905845, 13639406, 3164424, 11510523, 2801522, 15226389, 1481540, 2494265, 1592471, 9414912, 1333114, 8655728, 14550456
, 11563260, 4311593, 8742115, 2924153, 14372263, 10489616, 6032492, 15479111, 462487, 5295687, 2305282, 4884251, 8263611, 1460476, 2247714
, 12562371, 6718554, 6367044, 8877613, 5573532, 5887420, 5336845, 13959428, 3495315, 10614849, 11392785, 2202659, 1254424, 9882916, 2951636
, 13977589, 782364, 10912858, 8981178, 449239, 14086465, 7076338, 8519769, 11987158, 2833146, 9888119, 4441202, 14131530};
