
New Case = 705592875
numargs = 6
0.000356848867451700635
{2.82842712474618985,2,2,2,2,2}

New Case = 705592876
numargs = 6
0.000356848867451700635
{2.82842712474618985,2,2,2,2,2}

New Case = 705592877
numargs = 6
0.000356848867451700635
{2.82842712474618985,2,2,2,2,2}

New Case = 600340212
numargs = 6
92.3810821999999234
{2.50999999999999979,2,2,3.20000000000000018,2,2.50999999999999979}

New Case = 602317600
numargs = 6
5.81641274501122041
{2.50999999999999979,2,2.50999999999999979,2,1.99999999999999956,2}

New Case = 602317600
numargs = 6
5.81641274501122041
{2.50999999999999979,2,2.50999999999999979,2,1.99999999999999978,2}

New Case = 602317601
numargs = 6
10.1452917251607815
{2.50999999999999979,2,2.50999999999999979,2,1.99999999999999978,2}

New Case = 602317602
numargs = 6
3.61366059786477933
{2.50999999999999979,2,2,2.82842712474618985,2,2}

New Case = 602317603
numargs = 6
11.1567658636801355
{2.50999999999999979,2,2,2.82842712474618985,2,2}

New Case = 602317604
numargs = 6
14.1650770318907728
{2.50999999999999979,2,2,2.82842712474618985,2.18900000000000006,2}

New Case = 602317605
numargs = 6
22.5842798040634989
{2.50999999999999979,2,2,2.82842712474618985,2.18900000000000006,2}

New Case = 602317606
numargs = 6
11.5335825567852694
{2.39999999999999947,2,2,3.20000000000000018,2,2}

New Case = 602317607
numargs = 6
21.0127215803679732
{2.39999999999999947,2,2,3.20000000000000018,2,2}

New Case = 602317608
numargs = 6
14.1087902865653394
{2,2.50999999999999979,2,3.20000000000000018,3.20000000000000018,2}

New Case = 602317609
numargs = 6
15.8955915356721018
{2,2.50999999999999979,2,3.20000000000000018,3.20000000000000018,2}

New Case = 602317610
numargs = 6
0.995754614987163222
{2.15418401910461466,2.50999999999999979,2.18330145550697852,3.27362194322683653,2.18330147309732991,3.20000000000000018}

New Case = 602317611
numargs = 6
0.0287227627422783627
{2,2.5017197180089723,2,4.24782955886088942,2,2.82659993285927946}

New Case = 602317612
numargs = 6
0.100922170385757237
{2,2.44975005340739127,2,3.00446459560614132,2.18900000000000006,2.09646290475173203}

New Case = 308471379
numargs = 6
0.655294136353301693
{2.50999999999999979,2.27047883541367845,2.01245155186620694,2.23822931608020248,2.18758262886440624,2.21444685201574742}

New Case = 290054199
numargs = 6
0.358743219950558689
{2,2.03902005066072567,2.24657185583056096,2.17699880977813054,2.04719138157292413,2.26366161076692984}

New Case = 802813268
numargs = 6
0.406225490601989092
{2.50999999999999979,2.50999999999999979,2.23548997466963684,2.2993820001831109,2.28359965819269384,2.50501937925351692}

New Case = 972512649
numargs = 6
3.37832862101761222e-08
{2,2.04318017050564915,2.04318014828153549,3.20000000000000018,2,2}

New Case = 669958327
numargs = 6
3.87895211176325638e-06
{2,2,2.40006038158592094,3.20000000000000018,2.50999999999999979,2}

New Case = 7355789
numargs = 6
4.28019435200210907e-07
{2,2,2.50999999999999979,3.20000000000000018,2.82842712474618985,2}

New Case = 250333482
numargs = 6
0.000190141091677364926
{2,2.50999999999999979,2,3.20000000000000018,2.50999999999999979,2.50999999999999979}

New Case = 336976176
numargs = 6
0.0148017946060715611
{2,2.04656961082363242,2.50999999999999979,3.20000000000000018,2.82842712474618985,2.50999999999999979}

New Case = 257461153
numargs = 6
0.0222067590123831149
{2.50999999999999979,2.50999999999999979,2.50999999999999979,3.20000000000000018,2.82842712474618985,2.82842712474618985}

New Case = 702115356
numargs = 9
0.00333139419662301095
{2,2,2.36866570516633512,2.82842712474618985,2,2,2,3.20000000000000018,2}
cd = 3.37367001800422051

New Case = 335682356
numargs = 9
0.0423293910080526914
{2,2,2.01709538180949766,2.82842712474618985,2,2,2.50999999999999979,3.20000000000000018,2.50999999999999979}
cd = 3.84243331646177877

New Case = 858804156
numargs = 9
0.0592256959118417081
{2,2,2.13761508872885386,2.82842712474618985,2,2,2.50999999999999979,3.20000000000000018,2.82842712474618985}
cd = 3.97730263005945739

New Case = 398156231
numargs = 9
1.33990289572505361e-05
{2,2,2.13704629834272364,2.82842712474618985,2,2,2,2.82842712474618985,2}
cd = 3.27887363027371181

New Case = 631313278
numargs = 9
0.000475997603214983744
{2,2,2,2.82842712474618985,2,2,2.50999999999999979,2.82842712474618985,2.50999999999999979}
cd = 3.66814010369323906

New Case = 968194929
numargs = 9
0.0242371796619554325
{2,2,2,2.82842712474618985,2,2,2.50999999999999979,2.82842712474618985,2.82842712474618985}
cd = 3.83619905042444209

New Case = 452966150
numargs = 6
0.000256517080176595774
{2,2,2,2.82842712474618985,2,2}

New Case = 825350859
numargs = 9
1.55316184576592686e-05
{2,2,2,3.14631186595501111,2,2,2,2.50999999999999979,2}
cd = 2.82842712474619029

New Case = 44912956
numargs = 9
0.000819473127170677884
{2,2,2,3.30136024777156933,2,2,2,2.82842712474618985,2}
cd = 2.82842712474618985

New Case = 726107690
numargs = 9
-0.269134937293669496
{2.42777306436353646,2.20647785882137493,2.01492629779961563,3.98680653123665074,2,2,2.16853175450910962,2.50999999999999979,2.50999999999999979}
cd = 1.38246382566521619

New Case = 938593293
numargs = 9
0.016266630081158806
{2,2,2,2.82842712474618985,2,2,2,2.50999999999999979,2.82842712474618985}
cd = 3.56057904118855229

New Case = 118374693
numargs = 9
0.0362907235550239404
{2,2,2,2.82842712474618985,2,2,2.50999999999999979,2.82842712474618985,2.82842712474618985}
cd = 3.83619905042444209

New Case = 352630087
numargs = 9
0.000307819384682161967
{2,2,2,3.37593870093980497,2,2.50999999999999979,2.50999999999999979,2.50999999999999979,2.50999999999999979}
cd = 3.20000000000000018

New Case = 678021661
numargs = 6
0.00100843077588000374
{2.50999999999999979,2,2,2,2.50999999999999979,3.20000000000000018}

New Case = 11542431
numargs = 6
0.000406861522171564349
{2.50999999999999979,2,2,2.50999999999999979,2.50999999999999979,3.20000000000000018}

New Case = 735258244
numargs = 6
0.190957964378103751
{2.50999999999999979,2.50999999999999979,2,2,2.50999999999999979,3.20000000000000018}

New Case = 600951623
DONE IN part4sec2.cc numargs = 6
0
{2.44629474776451916,2.27930387279885238,2.44252815332499118,2.22120181890316459,2.33035523545030054,2.44231025116733269}

New Case = 333730624
numargs = 6
4.3160067878175723e-05
{2,2,2,2,2,2.82842712474618985}

New Case = 219059227
numargs = 6
0.000358487450649813688
{2,2,2,2.50999999999999979,2.50999999999999979,2}

New Case = 219059228
numargs = 6
0.0284622457331742407
{2,2,2,2.77000000000000002,2.50999999999999979,2}

New Case = 219059229
numargs = 6
0.0175232229415048235
{2,2,2,2.69676534980151716,2.50999999999999979,2}

New Case = 376614286
numargs = 6
0.000526108007264297628
{2,2,2,2,2.50999999999999979,2.82842712474618985}

New Case = 688359402
numargs = 6
0.000345499077292754642
{2.50999999999999979,2,2,2,2.82842712474618985,2.82842712474618985}

New Case = 226629472
numargs = 6
0.00048033508921965784
{2,2,2,2.50999999999999979,2.50999999999999979,2.50999999999999979}

New Case = 757798626
numargs = 6
3.69078832129776657e-06
{2.50999999999999979,2,2,2.50999999999999979,2.50999999999999979,2.82842712474618985}

New Case = 710070524
numargs = 6
0.000223638140268489494
{2.50999999999999979,2,2,2.50999999999999979,2.82842712474618985,2.82842712474618985}

New Case = 939838329
numargs = 6
0.000175685631944200171
{2.50999999999999979,2,2.50999999999999979,2.82842712474618985,2.82842712474618985,2.82842712474618985}

New Case = 73379960
numargs = 6
2.19797254963627342e-05
{2,2.02293288117401371,2.02293290464537456,3.20000000000000018,2,2}

New Case = 630331617
numargs = 6
6.72057794742775272e-06
{2,2,2.27862350752124154,3.20000000000000018,2.50999999999999979,2}

New Case = 510614908
numargs = 6
0.000438345338828576014
{2,2,2.50999999999999979,3.20000000000000018,2.82842712474618985,2}

New Case = 979368646
numargs = 6
2.77442043288278484e-05
{2,2.44290318386589611,2,3.20000000000000018,2.50999999999999979,2.50999999999999979}

New Case = 301227566
numargs = 6
5.48834674927028976e-05
{2,2.50999999999999979,2,3.20000000000000018,2.50999999999999979,2.82842712474618985}

New Case = 82624302
numargs = 6
0.000218980246945651991
{2,2.50999999999999979,2.50999999999999979,3.20000000000000018,2.82842712474618985,2.82842712474618985}

New Case = 614416493
numargs = 9
0.00430563727741108127
{2,2,2.20636965991180523,2.82842712474618985,2,2,2,3.20000000000000018,2}
cd = 3.40089511422091029

New Case = 792901760
numargs = 9
0.0317484527170937281
{2,2,2,2.82842712474618985,2,2,2.50999999999999979,3.20000000000000018,2.50999999999999979}
cd = 3.84467176622228646

New Case = 954734867
numargs = 9
0.0443323857291062218
{2,2,2.03837649928903231,2.82842712474618985,2,2,2.50999999999999979,3.20000000000000018,2.82842712474618985}
cd = 3.99682727624988976

New Case = 861020178
numargs = 9
4.54446753208812004e-05
{2,2,2.03836811079595259,2.82842712474618985,2,2,2,2.82842712474618985,2}
cd = 3.29541681163919842

New Case = 379125722
numargs = 6
0.00126993710887307251
{2,2,2,2.82842712474618985,2,2}

New Case = 713466234
numargs = 9
0.000206531766561490748
{2,2,2,2.82842712474618985,2,2,2,2.50999999999999979,2}
cd = 3.14631186595501156

New Case = 582437770
numargs = 9
0.000523219960955112473
{2,2,2,2.82842712474618985,2,2,2,2.50999999999999979,2.50999999999999979}
cd = 3.41986840266907066

New Case = 92640954
numargs = 6
4.93197266648245924e-05
{2,2,2,2,2,2.82842712474618985}

New Case = 162618659
numargs = 6
3.04132191249820161e-05
{2,2,2,2.50999999999999979,2.50999999999999979,2}

New Case = 162618660
numargs = 6
0.0206555533716278675
{2,2,2,2.77000000000000002,2.50999999999999979,2}

New Case = 162618661
numargs = 6
0.0116878006585783081
{2,2,2,2.6967653498015145,2.50999999999999979,2}

New Case = 609725228
numargs = 6
0.000323332976901777314
{2,2,2,2,2.50999999999999979,2.82842712474618985}

New Case = 726130636
numargs = 6
0.000247194143284279466
{2,2,2,2,2.82842712474618985,2.82842712474618985}

New Case = 642934483
numargs = 6
0.000441180066246826819
{2,2,2,2.50999999999999979,2.50999999999999979,2.50999999999999979}

New Case = 143431740
numargs = 6
8.62847146108347562e-05
{2,2,2,2.82842712474618985,2.50999999999999979,2.50999999999999979}

New Case = 366126947
numargs = 6
0.0215726709002507094
{2.82842712474618985,2,2,2,2,2.50999999999999979}

New Case = 697089973
numargs = 6
0.0111839044792987688
{2.82842712474618985,2,2,2,2,2.50999999999999979}

New Case = 519972222
numargs = 6
0.0037855711947858417
{2.82842712474618985,2,2,2,2,2.74000000000000021}

New Case = 906280948
numargs = 9
0.0813043341793925345
{2.50999999999999979,2.50999999999999979,2.50999999999999979,2.82842712474618985,2.50999999999999979,2.50999999999999979,2,2,2}
cd = 3.29906100085972698

New Case = 931179769
numargs = 9
0.0804100566860822541
{2.50999999999999979,2.50999999999999979,2.50999999999999979,2.82842712474618985,2.50999999999999979,2.50999999999999979,2,2,2}
cd = 3.29906100085972698

New Case = 3452357
numargs = 9
0.0770969595482733361
{2.50999999999999979,2,2.50999999999999979,2.82842712474618985,2.50999999999999979,2.50999999999999979,2,2,2}
cd = 3.42127059001987099

New Case = 323155964
numargs = 9
0.0394273405226517118
{2.50999999999999979,2,2.50999999999999979,2.82842712474618985,2.50999999999999979,2,2,2,2}
cd = 3.1552637766255125

New Case = 690309687
numargs = 9
0.00022935576899000415
{2.82842712474618985,2,2,2.82842712474618985,2,2.27526530840587959,2,2,2}
cd = 2.74622498003642068

New Case = 894530411
numargs = 9
3.43099814560723915e-05
{2.82842712474618985,2,2,2.82842712474618985,2,2.24961768552460173,2,2,2}
cd = 2.71021785286607519

New Case = 14074184
numargs = 9
0.0658171829589040969
{2.50999999999999979,2.50999999999999979,2.50999999999999979,2.82842712474618985,2.50999999999999979,2.50999999999999979,2,2,2}
cd = 3.29906100085972698

New Case = 87853018
numargs = 9
0.0601874805957841041
{2.50999999999999979,2.50999999999999979,2.50999999999999979,2.82842712474618985,2.50999999999999979,2.50999999999999979,2,2,2}
cd = 3.29906100085972698

New Case = 717179286
numargs = 9
0.0613852983115637518
{2.50999999999999979,2.50999999999999979,2.50999999999999979,2.82842712474618985,2.50999999999999979,2.50999999999999979,2,2,2}
cd = 3.29906100085972698

New Case = 249519771
numargs = 9
0.038311068524005204
{2.50999999999999979,2,2.50999999999999979,2.82842712474618985,2.50999999999999979,2,2,2,2}
cd = 3.1552637766255125

New Case = 706069213
numargs = 9
0.0364981950714697856
{2.7103571015572312,2.50999999999999979,2,2.82842712474618985,2,2.50999999999999979,2,2,2}
cd = 3.16804069263016919

New Case = 451756659
numargs = 9
0.00314163550103517542
{2.82842712474618985,2,2,2.82842712474618985,2,2.2674853606556522,2,2,2}
cd = 2.73548183787769483

New Case = 609025895
numargs = 9
6.20693864575444509e-05
{2.82842712474618985,2,2,2.82842712474618985,2,2.24961768552460173,2,2,2}
cd = 2.71021785286607519

 smallest case = -0.269134937293669496

---------

Error: No feasible point is found for nonlinear inequality
constraints and linear equality constraints
Error: No feasible point is found for nonlinear inequality
constraints and linear equality constraints
Error: No feasible point is found for nonlinear inequality
constraints and linear equality constraints
Error: No feasible point is found for nonlinear inequality
constraints and linear equality constraints
Error: No feasible point is found for nonlinear inequality
constraints and linear equality constraints
Error: No feasible point is found for nonlinear inequality
constraints and linear equality constraints
Error: No feasible point is found for nonlinear inequality
constraints and linear equality constraints
Error: No feasible point is found for nonlinear inequality
constraints and linear equality constraints
Error: No feasible point is found for nonlinear inequality
constraints and linear equality constraints
Error: No feasible point is found for nonlinear inequality
constraints and linear equality constraints
